ARM GAS  C:\cygwin64\tmp\ccMZB90e.s 			page 1


   1              		.syntax unified
   2              		.cpu cortex-m3
   3              		.fpu softvfp
   4              		.eabi_attribute 20, 1	@ Tag_ABI_FP_denormal
   5              		.eabi_attribute 21, 1	@ Tag_ABI_FP_exceptions
   6              		.eabi_attribute 23, 3	@ Tag_ABI_FP_number_model
   7              		.eabi_attribute 24, 1	@ Tag_ABI_align8_needed
   8              		.eabi_attribute 25, 1	@ Tag_ABI_align8_preserved
   9              		.eabi_attribute 26, 1	@ Tag_ABI_enum_size
  10              		.eabi_attribute 30, 2	@ Tag_ABI_optimization_goals
  11              		.eabi_attribute 34, 1	@ Tag_CPU_unaligned_access
  12              		.eabi_attribute 18, 4	@ Tag_ABI_PCS_wchar_t
  13              		.file	"adc.c"
  14              	@ GNU C (GNU Tools for ARM Embedded Processors) version 4.8.4 20140526 (release) [ARM/embedded-4_8-
  15              	@	compiled by GNU C version 4.6.4, GMP version 4.3.2, MPFR version 2.4.2, MPC version 0.8.1
  16              	@ GGC heuristics: --param ggc-min-expand=99 --param ggc-min-heapsize=131015
  17              	@ options passed:  -I . -I src -I Libraries -I Libraries/CMSIS/Include
  18              	@ -I Libraries/CMSIS/Device/ST/STM32F10x/Include
  19              	@ -I Libraries/STM32F10x_StdPeriph_Driver/inc
  20              	@ -I Libraries/STM32_USB-FS-Device_Driver/inc -I src/VCP/inc
  21              	@ -imultilib armv7-m
  22              	@ -iprefix c:\program files (x86)\gnu tools arm embedded\4.8 2014q2\bin\../lib/gcc/arm-none-eabi/4.
  23              	@ -isysroot c:\program files (x86)\gnu tools arm embedded\4.8 2014q2\bin\../arm-none-eabi
  24              	@ -MD out/adc.d -MF out/adc.d -MP -MQ out/adc.o -D__USES_INITFINI__
  25              	@ -D STM32F10X_HD -D USE_STDPERIPH_DRIVER src/adc.c -mcpu=cortex-m3 -mthumb
  26              	@ -auxbase-strip out/adc.o -O2 -Wall -Wstrict-prototypes -Wextra -std=gnu99
  27              	@ -ffunction-sections -fdata-sections -fverbose-asm
  28              	@ -fsingle-precision-constant
  29              	@ options enabled:  -faggressive-loop-optimizations -fauto-inc-dec
  30              	@ -fbranch-count-reg -fcaller-saves -fcombine-stack-adjustments -fcommon
  31              	@ -fcompare-elim -fcprop-registers -fcrossjumping -fcse-follow-jumps
  32              	@ -fdata-sections -fdefer-pop -fdelete-null-pointer-checks -fdevirtualize
  33              	@ -fdwarf2-cfi-asm -fearly-inlining -feliminate-unused-debug-types
  34              	@ -fexpensive-optimizations -fforward-propagate -ffunction-cse
  35              	@ -ffunction-sections -fgcse -fgcse-lm -fgnu-runtime
  36              	@ -fguess-branch-probability -fhoist-adjacent-loads -fident -fif-conversion
  37              	@ -fif-conversion2 -findirect-inlining -finline -finline-atomics
  38              	@ -finline-functions-called-once -finline-small-functions -fipa-cp
  39              	@ -fipa-profile -fipa-pure-const -fipa-reference -fipa-sra
  40              	@ -fira-hoist-pressure -fira-share-save-slots -fira-share-spill-slots
  41              	@ -fivopts -fkeep-static-consts -fleading-underscore -fmath-errno
  42              	@ -fmerge-constants -fmerge-debug-strings -fmove-loop-invariants
  43              	@ -fomit-frame-pointer -foptimize-register-move -foptimize-sibling-calls
  44              	@ -foptimize-strlen -fpartial-inlining -fpeephole -fpeephole2
  45              	@ -fprefetch-loop-arrays -freg-struct-return -fregmove -freorder-blocks
  46              	@ -freorder-functions -frerun-cse-after-loop
  47              	@ -fsched-critical-path-heuristic -fsched-dep-count-heuristic
  48              	@ -fsched-group-heuristic -fsched-interblock -fsched-last-insn-heuristic
  49              	@ -fsched-pressure -fsched-rank-heuristic -fsched-spec
  50              	@ -fsched-spec-insn-heuristic -fsched-stalled-insns-dep -fschedule-insns
  51              	@ -fschedule-insns2 -fsection-anchors -fshow-column -fshrink-wrap
  52              	@ -fsigned-zeros -fsingle-precision-constant -fsplit-ivs-in-unroller
  53              	@ -fsplit-wide-types -fstrict-aliasing -fstrict-overflow
  54              	@ -fstrict-volatile-bitfields -fsync-libcalls -fthread-jumps
  55              	@ -ftoplevel-reorder -ftrapping-math -ftree-bit-ccp -ftree-builtin-call-dce
  56              	@ -ftree-ccp -ftree-ch -ftree-coalesce-vars -ftree-copy-prop
  57              	@ -ftree-copyrename -ftree-cselim -ftree-dce -ftree-dominator-opts
ARM GAS  C:\cygwin64\tmp\ccMZB90e.s 			page 2


  58              	@ -ftree-dse -ftree-forwprop -ftree-fre -ftree-loop-if-convert
  59              	@ -ftree-loop-im -ftree-loop-ivcanon -ftree-loop-optimize
  60              	@ -ftree-parallelize-loops= -ftree-phiprop -ftree-pre -ftree-pta
  61              	@ -ftree-reassoc -ftree-scev-cprop -ftree-sink -ftree-slp-vectorize
  62              	@ -ftree-slsr -ftree-sra -ftree-switch-conversion -ftree-tail-merge
  63              	@ -ftree-ter -ftree-vect-loop-version -ftree-vrp -funit-at-a-time
  64              	@ -fverbose-asm -fzero-initialized-in-bss -mfix-cortex-m3-ldrd
  65              	@ -mlittle-endian -mpic-data-is-text-relative -msched-prolog -mthumb
  66              	@ -munaligned-access -mvectorize-with-neon-quad
  67              	
  68              		.section	.text.ADC_Config,"ax",%progbits
  69              		.align	2
  70              		.global	ADC_Config
  71              		.thumb
  72              		.thumb_func
  73              		.type	ADC_Config, %function
  74              	ADC_Config:
  75              		@ args = 0, pretend = 0, frame = 24
  76              		@ frame_needed = 0, uses_anonymous_args = 0
  77 0000 30B5     		push	{r4, r5, lr}	@
  78 0002 87B0     		sub	sp, sp, #28	@,,
  79 0004 0823     		movs	r3, #8	@ tmp113,
  80 0006 0024     		movs	r4, #0	@ tmp114,
  81 0008 6946     		mov	r1, sp	@,
  82 000a 1C48     		ldr	r0, .L7	@,
  83 000c ADF80030 		strh	r3, [sp]	@ movhi	@ tmp113, GPIO_InitStructure.GPIO_Pin
  84 0010 8DF80340 		strb	r4, [sp, #3]	@ tmp114, GPIO_InitStructure.GPIO_Mode
  85 0014 FFF7FEFF 		bl	GPIO_Init	@
  86 0018 4FF40040 		mov	r0, #32768	@,
  87 001c FFF7FEFF 		bl	RCC_ADCCLKConfig	@
  88 0020 0121     		movs	r1, #1	@,
  89 0022 4FF40070 		mov	r0, #512	@,
  90 0026 FFF7FEFF 		bl	RCC_APB2PeriphClockCmd	@
  91 002a 1548     		ldr	r0, .L7+4	@,
  92 002c FFF7FEFF 		bl	ADC_DeInit	@
  93 0030 0125     		movs	r5, #1	@ tmp126,
  94 0032 4FF46023 		mov	r3, #917504	@ tmp124,
  95 0036 1248     		ldr	r0, .L7+4	@,
  96 0038 01A9     		add	r1, sp, #4	@,,
  97 003a 0393     		str	r3, [sp, #12]	@ tmp124, ADC_InitStructure.ADC_ExternalTrigConv
  98 003c 0194     		str	r4, [sp, #4]	@ tmp114, ADC_InitStructure.ADC_Mode
  99 003e 8DF80840 		strb	r4, [sp, #8]	@ tmp114, ADC_InitStructure.ADC_ScanConvMode
 100 0042 8DF80940 		strb	r4, [sp, #9]	@ tmp114, ADC_InitStructure.ADC_ContinuousConvMode
 101 0046 0494     		str	r4, [sp, #16]	@ tmp114, ADC_InitStructure.ADC_DataAlign
 102 0048 8DF81450 		strb	r5, [sp, #20]	@ tmp126, ADC_InitStructure.ADC_NbrOfChannel
 103 004c FFF7FEFF 		bl	ADC_Init	@
 104 0050 0B48     		ldr	r0, .L7+4	@,
 105 0052 2946     		mov	r1, r5	@, tmp126
 106 0054 FFF7FEFF 		bl	ADC_Cmd	@
 107 0058 0948     		ldr	r0, .L7+4	@,
 108 005a FFF7FEFF 		bl	ADC_ResetCalibration	@
 109              	.L3:
 110 005e 0848     		ldr	r0, .L7+4	@,
 111 0060 FFF7FEFF 		bl	ADC_GetResetCalibrationStatus	@
 112 0064 0028     		cmp	r0, #0	@
 113 0066 FAD1     		bne	.L3	@
 114 0068 0548     		ldr	r0, .L7+4	@,
ARM GAS  C:\cygwin64\tmp\ccMZB90e.s 			page 3


 115 006a FFF7FEFF 		bl	ADC_StartCalibration	@
 116              	.L5:
 117 006e 0448     		ldr	r0, .L7+4	@,
 118 0070 FFF7FEFF 		bl	ADC_GetCalibrationStatus	@
 119 0074 0028     		cmp	r0, #0	@
 120 0076 FAD1     		bne	.L5	@
 121 0078 07B0     		add	sp, sp, #28	@,,
 122              		@ sp needed	@
 123 007a 30BD     		pop	{r4, r5, pc}	@
 124              	.L8:
 125              		.align	2
 126              	.L7:
 127 007c 00100140 		.word	1073811456
 128 0080 00240140 		.word	1073816576
 129              		.size	ADC_Config, .-ADC_Config
 130              		.section	.text.readADC1,"ax",%progbits
 131              		.align	2
 132              		.global	readADC1
 133              		.thumb
 134              		.thumb_func
 135              		.type	readADC1, %function
 136              	readADC1:
 137              		@ args = 0, pretend = 0, frame = 0
 138              		@ frame_needed = 0, uses_anonymous_args = 0
 139 0000 0146     		mov	r1, r0	@ channel, channel
 140 0002 08B5     		push	{r3, lr}	@
 141 0004 0948     		ldr	r0, .L12	@,
 142 0006 0122     		movs	r2, #1	@,
 143 0008 0323     		movs	r3, #3	@,
 144 000a FFF7FEFF 		bl	ADC_RegularChannelConfig	@
 145 000e 0748     		ldr	r0, .L12	@,
 146 0010 0121     		movs	r1, #1	@,
 147 0012 FFF7FEFF 		bl	ADC_SoftwareStartConvCmd	@
 148              	.L11:
 149 0016 0548     		ldr	r0, .L12	@,
 150 0018 0221     		movs	r1, #2	@,
 151 001a FFF7FEFF 		bl	ADC_GetFlagStatus	@
 152 001e 0028     		cmp	r0, #0	@
 153 0020 F9D0     		beq	.L11	@
 154 0022 0248     		ldr	r0, .L12	@,
 155 0024 BDE80840 		pop	{r3, lr}	@
 156 0028 FFF7FEBF 		b	ADC_GetConversionValue	@
 157              	.L13:
 158              		.align	2
 159              	.L12:
 160 002c 00240140 		.word	1073816576
 161              		.size	readADC1, .-readADC1
 162              		.ident	"GCC: (GNU Tools for ARM Embedded Processors) 4.8.4 20140526 (release) [ARM/embedded-4_8-br
ARM GAS  C:\cygwin64\tmp\ccMZB90e.s 			page 4


DEFINED SYMBOLS
                            *ABS*:00000000 adc.c
C:\cygwin64\tmp\ccMZB90e.s:69     .text.ADC_Config:00000000 $t
C:\cygwin64\tmp\ccMZB90e.s:74     .text.ADC_Config:00000000 ADC_Config
C:\cygwin64\tmp\ccMZB90e.s:127    .text.ADC_Config:0000007c $d
C:\cygwin64\tmp\ccMZB90e.s:131    .text.readADC1:00000000 $t
C:\cygwin64\tmp\ccMZB90e.s:136    .text.readADC1:00000000 readADC1
C:\cygwin64\tmp\ccMZB90e.s:160    .text.readADC1:0000002c $d

UNDEFINED SYMBOLS
GPIO_Init
RCC_ADCCLKConfig
RCC_APB2PeriphClockCmd
ADC_DeInit
ADC_Init
ADC_Cmd
ADC_ResetCalibration
ADC_GetResetCalibrationStatus
ADC_StartCalibration
ADC_GetCalibrationStatus
ADC_RegularChannelConfig
ADC_SoftwareStartConvCmd
ADC_GetFlagStatus
ADC_GetConversionValue
