ARM GAS  C:\cygwin64\tmp\cciudDWa.s 			page 1


   1              		.syntax unified
   2              		.cpu cortex-m3
   3              		.fpu softvfp
   4              		.eabi_attribute 20, 1	@ Tag_ABI_FP_denormal
   5              		.eabi_attribute 21, 1	@ Tag_ABI_FP_exceptions
   6              		.eabi_attribute 23, 3	@ Tag_ABI_FP_number_model
   7              		.eabi_attribute 24, 1	@ Tag_ABI_align8_needed
   8              		.eabi_attribute 25, 1	@ Tag_ABI_align8_preserved
   9              		.eabi_attribute 26, 1	@ Tag_ABI_enum_size
  10              		.eabi_attribute 30, 2	@ Tag_ABI_optimization_goals
  11              		.eabi_attribute 34, 1	@ Tag_CPU_unaligned_access
  12              		.eabi_attribute 18, 4	@ Tag_ABI_PCS_wchar_t
  13              		.file	"eeprom.c"
  14              	@ GNU C (GNU Tools for ARM Embedded Processors) version 4.8.4 20140526 (release) [ARM/embedded-4_8-
  15              	@	compiled by GNU C version 4.6.4, GMP version 4.3.2, MPFR version 2.4.2, MPC version 0.8.1
  16              	@ GGC heuristics: --param ggc-min-expand=99 --param ggc-min-heapsize=131015
  17              	@ options passed:  -I . -I src -I Libraries -I Libraries/CMSIS/Include
  18              	@ -I Libraries/CMSIS/Device/ST/STM32F10x/Include
  19              	@ -I Libraries/STM32F10x_StdPeriph_Driver/inc
  20              	@ -I Libraries/STM32_USB-FS-Device_Driver/inc -I src/VCP/inc
  21              	@ -imultilib armv7-m
  22              	@ -iprefix c:\program files (x86)\gnu tools arm embedded\4.8 2014q2\bin\../lib/gcc/arm-none-eabi/4.
  23              	@ -isysroot c:\program files (x86)\gnu tools arm embedded\4.8 2014q2\bin\../arm-none-eabi
  24              	@ -MD out/eeprom.d -MF out/eeprom.d -MP -MQ out/eeprom.o
  25              	@ -D__USES_INITFINI__ -D STM32F10X_HD -D USE_STDPERIPH_DRIVER src/eeprom.c
  26              	@ -mcpu=cortex-m3 -mthumb -auxbase-strip out/eeprom.o -O2 -Wall
  27              	@ -Wstrict-prototypes -Wextra -std=gnu99 -ffunction-sections
  28              	@ -fdata-sections -fverbose-asm -fsingle-precision-constant
  29              	@ options enabled:  -faggressive-loop-optimizations -fauto-inc-dec
  30              	@ -fbranch-count-reg -fcaller-saves -fcombine-stack-adjustments -fcommon
  31              	@ -fcompare-elim -fcprop-registers -fcrossjumping -fcse-follow-jumps
  32              	@ -fdata-sections -fdefer-pop -fdelete-null-pointer-checks -fdevirtualize
  33              	@ -fdwarf2-cfi-asm -fearly-inlining -feliminate-unused-debug-types
  34              	@ -fexpensive-optimizations -fforward-propagate -ffunction-cse
  35              	@ -ffunction-sections -fgcse -fgcse-lm -fgnu-runtime
  36              	@ -fguess-branch-probability -fhoist-adjacent-loads -fident -fif-conversion
  37              	@ -fif-conversion2 -findirect-inlining -finline -finline-atomics
  38              	@ -finline-functions-called-once -finline-small-functions -fipa-cp
  39              	@ -fipa-profile -fipa-pure-const -fipa-reference -fipa-sra
  40              	@ -fira-hoist-pressure -fira-share-save-slots -fira-share-spill-slots
  41              	@ -fivopts -fkeep-static-consts -fleading-underscore -fmath-errno
  42              	@ -fmerge-constants -fmerge-debug-strings -fmove-loop-invariants
  43              	@ -fomit-frame-pointer -foptimize-register-move -foptimize-sibling-calls
  44              	@ -foptimize-strlen -fpartial-inlining -fpeephole -fpeephole2
  45              	@ -fprefetch-loop-arrays -freg-struct-return -fregmove -freorder-blocks
  46              	@ -freorder-functions -frerun-cse-after-loop
  47              	@ -fsched-critical-path-heuristic -fsched-dep-count-heuristic
  48              	@ -fsched-group-heuristic -fsched-interblock -fsched-last-insn-heuristic
  49              	@ -fsched-pressure -fsched-rank-heuristic -fsched-spec
  50              	@ -fsched-spec-insn-heuristic -fsched-stalled-insns-dep -fschedule-insns
  51              	@ -fschedule-insns2 -fsection-anchors -fshow-column -fshrink-wrap
  52              	@ -fsigned-zeros -fsingle-precision-constant -fsplit-ivs-in-unroller
  53              	@ -fsplit-wide-types -fstrict-aliasing -fstrict-overflow
  54              	@ -fstrict-volatile-bitfields -fsync-libcalls -fthread-jumps
  55              	@ -ftoplevel-reorder -ftrapping-math -ftree-bit-ccp -ftree-builtin-call-dce
  56              	@ -ftree-ccp -ftree-ch -ftree-coalesce-vars -ftree-copy-prop
  57              	@ -ftree-copyrename -ftree-cselim -ftree-dce -ftree-dominator-opts
ARM GAS  C:\cygwin64\tmp\cciudDWa.s 			page 2


  58              	@ -ftree-dse -ftree-forwprop -ftree-fre -ftree-loop-if-convert
  59              	@ -ftree-loop-im -ftree-loop-ivcanon -ftree-loop-optimize
  60              	@ -ftree-parallelize-loops= -ftree-phiprop -ftree-pre -ftree-pta
  61              	@ -ftree-reassoc -ftree-scev-cprop -ftree-sink -ftree-slp-vectorize
  62              	@ -ftree-slsr -ftree-sra -ftree-switch-conversion -ftree-tail-merge
  63              	@ -ftree-ter -ftree-vect-loop-version -ftree-vrp -funit-at-a-time
  64              	@ -fverbose-asm -fzero-initialized-in-bss -mfix-cortex-m3-ldrd
  65              	@ -mlittle-endian -mpic-data-is-text-relative -msched-prolog -mthumb
  66              	@ -munaligned-access -mvectorize-with-neon-quad
  67              	
  68              		.section	.text.WriteToEEPROM,"ax",%progbits
  69              		.align	2
  70              		.global	WriteToEEPROM
  71              		.thumb
  72              		.thumb_func
  73              		.type	WriteToEEPROM, %function
  74              	WriteToEEPROM:
  75              		@ args = 0, pretend = 0, frame = 0
  76              		@ frame_needed = 0, uses_anonymous_args = 0
  77 0000 38B5     		push	{r3, r4, r5, lr}	@
  78 0002 0446     		mov	r4, r0	@ addressToWrite, addressToWrite
  79 0004 0520     		movs	r0, #5	@,
  80 0006 0D46     		mov	r5, r1	@ DataToWrite, DataToWrite
  81 0008 FFF7FEFF 		bl	Delay_ms	@
  82 000c FFF7FEFF 		bl	I2C1_Start	@
  83 0010 AE20     		movs	r0, #174	@,
  84 0012 FFF7FEFF 		bl	I2C1_SendByte	@
  85 0016 FFF7FEFF 		bl	I2C1_WaitAck	@
  86 001a 2046     		mov	r0, r4	@, addressToWrite
  87 001c FFF7FEFF 		bl	I2C1_SendByte	@
  88 0020 FFF7FEFF 		bl	I2C1_WaitAck	@
  89 0024 2846     		mov	r0, r5	@, DataToWrite
  90 0026 FFF7FEFF 		bl	I2C1_SendByte	@
  91 002a FFF7FEFF 		bl	I2C1_WaitAck	@
  92 002e FFF7FEFF 		bl	I2C1_Stop	@
  93 0032 BDE83840 		pop	{r3, r4, r5, lr}	@
  94 0036 0520     		movs	r0, #5	@,
  95 0038 FFF7FEBF 		b	Delay_ms	@
  96              		.size	WriteToEEPROM, .-WriteToEEPROM
  97              		.section	.text.ReadFromEEPROM,"ax",%progbits
  98              		.align	2
  99              		.global	ReadFromEEPROM
 100              		.thumb
 101              		.thumb_func
 102              		.type	ReadFromEEPROM, %function
 103              	ReadFromEEPROM:
 104              		@ args = 0, pretend = 0, frame = 0
 105              		@ frame_needed = 0, uses_anonymous_args = 0
 106 0000 38B5     		push	{r3, r4, r5, lr}	@
 107 0002 0546     		mov	r5, r0	@ readAddr, readAddr
 108 0004 174C     		ldr	r4, .L5	@ tmp115,
 109 0006 0120     		movs	r0, #1	@,
 110 0008 FFF7FEFF 		bl	Delay_ms	@
 111 000c 0023     		movs	r3, #0	@ tmp116,
 112 000e 2360     		str	r3, [r4]	@ tmp116, I2Cerror
 113 0010 FFF7FEFF 		bl	I2C1_Start	@
 114 0014 AE20     		movs	r0, #174	@,
ARM GAS  C:\cygwin64\tmp\cciudDWa.s 			page 3


 115 0016 FFF7FEFF 		bl	I2C1_SendByte	@
 116 001a FFF7FEFF 		bl	I2C1_WaitAck	@
 117 001e 2846     		mov	r0, r5	@, readAddr
 118 0020 FFF7FEFF 		bl	I2C1_SendByte	@
 119 0024 FFF7FEFF 		bl	I2C1_WaitAck	@
 120 0028 FFF7FEFF 		bl	I2C1_Stop	@
 121 002c 0120     		movs	r0, #1	@,
 122 002e FFF7FEFF 		bl	Delay_ms	@
 123 0032 FFF7FEFF 		bl	I2C1_Start	@
 124 0036 AF20     		movs	r0, #175	@,
 125 0038 FFF7FEFF 		bl	I2C1_SendByte	@
 126 003c FFF7FEFF 		bl	I2C1_WaitAck	@
 127 0040 FFF7FEFF 		bl	I2C1_ReceiveByte	@
 128 0044 0546     		mov	r5, r0	@ tmp117,
 129 0046 FFF7FEFF 		bl	I2C1_NoAck	@
 130 004a FFF7FEFF 		bl	I2C1_Stop	@
 131 004e 0120     		movs	r0, #1	@,
 132 0050 FFF7FEFF 		bl	Delay_ms	@
 133 0054 2368     		ldr	r3, [r4]	@ I2Cerror, I2Cerror
 134 0056 002B     		cmp	r3, #0	@ I2Cerror,
 135 0058 0CBF     		ite	eq	@
 136 005a 2846     		moveq	r0, r5	@,, tmp117
 137 005c 4FF0FF30 		movne	r0, #-1	@,,
 138 0060 38BD     		pop	{r3, r4, r5, pc}	@
 139              	.L6:
 140 0062 00BF     		.align	2
 141              	.L5:
 142 0064 00000000 		.word	I2Cerror
 143              		.size	ReadFromEEPROM, .-ReadFromEEPROM
 144              		.ident	"GCC: (GNU Tools for ARM Embedded Processors) 4.8.4 20140526 (release) [ARM/embedded-4_8-br
ARM GAS  C:\cygwin64\tmp\cciudDWa.s 			page 4


DEFINED SYMBOLS
                            *ABS*:00000000 eeprom.c
C:\cygwin64\tmp\cciudDWa.s:69     .text.WriteToEEPROM:00000000 $t
C:\cygwin64\tmp\cciudDWa.s:74     .text.WriteToEEPROM:00000000 WriteToEEPROM
C:\cygwin64\tmp\cciudDWa.s:98     .text.ReadFromEEPROM:00000000 $t
C:\cygwin64\tmp\cciudDWa.s:103    .text.ReadFromEEPROM:00000000 ReadFromEEPROM
C:\cygwin64\tmp\cciudDWa.s:142    .text.ReadFromEEPROM:00000064 $d

UNDEFINED SYMBOLS
Delay_ms
I2C1_Start
I2C1_SendByte
I2C1_WaitAck
I2C1_Stop
I2C1_ReceiveByte
I2C1_NoAck
I2Cerror
