ARM GAS  C:\cygwin64\tmp\ccFMsQ6W.s 			page 1


   1              		.syntax unified
   2              		.cpu cortex-m3
   3              		.fpu softvfp
   4              		.eabi_attribute 20, 1	@ Tag_ABI_FP_denormal
   5              		.eabi_attribute 21, 1	@ Tag_ABI_FP_exceptions
   6              		.eabi_attribute 23, 3	@ Tag_ABI_FP_number_model
   7              		.eabi_attribute 24, 1	@ Tag_ABI_align8_needed
   8              		.eabi_attribute 25, 1	@ Tag_ABI_align8_preserved
   9              		.eabi_attribute 26, 1	@ Tag_ABI_enum_size
  10              		.eabi_attribute 30, 2	@ Tag_ABI_optimization_goals
  11              		.eabi_attribute 34, 1	@ Tag_CPU_unaligned_access
  12              		.eabi_attribute 18, 4	@ Tag_ABI_PCS_wchar_t
  13              		.file	"fasttrig.c"
  14              	@ GNU C (GNU Tools for ARM Embedded Processors) version 4.8.4 20140526 (release) [ARM/embedded-4_8-
  15              	@	compiled by GNU C version 4.6.4, GMP version 4.3.2, MPFR version 2.4.2, MPC version 0.8.1
  16              	@ GGC heuristics: --param ggc-min-expand=99 --param ggc-min-heapsize=131015
  17              	@ options passed:  -I . -I src -I Libraries -I Libraries/CMSIS/Include
  18              	@ -I Libraries/CMSIS/Device/ST/STM32F10x/Include
  19              	@ -I Libraries/STM32F10x_StdPeriph_Driver/inc
  20              	@ -I Libraries/STM32_USB-FS-Device_Driver/inc -I src/VCP/inc
  21              	@ -imultilib armv7-m
  22              	@ -iprefix c:\program files (x86)\gnu tools arm embedded\4.8 2014q2\bin\../lib/gcc/arm-none-eabi/4.
  23              	@ -isysroot c:\program files (x86)\gnu tools arm embedded\4.8 2014q2\bin\../arm-none-eabi
  24              	@ -MD out/fasttrig.d -MF out/fasttrig.d -MP -MQ out/fasttrig.o
  25              	@ -D__USES_INITFINI__ -D STM32F10X_HD -D USE_STDPERIPH_DRIVER
  26              	@ src/fasttrig.c -mcpu=cortex-m3 -mthumb -auxbase-strip out/fasttrig.o -O2
  27              	@ -Wall -Wstrict-prototypes -Wextra -std=gnu99 -ffunction-sections
  28              	@ -fdata-sections -fverbose-asm -fsingle-precision-constant
  29              	@ options enabled:  -faggressive-loop-optimizations -fauto-inc-dec
  30              	@ -fbranch-count-reg -fcaller-saves -fcombine-stack-adjustments -fcommon
  31              	@ -fcompare-elim -fcprop-registers -fcrossjumping -fcse-follow-jumps
  32              	@ -fdata-sections -fdefer-pop -fdelete-null-pointer-checks -fdevirtualize
  33              	@ -fdwarf2-cfi-asm -fearly-inlining -feliminate-unused-debug-types
  34              	@ -fexpensive-optimizations -fforward-propagate -ffunction-cse
  35              	@ -ffunction-sections -fgcse -fgcse-lm -fgnu-runtime
  36              	@ -fguess-branch-probability -fhoist-adjacent-loads -fident -fif-conversion
  37              	@ -fif-conversion2 -findirect-inlining -finline -finline-atomics
  38              	@ -finline-functions-called-once -finline-small-functions -fipa-cp
  39              	@ -fipa-profile -fipa-pure-const -fipa-reference -fipa-sra
  40              	@ -fira-hoist-pressure -fira-share-save-slots -fira-share-spill-slots
  41              	@ -fivopts -fkeep-static-consts -fleading-underscore -fmath-errno
  42              	@ -fmerge-constants -fmerge-debug-strings -fmove-loop-invariants
  43              	@ -fomit-frame-pointer -foptimize-register-move -foptimize-sibling-calls
  44              	@ -foptimize-strlen -fpartial-inlining -fpeephole -fpeephole2
  45              	@ -fprefetch-loop-arrays -freg-struct-return -fregmove -freorder-blocks
  46              	@ -freorder-functions -frerun-cse-after-loop
  47              	@ -fsched-critical-path-heuristic -fsched-dep-count-heuristic
  48              	@ -fsched-group-heuristic -fsched-interblock -fsched-last-insn-heuristic
  49              	@ -fsched-pressure -fsched-rank-heuristic -fsched-spec
  50              	@ -fsched-spec-insn-heuristic -fsched-stalled-insns-dep -fschedule-insns
  51              	@ -fschedule-insns2 -fsection-anchors -fshow-column -fshrink-wrap
  52              	@ -fsigned-zeros -fsingle-precision-constant -fsplit-ivs-in-unroller
  53              	@ -fsplit-wide-types -fstrict-aliasing -fstrict-overflow
  54              	@ -fstrict-volatile-bitfields -fsync-libcalls -fthread-jumps
  55              	@ -ftoplevel-reorder -ftrapping-math -ftree-bit-ccp -ftree-builtin-call-dce
  56              	@ -ftree-ccp -ftree-ch -ftree-coalesce-vars -ftree-copy-prop
  57              	@ -ftree-copyrename -ftree-cselim -ftree-dce -ftree-dominator-opts
ARM GAS  C:\cygwin64\tmp\ccFMsQ6W.s 			page 2


  58              	@ -ftree-dse -ftree-forwprop -ftree-fre -ftree-loop-if-convert
  59              	@ -ftree-loop-im -ftree-loop-ivcanon -ftree-loop-optimize
  60              	@ -ftree-parallelize-loops= -ftree-phiprop -ftree-pre -ftree-pta
  61              	@ -ftree-reassoc -ftree-scev-cprop -ftree-sink -ftree-slp-vectorize
  62              	@ -ftree-slsr -ftree-sra -ftree-switch-conversion -ftree-tail-merge
  63              	@ -ftree-ter -ftree-vect-loop-version -ftree-vrp -funit-at-a-time
  64              	@ -fverbose-asm -fzero-initialized-in-bss -mfix-cortex-m3-ldrd
  65              	@ -mlittle-endian -mpic-data-is-text-relative -msched-prolog -mthumb
  66              	@ -munaligned-access -mvectorize-with-neon-quad
  67              	
  68              		.global	__aeabi_fmul
  69              		.global	__aeabi_f2iz
  70              		.global	__aeabi_i2f
  71              		.section	.text.InitSinArray,"ax",%progbits
  72              		.align	2
  73              		.global	InitSinArray
  74              		.thumb
  75              		.thumb_func
  76              		.type	InitSinArray, %function
  77              	InitSinArray:
  78              		@ args = 0, pretend = 0, frame = 0
  79              		@ frame_needed = 0, uses_anonymous_args = 0
  80 0000 38B5     		push	{r3, r4, r5, lr}	@
  81 0002 0020     		movs	r0, #0	@ D.4840,
  82 0004 0E4D     		ldr	r5, .L6	@ ivtmp.16,
  83 0006 0024     		movs	r4, #0	@ i,
  84 0008 0BE0     		b	.L3	@
  85              	.L5:
  86 000a 2046     		mov	r0, r4	@, i
  87 000c FFF7FEFF 		bl	__aeabi_i2f	@
  88 0010 0C49     		ldr	r1, .L6+4	@,
  89 0012 FFF7FEFF 		bl	__aeabi_fmul	@
  90 0016 4FF06A51 		mov	r1, #981467136	@,
  91 001a FFF7FEFF 		bl	__aeabi_fmul	@
  92 001e FFF7FEFF 		bl	sinf	@
  93              	.L3:
  94 0022 0949     		ldr	r1, .L6+8	@,
  95 0024 FFF7FEFF 		bl	__aeabi_fmul	@
  96 0028 FFF7FEFF 		bl	Round	@
  97 002c FFF7FEFF 		bl	__aeabi_f2iz	@
  98 0030 0134     		adds	r4, r4, #1	@ i, i,
  99 0032 B4F5806F 		cmp	r4, #1024	@ i,
 100 0036 25F8020F 		strh	r0, [r5, #2]!	@ movhi	@, MEM[base: _15, offset: 0B]
 101 003a E6D1     		bne	.L5	@,
 102 003c 38BD     		pop	{r3, r4, r5, pc}	@
 103              	.L7:
 104 003e 00BF     		.align	2
 105              	.L6:
 106 0040 FEFFFFFF 		.word	sinDataI16-2
 107 0044 DB0FC940 		.word	1086918619
 108 0048 00FEFF46 		.word	1191181824
 109              		.size	InitSinArray, .-InitSinArray
 110              		.global	__aeabi_fcmpge
 111              		.global	__aeabi_fdiv
 112              		.section	.text.fastSin,"ax",%progbits
 113              		.align	2
 114              		.global	fastSin
ARM GAS  C:\cygwin64\tmp\ccFMsQ6W.s 			page 3


 115              		.thumb
 116              		.thumb_func
 117              		.type	fastSin, %function
 118              	fastSin:
 119              		@ args = 0, pretend = 0, frame = 0
 120              		@ frame_needed = 0, uses_anonymous_args = 0
 121 0000 10B5     		push	{r4, lr}	@
 122 0002 0021     		movs	r1, #0	@,
 123 0004 0446     		mov	r4, r0	@ x, x
 124 0006 FFF7FEFF 		bl	__aeabi_fcmpge	@
 125 000a B0B1     		cbz	r0, .L15	@,
 126 000c 1E49     		ldr	r1, .L18	@,
 127 000e 2046     		mov	r0, r4	@, x
 128 0010 FFF7FEFF 		bl	__aeabi_fdiv	@
 129 0014 4FF08941 		mov	r1, #1149239296	@,
 130 0018 FFF7FEFF 		bl	__aeabi_fmul	@
 131 001c FFF7FEFF 		bl	__aeabi_f2iz	@
 132 0020 1A4B     		ldr	r3, .L18+4	@ ix,
 133 0022 1B4A     		ldr	r2, .L18+8	@ tmp130,
 134 0024 0340     		ands	r3, r3, r0	@, ix, ix,
 135 0026 002B     		cmp	r3, #0	@ ix,
 136 0028 20DB     		blt	.L16	@,
 137              	.L11:
 138 002a 32F91300 		ldrsh	r0, [r2, r3, lsl #1]	@, sinDataI16
 139 002e FFF7FEFF 		bl	__aeabi_i2f	@
 140 0032 1849     		ldr	r1, .L18+12	@,
 141 0034 FFF7FEFF 		bl	__aeabi_fdiv	@
 142 0038 10BD     		pop	{r4, pc}	@
 143              	.L15:
 144 003a 1349     		ldr	r1, .L18	@,
 145 003c 04F10040 		add	r0, r4, #-2147483648	@ D.4845, x,
 146 0040 FFF7FEFF 		bl	__aeabi_fdiv	@
 147 0044 4FF08941 		mov	r1, #1149239296	@,
 148 0048 FFF7FEFF 		bl	__aeabi_fmul	@
 149 004c FFF7FEFF 		bl	__aeabi_f2iz	@
 150 0050 0E4B     		ldr	r3, .L18+4	@ ix,
 151 0052 0F4A     		ldr	r2, .L18+8	@ tmp143,
 152 0054 0340     		ands	r3, r3, r0	@, ix, ix,
 153 0056 002B     		cmp	r3, #0	@ ix,
 154 0058 0FDB     		blt	.L17	@,
 155              	.L13:
 156 005a 32F91300 		ldrsh	r0, [r2, r3, lsl #1]	@ D.4846, sinDataI16
 157 005e 4042     		negs	r0, r0	@, D.4846
 158 0060 FFF7FEFF 		bl	__aeabi_i2f	@
 159 0064 0B49     		ldr	r1, .L18+12	@,
 160 0066 FFF7FEFF 		bl	__aeabi_fdiv	@
 161 006a 10BD     		pop	{r4, pc}	@
 162              	.L16:
 163 006c 013B     		subs	r3, r3, #1	@ ix, ix,
 164 006e 6FEA8353 		mvn	r3, r3, lsl #22	@ tmp138, ix,
 165 0072 6FEA9353 		mvn	r3, r3, lsr #22	@ tmp138, tmp138,
 166 0076 0133     		adds	r3, r3, #1	@ ix, tmp138,
 167 0078 D7E7     		b	.L11	@
 168              	.L17:
 169 007a 013B     		subs	r3, r3, #1	@ ix, ix,
 170 007c 6FEA8353 		mvn	r3, r3, lsl #22	@ tmp152, ix,
 171 0080 6FEA9353 		mvn	r3, r3, lsr #22	@ tmp152, tmp152,
ARM GAS  C:\cygwin64\tmp\ccFMsQ6W.s 			page 4


 172 0084 0133     		adds	r3, r3, #1	@ ix, tmp152,
 173 0086 E8E7     		b	.L13	@
 174              	.L19:
 175              		.align	2
 176              	.L18:
 177 0088 DB0FC940 		.word	1086918619
 178 008c FF030080 		.word	-2147482625
 179 0090 00000000 		.word	sinDataI16
 180 0094 00FEFF46 		.word	1191181824
 181              		.size	fastSin, .-fastSin
 182              		.comm	sinDataI16,2048,4
 183              		.ident	"GCC: (GNU Tools for ARM Embedded Processors) 4.8.4 20140526 (release) [ARM/embedded-4_8-br
ARM GAS  C:\cygwin64\tmp\ccFMsQ6W.s 			page 5


DEFINED SYMBOLS
                            *ABS*:00000000 fasttrig.c
C:\cygwin64\tmp\ccFMsQ6W.s:72     .text.InitSinArray:00000000 $t
C:\cygwin64\tmp\ccFMsQ6W.s:77     .text.InitSinArray:00000000 InitSinArray
C:\cygwin64\tmp\ccFMsQ6W.s:106    .text.InitSinArray:00000040 $d
                            *COM*:00000800 sinDataI16
C:\cygwin64\tmp\ccFMsQ6W.s:113    .text.fastSin:00000000 $t
C:\cygwin64\tmp\ccFMsQ6W.s:118    .text.fastSin:00000000 fastSin
C:\cygwin64\tmp\ccFMsQ6W.s:177    .text.fastSin:00000088 $d

UNDEFINED SYMBOLS
__aeabi_fmul
__aeabi_f2iz
__aeabi_i2f
sinf
Round
__aeabi_fcmpge
__aeabi_fdiv
