ARM GAS  C:\cygwin64\tmp\cc9fUaPq.s 			page 1


   1              		.syntax unified
   2              		.cpu cortex-m3
   3              		.fpu softvfp
   4              		.eabi_attribute 20, 1	@ Tag_ABI_FP_denormal
   5              		.eabi_attribute 21, 1	@ Tag_ABI_FP_exceptions
   6              		.eabi_attribute 23, 3	@ Tag_ABI_FP_number_model
   7              		.eabi_attribute 24, 1	@ Tag_ABI_align8_needed
   8              		.eabi_attribute 25, 1	@ Tag_ABI_align8_preserved
   9              		.eabi_attribute 26, 1	@ Tag_ABI_enum_size
  10              		.eabi_attribute 30, 2	@ Tag_ABI_optimization_goals
  11              		.eabi_attribute 34, 1	@ Tag_CPU_unaligned_access
  12              		.eabi_attribute 18, 4	@ Tag_ABI_PCS_wchar_t
  13              		.file	"hw_config.c"
  14              	@ GNU C (GNU Tools for ARM Embedded Processors) version 4.8.4 20140526 (release) [ARM/embedded-4_8-
  15              	@	compiled by GNU C version 4.6.4, GMP version 4.3.2, MPFR version 2.4.2, MPC version 0.8.1
  16              	@ GGC heuristics: --param ggc-min-expand=99 --param ggc-min-heapsize=131015
  17              	@ options passed:  -I . -I src -I Libraries -I Libraries/CMSIS/Include
  18              	@ -I Libraries/CMSIS/Device/ST/STM32F10x/Include
  19              	@ -I Libraries/STM32F10x_StdPeriph_Driver/inc
  20              	@ -I Libraries/STM32_USB-FS-Device_Driver/inc -I src/VCP/inc
  21              	@ -imultilib armv7-m
  22              	@ -iprefix c:\program files (x86)\gnu tools arm embedded\4.8 2014q2\bin\../lib/gcc/arm-none-eabi/4.
  23              	@ -isysroot c:\program files (x86)\gnu tools arm embedded\4.8 2014q2\bin\../arm-none-eabi
  24              	@ -MD out/hw_config.d -MF out/hw_config.d -MP -MQ out/hw_config.o
  25              	@ -D__USES_INITFINI__ -D STM32F10X_HD -D USE_STDPERIPH_DRIVER
  26              	@ src/VCP/src/hw_config.c -mcpu=cortex-m3 -mthumb
  27              	@ -auxbase-strip out/hw_config.o -O2 -Wall -Wstrict-prototypes -Wextra
  28              	@ -std=gnu99 -ffunction-sections -fdata-sections -fverbose-asm
  29              	@ -fsingle-precision-constant
  30              	@ options enabled:  -faggressive-loop-optimizations -fauto-inc-dec
  31              	@ -fbranch-count-reg -fcaller-saves -fcombine-stack-adjustments -fcommon
  32              	@ -fcompare-elim -fcprop-registers -fcrossjumping -fcse-follow-jumps
  33              	@ -fdata-sections -fdefer-pop -fdelete-null-pointer-checks -fdevirtualize
  34              	@ -fdwarf2-cfi-asm -fearly-inlining -feliminate-unused-debug-types
  35              	@ -fexpensive-optimizations -fforward-propagate -ffunction-cse
  36              	@ -ffunction-sections -fgcse -fgcse-lm -fgnu-runtime
  37              	@ -fguess-branch-probability -fhoist-adjacent-loads -fident -fif-conversion
  38              	@ -fif-conversion2 -findirect-inlining -finline -finline-atomics
  39              	@ -finline-functions-called-once -finline-small-functions -fipa-cp
  40              	@ -fipa-profile -fipa-pure-const -fipa-reference -fipa-sra
  41              	@ -fira-hoist-pressure -fira-share-save-slots -fira-share-spill-slots
  42              	@ -fivopts -fkeep-static-consts -fleading-underscore -fmath-errno
  43              	@ -fmerge-constants -fmerge-debug-strings -fmove-loop-invariants
  44              	@ -fomit-frame-pointer -foptimize-register-move -foptimize-sibling-calls
  45              	@ -foptimize-strlen -fpartial-inlining -fpeephole -fpeephole2
  46              	@ -fprefetch-loop-arrays -freg-struct-return -fregmove -freorder-blocks
  47              	@ -freorder-functions -frerun-cse-after-loop
  48              	@ -fsched-critical-path-heuristic -fsched-dep-count-heuristic
  49              	@ -fsched-group-heuristic -fsched-interblock -fsched-last-insn-heuristic
  50              	@ -fsched-pressure -fsched-rank-heuristic -fsched-spec
  51              	@ -fsched-spec-insn-heuristic -fsched-stalled-insns-dep -fschedule-insns
  52              	@ -fschedule-insns2 -fsection-anchors -fshow-column -fshrink-wrap
  53              	@ -fsigned-zeros -fsingle-precision-constant -fsplit-ivs-in-unroller
  54              	@ -fsplit-wide-types -fstrict-aliasing -fstrict-overflow
  55              	@ -fstrict-volatile-bitfields -fsync-libcalls -fthread-jumps
  56              	@ -ftoplevel-reorder -ftrapping-math -ftree-bit-ccp -ftree-builtin-call-dce
  57              	@ -ftree-ccp -ftree-ch -ftree-coalesce-vars -ftree-copy-prop
ARM GAS  C:\cygwin64\tmp\cc9fUaPq.s 			page 2


  58              	@ -ftree-copyrename -ftree-cselim -ftree-dce -ftree-dominator-opts
  59              	@ -ftree-dse -ftree-forwprop -ftree-fre -ftree-loop-if-convert
  60              	@ -ftree-loop-im -ftree-loop-ivcanon -ftree-loop-optimize
  61              	@ -ftree-parallelize-loops= -ftree-phiprop -ftree-pre -ftree-pta
  62              	@ -ftree-reassoc -ftree-scev-cprop -ftree-sink -ftree-slp-vectorize
  63              	@ -ftree-slsr -ftree-sra -ftree-switch-conversion -ftree-tail-merge
  64              	@ -ftree-ter -ftree-vect-loop-version -ftree-vrp -funit-at-a-time
  65              	@ -fverbose-asm -fzero-initialized-in-bss -mfix-cortex-m3-ldrd
  66              	@ -mlittle-endian -mpic-data-is-text-relative -msched-prolog -mthumb
  67              	@ -munaligned-access -mvectorize-with-neon-quad
  68              	
  69              		.section	.text.IntToUnicode,"ax",%progbits
  70              		.align	2
  71              		.thumb
  72              		.thumb_func
  73              		.type	IntToUnicode, %function
  74              	IntToUnicode:
  75              		@ args = 0, pretend = 0, frame = 0
  76              		@ frame_needed = 0, uses_anonymous_args = 0
  77              		@ link register save eliminated.
  78 0000 30B4     		push	{r4, r5}	@
  79 0002 92B1     		cbz	r2, .L1	@ len,
  80 0004 551E     		subs	r5, r2, #1	@ tmp147, len,
  81 0006 EDB2     		uxtb	r5, r5	@ D.7303, tmp147
  82 0008 0135     		adds	r5, r5, #1	@ D.7303, D.7303,
  83 000a 0023     		movs	r3, #0	@ ivtmp.34,
  84 000c 6D00     		lsls	r5, r5, #1	@ D.7303, D.7303,
  85 000e 1C46     		mov	r4, r3	@ tmp159, ivtmp.34
  86              	.L6:
  87 0010 020F     		lsrs	r2, r0, #28	@ D.7300, value,
  88 0012 092A     		cmp	r2, #9	@ D.7300,
  89 0014 94BF     		ite	ls
  90 0016 3032     		addls	r2, r2, #48	@ tmp151, D.7300,
  91 0018 3732     		addhi	r2, r2, #55	@ tmp154, D.7300,
  92 001a CA54     		strb	r2, [r1, r3]	@ tmp154, MEM[base: pbuf_12(D), index: ivtmp.34_44, offset: 0B]
  93 001c CA18     		adds	r2, r1, r3	@ D.7302, pbuf, ivtmp.34
  94 001e 0233     		adds	r3, r3, #2	@ ivtmp.34, ivtmp.34,
  95 0020 AB42     		cmp	r3, r5	@ ivtmp.34, D.7303
  96 0022 4FEA0010 		lsl	r0, r0, #4	@ value, value,
  97 0026 5470     		strb	r4, [r2, #1]	@ tmp159, MEM[base: _26, offset: 1B]
  98 0028 F2D1     		bne	.L6	@,
  99              	.L1:
 100 002a 30BC     		pop	{r4, r5}	@
 101 002c 7047     		bx	lr	@
 102              		.size	IntToUnicode, .-IntToUnicode
 103 002e 00BF     		.section	.text.Set_System,"ax",%progbits
 104              		.align	2
 105              		.global	Set_System
 106              		.thumb
 107              		.thumb_func
 108              		.type	Set_System, %function
 109              	Set_System:
 110              		@ args = 0, pretend = 0, frame = 8
 111              		@ frame_needed = 0, uses_anonymous_args = 0
 112 0000 30B5     		push	{r4, r5, lr}	@
 113 0002 184C     		ldr	r4, .L10	@ tmp116,
 114 0004 83B0     		sub	sp, sp, #12	@,,
ARM GAS  C:\cygwin64\tmp\cc9fUaPq.s 			page 3


 115 0006 0420     		movs	r0, #4	@,
 116 0008 0121     		movs	r1, #1	@,
 117 000a FFF7FEFF 		bl	RCC_APB2PeriphClockCmd	@
 118 000e 4FF48055 		mov	r5, #4096	@ tmp111,
 119 0012 0322     		movs	r2, #3	@ tmp112,
 120 0014 1423     		movs	r3, #20	@ tmp114,
 121 0016 2046     		mov	r0, r4	@, tmp116
 122 0018 01A9     		add	r1, sp, #4	@,,
 123 001a 8DF80620 		strb	r2, [sp, #6]	@ tmp112, GPIO_InitStructure.GPIO_Speed
 124 001e 8DF80730 		strb	r3, [sp, #7]	@ tmp114, GPIO_InitStructure.GPIO_Mode
 125 0022 ADF80450 		strh	r5, [sp, #4]	@ movhi	@ tmp111, GPIO_InitStructure.GPIO_Pin
 126 0026 FFF7FEFF 		bl	GPIO_Init	@
 127 002a 2946     		mov	r1, r5	@, tmp111
 128 002c 2046     		mov	r0, r4	@, tmp116
 129 002e FFF7FEFF 		bl	GPIO_ResetBits	@
 130 0032 C820     		movs	r0, #200	@,
 131 0034 FFF7FEFF 		bl	Delay_ms	@
 132 0038 2946     		mov	r1, r5	@, tmp111
 133 003a 2046     		mov	r0, r4	@, tmp116
 134 003c FFF7FEFF 		bl	GPIO_SetBits	@
 135 0040 4FF48020 		mov	r0, #262144	@,
 136 0044 FFF7FEFF 		bl	EXTI_ClearITPendingBit	@
 137 0048 074B     		ldr	r3, .L10+4	@ tmp120,
 138 004a 0821     		movs	r1, #8	@ tmp123,
 139 004c 0122     		movs	r2, #1	@ tmp126,
 140 004e 4FF48024 		mov	r4, #262144	@ tmp121,
 141 0052 1846     		mov	r0, r3	@, tmp120
 142 0054 1C60     		str	r4, [r3]	@ tmp121, EXTI_InitStructure.EXTI_Line
 143 0056 5971     		strb	r1, [r3, #5]	@ tmp123, EXTI_InitStructure.EXTI_Trigger
 144 0058 9A71     		strb	r2, [r3, #6]	@ tmp126, EXTI_InitStructure.EXTI_LineCmd
 145 005a FFF7FEFF 		bl	EXTI_Init	@
 146 005e 03B0     		add	sp, sp, #12	@,,
 147              		@ sp needed	@
 148 0060 30BD     		pop	{r4, r5, pc}	@
 149              	.L11:
 150 0062 00BF     		.align	2
 151              	.L10:
 152 0064 00080140 		.word	1073809408
 153 0068 00000000 		.word	EXTI_InitStructure
 154              		.size	Set_System, .-Set_System
 155              		.section	.text.Set_USBClock,"ax",%progbits
 156              		.align	2
 157              		.global	Set_USBClock
 158              		.thumb
 159              		.thumb_func
 160              		.type	Set_USBClock, %function
 161              	Set_USBClock:
 162              		@ args = 0, pretend = 0, frame = 0
 163              		@ frame_needed = 0, uses_anonymous_args = 0
 164 0000 08B5     		push	{r3, lr}	@
 165 0002 0020     		movs	r0, #0	@,
 166 0004 FFF7FEFF 		bl	RCC_USBCLKConfig	@
 167 0008 BDE80840 		pop	{r3, lr}	@
 168 000c 4FF40000 		mov	r0, #8388608	@,
 169 0010 0121     		movs	r1, #1	@,
 170 0012 FFF7FEBF 		b	RCC_APB1PeriphClockCmd	@
 171              		.size	Set_USBClock, .-Set_USBClock
ARM GAS  C:\cygwin64\tmp\cc9fUaPq.s 			page 4


 172 0016 00BF     		.section	.text.Enter_LowPowerMode,"ax",%progbits
 173              		.align	2
 174              		.global	Enter_LowPowerMode
 175              		.thumb
 176              		.thumb_func
 177              		.type	Enter_LowPowerMode, %function
 178              	Enter_LowPowerMode:
 179              		@ args = 0, pretend = 0, frame = 0
 180              		@ frame_needed = 0, uses_anonymous_args = 0
 181              		@ link register save eliminated.
 182 0000 014B     		ldr	r3, .L14	@ tmp110,
 183 0002 0322     		movs	r2, #3	@ tmp111,
 184 0004 1A60     		str	r2, [r3]	@ tmp111, bDeviceState
 185 0006 7047     		bx	lr	@
 186              	.L15:
 187              		.align	2
 188              	.L14:
 189 0008 00000000 		.word	bDeviceState
 190              		.size	Enter_LowPowerMode, .-Enter_LowPowerMode
 191              		.section	.text.Leave_LowPowerMode,"ax",%progbits
 192              		.align	2
 193              		.global	Leave_LowPowerMode
 194              		.thumb
 195              		.thumb_func
 196              		.type	Leave_LowPowerMode, %function
 197              	Leave_LowPowerMode:
 198              		@ args = 0, pretend = 0, frame = 0
 199              		@ frame_needed = 0, uses_anonymous_args = 0
 200              		@ link register save eliminated.
 201 0000 064B     		ldr	r3, .L20	@ tmp111,
 202 0002 9B7A     		ldrb	r3, [r3, #10]	@ zero_extendqisi2	@ Device_Info.Current_Configuration, Device_Info.Current_Con
 203 0004 23B9     		cbnz	r3, .L19	@ Device_Info.Current_Configuration,
 204 0006 064B     		ldr	r3, .L20+4	@ tmp115,
 205 0008 0122     		movs	r2, #1	@ tmp116,
 206 000a 1A60     		str	r2, [r3]	@ tmp116, bDeviceState
 207 000c FFF7FEBF 		b	SystemInit	@
 208              	.L19:
 209 0010 034B     		ldr	r3, .L20+4	@ tmp113,
 210 0012 0522     		movs	r2, #5	@ tmp114,
 211 0014 1A60     		str	r2, [r3]	@ tmp114, bDeviceState
 212 0016 FFF7FEBF 		b	SystemInit	@
 213              	.L21:
 214 001a 00BF     		.align	2
 215              	.L20:
 216 001c 00000000 		.word	Device_Info
 217 0020 00000000 		.word	bDeviceState
 218              		.size	Leave_LowPowerMode, .-Leave_LowPowerMode
 219              		.section	.text.USB_Interrupts_Config,"ax",%progbits
 220              		.align	2
 221              		.global	USB_Interrupts_Config
 222              		.thumb
 223              		.thumb_func
 224              		.type	USB_Interrupts_Config, %function
 225              	USB_Interrupts_Config:
 226              		@ args = 0, pretend = 0, frame = 8
 227              		@ frame_needed = 0, uses_anonymous_args = 0
 228 0000 10B5     		push	{r4, lr}	@
ARM GAS  C:\cygwin64\tmp\cc9fUaPq.s 			page 5


 229 0002 4FF4A060 		mov	r0, #1280	@,
 230 0006 82B0     		sub	sp, sp, #8	@,,
 231 0008 FFF7FEFF 		bl	NVIC_PriorityGroupConfig	@
 232 000c 0124     		movs	r4, #1	@ tmp116,
 233 000e 1421     		movs	r1, #20	@ tmp110,
 234 0010 0222     		movs	r2, #2	@ tmp112,
 235 0012 01A8     		add	r0, sp, #4	@,,
 236 0014 0023     		movs	r3, #0	@ tmp114,
 237 0016 8DF80410 		strb	r1, [sp, #4]	@ tmp110, NVIC_InitStructure.NVIC_IRQChannel
 238 001a 8DF80520 		strb	r2, [sp, #5]	@ tmp112, NVIC_InitStructure.NVIC_IRQChannelPreemptionPriority
 239 001e 8DF80630 		strb	r3, [sp, #6]	@ tmp114, NVIC_InitStructure.NVIC_IRQChannelSubPriority
 240 0022 8DF80740 		strb	r4, [sp, #7]	@ tmp116, NVIC_InitStructure.NVIC_IRQChannelCmd
 241 0026 FFF7FEFF 		bl	NVIC_Init	@
 242 002a 2A23     		movs	r3, #42	@ tmp119,
 243 002c 01A8     		add	r0, sp, #4	@,,
 244 002e 8DF80540 		strb	r4, [sp, #5]	@ tmp116, NVIC_InitStructure.NVIC_IRQChannelPreemptionPriority
 245 0032 8DF80430 		strb	r3, [sp, #4]	@ tmp119, NVIC_InitStructure.NVIC_IRQChannel
 246 0036 FFF7FEFF 		bl	NVIC_Init	@
 247 003a 02B0     		add	sp, sp, #8	@,,
 248              		@ sp needed	@
 249 003c 10BD     		pop	{r4, pc}	@
 250              		.size	USB_Interrupts_Config, .-USB_Interrupts_Config
 251 003e 00BF     		.section	.text.USB_Cable_Config,"ax",%progbits
 252              		.align	2
 253              		.global	USB_Cable_Config
 254              		.thumb
 255              		.thumb_func
 256              		.type	USB_Cable_Config, %function
 257              	USB_Cable_Config:
 258              		@ args = 0, pretend = 0, frame = 0
 259              		@ frame_needed = 0, uses_anonymous_args = 0
 260              		@ link register save eliminated.
 261 0000 7047     		bx	lr	@
 262              		.size	USB_Cable_Config, .-USB_Cable_Config
 263 0002 00BF     		.section	.text.Get_SerialNum,"ax",%progbits
 264              		.align	2
 265              		.global	Get_SerialNum
 266              		.thumb
 267              		.thumb_func
 268              		.type	Get_SerialNum, %function
 269              	Get_SerialNum:
 270              		@ args = 0, pretend = 0, frame = 0
 271              		@ frame_needed = 0, uses_anonymous_args = 0
 272 0000 0A4A     		ldr	r2, .L27	@ tmp114,
 273 0002 0B4B     		ldr	r3, .L27+4	@ tmp116,
 274 0004 1268     		ldr	r2, [r2]	@ Device_Serial0, MEM[(uint32_t *)536868840B]
 275 0006 1B68     		ldr	r3, [r3]	@ MEM[(uint32_t *)536868848B], MEM[(uint32_t *)536868848B]
 276 0008 0A49     		ldr	r1, .L27+8	@ tmp115,
 277 000a D018     		adds	r0, r2, r3	@ Device_Serial0, Device_Serial0, MEM[(uint32_t *)536868848B]
 278 000c 10B5     		push	{r4, lr}	@
 279 000e 0C68     		ldr	r4, [r1]	@ Device_Serial1, MEM[(uint32_t *)536868844B]
 280 0010 00D1     		bne	.L26	@,
 281 0012 10BD     		pop	{r4, pc}	@
 282              	.L26:
 283 0014 0849     		ldr	r1, .L27+12	@,
 284 0016 0822     		movs	r2, #8	@,
 285 0018 FFF7FEFF 		bl	IntToUnicode	@
ARM GAS  C:\cygwin64\tmp\cc9fUaPq.s 			page 6


 286 001c 2046     		mov	r0, r4	@, Device_Serial1
 287 001e 0749     		ldr	r1, .L27+16	@,
 288 0020 0422     		movs	r2, #4	@,
 289 0022 BDE81040 		pop	{r4, lr}	@
 290 0026 FFF7FEBF 		b	IntToUnicode	@
 291              	.L28:
 292 002a 00BF     		.align	2
 293              	.L27:
 294 002c E8F7FF1F 		.word	536868840
 295 0030 F0F7FF1F 		.word	536868848
 296 0034 ECF7FF1F 		.word	536868844
 297 0038 02000000 		.word	Virtual_Com_Port_StringSerial+2
 298 003c 12000000 		.word	Virtual_Com_Port_StringSerial+18
 299              		.size	Get_SerialNum, .-Get_SerialNum
 300              		.section	.text.CDC_Send_DATA,"ax",%progbits
 301              		.align	2
 302              		.global	CDC_Send_DATA
 303              		.thumb
 304              		.thumb_func
 305              		.type	CDC_Send_DATA, %function
 306              	CDC_Send_DATA:
 307              		@ args = 0, pretend = 0, frame = 0
 308              		@ frame_needed = 0, uses_anonymous_args = 0
 309 0000 70B5     		push	{r4, r5, r6, lr}	@
 310 0002 104D     		ldr	r5, .L38	@ tmp122,
 311 0004 2B68     		ldr	r3, [r5]	@ packetSent.1, packetSent
 312 0006 BBB9     		cbnz	r3, .L33	@ packetSent.1,
 313 0008 4029     		cmp	r1, #64	@ sendLength,
 314 000a 11D9     		bls	.L36	@,
 315 000c 4024     		movs	r4, #64	@ D.7321,
 316 000e 2646     		mov	r6, r4	@ D.7322, D.7321
 317              	.L31:
 318 0010 3246     		mov	r2, r6	@, D.7322
 319 0012 C021     		movs	r1, #192	@,
 320 0014 FFF7FEFF 		bl	UserToPMABufferCopy	@
 321 0018 3146     		mov	r1, r6	@, D.7322
 322 001a 0120     		movs	r0, #1	@,
 323 001c FFF7FEFF 		bl	SetEPTxCount	@
 324 0020 2B68     		ldr	r3, [r5]	@ packetSent.2, packetSent
 325 0022 0120     		movs	r0, #1	@,
 326 0024 2344     		add	r3, r3, r4	@ packetSent.3, D.7321
 327 0026 2B60     		str	r3, [r5]	@ packetSent.3, packetSent
 328 0028 FFF7FEFF 		bl	SetEPTxValid	@
 329 002c 2046     		mov	r0, r4	@, D.7321
 330 002e 70BD     		pop	{r4, r5, r6, pc}	@
 331              	.L36:
 332 0030 0C46     		mov	r4, r1	@ D.7321, sendLength
 333 0032 21B9     		cbnz	r1, .L37	@ sendLength,
 334 0034 2046     		mov	r0, r4	@, D.7321
 335 0036 70BD     		pop	{r4, r5, r6, pc}	@
 336              	.L33:
 337 0038 0024     		movs	r4, #0	@ D.7321,
 338 003a 2046     		mov	r0, r4	@, D.7321
 339 003c 70BD     		pop	{r4, r5, r6, pc}	@
 340              	.L37:
 341 003e 0E46     		mov	r6, r1	@ D.7322, sendLength
 342 0040 0C46     		mov	r4, r1	@ D.7321, D.7322
ARM GAS  C:\cygwin64\tmp\cc9fUaPq.s 			page 7


 343 0042 E5E7     		b	.L31	@
 344              	.L39:
 345              		.align	2
 346              	.L38:
 347 0044 00000000 		.word	packetSent
 348              		.size	CDC_Send_DATA, .-CDC_Send_DATA
 349              		.section	.text.CDC_Receive_DATA,"ax",%progbits
 350              		.align	2
 351              		.global	CDC_Receive_DATA
 352              		.thumb
 353              		.thumb_func
 354              		.type	CDC_Receive_DATA, %function
 355              	CDC_Receive_DATA:
 356              		@ args = 0, pretend = 0, frame = 0
 357              		@ frame_needed = 0, uses_anonymous_args = 0
 358 0000 F8B5     		push	{r3, r4, r5, r6, r7, lr}	@
 359 0002 174F     		ldr	r7, .L47	@ tmp149,
 360 0004 0D46     		mov	r5, r1	@ len, len
 361 0006 3B68     		ldr	r3, [r7]	@ receiveLength.4, receiveLength
 362 0008 DFF85CC0 		ldr	ip, .L47+8	@ tmp150,
 363 000c 8B42     		cmp	r3, r1	@ receiveLength.4, len
 364 000e 38BF     		it	cc
 365 0010 3D68     		ldrcc	r5, [r7]	@ len, receiveLength
 366 0012 0DB3     		cbz	r5, .L46	@ len,
 367 0014 0022     		movs	r2, #0	@ D.7328,
 368 0016 9CF80010 		ldrb	r1, [ip]	@ zero_extendqisi2	@ D.7332, offset
 369 001a 124E     		ldr	r6, .L47+4	@ tmp151,
 370 001c 1346     		mov	r3, r2	@ i, D.7328
 371              	.L44:
 372 001e F418     		adds	r4, r6, r3	@ tmp134, tmp151, i
 373 0020 0133     		adds	r3, r3, #1	@ tmp137, i,
 374 0022 DBB2     		uxtb	r3, r3	@ i, tmp137
 375 0024 645C     		ldrb	r4, [r4, r1]	@ zero_extendqisi2	@ D.7331, receiveBuffer
 376 0026 9D42     		cmp	r5, r3	@ len, i
 377 0028 8454     		strb	r4, [r0, r2]	@ D.7331, *_11
 378 002a 1A46     		mov	r2, r3	@ D.7328, i
 379 002c F7D8     		bhi	.L44	@,
 380              	.L43:
 381 002e 3B68     		ldr	r3, [r7]	@ receiveLength.7, receiveLength
 382 0030 2944     		add	r1, r1, r5	@ tmp142, len
 383 0032 5B1B     		subs	r3, r3, r5	@ receiveLength.8, receiveLength.7, len
 384 0034 3B60     		str	r3, [r7]	@ receiveLength.8, receiveLength
 385 0036 3C68     		ldr	r4, [r7]	@ receiveLength.10, receiveLength
 386 0038 8CF80010 		strb	r1, [ip]	@ tmp142, offset
 387 003c 0A4E     		ldr	r6, .L47+8	@ tmp140,
 388 003e 4CB9     		cbnz	r4, .L45	@ receiveLength.10,
 389 0040 0320     		movs	r0, #3	@,
 390 0042 4021     		movs	r1, #64	@,
 391 0044 FFF7FEFF 		bl	SetEPRxCount	@
 392 0048 0320     		movs	r0, #3	@,
 393 004a 4FF44051 		mov	r1, #12288	@,
 394 004e FFF7FEFF 		bl	SetEPRxStatus	@
 395 0052 3470     		strb	r4, [r6]	@ receiveLength.10, offset
 396              	.L45:
 397 0054 2846     		mov	r0, r5	@, len
 398 0056 F8BD     		pop	{r3, r4, r5, r6, r7, pc}	@
 399              	.L46:
ARM GAS  C:\cygwin64\tmp\cc9fUaPq.s 			page 8


 400 0058 9CF80010 		ldrb	r1, [ip]	@ zero_extendqisi2	@ D.7332, offset
 401 005c E7E7     		b	.L43	@
 402              	.L48:
 403 005e 00BF     		.align	2
 404              	.L47:
 405 0060 00000000 		.word	receiveLength
 406 0064 00000000 		.word	receiveBuffer
 407 0068 00000000 		.word	.LANCHOR0
 408              		.size	CDC_Receive_DATA, .-CDC_Receive_DATA
 409              		.section	.text.usbIsConfigured,"ax",%progbits
 410              		.align	2
 411              		.global	usbIsConfigured
 412              		.thumb
 413              		.thumb_func
 414              		.type	usbIsConfigured, %function
 415              	usbIsConfigured:
 416              		@ args = 0, pretend = 0, frame = 0
 417              		@ frame_needed = 0, uses_anonymous_args = 0
 418              		@ link register save eliminated.
 419 0000 024B     		ldr	r3, .L50	@ tmp114,
 420 0002 1868     		ldr	r0, [r3]	@ bDeviceState.11, bDeviceState
 421 0004 431F     		subs	r3, r0, #5	@, bDeviceState.11,
 422 0006 5842     		rsbs	r0, r3, #0	@,,
 423 0008 5841     		adcs	r0, r0, r3	@,,
 424 000a 7047     		bx	lr	@
 425              	.L51:
 426              		.align	2
 427              	.L50:
 428 000c 00000000 		.word	bDeviceState
 429              		.size	usbIsConfigured, .-usbIsConfigured
 430              		.section	.text.usbIsConnected,"ax",%progbits
 431              		.align	2
 432              		.global	usbIsConnected
 433              		.thumb
 434              		.thumb_func
 435              		.type	usbIsConnected, %function
 436              	usbIsConnected:
 437              		@ args = 0, pretend = 0, frame = 0
 438              		@ frame_needed = 0, uses_anonymous_args = 0
 439              		@ link register save eliminated.
 440 0000 024B     		ldr	r3, .L53	@ tmp115,
 441 0002 1878     		ldrb	r0, [r3]	@ zero_extendqisi2	@ VCPconnectMode, VCPconnectMode
 442 0004 431E     		subs	r3, r0, #1	@, VCPconnectMode,
 443 0006 5842     		rsbs	r0, r3, #0	@,,
 444 0008 5841     		adcs	r0, r0, r3	@,,
 445 000a 7047     		bx	lr	@
 446              	.L54:
 447              		.align	2
 448              	.L53:
 449 000c 00000000 		.word	.LANCHOR1
 450              		.size	usbIsConnected, .-usbIsConnected
 451              		.section	.text.ERR_Callback,"ax",%progbits
 452              		.align	2
 453              		.global	ERR_Callback
 454              		.thumb
 455              		.thumb_func
 456              		.type	ERR_Callback, %function
ARM GAS  C:\cygwin64\tmp\cc9fUaPq.s 			page 9


 457              	ERR_Callback:
 458              		@ args = 0, pretend = 0, frame = 0
 459              		@ frame_needed = 0, uses_anonymous_args = 0
 460              		@ link register save eliminated.
 461 0000 0249     		ldr	r1, .L56	@ tmp110,
 462 0002 034A     		ldr	r2, .L56+4	@ tmp112,
 463 0004 0023     		movs	r3, #0	@ tmp111,
 464 0006 0B60     		str	r3, [r1]	@ tmp111, bDeviceState
 465 0008 1370     		strb	r3, [r2]	@ tmp111, VCPconnectMode
 466 000a 7047     		bx	lr	@
 467              	.L57:
 468              		.align	2
 469              	.L56:
 470 000c 00000000 		.word	bDeviceState
 471 0010 00000000 		.word	.LANCHOR1
 472              		.size	ERR_Callback, .-ERR_Callback
 473              		.section	.text.SetVCPConnectMode,"ax",%progbits
 474              		.align	2
 475              		.global	SetVCPConnectMode
 476              		.thumb
 477              		.thumb_func
 478              		.type	SetVCPConnectMode, %function
 479              	SetVCPConnectMode:
 480              		@ args = 0, pretend = 0, frame = 0
 481              		@ frame_needed = 0, uses_anonymous_args = 0
 482              		@ link register save eliminated.
 483 0000 034B     		ldr	r3, .L60	@ tmp111,
 484 0002 0128     		cmp	r0, #1	@ mode,
 485 0004 1870     		strb	r0, [r3]	@ mode, VCPconnectMode
 486 0006 02D1     		bne	.L58	@,
 487 0008 024B     		ldr	r3, .L60+4	@ tmp113,
 488 000a 0022     		movs	r2, #0	@ tmp114,
 489 000c 1A60     		str	r2, [r3]	@ tmp114, packetSent
 490              	.L58:
 491 000e 7047     		bx	lr	@
 492              	.L61:
 493              		.align	2
 494              	.L60:
 495 0010 00000000 		.word	.LANCHOR1
 496 0014 00000000 		.word	packetSent
 497              		.size	SetVCPConnectMode, .-SetVCPConnectMode
 498              		.section	.text.GetVCPConnectMode,"ax",%progbits
 499              		.align	2
 500              		.global	GetVCPConnectMode
 501              		.thumb
 502              		.thumb_func
 503              		.type	GetVCPConnectMode, %function
 504              	GetVCPConnectMode:
 505              		@ args = 0, pretend = 0, frame = 0
 506              		@ frame_needed = 0, uses_anonymous_args = 0
 507              		@ link register save eliminated.
 508 0000 014B     		ldr	r3, .L63	@ tmp113,
 509 0002 1878     		ldrb	r0, [r3]	@ zero_extendqisi2	@, VCPconnectMode
 510 0004 7047     		bx	lr	@
 511              	.L64:
 512 0006 00BF     		.align	2
 513              	.L63:
ARM GAS  C:\cygwin64\tmp\cc9fUaPq.s 			page 10


 514 0008 00000000 		.word	.LANCHOR1
 515              		.size	GetVCPConnectMode, .-GetVCPConnectMode
 516              		.comm	sendLength,4,4
 517              		.comm	receiveBuffer,64,4
 518              		.comm	packetSent,4,4
 519              		.comm	EXTI_InitStructure,8,4
 520              		.comm	HSEStartUpStatus,1,1
 521              		.section	.bss.offset.7135,"aw",%nobits
 522              		.set	.LANCHOR0,. + 0
 523              		.type	offset.7135, %object
 524              		.size	offset.7135, 1
 525              	offset.7135:
 526 0000 00       		.space	1
 527              		.section	.bss.VCPconnectMode,"aw",%nobits
 528              		.set	.LANCHOR1,. + 0
 529              		.type	VCPconnectMode, %object
 530              		.size	VCPconnectMode, 1
 531              	VCPconnectMode:
 532 0000 00       		.space	1
 533              		.ident	"GCC: (GNU Tools for ARM Embedded Processors) 4.8.4 20140526 (release) [ARM/embedded-4_8-br
ARM GAS  C:\cygwin64\tmp\cc9fUaPq.s 			page 11


DEFINED SYMBOLS
                            *ABS*:00000000 hw_config.c
C:\cygwin64\tmp\cc9fUaPq.s:70     .text.IntToUnicode:00000000 $t
C:\cygwin64\tmp\cc9fUaPq.s:74     .text.IntToUnicode:00000000 IntToUnicode
C:\cygwin64\tmp\cc9fUaPq.s:104    .text.Set_System:00000000 $t
C:\cygwin64\tmp\cc9fUaPq.s:109    .text.Set_System:00000000 Set_System
C:\cygwin64\tmp\cc9fUaPq.s:152    .text.Set_System:00000064 $d
                            *COM*:00000008 EXTI_InitStructure
C:\cygwin64\tmp\cc9fUaPq.s:156    .text.Set_USBClock:00000000 $t
C:\cygwin64\tmp\cc9fUaPq.s:161    .text.Set_USBClock:00000000 Set_USBClock
C:\cygwin64\tmp\cc9fUaPq.s:173    .text.Enter_LowPowerMode:00000000 $t
C:\cygwin64\tmp\cc9fUaPq.s:178    .text.Enter_LowPowerMode:00000000 Enter_LowPowerMode
C:\cygwin64\tmp\cc9fUaPq.s:189    .text.Enter_LowPowerMode:00000008 $d
C:\cygwin64\tmp\cc9fUaPq.s:192    .text.Leave_LowPowerMode:00000000 $t
C:\cygwin64\tmp\cc9fUaPq.s:197    .text.Leave_LowPowerMode:00000000 Leave_LowPowerMode
C:\cygwin64\tmp\cc9fUaPq.s:216    .text.Leave_LowPowerMode:0000001c $d
C:\cygwin64\tmp\cc9fUaPq.s:220    .text.USB_Interrupts_Config:00000000 $t
C:\cygwin64\tmp\cc9fUaPq.s:225    .text.USB_Interrupts_Config:00000000 USB_Interrupts_Config
C:\cygwin64\tmp\cc9fUaPq.s:252    .text.USB_Cable_Config:00000000 $t
C:\cygwin64\tmp\cc9fUaPq.s:257    .text.USB_Cable_Config:00000000 USB_Cable_Config
C:\cygwin64\tmp\cc9fUaPq.s:264    .text.Get_SerialNum:00000000 $t
C:\cygwin64\tmp\cc9fUaPq.s:269    .text.Get_SerialNum:00000000 Get_SerialNum
C:\cygwin64\tmp\cc9fUaPq.s:294    .text.Get_SerialNum:0000002c $d
C:\cygwin64\tmp\cc9fUaPq.s:301    .text.CDC_Send_DATA:00000000 $t
C:\cygwin64\tmp\cc9fUaPq.s:306    .text.CDC_Send_DATA:00000000 CDC_Send_DATA
C:\cygwin64\tmp\cc9fUaPq.s:347    .text.CDC_Send_DATA:00000044 $d
                            *COM*:00000004 packetSent
C:\cygwin64\tmp\cc9fUaPq.s:350    .text.CDC_Receive_DATA:00000000 $t
C:\cygwin64\tmp\cc9fUaPq.s:355    .text.CDC_Receive_DATA:00000000 CDC_Receive_DATA
C:\cygwin64\tmp\cc9fUaPq.s:405    .text.CDC_Receive_DATA:00000060 $d
                            *COM*:00000040 receiveBuffer
C:\cygwin64\tmp\cc9fUaPq.s:410    .text.usbIsConfigured:00000000 $t
C:\cygwin64\tmp\cc9fUaPq.s:415    .text.usbIsConfigured:00000000 usbIsConfigured
C:\cygwin64\tmp\cc9fUaPq.s:428    .text.usbIsConfigured:0000000c $d
C:\cygwin64\tmp\cc9fUaPq.s:431    .text.usbIsConnected:00000000 $t
C:\cygwin64\tmp\cc9fUaPq.s:436    .text.usbIsConnected:00000000 usbIsConnected
C:\cygwin64\tmp\cc9fUaPq.s:449    .text.usbIsConnected:0000000c $d
C:\cygwin64\tmp\cc9fUaPq.s:452    .text.ERR_Callback:00000000 $t
C:\cygwin64\tmp\cc9fUaPq.s:457    .text.ERR_Callback:00000000 ERR_Callback
C:\cygwin64\tmp\cc9fUaPq.s:470    .text.ERR_Callback:0000000c $d
C:\cygwin64\tmp\cc9fUaPq.s:474    .text.SetVCPConnectMode:00000000 $t
C:\cygwin64\tmp\cc9fUaPq.s:479    .text.SetVCPConnectMode:00000000 SetVCPConnectMode
C:\cygwin64\tmp\cc9fUaPq.s:495    .text.SetVCPConnectMode:00000010 $d
C:\cygwin64\tmp\cc9fUaPq.s:499    .text.GetVCPConnectMode:00000000 $t
C:\cygwin64\tmp\cc9fUaPq.s:504    .text.GetVCPConnectMode:00000000 GetVCPConnectMode
C:\cygwin64\tmp\cc9fUaPq.s:514    .text.GetVCPConnectMode:00000008 $d
                            *COM*:00000004 sendLength
                            *COM*:00000001 HSEStartUpStatus
C:\cygwin64\tmp\cc9fUaPq.s:525    .bss.offset.7135:00000000 offset.7135
C:\cygwin64\tmp\cc9fUaPq.s:526    .bss.offset.7135:00000000 $d
C:\cygwin64\tmp\cc9fUaPq.s:531    .bss.VCPconnectMode:00000000 VCPconnectMode
C:\cygwin64\tmp\cc9fUaPq.s:532    .bss.VCPconnectMode:00000000 $d

UNDEFINED SYMBOLS
RCC_APB2PeriphClockCmd
GPIO_Init
GPIO_ResetBits
ARM GAS  C:\cygwin64\tmp\cc9fUaPq.s 			page 12


Delay_ms
GPIO_SetBits
EXTI_ClearITPendingBit
EXTI_Init
RCC_USBCLKConfig
RCC_APB1PeriphClockCmd
bDeviceState
SystemInit
Device_Info
NVIC_PriorityGroupConfig
NVIC_Init
Virtual_Com_Port_StringSerial
UserToPMABufferCopy
SetEPTxCount
SetEPTxValid
SetEPRxCount
SetEPRxStatus
receiveLength
