ARM GAS  C:\cygwin64\tmp\ccqJZHx5.s 			page 1


   1              		.syntax unified
   2              		.cpu cortex-m3
   3              		.fpu softvfp
   4              		.eabi_attribute 20, 1	@ Tag_ABI_FP_denormal
   5              		.eabi_attribute 21, 1	@ Tag_ABI_FP_exceptions
   6              		.eabi_attribute 23, 3	@ Tag_ABI_FP_number_model
   7              		.eabi_attribute 24, 1	@ Tag_ABI_align8_needed
   8              		.eabi_attribute 25, 1	@ Tag_ABI_align8_preserved
   9              		.eabi_attribute 26, 1	@ Tag_ABI_enum_size
  10              		.eabi_attribute 30, 2	@ Tag_ABI_optimization_goals
  11              		.eabi_attribute 34, 1	@ Tag_CPU_unaligned_access
  12              		.eabi_attribute 18, 4	@ Tag_ABI_PCS_wchar_t
  13              		.file	"misc.c"
  14              	@ GNU C (GNU Tools for ARM Embedded Processors) version 4.8.4 20140526 (release) [ARM/embedded-4_8-
  15              	@	compiled by GNU C version 4.6.4, GMP version 4.3.2, MPFR version 2.4.2, MPC version 0.8.1
  16              	@ GGC heuristics: --param ggc-min-expand=99 --param ggc-min-heapsize=131015
  17              	@ options passed:  -I . -I src -I Libraries -I Libraries/CMSIS/Include
  18              	@ -I Libraries/CMSIS/Device/ST/STM32F10x/Include
  19              	@ -I Libraries/STM32F10x_StdPeriph_Driver/inc
  20              	@ -I Libraries/STM32_USB-FS-Device_Driver/inc -I src/VCP/inc
  21              	@ -imultilib armv7-m
  22              	@ -iprefix c:\program files (x86)\gnu tools arm embedded\4.8 2014q2\bin\../lib/gcc/arm-none-eabi/4.
  23              	@ -isysroot c:\program files (x86)\gnu tools arm embedded\4.8 2014q2\bin\../arm-none-eabi
  24              	@ -MD out/misc.d -MF out/misc.d -MP -MQ out/misc.o -D__USES_INITFINI__
  25              	@ -D STM32F10X_HD -D USE_STDPERIPH_DRIVER
  26              	@ Libraries/STM32F10x_StdPeriph_Driver/src/misc.c -mcpu=cortex-m3 -mthumb
  27              	@ -auxbase-strip out/misc.o -O2 -Wall -Wstrict-prototypes -Wextra
  28              	@ -std=gnu99 -ffunction-sections -fdata-sections -fverbose-asm
  29              	@ -fsingle-precision-constant
  30              	@ options enabled:  -faggressive-loop-optimizations -fauto-inc-dec
  31              	@ -fbranch-count-reg -fcaller-saves -fcombine-stack-adjustments -fcommon
  32              	@ -fcompare-elim -fcprop-registers -fcrossjumping -fcse-follow-jumps
  33              	@ -fdata-sections -fdefer-pop -fdelete-null-pointer-checks -fdevirtualize
  34              	@ -fdwarf2-cfi-asm -fearly-inlining -feliminate-unused-debug-types
  35              	@ -fexpensive-optimizations -fforward-propagate -ffunction-cse
  36              	@ -ffunction-sections -fgcse -fgcse-lm -fgnu-runtime
  37              	@ -fguess-branch-probability -fhoist-adjacent-loads -fident -fif-conversion
  38              	@ -fif-conversion2 -findirect-inlining -finline -finline-atomics
  39              	@ -finline-functions-called-once -finline-small-functions -fipa-cp
  40              	@ -fipa-profile -fipa-pure-const -fipa-reference -fipa-sra
  41              	@ -fira-hoist-pressure -fira-share-save-slots -fira-share-spill-slots
  42              	@ -fivopts -fkeep-static-consts -fleading-underscore -fmath-errno
  43              	@ -fmerge-constants -fmerge-debug-strings -fmove-loop-invariants
  44              	@ -fomit-frame-pointer -foptimize-register-move -foptimize-sibling-calls
  45              	@ -foptimize-strlen -fpartial-inlining -fpeephole -fpeephole2
  46              	@ -fprefetch-loop-arrays -freg-struct-return -fregmove -freorder-blocks
  47              	@ -freorder-functions -frerun-cse-after-loop
  48              	@ -fsched-critical-path-heuristic -fsched-dep-count-heuristic
  49              	@ -fsched-group-heuristic -fsched-interblock -fsched-last-insn-heuristic
  50              	@ -fsched-pressure -fsched-rank-heuristic -fsched-spec
  51              	@ -fsched-spec-insn-heuristic -fsched-stalled-insns-dep -fschedule-insns
  52              	@ -fschedule-insns2 -fsection-anchors -fshow-column -fshrink-wrap
  53              	@ -fsigned-zeros -fsingle-precision-constant -fsplit-ivs-in-unroller
  54              	@ -fsplit-wide-types -fstrict-aliasing -fstrict-overflow
  55              	@ -fstrict-volatile-bitfields -fsync-libcalls -fthread-jumps
  56              	@ -ftoplevel-reorder -ftrapping-math -ftree-bit-ccp -ftree-builtin-call-dce
  57              	@ -ftree-ccp -ftree-ch -ftree-coalesce-vars -ftree-copy-prop
ARM GAS  C:\cygwin64\tmp\ccqJZHx5.s 			page 2


  58              	@ -ftree-copyrename -ftree-cselim -ftree-dce -ftree-dominator-opts
  59              	@ -ftree-dse -ftree-forwprop -ftree-fre -ftree-loop-if-convert
  60              	@ -ftree-loop-im -ftree-loop-ivcanon -ftree-loop-optimize
  61              	@ -ftree-parallelize-loops= -ftree-phiprop -ftree-pre -ftree-pta
  62              	@ -ftree-reassoc -ftree-scev-cprop -ftree-sink -ftree-slp-vectorize
  63              	@ -ftree-slsr -ftree-sra -ftree-switch-conversion -ftree-tail-merge
  64              	@ -ftree-ter -ftree-vect-loop-version -ftree-vrp -funit-at-a-time
  65              	@ -fverbose-asm -fzero-initialized-in-bss -mfix-cortex-m3-ldrd
  66              	@ -mlittle-endian -mpic-data-is-text-relative -msched-prolog -mthumb
  67              	@ -munaligned-access -mvectorize-with-neon-quad
  68              	
  69              		.section	.text.NVIC_PriorityGroupConfig,"ax",%progbits
  70              		.align	2
  71              		.global	NVIC_PriorityGroupConfig
  72              		.thumb
  73              		.thumb_func
  74              		.type	NVIC_PriorityGroupConfig, %function
  75              	NVIC_PriorityGroupConfig:
  76              		@ args = 0, pretend = 0, frame = 0
  77              		@ frame_needed = 0, uses_anonymous_args = 0
  78              		@ link register save eliminated.
  79 0000 40F0BF60 		orr	r0, r0, #100139008	@ D.6658, NVIC_PriorityGroup,
  80 0004 024B     		ldr	r3, .L2	@ tmp113,
  81 0006 40F40030 		orr	r0, r0, #131072	@ D.6658, D.6658,
  82 000a D860     		str	r0, [r3, #12]	@ D.6658, MEM[(struct SCB_Type *)3758157056B].AIRCR
  83 000c 7047     		bx	lr	@
  84              	.L3:
  85 000e 00BF     		.align	2
  86              	.L2:
  87 0010 00ED00E0 		.word	-536810240
  88              		.size	NVIC_PriorityGroupConfig, .-NVIC_PriorityGroupConfig
  89              		.section	.text.NVIC_Init,"ax",%progbits
  90              		.align	2
  91              		.global	NVIC_Init
  92              		.thumb
  93              		.thumb_func
  94              		.type	NVIC_Init, %function
  95              	NVIC_Init:
  96              		@ args = 0, pretend = 0, frame = 0
  97              		@ frame_needed = 0, uses_anonymous_args = 0
  98              		@ link register save eliminated.
  99 0000 C378     		ldrb	r3, [r0, #3]	@ zero_extendqisi2	@ NVIC_InitStruct_3(D)->NVIC_IRQChannelCmd, NVIC_InitStruct_3
 100 0002 30B4     		push	{r4, r5}	@
 101 0004 5BB9     		cbnz	r3, .L8	@ NVIC_InitStruct_3(D)->NVIC_IRQChannelCmd,
 102 0006 0378     		ldrb	r3, [r0]	@ zero_extendqisi2	@ D.6662, NVIC_InitStruct_3(D)->NVIC_IRQChannel
 103 0008 0121     		movs	r1, #1	@ tmp163,
 104 000a 03F01F02 		and	r2, r3, #31	@ D.6664, D.6662,
 105 000e 9140     		lsls	r1, r1, r2	@ D.6663, tmp163, D.6664
 106 0010 30BC     		pop	{r4, r5}	@
 107 0012 5B09     		lsrs	r3, r3, #5	@ D.6664, D.6662,
 108 0014 144A     		ldr	r2, .L9	@ tmp164,
 109 0016 2033     		adds	r3, r3, #32	@ tmp165, D.6664,
 110 0018 42F82310 		str	r1, [r2, r3, lsl #2]	@ D.6663,
 111 001c 7047     		bx	lr	@
 112              	.L8:
 113 001e 134B     		ldr	r3, .L9+4	@ tmp144,
 114 0020 4478     		ldrb	r4, [r0, #1]	@ zero_extendqisi2	@ D.6663, NVIC_InitStruct_3(D)->NVIC_IRQChannelPreemptionPrio
ARM GAS  C:\cygwin64\tmp\ccqJZHx5.s 			page 3


 115 0022 DB68     		ldr	r3, [r3, #12]	@ D.6663, MEM[(struct SCB_Type *)3758157056B].AIRCR
 116 0024 0F22     		movs	r2, #15	@ tmp149,
 117 0026 DB43     		mvns	r3, r3	@ D.6663, D.6663
 118 0028 C3F30223 		ubfx	r3, r3, #8, #3	@ tmppriority, D.6663,,
 119 002c C3F10401 		rsb	r1, r3, #4	@ tmppre.1, tmppriority,
 120 0030 22FA03F3 		lsr	r3, r2, r3	@ tmpsub, tmp149, tmppriority
 121 0034 8C40     		lsls	r4, r4, r1	@ tmppriority, D.6663, tmppre.1
 122 0036 8578     		ldrb	r5, [r0, #2]	@ zero_extendqisi2	@ D.6663, NVIC_InitStruct_3(D)->NVIC_IRQChannelSubPriority
 123 0038 0178     		ldrb	r1, [r0]	@ zero_extendqisi2	@ D.6664, NVIC_InitStruct_3(D)->NVIC_IRQChannel
 124 003a 03EA0502 		and	r2, r3, r5	@ D.6663, tmpsub, D.6663
 125 003e 2243     		orrs	r2, r2, r4	@, tmppriority, D.6663, tmppriority
 126 0040 01F16043 		add	r3, r1, #-536870912	@ tmp153, D.6664,
 127 0044 1201     		lsls	r2, r2, #4	@ tmppriority, tmppriority,
 128 0046 D2B2     		uxtb	r2, r2	@ D.6662, tmppriority
 129 0048 03F56143 		add	r3, r3, #57600	@ tmp153, tmp153,
 130 004c 83F80023 		strb	r2, [r3, #768]	@ D.6662, MEM[(struct NVIC_Type *)3758153984B].IP
 131 0050 0378     		ldrb	r3, [r0]	@ zero_extendqisi2	@ D.6662, NVIC_InitStruct_3(D)->NVIC_IRQChannel
 132 0052 0121     		movs	r1, #1	@ tmp158,
 133 0054 03F01F02 		and	r2, r3, #31	@ D.6664, D.6662,
 134 0058 9140     		lsls	r1, r1, r2	@ D.6663, tmp158, D.6664
 135 005a 30BC     		pop	{r4, r5}	@
 136 005c 024A     		ldr	r2, .L9	@ tmp152,
 137 005e 5B09     		lsrs	r3, r3, #5	@ D.6664, D.6662,
 138 0060 42F82310 		str	r1, [r2, r3, lsl #2]	@ D.6663,
 139 0064 7047     		bx	lr	@
 140              	.L10:
 141 0066 00BF     		.align	2
 142              	.L9:
 143 0068 00E100E0 		.word	-536813312
 144 006c 00ED00E0 		.word	-536810240
 145              		.size	NVIC_Init, .-NVIC_Init
 146              		.section	.text.NVIC_SetVectorTable,"ax",%progbits
 147              		.align	2
 148              		.global	NVIC_SetVectorTable
 149              		.thumb
 150              		.thumb_func
 151              		.type	NVIC_SetVectorTable, %function
 152              	NVIC_SetVectorTable:
 153              		@ args = 0, pretend = 0, frame = 0
 154              		@ frame_needed = 0, uses_anonymous_args = 0
 155              		@ link register save eliminated.
 156 0000 21F06041 		bic	r1, r1, #-536870912	@ D.6667, Offset,
 157 0004 21F07F01 		bic	r1, r1, #127	@ D.6667, D.6667,
 158 0008 014B     		ldr	r3, .L12	@ tmp116,
 159 000a 0843     		orrs	r0, r0, r1	@, D.6667, NVIC_VectTab, D.6667
 160 000c 9860     		str	r0, [r3, #8]	@ D.6667, MEM[(struct SCB_Type *)3758157056B].VTOR
 161 000e 7047     		bx	lr	@
 162              	.L13:
 163              		.align	2
 164              	.L12:
 165 0010 00ED00E0 		.word	-536810240
 166              		.size	NVIC_SetVectorTable, .-NVIC_SetVectorTable
 167              		.section	.text.NVIC_SystemLPConfig,"ax",%progbits
 168              		.align	2
 169              		.global	NVIC_SystemLPConfig
 170              		.thumb
 171              		.thumb_func
ARM GAS  C:\cygwin64\tmp\ccqJZHx5.s 			page 4


 172              		.type	NVIC_SystemLPConfig, %function
 173              	NVIC_SystemLPConfig:
 174              		@ args = 0, pretend = 0, frame = 0
 175              		@ frame_needed = 0, uses_anonymous_args = 0
 176              		@ link register save eliminated.
 177 0000 044B     		ldr	r3, .L18	@ tmp119,
 178 0002 1A69     		ldr	r2, [r3, #16]	@ D.6670,
 179 0004 19B9     		cbnz	r1, .L17	@ NewState,
 180 0006 22EA0000 		bic	r0, r2, r0	@ D.6670, D.6670, LowPowerMode
 181 000a 1861     		str	r0, [r3, #16]	@ D.6670,
 182 000c 7047     		bx	lr	@
 183              	.L17:
 184 000e 1043     		orrs	r0, r0, r2	@, D.6670, LowPowerMode, D.6670
 185 0010 1861     		str	r0, [r3, #16]	@ D.6670,
 186 0012 7047     		bx	lr	@
 187              	.L19:
 188              		.align	2
 189              	.L18:
 190 0014 00ED00E0 		.word	-536810240
 191              		.size	NVIC_SystemLPConfig, .-NVIC_SystemLPConfig
 192              		.section	.text.SysTick_CLKSourceConfig,"ax",%progbits
 193              		.align	2
 194              		.global	SysTick_CLKSourceConfig
 195              		.thumb
 196              		.thumb_func
 197              		.type	SysTick_CLKSourceConfig, %function
 198              	SysTick_CLKSourceConfig:
 199              		@ args = 0, pretend = 0, frame = 0
 200              		@ frame_needed = 0, uses_anonymous_args = 0
 201              		@ link register save eliminated.
 202 0000 044B     		ldr	r3, .L23	@ tmp115,
 203 0002 0428     		cmp	r0, #4	@ SysTick_CLKSource,
 204 0004 1A68     		ldr	r2, [r3]	@ D.6673,
 205 0006 0CBF     		ite	eq
 206 0008 42F00402 		orreq	r2, r2, #4	@ D.6673, D.6673,
 207 000c 22F00402 		bicne	r2, r2, #4	@ D.6673, D.6673,
 208 0010 1A60     		str	r2, [r3]	@ D.6673,
 209 0012 7047     		bx	lr	@
 210              	.L24:
 211              		.align	2
 212              	.L23:
 213 0014 10E000E0 		.word	-536813552
 214              		.size	SysTick_CLKSourceConfig, .-SysTick_CLKSourceConfig
 215              		.ident	"GCC: (GNU Tools for ARM Embedded Processors) 4.8.4 20140526 (release) [ARM/embedded-4_8-br
ARM GAS  C:\cygwin64\tmp\ccqJZHx5.s 			page 5


DEFINED SYMBOLS
                            *ABS*:00000000 misc.c
C:\cygwin64\tmp\ccqJZHx5.s:70     .text.NVIC_PriorityGroupConfig:00000000 $t
C:\cygwin64\tmp\ccqJZHx5.s:75     .text.NVIC_PriorityGroupConfig:00000000 NVIC_PriorityGroupConfig
C:\cygwin64\tmp\ccqJZHx5.s:87     .text.NVIC_PriorityGroupConfig:00000010 $d
C:\cygwin64\tmp\ccqJZHx5.s:90     .text.NVIC_Init:00000000 $t
C:\cygwin64\tmp\ccqJZHx5.s:95     .text.NVIC_Init:00000000 NVIC_Init
C:\cygwin64\tmp\ccqJZHx5.s:143    .text.NVIC_Init:00000068 $d
C:\cygwin64\tmp\ccqJZHx5.s:147    .text.NVIC_SetVectorTable:00000000 $t
C:\cygwin64\tmp\ccqJZHx5.s:152    .text.NVIC_SetVectorTable:00000000 NVIC_SetVectorTable
C:\cygwin64\tmp\ccqJZHx5.s:165    .text.NVIC_SetVectorTable:00000010 $d
C:\cygwin64\tmp\ccqJZHx5.s:168    .text.NVIC_SystemLPConfig:00000000 $t
C:\cygwin64\tmp\ccqJZHx5.s:173    .text.NVIC_SystemLPConfig:00000000 NVIC_SystemLPConfig
C:\cygwin64\tmp\ccqJZHx5.s:190    .text.NVIC_SystemLPConfig:00000014 $d
C:\cygwin64\tmp\ccqJZHx5.s:193    .text.SysTick_CLKSourceConfig:00000000 $t
C:\cygwin64\tmp\ccqJZHx5.s:198    .text.SysTick_CLKSourceConfig:00000000 SysTick_CLKSourceConfig
C:\cygwin64\tmp\ccqJZHx5.s:213    .text.SysTick_CLKSourceConfig:00000014 $d

NO UNDEFINED SYMBOLS
