ARM GAS  C:\cygwin64\tmp\ccndMcpI.s 			page 1


   1              		.syntax unified
   2              		.cpu cortex-m3
   3              		.fpu softvfp
   4              		.eabi_attribute 20, 1	@ Tag_ABI_FP_denormal
   5              		.eabi_attribute 21, 1	@ Tag_ABI_FP_exceptions
   6              		.eabi_attribute 23, 3	@ Tag_ABI_FP_number_model
   7              		.eabi_attribute 24, 1	@ Tag_ABI_align8_needed
   8              		.eabi_attribute 25, 1	@ Tag_ABI_align8_preserved
   9              		.eabi_attribute 26, 1	@ Tag_ABI_enum_size
  10              		.eabi_attribute 30, 2	@ Tag_ABI_optimization_goals
  11              		.eabi_attribute 34, 1	@ Tag_CPU_unaligned_access
  12              		.eabi_attribute 18, 4	@ Tag_ABI_PCS_wchar_t
  13              		.file	"pwm.c"
  14              	@ GNU C (GNU Tools for ARM Embedded Processors) version 4.8.4 20140526 (release) [ARM/embedded-4_8-
  15              	@	compiled by GNU C version 4.6.4, GMP version 4.3.2, MPFR version 2.4.2, MPC version 0.8.1
  16              	@ GGC heuristics: --param ggc-min-expand=99 --param ggc-min-heapsize=131015
  17              	@ options passed:  -I . -I src -I Libraries -I Libraries/CMSIS/Include
  18              	@ -I Libraries/CMSIS/Device/ST/STM32F10x/Include
  19              	@ -I Libraries/STM32F10x_StdPeriph_Driver/inc
  20              	@ -I Libraries/STM32_USB-FS-Device_Driver/inc -I src/VCP/inc
  21              	@ -imultilib armv7-m
  22              	@ -iprefix c:\program files (x86)\gnu tools arm embedded\4.8 2014q2\bin\../lib/gcc/arm-none-eabi/4.
  23              	@ -isysroot c:\program files (x86)\gnu tools arm embedded\4.8 2014q2\bin\../arm-none-eabi
  24              	@ -MD out/pwm.d -MF out/pwm.d -MP -MQ out/pwm.o -D__USES_INITFINI__
  25              	@ -D STM32F10X_HD -D USE_STDPERIPH_DRIVER src/pwm.c -mcpu=cortex-m3 -mthumb
  26              	@ -auxbase-strip out/pwm.o -O2 -Wall -Wstrict-prototypes -Wextra -std=gnu99
  27              	@ -ffunction-sections -fdata-sections -fverbose-asm
  28              	@ -fsingle-precision-constant
  29              	@ options enabled:  -faggressive-loop-optimizations -fauto-inc-dec
  30              	@ -fbranch-count-reg -fcaller-saves -fcombine-stack-adjustments -fcommon
  31              	@ -fcompare-elim -fcprop-registers -fcrossjumping -fcse-follow-jumps
  32              	@ -fdata-sections -fdefer-pop -fdelete-null-pointer-checks -fdevirtualize
  33              	@ -fdwarf2-cfi-asm -fearly-inlining -feliminate-unused-debug-types
  34              	@ -fexpensive-optimizations -fforward-propagate -ffunction-cse
  35              	@ -ffunction-sections -fgcse -fgcse-lm -fgnu-runtime
  36              	@ -fguess-branch-probability -fhoist-adjacent-loads -fident -fif-conversion
  37              	@ -fif-conversion2 -findirect-inlining -finline -finline-atomics
  38              	@ -finline-functions-called-once -finline-small-functions -fipa-cp
  39              	@ -fipa-profile -fipa-pure-const -fipa-reference -fipa-sra
  40              	@ -fira-hoist-pressure -fira-share-save-slots -fira-share-spill-slots
  41              	@ -fivopts -fkeep-static-consts -fleading-underscore -fmath-errno
  42              	@ -fmerge-constants -fmerge-debug-strings -fmove-loop-invariants
  43              	@ -fomit-frame-pointer -foptimize-register-move -foptimize-sibling-calls
  44              	@ -foptimize-strlen -fpartial-inlining -fpeephole -fpeephole2
  45              	@ -fprefetch-loop-arrays -freg-struct-return -fregmove -freorder-blocks
  46              	@ -freorder-functions -frerun-cse-after-loop
  47              	@ -fsched-critical-path-heuristic -fsched-dep-count-heuristic
  48              	@ -fsched-group-heuristic -fsched-interblock -fsched-last-insn-heuristic
  49              	@ -fsched-pressure -fsched-rank-heuristic -fsched-spec
  50              	@ -fsched-spec-insn-heuristic -fsched-stalled-insns-dep -fschedule-insns
  51              	@ -fschedule-insns2 -fsection-anchors -fshow-column -fshrink-wrap
  52              	@ -fsigned-zeros -fsingle-precision-constant -fsplit-ivs-in-unroller
  53              	@ -fsplit-wide-types -fstrict-aliasing -fstrict-overflow
  54              	@ -fstrict-volatile-bitfields -fsync-libcalls -fthread-jumps
  55              	@ -ftoplevel-reorder -ftrapping-math -ftree-bit-ccp -ftree-builtin-call-dce
  56              	@ -ftree-ccp -ftree-ch -ftree-coalesce-vars -ftree-copy-prop
  57              	@ -ftree-copyrename -ftree-cselim -ftree-dce -ftree-dominator-opts
ARM GAS  C:\cygwin64\tmp\ccndMcpI.s 			page 2


  58              	@ -ftree-dse -ftree-forwprop -ftree-fre -ftree-loop-if-convert
  59              	@ -ftree-loop-im -ftree-loop-ivcanon -ftree-loop-optimize
  60              	@ -ftree-parallelize-loops= -ftree-phiprop -ftree-pre -ftree-pta
  61              	@ -ftree-reassoc -ftree-scev-cprop -ftree-sink -ftree-slp-vectorize
  62              	@ -ftree-slsr -ftree-sra -ftree-switch-conversion -ftree-tail-merge
  63              	@ -ftree-ter -ftree-vect-loop-version -ftree-vrp -funit-at-a-time
  64              	@ -fverbose-asm -fzero-initialized-in-bss -mfix-cortex-m3-ldrd
  65              	@ -mlittle-endian -mpic-data-is-text-relative -msched-prolog -mthumb
  66              	@ -munaligned-access -mvectorize-with-neon-quad
  67              	
  68              		.section	.text.Timer_Channel_Config.constprop.0,"ax",%progbits
  69              		.align	2
  70              		.thumb
  71              		.thumb_func
  72              		.type	Timer_Channel_Config.constprop.0, %function
  73              	Timer_Channel_Config.constprop.0:
  74              		@ args = 0, pretend = 0, frame = 0
  75              		@ frame_needed = 0, uses_anonymous_args = 0
  76 0000 38B5     		push	{r3, r4, r5, lr}	@
  77 0002 0446     		mov	r4, r0	@ tim, tim
  78 0004 0D46     		mov	r5, r1	@ OCInitStructure, OCInitStructure
  79 0006 FFF7FEFF 		bl	TIM_OC1Init	@
  80 000a 2046     		mov	r0, r4	@, tim
  81 000c 2946     		mov	r1, r5	@, OCInitStructure
  82 000e FFF7FEFF 		bl	TIM_OC2Init	@
  83 0012 2046     		mov	r0, r4	@, tim
  84 0014 2946     		mov	r1, r5	@, OCInitStructure
  85 0016 FFF7FEFF 		bl	TIM_OC3Init	@
  86 001a 2046     		mov	r0, r4	@, tim
  87 001c 0821     		movs	r1, #8	@,
  88 001e FFF7FEFF 		bl	TIM_OC1PreloadConfig	@
  89 0022 2046     		mov	r0, r4	@, tim
  90 0024 0821     		movs	r1, #8	@,
  91 0026 FFF7FEFF 		bl	TIM_OC2PreloadConfig	@
  92 002a 2046     		mov	r0, r4	@, tim
  93 002c 0821     		movs	r1, #8	@,
  94 002e BDE83840 		pop	{r3, r4, r5, lr}	@
  95 0032 FFF7FEBF 		b	TIM_OC3PreloadConfig	@
  96              		.size	Timer_Channel_Config.constprop.0, .-Timer_Channel_Config.constprop.0
  97 0036 00BF     		.section	.text.Timer_PWM_General_Config,"ax",%progbits
  98              		.align	2
  99              		.thumb
 100              		.thumb_func
 101              		.type	Timer_PWM_General_Config, %function
 102              	Timer_PWM_General_Config:
 103              		@ args = 0, pretend = 0, frame = 32
 104              		@ frame_needed = 0, uses_anonymous_args = 0
 105 0000 F0B5     		push	{r4, r5, r6, r7, lr}	@
 106 0002 89B0     		sub	sp, sp, #36	@,,
 107 0004 0D46     		mov	r5, r1	@ polarity, polarity
 108 0006 0024     		movs	r4, #0	@ tmp116,
 109 0008 4FF47A72 		mov	r2, #1000	@ tmp118,
 110 000c 4FF40073 		mov	r3, #512	@ tmp120,
 111 0010 0646     		mov	r6, r0	@ tim, tim
 112 0012 01A9     		add	r1, sp, #4	@,,
 113 0014 0327     		movs	r7, #3	@ tmp114,
 114 0016 ADF80820 		strh	r2, [sp, #8]	@ movhi	@ tmp118, TIM_TimeBaseInitStructure.TIM_Period
ARM GAS  C:\cygwin64\tmp\ccndMcpI.s 			page 3


 115 001a ADF80A30 		strh	r3, [sp, #10]	@ movhi	@ tmp120, TIM_TimeBaseInitStructure.TIM_ClockDivision
 116 001e ADF80470 		strh	r7, [sp, #4]	@ movhi	@ tmp114, TIM_TimeBaseInitStructure.TIM_Prescaler
 117 0022 ADF80640 		strh	r4, [sp, #6]	@ movhi	@ tmp116, TIM_TimeBaseInitStructure.TIM_CounterMode
 118 0026 FFF7FEFF 		bl	TIM_TimeBaseInit	@
 119 002a 6022     		movs	r2, #96	@ tmp123,
 120 002c 0123     		movs	r3, #1	@ tmp125,
 121 002e 3046     		mov	r0, r6	@, tim
 122 0030 04A9     		add	r1, sp, #16	@,,
 123 0032 ADF81850 		strh	r5, [sp, #24]	@ movhi	@ polarity, TIM_OCInitStructure.TIM_OCPolarity
 124 0036 ADF81640 		strh	r4, [sp, #22]	@ movhi	@ tmp116, TIM_OCInitStructure.TIM_Pulse
 125 003a ADF81020 		strh	r2, [sp, #16]	@ movhi	@ tmp123, TIM_OCInitStructure.TIM_OCMode
 126 003e ADF81230 		strh	r3, [sp, #18]	@ movhi	@ tmp125, TIM_OCInitStructure.TIM_OutputState
 127 0042 FFF7FEFF 		bl	Timer_Channel_Config.constprop.0	@
 128 0046 09B0     		add	sp, sp, #36	@,,
 129              		@ sp needed	@
 130 0048 F0BD     		pop	{r4, r5, r6, r7, pc}	@
 131              		.size	Timer_PWM_General_Config, .-Timer_PWM_General_Config
 132 004a 00BF     		.section	.text.Timer_PWM_Advanced_Config,"ax",%progbits
 133              		.align	2
 134              		.thumb
 135              		.thumb_func
 136              		.type	Timer_PWM_Advanced_Config, %function
 137              	Timer_PWM_Advanced_Config:
 138              		@ args = 0, pretend = 0, frame = 48
 139              		@ frame_needed = 0, uses_anonymous_args = 0
 140 0000 F0B5     		push	{r4, r5, r6, r7, lr}	@
 141 0002 8DB0     		sub	sp, sp, #52	@,,
 142 0004 0024     		movs	r4, #0	@ tmp116,
 143 0006 0322     		movs	r2, #3	@ tmp114,
 144 0008 4FF47A73 		mov	r3, #1000	@ tmp118,
 145 000c 01A9     		add	r1, sp, #4	@,,
 146 000e 0546     		mov	r5, r0	@ tim, tim
 147 0010 ADF80420 		strh	r2, [sp, #4]	@ movhi	@ tmp114, TIM_TimeBaseInitStructure.TIM_Prescaler
 148 0014 ADF80830 		strh	r3, [sp, #8]	@ movhi	@ tmp118, TIM_TimeBaseInitStructure.TIM_Period
 149 0018 ADF80640 		strh	r4, [sp, #6]	@ movhi	@ tmp116, TIM_TimeBaseInitStructure.TIM_CounterMode
 150 001c ADF80A40 		strh	r4, [sp, #10]	@ movhi	@ tmp116, TIM_TimeBaseInitStructure.TIM_ClockDivision
 151 0020 8DF80C40 		strb	r4, [sp, #12]	@ tmp116, TIM_TimeBaseInitStructure.TIM_RepetitionCounter
 152 0024 FFF7FEFF 		bl	TIM_TimeBaseInit	@
 153 0028 1B4B     		ldr	r3, .L4	@ tmp130,
 154 002a 4FF4006E 		mov	lr, #2048	@ tmp125,
 155 002e D3F800C0 		ldr	ip, [r3]	@ timer_1_8_deadtime_register, timer_1_8_deadtime_register
 156 0032 2846     		mov	r0, r5	@, tim
 157 0034 4FF48076 		mov	r6, #256	@ tmp129,
 158 0038 4FF40052 		mov	r2, #8192	@ tmp136,
 159 003c 4FF48043 		mov	r3, #16384	@ tmp138,
 160 0040 04A9     		add	r1, sp, #16	@,,
 161 0042 4FF48067 		mov	r7, #1024	@ tmp127,
 162 0046 ADF816C0 		strh	ip, [sp, #22]	@ movhi	@ timer_1_8_deadtime_register, TIM_BDTRInitStructure.TIM_DeadTime
 163 004a ADF810E0 		strh	lr, [sp, #16]	@ movhi	@ tmp125, TIM_BDTRInitStructure.TIM_OSSRState
 164 004e ADF81A20 		strh	r2, [sp, #26]	@ movhi	@ tmp136, TIM_BDTRInitStructure.TIM_BreakPolarity
 165 0052 ADF81C30 		strh	r3, [sp, #28]	@ movhi	@ tmp138, TIM_BDTRInitStructure.TIM_AutomaticOutput
 166 0056 ADF81840 		strh	r4, [sp, #24]	@ movhi	@ tmp116, TIM_BDTRInitStructure.TIM_Break
 167 005a ADF81270 		strh	r7, [sp, #18]	@ movhi	@ tmp127, TIM_BDTRInitStructure.TIM_OSSIState
 168 005e ADF81460 		strh	r6, [sp, #20]	@ movhi	@ tmp129, TIM_BDTRInitStructure.TIM_LOCKLevel
 169 0062 FFF7FEFF 		bl	TIM_BDTRConfig	@
 170 0066 2846     		mov	r0, r5	@, tim
 171 0068 0122     		movs	r2, #1	@ tmp143,
ARM GAS  C:\cygwin64\tmp\ccndMcpI.s 			page 4


 172 006a 0423     		movs	r3, #4	@ tmp145,
 173 006c 6025     		movs	r5, #96	@ tmp141,
 174 006e 08A9     		add	r1, sp, #32	@,,
 175 0070 ADF82640 		strh	r4, [sp, #38]	@ movhi	@ tmp116, TIM_OCInitStructure.TIM_Pulse
 176 0074 ADF82840 		strh	r4, [sp, #40]	@ movhi	@ tmp116, TIM_OCInitStructure.TIM_OCPolarity
 177 0078 ADF82A40 		strh	r4, [sp, #42]	@ movhi	@ tmp116, TIM_OCInitStructure.TIM_OCNPolarity
 178 007c ADF82C60 		strh	r6, [sp, #44]	@ movhi	@ tmp129, TIM_OCInitStructure.TIM_OCIdleState
 179 0080 ADF82E40 		strh	r4, [sp, #46]	@ movhi	@ tmp116, TIM_OCInitStructure.TIM_OCNIdleState
 180 0084 ADF82050 		strh	r5, [sp, #32]	@ movhi	@ tmp141, TIM_OCInitStructure.TIM_OCMode
 181 0088 ADF82220 		strh	r2, [sp, #34]	@ movhi	@ tmp143, TIM_OCInitStructure.TIM_OutputState
 182 008c ADF82430 		strh	r3, [sp, #36]	@ movhi	@ tmp145, TIM_OCInitStructure.TIM_OutputNState
 183 0090 FFF7FEFF 		bl	Timer_Channel_Config.constprop.0	@
 184 0094 0DB0     		add	sp, sp, #52	@,,
 185              		@ sp needed	@
 186 0096 F0BD     		pop	{r4, r5, r6, r7, pc}	@
 187              	.L5:
 188              		.align	2
 189              	.L4:
 190 0098 00000000 		.word	.LANCHOR0
 191              		.size	Timer_PWM_Advanced_Config, .-Timer_PWM_Advanced_Config
 192              		.section	.text.MaxCntClear,"ax",%progbits
 193              		.align	2
 194              		.global	MaxCntClear
 195              		.thumb
 196              		.thumb_func
 197              		.type	MaxCntClear, %function
 198              	MaxCntClear:
 199              		@ args = 0, pretend = 0, frame = 0
 200              		@ frame_needed = 0, uses_anonymous_args = 0
 201              		@ link register save eliminated.
 202 0000 10B4     		push	{r4}	@
 203 0002 0948     		ldr	r0, .L7	@ tmp116,
 204 0004 094C     		ldr	r4, .L7+4	@ tmp110,
 205 0006 0A4A     		ldr	r2, .L7+8	@ tmp122,
 206 0008 0023     		movs	r3, #0	@ tmp111,
 207 000a 40F2E931 		movw	r1, #1001	@ tmp123,
 208 000e A360     		str	r3, [r4, #8]	@ tmp111, IrqCnt
 209 0010 6360     		str	r3, [r4, #4]	@ tmp111, IrqCnt
 210 0012 2360     		str	r3, [r4]	@ tmp111, IrqCnt
 211 0014 8360     		str	r3, [r0, #8]	@ tmp111, MaxCnt
 212 0016 4360     		str	r3, [r0, #4]	@ tmp111, MaxCnt
 213 0018 0360     		str	r3, [r0]	@ tmp111, MaxCnt
 214 001a 9160     		str	r1, [r2, #8]	@ tmp123, MinCnt
 215 001c 5160     		str	r1, [r2, #4]	@ tmp123, MinCnt
 216 001e 1160     		str	r1, [r2]	@ tmp123, MinCnt
 217 0020 5DF8044B 		ldr	r4, [sp], #4	@,
 218 0024 7047     		bx	lr	@
 219              	.L8:
 220 0026 00BF     		.align	2
 221              	.L7:
 222 0028 00000000 		.word	MaxCnt
 223 002c 00000000 		.word	IrqCnt
 224 0030 00000000 		.word	MinCnt
 225              		.size	MaxCntClear, .-MaxCntClear
 226              		.section	.text.SetPWMData,"ax",%progbits
 227              		.align	2
 228              		.global	SetPWMData
ARM GAS  C:\cygwin64\tmp\ccndMcpI.s 			page 5


 229              		.thumb
 230              		.thumb_func
 231              		.type	SetPWMData, %function
 232              	SetPWMData:
 233              		@ args = 0, pretend = 0, frame = 0
 234              		@ frame_needed = 0, uses_anonymous_args = 0
 235              		@ link register save eliminated.
 236              	@ 342 "Libraries/CMSIS/Include/core_cmFunc.h" 1
 237 0000 72B6     		cpsid i
 238              	@ 0 "" 2
 239              		.thumb
 240 0002 0B68     		ldr	r3, [r1]	@ D.7750, *pwm_3(D)
 241 0004 0360     		str	r3, [r0]	@ D.7750, *target_5(D)
 242 0006 4B68     		ldr	r3, [r1, #4]	@ D.7750, MEM[(int *)pwm_3(D) + 4B]
 243 0008 4360     		str	r3, [r0, #4]	@ D.7750, MEM[(int *)target_5(D) + 4B]
 244 000a 8B68     		ldr	r3, [r1, #8]	@ D.7750, MEM[(int *)pwm_3(D) + 8B]
 245 000c 8360     		str	r3, [r0, #8]	@ D.7750, MEM[(int *)target_5(D) + 8B]
 246              	@ 331 "Libraries/CMSIS/Include/core_cmFunc.h" 1
 247 000e 62B6     		cpsie i
 248              	@ 0 "" 2
 249              		.thumb
 250 0010 7047     		bx	lr	@
 251              		.size	SetPWMData, .-SetPWMData
 252 0012 00BF     		.section	.text.LimitYawPWM,"ax",%progbits
 253              		.align	2
 254              		.global	LimitYawPWM
 255              		.thumb
 256              		.thumb_func
 257              		.type	LimitYawPWM, %function
 258              	LimitYawPWM:
 259              		@ args = 0, pretend = 0, frame = 0
 260              		@ frame_needed = 0, uses_anonymous_args = 0
 261              		@ link register save eliminated.
 262 0000 0D4A     		ldr	r2, .L16	@ tmp152,
 263 0002 30B4     		push	{r4, r5}	@
 264 0004 1368     		ldr	r3, [r2]	@ timer_4_5_deadtime_delay.0, timer_4_5_deadtime_delay
 265 0006 00F10C05 		add	r5, r0, #12	@ D.7781, ivtmp.61,
 266 000a C3F5FA74 		rsb	r4, r3, #500	@ D.7780, timer_4_5_deadtime_delay.0,
 267 000e 6400     		lsls	r4, r4, #1	@ maxVal, D.7780,
 268              	.L13:
 269 0010 0168     		ldr	r1, [r0]	@ D.7780, MEM[base: _20, offset: 0B]
 270 0012 CB1A     		subs	r3, r1, r3	@ D.7780, D.7780, D.7780
 271 0014 A342     		cmp	r3, r4	@ D.7780, maxVal
 272 0016 A8BF     		it	ge
 273 0018 2346     		movge	r3, r4	@ D.7780, maxVal
 274 001a 40F8043B 		str	r3, [r0], #4	@ D.7780, MEM[base: _18, offset: 4294967292B]
 275 001e 1168     		ldr	r1, [r2]	@ timer_4_5_deadtime_delay, timer_4_5_deadtime_delay
 276 0020 8B42     		cmp	r3, r1	@ D.7780, timer_4_5_deadtime_delay
 277 0022 B8BF     		it	lt	@
 278 0024 0023     		movlt	r3, #0	@, D.7780,
 279 0026 A842     		cmp	r0, r5	@ ivtmp.61, D.7781
 280 0028 40F8043C 		str	r3, [r0, #-4]	@ D.7780, MEM[base: _18, offset: 4294967292B]
 281 002c 01D0     		beq	.L10	@,
 282 002e 1368     		ldr	r3, [r2]	@ D.7780, timer_4_5_deadtime_delay
 283 0030 EEE7     		b	.L13	@
 284              	.L10:
 285 0032 30BC     		pop	{r4, r5}	@
ARM GAS  C:\cygwin64\tmp\ccndMcpI.s 			page 6


 286 0034 7047     		bx	lr	@
 287              	.L17:
 288 0036 00BF     		.align	2
 289              	.L16:
 290 0038 00000000 		.word	.LANCHOR1
 291              		.size	LimitYawPWM, .-LimitYawPWM
 292              		.section	.text.dist,"ax",%progbits
 293              		.align	2
 294              		.global	dist
 295              		.thumb
 296              		.thumb_func
 297              		.type	dist, %function
 298              	dist:
 299              		@ args = 0, pretend = 0, frame = 0
 300              		@ frame_needed = 0, uses_anonymous_args = 0
 301              		@ link register save eliminated.
 302 0000 401A     		subs	r0, r0, r1	@ d, a, b
 303 0002 0028     		cmp	r0, #0	@ d
 304 0004 B8BF     		it	lt
 305 0006 4042     		rsblt	r0, r0, #0	@ d
 306 0008 0328     		cmp	r0, #3	@ d,
 307 000a D4BF     		ite	le
 308 000c 0020     		movle	r0, #0	@,
 309 000e 0120     		movgt	r0, #1	@,
 310 0010 7047     		bx	lr	@
 311              		.size	dist, .-dist
 312              		.global	__aeabi_fcmpge
 313              		.global	__aeabi_f2d
 314              		.global	__aeabi_i2d
 315              		.global	__aeabi_dmul
 316              		.global	__aeabi_dadd
 317              		.global	__aeabi_d2iz
 318              		.global	__aeabi_fadd
 319 0012 00BF     		.section	.text.SetPWMOrg,"ax",%progbits
 320              		.align	2
 321              		.global	SetPWMOrg
 322              		.thumb
 323              		.thumb_func
 324              		.type	SetPWMOrg, %function
 325              	SetPWMOrg:
 326              		@ args = 0, pretend = 0, frame = 0
 327              		@ frame_needed = 0, uses_anonymous_args = 0
 328 0000 2DE9F843 		push	{r3, r4, r5, r6, r7, r8, r9, lr}	@
 329 0004 304B     		ldr	r3, .L22	@ tmp135,
 330 0006 8046     		mov	r8, r0	@ pwm, pwm
 331 0008 D3F80090 		ldr	r9, [r3]	@ float	@ output, testPhase
 332 000c 0D46     		mov	r5, r1	@ output, output
 333 000e 4846     		mov	r0, r9	@, output
 334 0010 0021     		movs	r1, #0	@,
 335 0012 1446     		mov	r4, r2	@ level, level
 336 0014 FFF7FEFF 		bl	__aeabi_fcmpge	@
 337 0018 0028     		cmp	r0, #0	@
 338 001a 53D0     		beq	.L21	@
 339              	.L20:
 340 001c 4846     		mov	r0, r9	@, output
 341 001e FFF7FEFF 		bl	__aeabi_f2d	@
 342 0022 FFF7FEFF 		bl	sin	@
ARM GAS  C:\cygwin64\tmp\ccndMcpI.s 			page 7


 343 0026 0646     		mov	r6, r0	@ D.7789,
 344 0028 2046     		mov	r0, r4	@, level
 345 002a 0F46     		mov	r7, r1	@ D.7789,
 346 002c FFF7FEFF 		bl	__aeabi_i2d	@
 347 0030 0022     		movs	r2, #0	@,
 348 0032 0446     		mov	r4, r0	@ D.7789,
 349 0034 0D46     		mov	r5, r1	@ D.7789,
 350 0036 254B     		ldr	r3, .L22+4	@,
 351 0038 3046     		mov	r0, r6	@, D.7789
 352 003a 3946     		mov	r1, r7	@, D.7789
 353 003c FFF7FEFF 		bl	__aeabi_dmul	@
 354 0040 2246     		mov	r2, r4	@, D.7789
 355 0042 2B46     		mov	r3, r5	@, D.7789
 356 0044 FFF7FEFF 		bl	__aeabi_dmul	@
 357 0048 0022     		movs	r2, #0	@,
 358 004a 214B     		ldr	r3, .L22+8	@,
 359 004c FFF7FEFF 		bl	__aeabi_dadd	@
 360 0050 FFF7FEFF 		bl	__aeabi_d2iz	@
 361 0054 1F49     		ldr	r1, .L22+12	@,
 362 0056 C8F80000 		str	r0, [r8]	@, *pwm_13(D)
 363 005a 4846     		mov	r0, r9	@, output
 364 005c FFF7FEFF 		bl	__aeabi_fadd	@
 365 0060 FFF7FEFF 		bl	__aeabi_f2d	@
 366 0064 FFF7FEFF 		bl	sin	@
 367 0068 0022     		movs	r2, #0	@,
 368 006a 184B     		ldr	r3, .L22+4	@,
 369 006c FFF7FEFF 		bl	__aeabi_dmul	@
 370 0070 0246     		mov	r2, r0	@ D.7789,
 371 0072 0B46     		mov	r3, r1	@ D.7789,
 372 0074 2046     		mov	r0, r4	@, D.7789
 373 0076 2946     		mov	r1, r5	@, D.7789
 374 0078 FFF7FEFF 		bl	__aeabi_dmul	@
 375 007c 0022     		movs	r2, #0	@,
 376 007e 144B     		ldr	r3, .L22+8	@,
 377 0080 FFF7FEFF 		bl	__aeabi_dadd	@
 378 0084 FFF7FEFF 		bl	__aeabi_d2iz	@
 379 0088 1349     		ldr	r1, .L22+16	@,
 380 008a C8F80400 		str	r0, [r8, #4]	@, MEM[(int *)pwm_13(D) + 4B]
 381 008e 4846     		mov	r0, r9	@, output
 382 0090 FFF7FEFF 		bl	__aeabi_fadd	@
 383 0094 FFF7FEFF 		bl	__aeabi_f2d	@
 384 0098 FFF7FEFF 		bl	sin	@
 385 009c 0022     		movs	r2, #0	@,
 386 009e 0B4B     		ldr	r3, .L22+4	@,
 387 00a0 FFF7FEFF 		bl	__aeabi_dmul	@
 388 00a4 0246     		mov	r2, r0	@ D.7789,
 389 00a6 0B46     		mov	r3, r1	@ D.7789,
 390 00a8 2046     		mov	r0, r4	@, D.7789
 391 00aa 2946     		mov	r1, r5	@, D.7789
 392 00ac FFF7FEFF 		bl	__aeabi_dmul	@
 393 00b0 0022     		movs	r2, #0	@,
 394 00b2 074B     		ldr	r3, .L22+8	@,
 395 00b4 FFF7FEFF 		bl	__aeabi_dadd	@
 396 00b8 FFF7FEFF 		bl	__aeabi_d2iz	@
 397 00bc C8F80800 		str	r0, [r8, #8]	@, MEM[(int *)pwm_13(D) + 8B]
 398 00c0 BDE8F883 		pop	{r3, r4, r5, r6, r7, r8, r9, pc}	@
 399              	.L21:
ARM GAS  C:\cygwin64\tmp\ccndMcpI.s 			page 8


 400 00c4 A946     		mov	r9, r5	@ output, output
 401 00c6 A9E7     		b	.L20	@
 402              	.L23:
 403              		.align	2
 404              	.L22:
 405 00c8 00000000 		.word	.LANCHOR2
 406 00cc 00001440 		.word	1075052544
 407 00d0 00407F40 		.word	1082081280
 408 00d4 8FC20540 		.word	1074119311
 409 00d8 7B148640 		.word	1082528891
 410              		.size	SetPWMOrg, .-SetPWMOrg
 411              		.global	__aeabi_i2f
 412              		.global	__aeabi_fmul
 413              		.global	__aeabi_f2iz
 414              		.section	.text.SetPWMOrgFaster,"ax",%progbits
 415              		.align	2
 416              		.global	SetPWMOrgFaster
 417              		.thumb
 418              		.thumb_func
 419              		.type	SetPWMOrgFaster, %function
 420              	SetPWMOrgFaster:
 421              		@ args = 0, pretend = 0, frame = 0
 422              		@ frame_needed = 0, uses_anonymous_args = 0
 423 0000 F8B5     		push	{r3, r4, r5, r6, r7, lr}	@
 424 0002 254B     		ldr	r3, .L27	@ tmp134,
 425 0004 0446     		mov	r4, r0	@ pwm, pwm
 426 0006 1E68     		ldr	r6, [r3]	@ float	@ phi, testPhase
 427 0008 0F46     		mov	r7, r1	@ phi, phi
 428 000a 3046     		mov	r0, r6	@, phi
 429 000c 0021     		movs	r1, #0	@,
 430 000e 1546     		mov	r5, r2	@ power, power
 431 0010 FFF7FEFF 		bl	__aeabi_fcmpge	@
 432 0014 0028     		cmp	r0, #0	@
 433 0016 3CD0     		beq	.L26	@
 434              	.L25:
 435 0018 05EB8500 		add	r0, r5, r5, lsl #2	@,, power, power,
 436 001c FFF7FEFF 		bl	__aeabi_i2f	@
 437 0020 1E49     		ldr	r1, .L27+4	@,
 438 0022 0546     		mov	r5, r0	@ tmp140,
 439 0024 3046     		mov	r0, r6	@, phi
 440 0026 FFF7FEFF 		bl	fmodf	@
 441 002a 0646     		mov	r6, r0	@ tmp142,
 442 002c FFF7FEFF 		bl	sinf	@
 443 0030 2946     		mov	r1, r5	@, tmp140
 444 0032 FFF7FEFF 		bl	__aeabi_fmul	@
 445 0036 4FF07C51 		mov	r1, #1056964608	@,
 446 003a FFF7FEFF 		bl	__aeabi_fadd	@
 447 003e FFF7FEFF 		bl	__aeabi_f2iz	@
 448 0042 00F5FA70 		add	r0, r0, #500	@ D.7794,,
 449 0046 1649     		ldr	r1, .L27+8	@,
 450 0048 2060     		str	r0, [r4]	@ D.7794, *pwm_15(D)
 451 004a 3046     		mov	r0, r6	@, tmp142
 452 004c FFF7FEFF 		bl	__aeabi_fadd	@
 453 0050 FFF7FEFF 		bl	sinf	@
 454 0054 2946     		mov	r1, r5	@, tmp140
 455 0056 FFF7FEFF 		bl	__aeabi_fmul	@
 456 005a 4FF07C51 		mov	r1, #1056964608	@,
ARM GAS  C:\cygwin64\tmp\ccndMcpI.s 			page 9


 457 005e FFF7FEFF 		bl	__aeabi_fadd	@
 458 0062 FFF7FEFF 		bl	__aeabi_f2iz	@
 459 0066 00F5FA70 		add	r0, r0, #500	@ D.7794,,
 460 006a 0E49     		ldr	r1, .L27+12	@,
 461 006c 6060     		str	r0, [r4, #4]	@ D.7794, MEM[(int *)pwm_15(D) + 4B]
 462 006e 3046     		mov	r0, r6	@, tmp142
 463 0070 FFF7FEFF 		bl	__aeabi_fadd	@
 464 0074 FFF7FEFF 		bl	sinf	@
 465 0078 2946     		mov	r1, r5	@, tmp140
 466 007a FFF7FEFF 		bl	__aeabi_fmul	@
 467 007e 4FF07C51 		mov	r1, #1056964608	@,
 468 0082 FFF7FEFF 		bl	__aeabi_fadd	@
 469 0086 FFF7FEFF 		bl	__aeabi_f2iz	@
 470 008a 00F5FA70 		add	r0, r0, #500	@ D.7794,,
 471 008e A060     		str	r0, [r4, #8]	@ D.7794, MEM[(int *)pwm_15(D) + 8B]
 472 0090 F8BD     		pop	{r3, r4, r5, r6, r7, pc}	@
 473              	.L26:
 474 0092 3E46     		mov	r6, r7	@ phi, phi
 475 0094 C0E7     		b	.L25	@
 476              	.L28:
 477 0096 00BF     		.align	2
 478              	.L27:
 479 0098 00000000 		.word	.LANCHOR2
 480 009c DB0FC940 		.word	1086918619
 481 00a0 920A0640 		.word	1074137746
 482 00a4 920A8640 		.word	1082526354
 483              		.size	SetPWMOrgFaster, .-SetPWMOrgFaster
 484              		.global	__aeabi_fdiv
 485              		.section	.text.SetPWMFastTable,"ax",%progbits
 486              		.align	2
 487              		.global	SetPWMFastTable
 488              		.thumb
 489              		.thumb_func
 490              		.type	SetPWMFastTable, %function
 491              	SetPWMFastTable:
 492              		@ args = 0, pretend = 0, frame = 0
 493              		@ frame_needed = 0, uses_anonymous_args = 0
 494 0000 F8B5     		push	{r3, r4, r5, r6, r7, lr}	@
 495 0002 324B     		ldr	r3, .L35	@ tmp142,
 496 0004 0446     		mov	r4, r0	@ pwm, pwm
 497 0006 1D68     		ldr	r5, [r3]	@ float	@ phi, testPhase
 498 0008 0F46     		mov	r7, r1	@ phi, phi
 499 000a 2846     		mov	r0, r5	@, phi
 500 000c 0021     		movs	r1, #0	@,
 501 000e 1646     		mov	r6, r2	@ power, power
 502 0010 FFF7FEFF 		bl	__aeabi_fcmpge	@
 503 0014 0028     		cmp	r0, #0	@
 504 0016 50D0     		beq	.L33	@
 505              	.L30:
 506 0018 2D49     		ldr	r1, .L35+4	@,
 507 001a 2846     		mov	r0, r5	@, phi
 508 001c FFF7FEFF 		bl	__aeabi_fdiv	@
 509 0020 4FF08941 		mov	r1, #1149239296	@,
 510 0024 FFF7FEFF 		bl	__aeabi_fmul	@
 511 0028 FFF7FEFF 		bl	Round	@
 512 002c FFF7FEFF 		bl	__aeabi_f2iz	@
 513 0030 284B     		ldr	r3, .L35+8	@ tmp148,
ARM GAS  C:\cygwin64\tmp\ccndMcpI.s 			page 10


 514 0032 0340     		ands	r3, r3, r0	@, tmp148, tmp148,
 515 0034 002B     		cmp	r3, #0	@ tmp148,
 516 0036 42DB     		blt	.L34	@,
 517              	.L31:
 518 0038 002B     		cmp	r3, #0	@ phiInt
 519 003a B8BF     		it	lt
 520 003c 03F58063 		addlt	r3, r3, #1024	@ phiInt, phiInt,
 521 0040 2548     		ldr	r0, .L35+12	@ tmp156,
 522 0042 03F25511 		addw	r1, r3, #341	@ D.7800, phiInt,
 523 0046 03F2AB22 		addw	r2, r3, #683	@ D.7800, phiInt,
 524 004a C2F30902 		ubfx	r2, r2, #0, #10	@ D.7800, D.7800,,
 525 004e C1F30901 		ubfx	r1, r1, #0, #10	@ D.7800, D.7800,,
 526 0052 30F91350 		ldrsh	r5, [r0, r3, lsl #1]	@ D.7800, sinDataI16
 527 0056 30F91110 		ldrsh	r1, [r0, r1, lsl #1]	@ D.7800, sinDataI16
 528 005a 30F91230 		ldrsh	r3, [r0, r2, lsl #1]	@ D.7800, sinDataI16
 529 005e 06EB8602 		add	r2, r6, r6, lsl #2	@, tmp155, power, power,
 530 0062 02FB01F1 		mul	r1, r2, r1	@ D.7800, tmp155, D.7800
 531 0066 02FB03F3 		mul	r3, r2, r3	@ D.7800, tmp155, D.7800
 532 006a 02FB05F2 		mul	r2, r2, r5	@ D.7800, tmp155, D.7800
 533 006e 1B48     		ldr	r0, .L35+16	@ tmp163,
 534 0070 01F57F51 		add	r1, r1, #16320	@ D.7800, D.7800,
 535 0074 03F57F53 		add	r3, r3, #16320	@ D.7800, D.7800,
 536 0078 02F57F52 		add	r2, r2, #16320	@ D.7800, D.7800,
 537 007c 3F31     		adds	r1, r1, #63	@ D.7800, D.7800,
 538 007e 3F33     		adds	r3, r3, #63	@ D.7800, D.7800,
 539 0080 3F32     		adds	r2, r2, #63	@ D.7800, D.7800,
 540 0082 80FB0156 		smull	r5, r6, r0, r1	@, tmp176, tmp163, D.7800
 541 0086 80FB0375 		smull	r7, r5, r0, r3	@, tmp190, tmp163, D.7800
 542 008a 80FB0270 		smull	r7, r0, r0, r2	@, tmp162, tmp163, D.7800
 543 008e 0E44     		add	r6, r6, r1	@ tmp178, D.7800
 544 0090 1D44     		add	r5, r5, r3	@ tmp192, D.7800
 545 0092 1044     		add	r0, r0, r2	@ tmp164, D.7800
 546 0094 C917     		asrs	r1, r1, #31	@ tmp180, D.7800,
 547 0096 DB17     		asrs	r3, r3, #31	@ tmp194, D.7800,
 548 0098 D217     		asrs	r2, r2, #31	@ tmp166, D.7800,
 549 009a C1EBA631 		rsb	r1, r1, r6, asr #14	@, D.7800, tmp180, tmp178,
 550 009e C3EBA533 		rsb	r3, r3, r5, asr #14	@, D.7800, tmp194, tmp192,
 551 00a2 C2EBA032 		rsb	r2, r2, r0, asr #14	@, D.7800, tmp166, tmp164,
 552 00a6 01F5FA71 		add	r1, r1, #500	@ D.7800, D.7800,
 553 00aa 03F5FA73 		add	r3, r3, #500	@ D.7800, D.7800,
 554 00ae 02F5FA72 		add	r2, r2, #500	@ D.7800, D.7800,
 555 00b2 6160     		str	r1, [r4, #4]	@ D.7800, MEM[(int *)pwm_22(D) + 4B]
 556 00b4 A360     		str	r3, [r4, #8]	@ D.7800, MEM[(int *)pwm_22(D) + 8B]
 557 00b6 2260     		str	r2, [r4]	@ D.7800, *pwm_22(D)
 558 00b8 F8BD     		pop	{r3, r4, r5, r6, r7, pc}	@
 559              	.L33:
 560 00ba 3D46     		mov	r5, r7	@ phi, phi
 561 00bc ACE7     		b	.L30	@
 562              	.L34:
 563 00be 013B     		subs	r3, r3, #1	@ tmp148, tmp148,
 564 00c0 6FEA8353 		mvn	r3, r3, lsl #22	@ tmp151, tmp148,
 565 00c4 6FEA9353 		mvn	r3, r3, lsr #22	@ tmp151, tmp151,
 566 00c8 0133     		adds	r3, r3, #1	@ tmp148, tmp151,
 567 00ca B5E7     		b	.L31	@
 568              	.L36:
 569              		.align	2
 570              	.L35:
ARM GAS  C:\cygwin64\tmp\ccndMcpI.s 			page 11


 571 00cc 00000000 		.word	.LANCHOR2
 572 00d0 DB0FC940 		.word	1086918619
 573 00d4 FF030080 		.word	-2147482625
 574 00d8 00000000 		.word	sinDataI16
 575 00dc 03000180 		.word	-2147418109
 576              		.size	SetPWMFastTable, .-SetPWMFastTable
 577              		.section	.text.SetPWM,"ax",%progbits
 578              		.align	2
 579              		.global	SetPWM
 580              		.thumb
 581              		.thumb_func
 582              		.type	SetPWM, %function
 583              	SetPWM:
 584              		@ args = 0, pretend = 0, frame = 0
 585              		@ frame_needed = 0, uses_anonymous_args = 0
 586              		@ link register save eliminated.
 587 0000 FFF7FEBF 		b	SetPWMFastTable	@
 588              		.size	SetPWM, .-SetPWM
 589              		.section	.text.ActivateIRQ,"ax",%progbits
 590              		.align	2
 591              		.global	ActivateIRQ
 592              		.thumb
 593              		.thumb_func
 594              		.type	ActivateIRQ, %function
 595              	ActivateIRQ:
 596              		@ args = 0, pretend = 0, frame = 0
 597              		@ frame_needed = 0, uses_anonymous_args = 0
 598              		@ link register save eliminated.
 599              	@ 342 "Libraries/CMSIS/Include/core_cmFunc.h" 1
 600 0000 72B6     		cpsid i
 601              	@ 0 "" 2
 602              		.thumb
 603 0002 038A     		ldrh	r3, [r0, #16]	@, tim_3(D)->SR
 604 0004 0122     		movs	r2, #1	@ tmp118,
 605 0006 23F00103 		bic	r3, r3, #1	@ D.7805, tim_3(D)->SR,
 606 000a 1B04     		lsls	r3, r3, #16	@ D.7805, D.7805,
 607 000c 1B0C     		lsrs	r3, r3, #16	@ D.7805, D.7805,
 608 000e 0382     		strh	r3, [r0, #16]	@ movhi	@ D.7805, tim_3(D)->SR
 609 0010 8281     		strh	r2, [r0, #12]	@ movhi	@ tmp118, tim_3(D)->DIER
 610              	@ 331 "Libraries/CMSIS/Include/core_cmFunc.h" 1
 611 0012 62B6     		cpsie i
 612              	@ 0 "" 2
 613              		.thumb
 614 0014 7047     		bx	lr	@
 615              		.size	ActivateIRQ, .-ActivateIRQ
 616 0016 00BF     		.section	.text.SetRollMotor,"ax",%progbits
 617              		.align	2
 618              		.global	SetRollMotor
 619              		.thumb
 620              		.thumb_func
 621              		.type	SetRollMotor, %function
 622              	SetRollMotor:
 623              		@ args = 0, pretend = 0, frame = 16
 624              		@ frame_needed = 0, uses_anonymous_args = 0
 625 0000 00B5     		push	{lr}	@
 626 0002 85B0     		sub	sp, sp, #20	@,,
 627 0004 0A46     		mov	r2, r1	@ power, power
ARM GAS  C:\cygwin64\tmp\ccndMcpI.s 			page 12


 628 0006 0146     		mov	r1, r0	@, phi
 629 0008 01A8     		add	r0, sp, #4	@,,
 630 000a FFF7FEFF 		bl	SetPWMFastTable	@
 631              	@ 342 "Libraries/CMSIS/Include/core_cmFunc.h" 1
 632 000e 72B6     		cpsid i
 633              	@ 0 "" 2
 634              		.thumb
 635 0010 094B     		ldr	r3, .L40	@ tmp118,
 636 0012 01A8     		add	r0, sp, #4	@,,
 637 0014 07C8     		ldmia	r0, {r0, r1, r2}	@,,,
 638 0016 83E80700 		stmia	r3, {r0, r1, r2}	@ tmp118,,,
 639              	@ 331 "Libraries/CMSIS/Include/core_cmFunc.h" 1
 640 001a 62B6     		cpsie i
 641              	@ 0 "" 2
 642              	@ 342 "Libraries/CMSIS/Include/core_cmFunc.h" 1
 643 001c 72B6     		cpsid i
 644              	@ 0 "" 2
 645              		.thumb
 646 001e 074A     		ldr	r2, .L40+4	@ tmp124,
 647 0020 0121     		movs	r1, #1	@ tmp132,
 648 0022 138A     		ldrh	r3, [r2, #16]	@, MEM[(struct TIM_TypeDef *)1073820672B].SR
 649 0024 23F00103 		bic	r3, r3, #1	@ D.7809, MEM[(struct TIM_TypeDef *)1073820672B].SR,
 650 0028 1B04     		lsls	r3, r3, #16	@ D.7809, D.7809,
 651 002a 1B0C     		lsrs	r3, r3, #16	@ D.7809, D.7809,
 652 002c 1382     		strh	r3, [r2, #16]	@ movhi	@ D.7809, MEM[(struct TIM_TypeDef *)1073820672B].SR
 653 002e 9181     		strh	r1, [r2, #12]	@ movhi	@ tmp132, MEM[(struct TIM_TypeDef *)1073820672B].DIER
 654              	@ 331 "Libraries/CMSIS/Include/core_cmFunc.h" 1
 655 0030 62B6     		cpsie i
 656              	@ 0 "" 2
 657              		.thumb
 658 0032 05B0     		add	sp, sp, #20	@,,
 659              		@ sp needed	@
 660 0034 5DF804FB 		ldr	pc, [sp], #4	@
 661              	.L41:
 662              		.align	2
 663              	.L40:
 664 0038 00000000 		.word	.LANCHOR3
 665 003c 00340140 		.word	1073820672
 666              		.size	SetRollMotor, .-SetRollMotor
 667              		.section	.text.SetPitchMotor,"ax",%progbits
 668              		.align	2
 669              		.global	SetPitchMotor
 670              		.thumb
 671              		.thumb_func
 672              		.type	SetPitchMotor, %function
 673              	SetPitchMotor:
 674              		@ args = 0, pretend = 0, frame = 16
 675              		@ frame_needed = 0, uses_anonymous_args = 0
 676 0000 00B5     		push	{lr}	@
 677 0002 85B0     		sub	sp, sp, #20	@,,
 678 0004 0A46     		mov	r2, r1	@ power, power
 679 0006 0146     		mov	r1, r0	@, phi
 680 0008 01A8     		add	r0, sp, #4	@,,
 681 000a FFF7FEFF 		bl	SetPWMFastTable	@
 682              	@ 342 "Libraries/CMSIS/Include/core_cmFunc.h" 1
 683 000e 72B6     		cpsid i
 684              	@ 0 "" 2
ARM GAS  C:\cygwin64\tmp\ccndMcpI.s 			page 13


 685              		.thumb
 686 0010 094B     		ldr	r3, .L43	@ tmp118,
 687 0012 01A8     		add	r0, sp, #4	@,,
 688 0014 07C8     		ldmia	r0, {r0, r1, r2}	@,,,
 689 0016 83E80700 		stmia	r3, {r0, r1, r2}	@ tmp118,,,
 690              	@ 331 "Libraries/CMSIS/Include/core_cmFunc.h" 1
 691 001a 62B6     		cpsie i
 692              	@ 0 "" 2
 693              	@ 342 "Libraries/CMSIS/Include/core_cmFunc.h" 1
 694 001c 72B6     		cpsid i
 695              	@ 0 "" 2
 696              		.thumb
 697 001e 074A     		ldr	r2, .L43+4	@ tmp124,
 698 0020 0121     		movs	r1, #1	@ tmp132,
 699 0022 138A     		ldrh	r3, [r2, #16]	@, MEM[(struct TIM_TypeDef *)1073818624B].SR
 700 0024 23F00103 		bic	r3, r3, #1	@ D.7813, MEM[(struct TIM_TypeDef *)1073818624B].SR,
 701 0028 1B04     		lsls	r3, r3, #16	@ D.7813, D.7813,
 702 002a 1B0C     		lsrs	r3, r3, #16	@ D.7813, D.7813,
 703 002c 1382     		strh	r3, [r2, #16]	@ movhi	@ D.7813, MEM[(struct TIM_TypeDef *)1073818624B].SR
 704 002e 9181     		strh	r1, [r2, #12]	@ movhi	@ tmp132, MEM[(struct TIM_TypeDef *)1073818624B].DIER
 705              	@ 331 "Libraries/CMSIS/Include/core_cmFunc.h" 1
 706 0030 62B6     		cpsie i
 707              	@ 0 "" 2
 708              		.thumb
 709 0032 05B0     		add	sp, sp, #20	@,,
 710              		@ sp needed	@
 711 0034 5DF804FB 		ldr	pc, [sp], #4	@
 712              	.L44:
 713              		.align	2
 714              	.L43:
 715 0038 00000000 		.word	.LANCHOR4
 716 003c 002C0140 		.word	1073818624
 717              		.size	SetPitchMotor, .-SetPitchMotor
 718              		.section	.text.SetYawMotor,"ax",%progbits
 719              		.align	2
 720              		.global	SetYawMotor
 721              		.thumb
 722              		.thumb_func
 723              		.type	SetYawMotor, %function
 724              	SetYawMotor:
 725              		@ args = 0, pretend = 0, frame = 16
 726              		@ frame_needed = 0, uses_anonymous_args = 0
 727 0000 00B5     		push	{lr}	@
 728 0002 85B0     		sub	sp, sp, #20	@,,
 729 0004 0A46     		mov	r2, r1	@ power, power
 730 0006 0146     		mov	r1, r0	@, phi
 731 0008 01A8     		add	r0, sp, #4	@,,
 732 000a FFF7FEFF 		bl	SetPWMFastTable	@
 733 000e 01A8     		add	r0, sp, #4	@,,
 734 0010 FFF7FEFF 		bl	LimitYawPWM	@
 735              	@ 342 "Libraries/CMSIS/Include/core_cmFunc.h" 1
 736 0014 72B6     		cpsid i
 737              	@ 0 "" 2
 738              		.thumb
 739 0016 0B4B     		ldr	r3, .L46	@ tmp119,
 740 0018 01A8     		add	r0, sp, #4	@,,
 741 001a 07C8     		ldmia	r0, {r0, r1, r2}	@,,,
ARM GAS  C:\cygwin64\tmp\ccndMcpI.s 			page 14


 742 001c 83E80700 		stmia	r3, {r0, r1, r2}	@ tmp119,,,
 743              	@ 331 "Libraries/CMSIS/Include/core_cmFunc.h" 1
 744 0020 62B6     		cpsie i
 745              	@ 0 "" 2
 746              		.thumb
 747 0022 094B     		ldr	r3, .L46+4	@ tmp125,
 748 0024 0022     		movs	r2, #0	@ tmp126,
 749 0026 1A60     		str	r2, [r3]	@ tmp126, g_YawOff
 750              	@ 342 "Libraries/CMSIS/Include/core_cmFunc.h" 1
 751 0028 72B6     		cpsid i
 752              	@ 0 "" 2
 753              		.thumb
 754 002a 084A     		ldr	r2, .L46+8	@ tmp127,
 755 002c 0121     		movs	r1, #1	@ tmp135,
 756 002e 138A     		ldrh	r3, [r2, #16]	@, MEM[(struct TIM_TypeDef *)1073744896B].SR
 757 0030 23F00103 		bic	r3, r3, #1	@ D.7817, MEM[(struct TIM_TypeDef *)1073744896B].SR,
 758 0034 1B04     		lsls	r3, r3, #16	@ D.7817, D.7817,
 759 0036 1B0C     		lsrs	r3, r3, #16	@ D.7817, D.7817,
 760 0038 1382     		strh	r3, [r2, #16]	@ movhi	@ D.7817, MEM[(struct TIM_TypeDef *)1073744896B].SR
 761 003a 9181     		strh	r1, [r2, #12]	@ movhi	@ tmp135, MEM[(struct TIM_TypeDef *)1073744896B].DIER
 762              	@ 331 "Libraries/CMSIS/Include/core_cmFunc.h" 1
 763 003c 62B6     		cpsie i
 764              	@ 0 "" 2
 765              		.thumb
 766 003e 05B0     		add	sp, sp, #20	@,,
 767              		@ sp needed	@
 768 0040 5DF804FB 		ldr	pc, [sp], #4	@
 769              	.L47:
 770              		.align	2
 771              	.L46:
 772 0044 00000000 		.word	.LANCHOR5
 773 0048 00000000 		.word	.LANCHOR6
 774 004c 000C0040 		.word	1073744896
 775              		.size	SetYawMotor, .-SetYawMotor
 776              		.section	.text.TIM5_IRQHandler,"ax",%progbits
 777              		.align	2
 778              		.global	TIM5_IRQHandler
 779              		.thumb
 780              		.thumb_func
 781              		.type	TIM5_IRQHandler, %function
 782              	TIM5_IRQHandler:
 783              		@ args = 0, pretend = 0, frame = 0
 784              		@ frame_needed = 0, uses_anonymous_args = 0
 785              		@ link register save eliminated.
 786 0000 274B     		ldr	r3, .L60	@ tmp135,
 787 0002 F0B4     		push	{r4, r5, r6, r7}	@
 788 0004 1A8A     		ldrh	r2, [r3, #16]	@, MEM[(struct TIM_TypeDef *)1073744896B].SR
 789 0006 D207     		lsls	r2, r2, #31	@, MEM[(struct TIM_TypeDef *)1073744896B].SR,
 790 0008 1AD5     		bpl	.L48	@,
 791 000a 1A8A     		ldrh	r2, [r3, #16]	@, MEM[(struct TIM_TypeDef *)1073744896B].SR
 792 000c 22F00102 		bic	r2, r2, #1	@ D.7820, MEM[(struct TIM_TypeDef *)1073744896B].SR,
 793 0010 1204     		lsls	r2, r2, #16	@ D.7820, D.7820,
 794 0012 120C     		lsrs	r2, r2, #16	@ D.7820, D.7820,
 795 0014 1A82     		strh	r2, [r3, #16]	@ movhi	@ D.7820, MEM[(struct TIM_TypeDef *)1073744896B].SR
 796              	@ 342 "Libraries/CMSIS/Include/core_cmFunc.h" 1
 797 0016 72B6     		cpsid i
 798              	@ 0 "" 2
ARM GAS  C:\cygwin64\tmp\ccndMcpI.s 			page 15


 799              		.thumb
 800 0018 224A     		ldr	r2, .L60+4	@ tmp150,
 801 001a 2349     		ldr	r1, .L60+8	@ tmp154,
 802 001c 9468     		ldr	r4, [r2, #8]	@ IrqCnt, IrqCnt
 803 001e 9B8C     		ldrh	r3, [r3, #36]	@, MEM[(struct TIM_TypeDef *)1073744896B].CNT
 804 0020 8868     		ldr	r0, [r1, #8]	@ MaxCnt, MaxCnt
 805 0022 0134     		adds	r4, r4, #1	@ D.7821, IrqCnt,
 806 0024 9BB2     		uxth	r3, r3	@ cnt, MEM[(struct TIM_TypeDef *)1073744896B].CNT
 807 0026 9460     		str	r4, [r2, #8]	@ D.7821, IrqCnt
 808 0028 204A     		ldr	r2, .L60+12	@ tmp157,
 809 002a 8342     		cmp	r3, r0	@ cnt, MaxCnt
 810 002c C8BF     		it	gt
 811 002e 8B60     		strgt	r3, [r1, #8]	@ cnt, MaxCnt
 812 0030 9168     		ldr	r1, [r2, #8]	@ MinCnt, MinCnt
 813 0032 8B42     		cmp	r3, r1	@ cnt, MinCnt
 814 0034 B8BF     		it	lt
 815 0036 9360     		strlt	r3, [r2, #8]	@ cnt, MinCnt
 816 0038 B3F5487F 		cmp	r3, #800	@ cnt,
 817 003c 02D3     		bcc	.L58	@,
 818              	.L52:
 819              	@ 331 "Libraries/CMSIS/Include/core_cmFunc.h" 1
 820 003e 62B6     		cpsie i
 821              	@ 0 "" 2
 822              		.thumb
 823              	.L48:
 824 0040 F0BC     		pop	{r4, r5, r6, r7}	@
 825 0042 7047     		bx	lr	@
 826              	.L58:
 827 0044 1A4B     		ldr	r3, .L60+16	@ tmp160,
 828 0046 1B68     		ldr	r3, [r3]	@ g_YawOff, g_YawOff
 829 0048 EBB9     		cbnz	r3, .L59	@ g_YawOff,
 830 004a 1A4B     		ldr	r3, .L60+20	@ tmp182,
 831 004c 1A4A     		ldr	r2, .L60+24	@ tmp180,
 832 004e 1B68     		ldr	r3, [r3]	@ timer_4_5_deadtime_delay, timer_4_5_deadtime_delay
 833 0050 1488     		ldrh	r4, [r2]	@ D.7820, g_Yaw
 834 0052 9088     		ldrh	r0, [r2, #4]	@ D.7820, g_Yaw
 835 0054 1189     		ldrh	r1, [r2, #8]	@ D.7820, g_Yaw
 836 0056 5B00     		lsls	r3, r3, #1	@ deadTime, timer_4_5_deadtime_delay,
 837 0058 9BB2     		uxth	r3, r3	@ D.7820, deadTime
 838 005a 184A     		ldr	r2, .L60+28	@ tmp186,
 839 005c 1F19     		adds	r7, r3, r4	@ tmp185, D.7820, D.7820
 840 005e 1E18     		adds	r6, r3, r0	@ tmp190, D.7820, D.7820
 841 0060 5D18     		adds	r5, r3, r1	@ tmp195, D.7820, D.7820
 842 0062 0F4B     		ldr	r3, .L60	@ tmp198,
 843 0064 BFB2     		uxth	r7, r7	@ D.7820, tmp185
 844 0066 B6B2     		uxth	r6, r6	@ D.7820, tmp190
 845 0068 ADB2     		uxth	r5, r5	@ D.7820, tmp195
 846 006a 9786     		strh	r7, [r2, #52]	@ movhi	@ D.7820, MEM[(struct TIM_TypeDef *)1073743872B].CCR1
 847 006c 1687     		strh	r6, [r2, #56]	@ movhi	@ D.7820, MEM[(struct TIM_TypeDef *)1073743872B].CCR2
 848 006e 9587     		strh	r5, [r2, #60]	@ movhi	@ D.7820, MEM[(struct TIM_TypeDef *)1073743872B].CCR3
 849 0070 9C86     		strh	r4, [r3, #52]	@ movhi	@ D.7820, MEM[(struct TIM_TypeDef *)1073744896B].CCR1
 850 0072 1887     		strh	r0, [r3, #56]	@ movhi	@ D.7820, MEM[(struct TIM_TypeDef *)1073744896B].CCR2
 851 0074 9987     		strh	r1, [r3, #60]	@ movhi	@ D.7820, MEM[(struct TIM_TypeDef *)1073744896B].CCR3
 852              	.L54:
 853 0076 0A4A     		ldr	r2, .L60	@ tmp204,
 854 0078 9389     		ldrh	r3, [r2, #12]	@, MEM[(struct TIM_TypeDef *)1073744896B].DIER
 855 007a 23F00103 		bic	r3, r3, #1	@ D.7820, MEM[(struct TIM_TypeDef *)1073744896B].DIER,
ARM GAS  C:\cygwin64\tmp\ccndMcpI.s 			page 16


 856 007e 1B04     		lsls	r3, r3, #16	@ D.7820, D.7820,
 857 0080 1B0C     		lsrs	r3, r3, #16	@ D.7820, D.7820,
 858 0082 9381     		strh	r3, [r2, #12]	@ movhi	@ D.7820, MEM[(struct TIM_TypeDef *)1073744896B].DIER
 859 0084 DBE7     		b	.L52	@
 860              	.L59:
 861 0086 0D49     		ldr	r1, .L60+28	@ tmp162,
 862 0088 054B     		ldr	r3, .L60	@ tmp171,
 863 008a 40F2E930 		movw	r0, #1001	@ tmp164,
 864 008e 0022     		movs	r2, #0	@ tmp173,
 865 0090 8886     		strh	r0, [r1, #52]	@ movhi	@ tmp164, MEM[(struct TIM_TypeDef *)1073743872B].CCR1
 866 0092 0887     		strh	r0, [r1, #56]	@ movhi	@ tmp164, MEM[(struct TIM_TypeDef *)1073743872B].CCR2
 867 0094 8887     		strh	r0, [r1, #60]	@ movhi	@ tmp164, MEM[(struct TIM_TypeDef *)1073743872B].CCR3
 868 0096 9A86     		strh	r2, [r3, #52]	@ movhi	@ tmp173, MEM[(struct TIM_TypeDef *)1073744896B].CCR1
 869 0098 1A87     		strh	r2, [r3, #56]	@ movhi	@ tmp173, MEM[(struct TIM_TypeDef *)1073744896B].CCR2
 870 009a 9A87     		strh	r2, [r3, #60]	@ movhi	@ tmp173, MEM[(struct TIM_TypeDef *)1073744896B].CCR3
 871 009c EBE7     		b	.L54	@
 872              	.L61:
 873 009e 00BF     		.align	2
 874              	.L60:
 875 00a0 000C0040 		.word	1073744896
 876 00a4 00000000 		.word	IrqCnt
 877 00a8 00000000 		.word	MaxCnt
 878 00ac 00000000 		.word	MinCnt
 879 00b0 00000000 		.word	.LANCHOR6
 880 00b4 00000000 		.word	.LANCHOR1
 881 00b8 00000000 		.word	.LANCHOR5
 882 00bc 00080040 		.word	1073743872
 883              		.size	TIM5_IRQHandler, .-TIM5_IRQHandler
 884              		.section	.text.TIM1_UP_IRQHandler,"ax",%progbits
 885              		.align	2
 886              		.global	TIM1_UP_IRQHandler
 887              		.thumb
 888              		.thumb_func
 889              		.type	TIM1_UP_IRQHandler, %function
 890              	TIM1_UP_IRQHandler:
 891              		@ args = 0, pretend = 0, frame = 0
 892              		@ frame_needed = 0, uses_anonymous_args = 0
 893              		@ link register save eliminated.
 894 0000 174A     		ldr	r2, .L66	@ tmp126,
 895 0002 10B4     		push	{r4}	@
 896 0004 138A     		ldrh	r3, [r2, #16]	@, MEM[(struct TIM_TypeDef *)1073818624B].SR
 897 0006 23F00103 		bic	r3, r3, #1	@ D.7824, MEM[(struct TIM_TypeDef *)1073818624B].SR,
 898 000a 1B04     		lsls	r3, r3, #16	@ D.7824, D.7824,
 899 000c 1B0C     		lsrs	r3, r3, #16	@ D.7824, D.7824,
 900 000e 1382     		strh	r3, [r2, #16]	@ movhi	@ D.7824, MEM[(struct TIM_TypeDef *)1073818624B].SR
 901              	@ 342 "Libraries/CMSIS/Include/core_cmFunc.h" 1
 902 0010 72B6     		cpsid i
 903              	@ 0 "" 2
 904              		.thumb
 905 0012 1448     		ldr	r0, .L66+4	@ tmp139,
 906 0014 938C     		ldrh	r3, [r2, #36]	@, MEM[(struct TIM_TypeDef *)1073818624B].CNT
 907 0016 1449     		ldr	r1, .L66+8	@ tmp135,
 908 0018 4268     		ldr	r2, [r0, #4]	@ MaxCnt, MaxCnt
 909 001a 9BB2     		uxth	r3, r3	@ cnt, MEM[(struct TIM_TypeDef *)1073818624B].CNT
 910 001c 4C68     		ldr	r4, [r1, #4]	@ IrqCnt, IrqCnt
 911 001e 9342     		cmp	r3, r2	@ cnt, MaxCnt
 912 0020 124A     		ldr	r2, .L66+12	@ tmp142,
ARM GAS  C:\cygwin64\tmp\ccndMcpI.s 			page 17


 913 0022 04F10104 		add	r4, r4, #1	@ D.7825, IrqCnt,
 914 0026 4C60     		str	r4, [r1, #4]	@ D.7825, IrqCnt
 915 0028 5168     		ldr	r1, [r2, #4]	@ MinCnt, MinCnt
 916 002a C8BF     		it	gt
 917 002c 4360     		strgt	r3, [r0, #4]	@ cnt, MaxCnt
 918 002e 8B42     		cmp	r3, r1	@ cnt, MinCnt
 919 0030 B8BF     		it	lt
 920 0032 5360     		strlt	r3, [r2, #4]	@ cnt, MinCnt
 921 0034 B3F5487F 		cmp	r3, #800	@ cnt,
 922 0038 0DD2     		bcs	.L65	@,
 923 003a 0D4A     		ldr	r2, .L66+16	@ tmp145,
 924 003c 084B     		ldr	r3, .L66	@ tmp147,
 925 003e 1088     		ldrh	r0, [r2]	@ D.7824, g_Pitch
 926 0040 9188     		ldrh	r1, [r2, #4]	@ D.7824, g_Pitch
 927 0042 1289     		ldrh	r2, [r2, #8]	@ D.7824, g_Pitch
 928 0044 9886     		strh	r0, [r3, #52]	@ movhi	@ D.7824, MEM[(struct TIM_TypeDef *)1073818624B].CCR1
 929 0046 1987     		strh	r1, [r3, #56]	@ movhi	@ D.7824, MEM[(struct TIM_TypeDef *)1073818624B].CCR2
 930 0048 9A87     		strh	r2, [r3, #60]	@ movhi	@ D.7824, MEM[(struct TIM_TypeDef *)1073818624B].CCR3
 931 004a 9A89     		ldrh	r2, [r3, #12]	@, MEM[(struct TIM_TypeDef *)1073818624B].DIER
 932 004c 22F00102 		bic	r2, r2, #1	@ D.7824, MEM[(struct TIM_TypeDef *)1073818624B].DIER,
 933 0050 1204     		lsls	r2, r2, #16	@ D.7824, D.7824,
 934 0052 120C     		lsrs	r2, r2, #16	@ D.7824, D.7824,
 935 0054 9A81     		strh	r2, [r3, #12]	@ movhi	@ D.7824, MEM[(struct TIM_TypeDef *)1073818624B].DIER
 936              	.L65:
 937              	@ 331 "Libraries/CMSIS/Include/core_cmFunc.h" 1
 938 0056 62B6     		cpsie i
 939              	@ 0 "" 2
 940              		.thumb
 941 0058 5DF8044B 		ldr	r4, [sp], #4	@,
 942 005c 7047     		bx	lr	@
 943              	.L67:
 944 005e 00BF     		.align	2
 945              	.L66:
 946 0060 002C0140 		.word	1073818624
 947 0064 00000000 		.word	MaxCnt
 948 0068 00000000 		.word	IrqCnt
 949 006c 00000000 		.word	MinCnt
 950 0070 00000000 		.word	.LANCHOR4
 951              		.size	TIM1_UP_IRQHandler, .-TIM1_UP_IRQHandler
 952              		.section	.text.TIM8_UP_IRQHandler,"ax",%progbits
 953              		.align	2
 954              		.global	TIM8_UP_IRQHandler
 955              		.thumb
 956              		.thumb_func
 957              		.type	TIM8_UP_IRQHandler, %function
 958              	TIM8_UP_IRQHandler:
 959              		@ args = 0, pretend = 0, frame = 0
 960              		@ frame_needed = 0, uses_anonymous_args = 0
 961              		@ link register save eliminated.
 962 0000 174A     		ldr	r2, .L72	@ tmp126,
 963 0002 10B4     		push	{r4}	@
 964 0004 138A     		ldrh	r3, [r2, #16]	@, MEM[(struct TIM_TypeDef *)1073820672B].SR
 965 0006 23F00103 		bic	r3, r3, #1	@ D.7828, MEM[(struct TIM_TypeDef *)1073820672B].SR,
 966 000a 1B04     		lsls	r3, r3, #16	@ D.7828, D.7828,
 967 000c 1B0C     		lsrs	r3, r3, #16	@ D.7828, D.7828,
 968 000e 1382     		strh	r3, [r2, #16]	@ movhi	@ D.7828, MEM[(struct TIM_TypeDef *)1073820672B].SR
 969              	@ 342 "Libraries/CMSIS/Include/core_cmFunc.h" 1
ARM GAS  C:\cygwin64\tmp\ccndMcpI.s 			page 18


 970 0010 72B6     		cpsid i
 971              	@ 0 "" 2
 972              		.thumb
 973 0012 1448     		ldr	r0, .L72+4	@ tmp139,
 974 0014 938C     		ldrh	r3, [r2, #36]	@, MEM[(struct TIM_TypeDef *)1073820672B].CNT
 975 0016 1449     		ldr	r1, .L72+8	@ tmp135,
 976 0018 0268     		ldr	r2, [r0]	@ MaxCnt, MaxCnt
 977 001a 9BB2     		uxth	r3, r3	@ cnt, MEM[(struct TIM_TypeDef *)1073820672B].CNT
 978 001c 0C68     		ldr	r4, [r1]	@ IrqCnt, IrqCnt
 979 001e 9342     		cmp	r3, r2	@ cnt, MaxCnt
 980 0020 124A     		ldr	r2, .L72+12	@ tmp142,
 981 0022 04F10104 		add	r4, r4, #1	@ D.7829, IrqCnt,
 982 0026 0C60     		str	r4, [r1]	@ D.7829, IrqCnt
 983 0028 1168     		ldr	r1, [r2]	@ MinCnt, MinCnt
 984 002a C8BF     		it	gt
 985 002c 0360     		strgt	r3, [r0]	@ cnt, MaxCnt
 986 002e 8B42     		cmp	r3, r1	@ cnt, MinCnt
 987 0030 B8BF     		it	lt
 988 0032 1360     		strlt	r3, [r2]	@ cnt, MinCnt
 989 0034 B3F5487F 		cmp	r3, #800	@ cnt,
 990 0038 0DD2     		bcs	.L71	@,
 991 003a 0D4A     		ldr	r2, .L72+16	@ tmp145,
 992 003c 084B     		ldr	r3, .L72	@ tmp147,
 993 003e 1088     		ldrh	r0, [r2]	@ D.7828, g_Roll
 994 0040 9188     		ldrh	r1, [r2, #4]	@ D.7828, g_Roll
 995 0042 1289     		ldrh	r2, [r2, #8]	@ D.7828, g_Roll
 996 0044 9886     		strh	r0, [r3, #52]	@ movhi	@ D.7828, MEM[(struct TIM_TypeDef *)1073820672B].CCR1
 997 0046 1987     		strh	r1, [r3, #56]	@ movhi	@ D.7828, MEM[(struct TIM_TypeDef *)1073820672B].CCR2
 998 0048 9A87     		strh	r2, [r3, #60]	@ movhi	@ D.7828, MEM[(struct TIM_TypeDef *)1073820672B].CCR3
 999 004a 9A89     		ldrh	r2, [r3, #12]	@, MEM[(struct TIM_TypeDef *)1073820672B].DIER
 1000 004c 22F00102 		bic	r2, r2, #1	@ D.7828, MEM[(struct TIM_TypeDef *)1073820672B].DIER,
 1001 0050 1204     		lsls	r2, r2, #16	@ D.7828, D.7828,
 1002 0052 120C     		lsrs	r2, r2, #16	@ D.7828, D.7828,
 1003 0054 9A81     		strh	r2, [r3, #12]	@ movhi	@ D.7828, MEM[(struct TIM_TypeDef *)1073820672B].DIER
 1004              	.L71:
 1005              	@ 331 "Libraries/CMSIS/Include/core_cmFunc.h" 1
 1006 0056 62B6     		cpsie i
 1007              	@ 0 "" 2
 1008              		.thumb
 1009 0058 5DF8044B 		ldr	r4, [sp], #4	@,
 1010 005c 7047     		bx	lr	@
 1011              	.L73:
 1012 005e 00BF     		.align	2
 1013              	.L72:
 1014 0060 00340140 		.word	1073820672
 1015 0064 00000000 		.word	MaxCnt
 1016 0068 00000000 		.word	IrqCnt
 1017 006c 00000000 		.word	MinCnt
 1018 0070 00000000 		.word	.LANCHOR3
 1019              		.size	TIM8_UP_IRQHandler, .-TIM8_UP_IRQHandler
 1020              		.section	.text.PWMOff,"ax",%progbits
 1021              		.align	2
 1022              		.global	PWMOff
 1023              		.thumb
 1024              		.thumb_func
 1025              		.type	PWMOff, %function
 1026              	PWMOff:
ARM GAS  C:\cygwin64\tmp\ccndMcpI.s 			page 19


 1027              		@ args = 0, pretend = 0, frame = 0
 1028              		@ frame_needed = 0, uses_anonymous_args = 0
 1029 0000 10B5     		push	{r4, lr}	@
 1030 0002 4120     		movs	r0, #65	@,
 1031 0004 FFF7FEFF 		bl	DEBUG_PutChar	@
 1032              	@ 342 "Libraries/CMSIS/Include/core_cmFunc.h" 1
 1033 0008 72B6     		cpsid i
 1034              	@ 0 "" 2
 1035              		.thumb
 1036 000a 0B4A     		ldr	r2, .L75	@ tmp110,
 1037 000c 0023     		movs	r3, #0	@ tmp111,
 1038 000e 1360     		str	r3, [r2]	@ tmp111, MEM[(int *)&g_Roll]
 1039 0010 5360     		str	r3, [r2, #4]	@ tmp111, MEM[(int *)&g_Roll + 4B]
 1040 0012 9360     		str	r3, [r2, #8]	@ tmp111, MEM[(int *)&g_Roll + 8B]
 1041              	@ 331 "Libraries/CMSIS/Include/core_cmFunc.h" 1
 1042 0014 62B6     		cpsie i
 1043              	@ 0 "" 2
 1044              	@ 342 "Libraries/CMSIS/Include/core_cmFunc.h" 1
 1045 0016 72B6     		cpsid i
 1046              	@ 0 "" 2
 1047              		.thumb
 1048 0018 084A     		ldr	r2, .L75+4	@ tmp116,
 1049 001a 1360     		str	r3, [r2]	@ tmp111, MEM[(int *)&g_Pitch]
 1050 001c 5360     		str	r3, [r2, #4]	@ tmp111, MEM[(int *)&g_Pitch + 4B]
 1051 001e 9360     		str	r3, [r2, #8]	@ tmp111, MEM[(int *)&g_Pitch + 8B]
 1052              	@ 331 "Libraries/CMSIS/Include/core_cmFunc.h" 1
 1053 0020 62B6     		cpsie i
 1054              	@ 0 "" 2
 1055              		.thumb
 1056 0022 074C     		ldr	r4, .L75+8	@ tmp122,
 1057 0024 0748     		ldr	r0, .L75+12	@ tmp124,
 1058 0026 0849     		ldr	r1, .L75+16	@ tmp127,
 1059 0028 084A     		ldr	r2, .L75+20	@ tmp130,
 1060 002a 0123     		movs	r3, #1	@ tmp123,
 1061 002c 2360     		str	r3, [r4]	@ tmp123, g_YawOff
 1062 002e 8381     		strh	r3, [r0, #12]	@ movhi	@ tmp123, MEM[(struct TIM_TypeDef *)1073744896B].DIER
 1063 0030 8B81     		strh	r3, [r1, #12]	@ movhi	@ tmp123, MEM[(struct TIM_TypeDef *)1073818624B].DIER
 1064 0032 9381     		strh	r3, [r2, #12]	@ movhi	@ tmp123, MEM[(struct TIM_TypeDef *)1073820672B].DIER
 1065 0034 10BD     		pop	{r4, pc}	@
 1066              	.L76:
 1067 0036 00BF     		.align	2
 1068              	.L75:
 1069 0038 00000000 		.word	.LANCHOR3
 1070 003c 00000000 		.word	.LANCHOR4
 1071 0040 00000000 		.word	.LANCHOR6
 1072 0044 000C0040 		.word	1073744896
 1073 0048 002C0140 		.word	1073818624
 1074 004c 00340140 		.word	1073820672
 1075              		.size	PWMOff, .-PWMOff
 1076              		.section	.text.PWMConfig,"ax",%progbits
 1077              		.align	2
 1078              		.global	PWMConfig
 1079              		.thumb
 1080              		.thumb_func
 1081              		.type	PWMConfig, %function
 1082              	PWMConfig:
 1083              		@ args = 0, pretend = 0, frame = 8
ARM GAS  C:\cygwin64\tmp\ccndMcpI.s 			page 20


 1084              		@ frame_needed = 0, uses_anonymous_args = 0
 1085 0000 2DE9F043 		push	{r4, r5, r6, r7, r8, r9, lr}	@
 1086 0004 DFF80881 		ldr	r8, .L78+40	@ tmp132,
 1087 0008 374B     		ldr	r3, .L78	@ tmp126,
 1088 000a 3849     		ldr	r1, .L78+4	@ tmp120,
 1089 000c 384D     		ldr	r5, .L78+8	@ tmp114,
 1090 000e 394E     		ldr	r6, .L78+12	@ tmp133,
 1091 0010 83B0     		sub	sp, sp, #12	@,,
 1092 0012 0024     		movs	r4, #0	@ tmp115,
 1093 0014 40F2E932 		movw	r2, #1001	@ tmp127,
 1094 0018 4046     		mov	r0, r8	@, tmp132
 1095 001a DFF8F890 		ldr	r9, .L78+44	@ tmp134,
 1096 001e 9A60     		str	r2, [r3, #8]	@ tmp127, MinCnt
 1097 0020 5A60     		str	r2, [r3, #4]	@ tmp127, MinCnt
 1098 0022 1A60     		str	r2, [r3]	@ tmp127, MinCnt
 1099 0024 8C60     		str	r4, [r1, #8]	@ tmp115, MaxCnt
 1100 0026 4C60     		str	r4, [r1, #4]	@ tmp115, MaxCnt
 1101 0028 0C60     		str	r4, [r1]	@ tmp115, MaxCnt
 1102 002a AC60     		str	r4, [r5, #8]	@ tmp115, IrqCnt
 1103 002c 6C60     		str	r4, [r5, #4]	@ tmp115, IrqCnt
 1104 002e 2C60     		str	r4, [r5]	@ tmp115, IrqCnt
 1105 0030 314F     		ldr	r7, .L78+16	@ tmp135,
 1106 0032 FFF7FEFF 		bl	Timer_PWM_Advanced_Config	@
 1107 0036 3046     		mov	r0, r6	@, tmp133
 1108 0038 FFF7FEFF 		bl	Timer_PWM_Advanced_Config	@
 1109 003c 2146     		mov	r1, r4	@, tmp115
 1110 003e 4846     		mov	r0, r9	@, tmp134
 1111 0040 FFF7FEFF 		bl	Timer_PWM_General_Config	@
 1112 0044 3846     		mov	r0, r7	@, tmp135
 1113 0046 0221     		movs	r1, #2	@,
 1114 0048 FFF7FEFF 		bl	Timer_PWM_General_Config	@
 1115 004c 2B4B     		ldr	r3, .L78+20	@ tmp136,
 1116 004e 0125     		movs	r5, #1	@ tmp152,
 1117 0050 1B88     		ldrh	r3, [r3]	@ D.7834, timer_4_5_deadtime_delay
 1118 0052 01A8     		add	r0, sp, #4	@,,
 1119 0054 03F5A871 		add	r1, r3, #336	@ tmp140, D.7834,
 1120 0058 03F29F22 		addw	r2, r3, #671	@ tmp143, D.7834,
 1121 005c 89B2     		uxth	r1, r1	@ D.7834, tmp140
 1122 005e 92B2     		uxth	r2, r2	@ D.7834, tmp143
 1123 0060 BB84     		strh	r3, [r7, #36]	@ movhi	@ D.7834, MEM[(struct TIM_TypeDef *)1073743872B].CNT
 1124 0062 A8F82410 		strh	r1, [r8, #36]	@ movhi	@ D.7834, MEM[(struct TIM_TypeDef *)1073818624B].CNT
 1125 0066 3223     		movs	r3, #50	@ tmp146,
 1126 0068 B284     		strh	r2, [r6, #36]	@ movhi	@ D.7834, MEM[(struct TIM_TypeDef *)1073820672B].CNT
 1127 006a 8DF80430 		strb	r3, [sp, #4]	@ tmp146, NVIC_InitStructure.NVIC_IRQChannel
 1128 006e 8DF80540 		strb	r4, [sp, #5]	@ tmp115, NVIC_InitStructure.NVIC_IRQChannelPreemptionPriority
 1129 0072 8DF80640 		strb	r4, [sp, #6]	@ tmp115, NVIC_InitStructure.NVIC_IRQChannelSubPriority
 1130 0076 8DF80750 		strb	r5, [sp, #7]	@ tmp152, NVIC_InitStructure.NVIC_IRQChannelCmd
 1131 007a FFF7FEFF 		bl	NVIC_Init	@
 1132 007e 01A8     		add	r0, sp, #4	@,,
 1133 0080 1923     		movs	r3, #25	@ tmp155,
 1134 0082 8DF80430 		strb	r3, [sp, #4]	@ tmp155, NVIC_InitStructure.NVIC_IRQChannel
 1135 0086 8DF80540 		strb	r4, [sp, #5]	@ tmp115, NVIC_InitStructure.NVIC_IRQChannelPreemptionPriority
 1136 008a 8DF80640 		strb	r4, [sp, #6]	@ tmp115, NVIC_InitStructure.NVIC_IRQChannelSubPriority
 1137 008e 8DF80750 		strb	r5, [sp, #7]	@ tmp152, NVIC_InitStructure.NVIC_IRQChannelCmd
 1138 0092 FFF7FEFF 		bl	NVIC_Init	@
 1139 0096 2C23     		movs	r3, #44	@ tmp164,
 1140 0098 01A8     		add	r0, sp, #4	@,,
ARM GAS  C:\cygwin64\tmp\ccndMcpI.s 			page 21


 1141 009a 8DF80540 		strb	r4, [sp, #5]	@ tmp115, NVIC_InitStructure.NVIC_IRQChannelPreemptionPriority
 1142 009e 8DF80640 		strb	r4, [sp, #6]	@ tmp115, NVIC_InitStructure.NVIC_IRQChannelSubPriority
 1143 00a2 8DF80750 		strb	r5, [sp, #7]	@ tmp152, NVIC_InitStructure.NVIC_IRQChannelCmd
 1144 00a6 8DF80430 		strb	r3, [sp, #4]	@ tmp164, NVIC_InitStructure.NVIC_IRQChannel
 1145 00aa FFF7FEFF 		bl	NVIC_Init	@
 1146              	@ 342 "Libraries/CMSIS/Include/core_cmFunc.h" 1
 1147 00ae 72B6     		cpsid i
 1148              	@ 0 "" 2
 1149              		.thumb
 1150 00b0 134A     		ldr	r2, .L78+24	@ tmp177,
 1151 00b2 144B     		ldr	r3, .L78+28	@ tmp179,
 1152 00b4 1449     		ldr	r1, .L78+32	@ tmp173,
 1153 00b6 154C     		ldr	r4, .L78+36	@ tmp175,
 1154 00b8 0D60     		str	r5, [r1]	@ tmp152, MEM[(volatile vu32 *)1107394560B]
 1155 00ba 4846     		mov	r0, r9	@, tmp134
 1156 00bc 2560     		str	r5, [r4]	@ tmp152, MEM[(volatile vu32 *)1107361792B]
 1157 00be 2946     		mov	r1, r5	@, tmp152
 1158 00c0 1560     		str	r5, [r2]	@ tmp152, MEM[(volatile vu32 *)1109753856B]
 1159 00c2 1D60     		str	r5, [r3]	@ tmp152, MEM[(volatile vu32 *)1109819392B]
 1160 00c4 FFF7FEFF 		bl	TIM_CtrlPWMOutputs	@
 1161 00c8 3846     		mov	r0, r7	@, tmp135
 1162 00ca 2946     		mov	r1, r5	@, tmp152
 1163 00cc FFF7FEFF 		bl	TIM_CtrlPWMOutputs	@
 1164 00d0 4046     		mov	r0, r8	@, tmp132
 1165 00d2 2946     		mov	r1, r5	@, tmp152
 1166 00d4 FFF7FEFF 		bl	TIM_CtrlPWMOutputs	@
 1167 00d8 3046     		mov	r0, r6	@, tmp133
 1168 00da 2946     		mov	r1, r5	@, tmp152
 1169 00dc FFF7FEFF 		bl	TIM_CtrlPWMOutputs	@
 1170              	@ 331 "Libraries/CMSIS/Include/core_cmFunc.h" 1
 1171 00e0 62B6     		cpsie i
 1172              	@ 0 "" 2
 1173              		.thumb
 1174 00e2 03B0     		add	sp, sp, #12	@,,
 1175              		@ sp needed	@
 1176 00e4 BDE8F083 		pop	{r4, r5, r6, r7, r8, r9, pc}	@
 1177              	.L79:
 1178              		.align	2
 1179              	.L78:
 1180 00e8 00000000 		.word	MinCnt
 1181 00ec 00000000 		.word	MaxCnt
 1182 00f0 00000000 		.word	IrqCnt
 1183 00f4 00340140 		.word	1073820672
 1184 00f8 00080040 		.word	1073743872
 1185 00fc 00000000 		.word	.LANCHOR1
 1186 0100 00802542 		.word	1109753856
 1187 0104 00802642 		.word	1109819392
 1188 0108 00800142 		.word	1107394560
 1189 010c 00000142 		.word	1107361792
 1190 0110 002C0140 		.word	1073818624
 1191 0114 000C0040 		.word	1073744896
 1192              		.size	PWMConfig, .-PWMConfig
 1193              		.comm	IrqCnt,12,4
 1194              		.comm	MinCnt,12,4
 1195              		.comm	MaxCnt,12,4
 1196              		.global	testPhase
 1197              		.global	timer_4_5_deadtime_delay
ARM GAS  C:\cygwin64\tmp\ccndMcpI.s 			page 22


 1198              		.global	timer_1_8_deadtime_register
 1199              		.section	.data.testPhase,"aw",%progbits
 1200              		.align	2
 1201              		.set	.LANCHOR2,. + 0
 1202              		.type	testPhase, %object
 1203              		.size	testPhase, 4
 1204              	testPhase:
 1205 0000 EC51B8BD 		.word	-1111993876
 1206              		.section	.bss.g_Roll,"aw",%nobits
 1207              		.align	2
 1208              		.set	.LANCHOR3,. + 0
 1209              		.type	g_Roll, %object
 1210              		.size	g_Roll, 12
 1211              	g_Roll:
 1212 0000 00000000 		.space	12
 1212      00000000 
 1212      00000000 
 1213              		.section	.data.timer_4_5_deadtime_delay,"aw",%progbits
 1214              		.align	2
 1215              		.set	.LANCHOR1,. + 0
 1216              		.type	timer_4_5_deadtime_delay, %object
 1217              		.size	timer_4_5_deadtime_delay, 4
 1218              	timer_4_5_deadtime_delay:
 1219 0000 50000000 		.word	80
 1220              		.section	.bss.g_Pitch,"aw",%nobits
 1221              		.align	2
 1222              		.set	.LANCHOR4,. + 0
 1223              		.type	g_Pitch, %object
 1224              		.size	g_Pitch, 12
 1225              	g_Pitch:
 1226 0000 00000000 		.space	12
 1226      00000000 
 1226      00000000 
 1227              		.section	.data.g_YawOff,"aw",%progbits
 1228              		.align	2
 1229              		.set	.LANCHOR6,. + 0
 1230              		.type	g_YawOff, %object
 1231              		.size	g_YawOff, 4
 1232              	g_YawOff:
 1233 0000 01000000 		.word	1
 1234              		.section	.data.timer_1_8_deadtime_register,"aw",%progbits
 1235              		.align	2
 1236              		.set	.LANCHOR0,. + 0
 1237              		.type	timer_1_8_deadtime_register, %object
 1238              		.size	timer_1_8_deadtime_register, 4
 1239              	timer_1_8_deadtime_register:
 1240 0000 C8000000 		.word	200
 1241              		.section	.bss.g_Yaw,"aw",%nobits
 1242              		.align	2
 1243              		.set	.LANCHOR5,. + 0
 1244              		.type	g_Yaw, %object
 1245              		.size	g_Yaw, 12
 1246              	g_Yaw:
 1247 0000 00000000 		.space	12
 1247      00000000 
 1247      00000000 
 1248              		.ident	"GCC: (GNU Tools for ARM Embedded Processors) 4.8.4 20140526 (release) [ARM/embedded-4_8-br
ARM GAS  C:\cygwin64\tmp\ccndMcpI.s 			page 23


ARM GAS  C:\cygwin64\tmp\ccndMcpI.s 			page 24


DEFINED SYMBOLS
                            *ABS*:00000000 pwm.c
C:\cygwin64\tmp\ccndMcpI.s:69     .text.Timer_Channel_Config.constprop.0:00000000 $t
C:\cygwin64\tmp\ccndMcpI.s:73     .text.Timer_Channel_Config.constprop.0:00000000 Timer_Channel_Config.constprop.0
C:\cygwin64\tmp\ccndMcpI.s:98     .text.Timer_PWM_General_Config:00000000 $t
C:\cygwin64\tmp\ccndMcpI.s:102    .text.Timer_PWM_General_Config:00000000 Timer_PWM_General_Config
C:\cygwin64\tmp\ccndMcpI.s:133    .text.Timer_PWM_Advanced_Config:00000000 $t
C:\cygwin64\tmp\ccndMcpI.s:137    .text.Timer_PWM_Advanced_Config:00000000 Timer_PWM_Advanced_Config
C:\cygwin64\tmp\ccndMcpI.s:190    .text.Timer_PWM_Advanced_Config:00000098 $d
C:\cygwin64\tmp\ccndMcpI.s:193    .text.MaxCntClear:00000000 $t
C:\cygwin64\tmp\ccndMcpI.s:198    .text.MaxCntClear:00000000 MaxCntClear
C:\cygwin64\tmp\ccndMcpI.s:222    .text.MaxCntClear:00000028 $d
                            *COM*:0000000c MaxCnt
                            *COM*:0000000c IrqCnt
                            *COM*:0000000c MinCnt
C:\cygwin64\tmp\ccndMcpI.s:227    .text.SetPWMData:00000000 $t
C:\cygwin64\tmp\ccndMcpI.s:232    .text.SetPWMData:00000000 SetPWMData
C:\cygwin64\tmp\ccndMcpI.s:253    .text.LimitYawPWM:00000000 $t
C:\cygwin64\tmp\ccndMcpI.s:258    .text.LimitYawPWM:00000000 LimitYawPWM
C:\cygwin64\tmp\ccndMcpI.s:290    .text.LimitYawPWM:00000038 $d
C:\cygwin64\tmp\ccndMcpI.s:293    .text.dist:00000000 $t
C:\cygwin64\tmp\ccndMcpI.s:298    .text.dist:00000000 dist
C:\cygwin64\tmp\ccndMcpI.s:320    .text.SetPWMOrg:00000000 $t
C:\cygwin64\tmp\ccndMcpI.s:325    .text.SetPWMOrg:00000000 SetPWMOrg
C:\cygwin64\tmp\ccndMcpI.s:405    .text.SetPWMOrg:000000c8 $d
C:\cygwin64\tmp\ccndMcpI.s:415    .text.SetPWMOrgFaster:00000000 $t
C:\cygwin64\tmp\ccndMcpI.s:420    .text.SetPWMOrgFaster:00000000 SetPWMOrgFaster
C:\cygwin64\tmp\ccndMcpI.s:479    .text.SetPWMOrgFaster:00000098 $d
C:\cygwin64\tmp\ccndMcpI.s:486    .text.SetPWMFastTable:00000000 $t
C:\cygwin64\tmp\ccndMcpI.s:491    .text.SetPWMFastTable:00000000 SetPWMFastTable
C:\cygwin64\tmp\ccndMcpI.s:571    .text.SetPWMFastTable:000000cc $d
C:\cygwin64\tmp\ccndMcpI.s:578    .text.SetPWM:00000000 $t
C:\cygwin64\tmp\ccndMcpI.s:583    .text.SetPWM:00000000 SetPWM
C:\cygwin64\tmp\ccndMcpI.s:590    .text.ActivateIRQ:00000000 $t
C:\cygwin64\tmp\ccndMcpI.s:595    .text.ActivateIRQ:00000000 ActivateIRQ
C:\cygwin64\tmp\ccndMcpI.s:617    .text.SetRollMotor:00000000 $t
C:\cygwin64\tmp\ccndMcpI.s:622    .text.SetRollMotor:00000000 SetRollMotor
C:\cygwin64\tmp\ccndMcpI.s:664    .text.SetRollMotor:00000038 $d
C:\cygwin64\tmp\ccndMcpI.s:668    .text.SetPitchMotor:00000000 $t
C:\cygwin64\tmp\ccndMcpI.s:673    .text.SetPitchMotor:00000000 SetPitchMotor
C:\cygwin64\tmp\ccndMcpI.s:715    .text.SetPitchMotor:00000038 $d
C:\cygwin64\tmp\ccndMcpI.s:719    .text.SetYawMotor:00000000 $t
C:\cygwin64\tmp\ccndMcpI.s:724    .text.SetYawMotor:00000000 SetYawMotor
C:\cygwin64\tmp\ccndMcpI.s:772    .text.SetYawMotor:00000044 $d
C:\cygwin64\tmp\ccndMcpI.s:777    .text.TIM5_IRQHandler:00000000 $t
C:\cygwin64\tmp\ccndMcpI.s:782    .text.TIM5_IRQHandler:00000000 TIM5_IRQHandler
C:\cygwin64\tmp\ccndMcpI.s:875    .text.TIM5_IRQHandler:000000a0 $d
C:\cygwin64\tmp\ccndMcpI.s:885    .text.TIM1_UP_IRQHandler:00000000 $t
C:\cygwin64\tmp\ccndMcpI.s:890    .text.TIM1_UP_IRQHandler:00000000 TIM1_UP_IRQHandler
C:\cygwin64\tmp\ccndMcpI.s:946    .text.TIM1_UP_IRQHandler:00000060 $d
C:\cygwin64\tmp\ccndMcpI.s:953    .text.TIM8_UP_IRQHandler:00000000 $t
C:\cygwin64\tmp\ccndMcpI.s:958    .text.TIM8_UP_IRQHandler:00000000 TIM8_UP_IRQHandler
C:\cygwin64\tmp\ccndMcpI.s:1014   .text.TIM8_UP_IRQHandler:00000060 $d
C:\cygwin64\tmp\ccndMcpI.s:1021   .text.PWMOff:00000000 $t
C:\cygwin64\tmp\ccndMcpI.s:1026   .text.PWMOff:00000000 PWMOff
C:\cygwin64\tmp\ccndMcpI.s:1069   .text.PWMOff:00000038 $d
C:\cygwin64\tmp\ccndMcpI.s:1077   .text.PWMConfig:00000000 $t
ARM GAS  C:\cygwin64\tmp\ccndMcpI.s 			page 25


C:\cygwin64\tmp\ccndMcpI.s:1082   .text.PWMConfig:00000000 PWMConfig
C:\cygwin64\tmp\ccndMcpI.s:1180   .text.PWMConfig:000000e8 $d
C:\cygwin64\tmp\ccndMcpI.s:1204   .data.testPhase:00000000 testPhase
C:\cygwin64\tmp\ccndMcpI.s:1218   .data.timer_4_5_deadtime_delay:00000000 timer_4_5_deadtime_delay
C:\cygwin64\tmp\ccndMcpI.s:1239   .data.timer_1_8_deadtime_register:00000000 timer_1_8_deadtime_register
C:\cygwin64\tmp\ccndMcpI.s:1200   .data.testPhase:00000000 $d
C:\cygwin64\tmp\ccndMcpI.s:1207   .bss.g_Roll:00000000 $d
C:\cygwin64\tmp\ccndMcpI.s:1211   .bss.g_Roll:00000000 g_Roll
C:\cygwin64\tmp\ccndMcpI.s:1214   .data.timer_4_5_deadtime_delay:00000000 $d
C:\cygwin64\tmp\ccndMcpI.s:1221   .bss.g_Pitch:00000000 $d
C:\cygwin64\tmp\ccndMcpI.s:1225   .bss.g_Pitch:00000000 g_Pitch
C:\cygwin64\tmp\ccndMcpI.s:1228   .data.g_YawOff:00000000 $d
C:\cygwin64\tmp\ccndMcpI.s:1232   .data.g_YawOff:00000000 g_YawOff
C:\cygwin64\tmp\ccndMcpI.s:1235   .data.timer_1_8_deadtime_register:00000000 $d
C:\cygwin64\tmp\ccndMcpI.s:1242   .bss.g_Yaw:00000000 $d
C:\cygwin64\tmp\ccndMcpI.s:1246   .bss.g_Yaw:00000000 g_Yaw

UNDEFINED SYMBOLS
TIM_OC1Init
TIM_OC2Init
TIM_OC3Init
TIM_OC1PreloadConfig
TIM_OC2PreloadConfig
TIM_OC3PreloadConfig
TIM_TimeBaseInit
TIM_BDTRConfig
__aeabi_fcmpge
__aeabi_f2d
__aeabi_i2d
__aeabi_dmul
__aeabi_dadd
__aeabi_d2iz
__aeabi_fadd
sin
__aeabi_i2f
__aeabi_fmul
__aeabi_f2iz
fmodf
sinf
__aeabi_fdiv
Round
sinDataI16
DEBUG_PutChar
NVIC_Init
TIM_CtrlPWMOutputs
