ARM GAS  C:\cygwin64\tmp\ccwaTxQk.s 			page 1


   1              		.syntax unified
   2              		.cpu cortex-m3
   3              		.fpu softvfp
   4              		.eabi_attribute 20, 1	@ Tag_ABI_FP_denormal
   5              		.eabi_attribute 21, 1	@ Tag_ABI_FP_exceptions
   6              		.eabi_attribute 23, 3	@ Tag_ABI_FP_number_model
   7              		.eabi_attribute 24, 1	@ Tag_ABI_align8_needed
   8              		.eabi_attribute 25, 1	@ Tag_ABI_align8_preserved
   9              		.eabi_attribute 26, 1	@ Tag_ABI_enum_size
  10              		.eabi_attribute 30, 2	@ Tag_ABI_optimization_goals
  11              		.eabi_attribute 34, 1	@ Tag_CPU_unaligned_access
  12              		.eabi_attribute 18, 4	@ Tag_ABI_PCS_wchar_t
  13              		.file	"reboot.c"
  14              	@ GNU C (GNU Tools for ARM Embedded Processors) version 4.8.4 20140526 (release) [ARM/embedded-4_8-
  15              	@	compiled by GNU C version 4.6.4, GMP version 4.3.2, MPFR version 2.4.2, MPC version 0.8.1
  16              	@ GGC heuristics: --param ggc-min-expand=99 --param ggc-min-heapsize=131015
  17              	@ options passed:  -I . -I src -I Libraries -I Libraries/CMSIS/Include
  18              	@ -I Libraries/CMSIS/Device/ST/STM32F10x/Include
  19              	@ -I Libraries/STM32F10x_StdPeriph_Driver/inc
  20              	@ -I Libraries/STM32_USB-FS-Device_Driver/inc -I src/VCP/inc
  21              	@ -imultilib armv7-m
  22              	@ -iprefix c:\program files (x86)\gnu tools arm embedded\4.8 2014q2\bin\../lib/gcc/arm-none-eabi/4.
  23              	@ -isysroot c:\program files (x86)\gnu tools arm embedded\4.8 2014q2\bin\../arm-none-eabi
  24              	@ -MD out/reboot.d -MF out/reboot.d -MP -MQ out/reboot.o
  25              	@ -D__USES_INITFINI__ -D STM32F10X_HD -D USE_STDPERIPH_DRIVER src/reboot.c
  26              	@ -mcpu=cortex-m3 -mthumb -auxbase-strip out/reboot.o -O2 -Wall
  27              	@ -Wstrict-prototypes -Wextra -std=gnu99 -ffunction-sections
  28              	@ -fdata-sections -fverbose-asm -fsingle-precision-constant
  29              	@ options enabled:  -faggressive-loop-optimizations -fauto-inc-dec
  30              	@ -fbranch-count-reg -fcaller-saves -fcombine-stack-adjustments -fcommon
  31              	@ -fcompare-elim -fcprop-registers -fcrossjumping -fcse-follow-jumps
  32              	@ -fdata-sections -fdefer-pop -fdelete-null-pointer-checks -fdevirtualize
  33              	@ -fdwarf2-cfi-asm -fearly-inlining -feliminate-unused-debug-types
  34              	@ -fexpensive-optimizations -fforward-propagate -ffunction-cse
  35              	@ -ffunction-sections -fgcse -fgcse-lm -fgnu-runtime
  36              	@ -fguess-branch-probability -fhoist-adjacent-loads -fident -fif-conversion
  37              	@ -fif-conversion2 -findirect-inlining -finline -finline-atomics
  38              	@ -finline-functions-called-once -finline-small-functions -fipa-cp
  39              	@ -fipa-profile -fipa-pure-const -fipa-reference -fipa-sra
  40              	@ -fira-hoist-pressure -fira-share-save-slots -fira-share-spill-slots
  41              	@ -fivopts -fkeep-static-consts -fleading-underscore -fmath-errno
  42              	@ -fmerge-constants -fmerge-debug-strings -fmove-loop-invariants
  43              	@ -fomit-frame-pointer -foptimize-register-move -foptimize-sibling-calls
  44              	@ -foptimize-strlen -fpartial-inlining -fpeephole -fpeephole2
  45              	@ -fprefetch-loop-arrays -freg-struct-return -fregmove -freorder-blocks
  46              	@ -freorder-functions -frerun-cse-after-loop
  47              	@ -fsched-critical-path-heuristic -fsched-dep-count-heuristic
  48              	@ -fsched-group-heuristic -fsched-interblock -fsched-last-insn-heuristic
  49              	@ -fsched-pressure -fsched-rank-heuristic -fsched-spec
  50              	@ -fsched-spec-insn-heuristic -fsched-stalled-insns-dep -fschedule-insns
  51              	@ -fschedule-insns2 -fsection-anchors -fshow-column -fshrink-wrap
  52              	@ -fsigned-zeros -fsingle-precision-constant -fsplit-ivs-in-unroller
  53              	@ -fsplit-wide-types -fstrict-aliasing -fstrict-overflow
  54              	@ -fstrict-volatile-bitfields -fsync-libcalls -fthread-jumps
  55              	@ -ftoplevel-reorder -ftrapping-math -ftree-bit-ccp -ftree-builtin-call-dce
  56              	@ -ftree-ccp -ftree-ch -ftree-coalesce-vars -ftree-copy-prop
  57              	@ -ftree-copyrename -ftree-cselim -ftree-dce -ftree-dominator-opts
ARM GAS  C:\cygwin64\tmp\ccwaTxQk.s 			page 2


  58              	@ -ftree-dse -ftree-forwprop -ftree-fre -ftree-loop-if-convert
  59              	@ -ftree-loop-im -ftree-loop-ivcanon -ftree-loop-optimize
  60              	@ -ftree-parallelize-loops= -ftree-phiprop -ftree-pre -ftree-pta
  61              	@ -ftree-reassoc -ftree-scev-cprop -ftree-sink -ftree-slp-vectorize
  62              	@ -ftree-slsr -ftree-sra -ftree-switch-conversion -ftree-tail-merge
  63              	@ -ftree-ter -ftree-vect-loop-version -ftree-vrp -funit-at-a-time
  64              	@ -fverbose-asm -fzero-initialized-in-bss -mfix-cortex-m3-ldrd
  65              	@ -mlittle-endian -mpic-data-is-text-relative -msched-prolog -mthumb
  66              	@ -munaligned-access -mvectorize-with-neon-quad
  67              	
  68              		.section	.text.BKPInit,"ax",%progbits
  69              		.align	2
  70              		.global	BKPInit
  71              		.thumb
  72              		.thumb_func
  73              		.type	BKPInit, %function
  74              	BKPInit:
  75              		@ args = 0, pretend = 0, frame = 0
  76              		@ frame_needed = 0, uses_anonymous_args = 0
  77              		@ link register save eliminated.
  78 0000 024B     		ldr	r3, .L2	@ tmp112,
  79 0002 DA69     		ldr	r2, [r3, #28]	@ D.6653, MEM[(struct RCC_TypeDef *)1073876992B].APB1ENR
  80 0004 42F0C052 		orr	r2, r2, #402653184	@ D.6653, D.6653,
  81 0008 DA61     		str	r2, [r3, #28]	@ D.6653, MEM[(struct RCC_TypeDef *)1073876992B].APB1ENR
  82 000a 7047     		bx	lr	@
  83              	.L3:
  84              		.align	2
  85              	.L2:
  86 000c 00100240 		.word	1073876992
  87              		.size	BKPInit, .-BKPInit
  88              		.section	.text.BKPRead,"ax",%progbits
  89              		.align	2
  90              		.global	BKPRead
  91              		.thumb
  92              		.thumb_func
  93              		.type	BKPRead, %function
  94              	BKPRead:
  95              		@ args = 0, pretend = 0, frame = 0
  96              		@ frame_needed = 0, uses_anonymous_args = 0
  97              		@ link register save eliminated.
  98 0000 084B     		ldr	r3, .L5	@ tmp122,
  99 0002 094A     		ldr	r2, .L5+4	@ tmp124,
 100 0004 1968     		ldr	r1, [r3]	@ D.6656, MEM[(struct PWR_TypeDef *)1073770496B].CR
 101 0006 41F48071 		orr	r1, r1, #256	@ D.6656, D.6656,
 102 000a 1960     		str	r1, [r3]	@ D.6656, MEM[(struct PWR_TypeDef *)1073770496B].CR
 103 000c B2F8B810 		ldrh	r1, [r2, #184]	@, MEM[(struct BKP_TypeDef *)1073769472B].DR41
 104 0010 B2F8BC00 		ldrh	r0, [r2, #188]	@, MEM[(struct BKP_TypeDef *)1073769472B].DR42
 105 0014 1A68     		ldr	r2, [r3]	@ D.6656, MEM[(struct PWR_TypeDef *)1073770496B].CR
 106 0016 89B2     		uxth	r1, r1	@ D.6657, MEM[(struct BKP_TypeDef *)1073769472B].DR41
 107 0018 22F48072 		bic	r2, r2, #256	@ D.6656, D.6656,
 108 001c 41EA0040 		orr	r0, r1, r0, lsl #16	@,, D.6657, MEM[(struct BKP_TypeDef *)1073769472B].DR42,
 109 0020 1A60     		str	r2, [r3]	@ D.6656, MEM[(struct PWR_TypeDef *)1073770496B].CR
 110 0022 7047     		bx	lr	@
 111              	.L6:
 112              		.align	2
 113              	.L5:
 114 0024 00700040 		.word	1073770496
ARM GAS  C:\cygwin64\tmp\ccwaTxQk.s 			page 3


 115 0028 006C0040 		.word	1073769472
 116              		.size	BKPRead, .-BKPRead
 117              		.section	.text.BKPWrite,"ax",%progbits
 118              		.align	2
 119              		.global	BKPWrite
 120              		.thumb
 121              		.thumb_func
 122              		.type	BKPWrite, %function
 123              	BKPWrite:
 124              		@ args = 0, pretend = 0, frame = 0
 125              		@ frame_needed = 0, uses_anonymous_args = 0
 126              		@ link register save eliminated.
 127 0000 094B     		ldr	r3, .L8	@ tmp118,
 128 0002 10B4     		push	{r4}	@
 129 0004 1C68     		ldr	r4, [r3]	@ D.6661, MEM[(struct PWR_TypeDef *)1073770496B].CR
 130 0006 094A     		ldr	r2, .L8+4	@ tmp120,
 131 0008 44F48074 		orr	r4, r4, #256	@ D.6661, D.6661,
 132 000c 81B2     		uxth	r1, r0	@ D.6662, val
 133 000e 000C     		lsrs	r0, r0, #16	@ D.6662, val,
 134 0010 1C60     		str	r4, [r3]	@ D.6661, MEM[(struct PWR_TypeDef *)1073770496B].CR
 135 0012 A2F8B810 		strh	r1, [r2, #184]	@ movhi	@ D.6662, MEM[(struct BKP_TypeDef *)1073769472B].DR41
 136 0016 A2F8BC00 		strh	r0, [r2, #188]	@ movhi	@ D.6662, MEM[(struct BKP_TypeDef *)1073769472B].DR42
 137 001a 1A68     		ldr	r2, [r3]	@ D.6661, MEM[(struct PWR_TypeDef *)1073770496B].CR
 138 001c 5DF8044B 		ldr	r4, [sp], #4	@,
 139 0020 22F48072 		bic	r2, r2, #256	@ D.6661, D.6661,
 140 0024 1A60     		str	r2, [r3]	@ D.6661, MEM[(struct PWR_TypeDef *)1073770496B].CR
 141 0026 7047     		bx	lr	@
 142              	.L9:
 143              		.align	2
 144              	.L8:
 145 0028 00700040 		.word	1073770496
 146 002c 006C0040 		.word	1073769472
 147              		.size	BKPWrite, .-BKPWrite
 148              		.section	.text.reboot,"ax",%progbits
 149              		.align	2
 150              		.global	reboot
 151              		.thumb
 152              		.thumb_func
 153              		.type	reboot, %function
 154              	reboot:
 155              		@ Volatile: function does not return.
 156              		@ args = 0, pretend = 0, frame = 0
 157              		@ frame_needed = 0, uses_anonymous_args = 0
 158              		@ link register save eliminated.
 159 0000 024B     		ldr	r3, .L13	@ tmp110,
 160 0002 034A     		ldr	r2, .L13+4	@ tmp111,
 161 0004 DA60     		str	r2, [r3, #12]	@ tmp111, MEM[(struct SCB_Type *)3758157056B].AIRCR
 162              	.L11:
 163              	@ 94 "src/reboot.c" 1
 164 0006 00BF     		nop
 165              	@ 0 "" 2
 166              		.thumb
 167 0008 FDE7     		b	.L11	@
 168              	.L14:
 169 000a 00BF     		.align	2
 170              	.L13:
 171 000c 00ED00E0 		.word	-536810240
ARM GAS  C:\cygwin64\tmp\ccwaTxQk.s 			page 4


 172 0010 0400FA05 		.word	100270084
 173              		.size	reboot, .-reboot
 174              		.section	.text.bootloader,"ax",%progbits
 175              		.align	2
 176              		.global	bootloader
 177              		.thumb
 178              		.thumb_func
 179              		.type	bootloader, %function
 180              	bootloader:
 181              		@ args = 0, pretend = 0, frame = 0
 182              		@ frame_needed = 0, uses_anonymous_args = 0
 183 0000 0F4B     		ldr	r3, .L18	@ tmp117,
 184 0002 10B5     		push	{r4, lr}	@
 185 0004 B3F1006F 		cmp	r3, #134217728	@ tmp117,
 186 0008 00D1     		bne	.L17	@,
 187 000a 10BD     		pop	{r4, pc}	@
 188              	.L17:
 189 000c 0D49     		ldr	r1, .L18+4	@ tmp118,
 190 000e 0E4B     		ldr	r3, .L18+8	@ tmp120,
 191 0010 C869     		ldr	r0, [r1, #28]	@ D.6667, MEM[(struct RCC_TypeDef *)1073876992B].APB1ENR
 192 0012 0E4A     		ldr	r2, .L18+12	@ tmp122,
 193 0014 40F0C050 		orr	r0, r0, #402653184	@ D.6667, D.6667,
 194 0018 C861     		str	r0, [r1, #28]	@ D.6667, MEM[(struct RCC_TypeDef *)1073876992B].APB1ENR
 195 001a 1C68     		ldr	r4, [r3]	@ D.6667, MEM[(struct PWR_TypeDef *)1073770496B].CR
 196 001c 46F6B430 		movw	r0, #27572	@ tmp124,
 197 0020 44F48074 		orr	r4, r4, #256	@ D.6667, D.6667,
 198 0024 44F6FC21 		movw	r1, #19196	@ tmp127,
 199 0028 1C60     		str	r4, [r3]	@ D.6667, MEM[(struct PWR_TypeDef *)1073770496B].CR
 200 002a A2F8B800 		strh	r0, [r2, #184]	@ movhi	@ tmp124, MEM[(struct BKP_TypeDef *)1073769472B].DR41
 201 002e A2F8BC10 		strh	r1, [r2, #188]	@ movhi	@ tmp127, MEM[(struct BKP_TypeDef *)1073769472B].DR42
 202 0032 1A68     		ldr	r2, [r3]	@ D.6667, MEM[(struct PWR_TypeDef *)1073770496B].CR
 203 0034 22F48072 		bic	r2, r2, #256	@ D.6667, D.6667,
 204 0038 1A60     		str	r2, [r3]	@ D.6667, MEM[(struct PWR_TypeDef *)1073770496B].CR
 205 003a FFF7FEFF 		bl	reboot	@
 206              	.L19:
 207 003e 00BF     		.align	2
 208              	.L18:
 209 0040 00000000 		.word	g_pfnVectors
 210 0044 00100240 		.word	1073876992
 211 0048 00700040 		.word	1073770496
 212 004c 006C0040 		.word	1073769472
 213              		.size	bootloader, .-bootloader
 214              		.ident	"GCC: (GNU Tools for ARM Embedded Processors) 4.8.4 20140526 (release) [ARM/embedded-4_8-br
ARM GAS  C:\cygwin64\tmp\ccwaTxQk.s 			page 5


DEFINED SYMBOLS
                            *ABS*:00000000 reboot.c
C:\cygwin64\tmp\ccwaTxQk.s:69     .text.BKPInit:00000000 $t
C:\cygwin64\tmp\ccwaTxQk.s:74     .text.BKPInit:00000000 BKPInit
C:\cygwin64\tmp\ccwaTxQk.s:86     .text.BKPInit:0000000c $d
C:\cygwin64\tmp\ccwaTxQk.s:89     .text.BKPRead:00000000 $t
C:\cygwin64\tmp\ccwaTxQk.s:94     .text.BKPRead:00000000 BKPRead
C:\cygwin64\tmp\ccwaTxQk.s:114    .text.BKPRead:00000024 $d
C:\cygwin64\tmp\ccwaTxQk.s:118    .text.BKPWrite:00000000 $t
C:\cygwin64\tmp\ccwaTxQk.s:123    .text.BKPWrite:00000000 BKPWrite
C:\cygwin64\tmp\ccwaTxQk.s:145    .text.BKPWrite:00000028 $d
C:\cygwin64\tmp\ccwaTxQk.s:149    .text.reboot:00000000 $t
C:\cygwin64\tmp\ccwaTxQk.s:154    .text.reboot:00000000 reboot
C:\cygwin64\tmp\ccwaTxQk.s:171    .text.reboot:0000000c $d
C:\cygwin64\tmp\ccwaTxQk.s:175    .text.bootloader:00000000 $t
C:\cygwin64\tmp\ccwaTxQk.s:180    .text.bootloader:00000000 bootloader
C:\cygwin64\tmp\ccwaTxQk.s:209    .text.bootloader:00000040 $d

UNDEFINED SYMBOLS
g_pfnVectors
