ARM GAS  C:\cygwin64\tmp\ccy5iZqQ.s 			page 1


   1              		.syntax unified
   2              		.cpu cortex-m3
   3              		.fpu softvfp
   4              		.eabi_attribute 20, 1	@ Tag_ABI_FP_denormal
   5              		.eabi_attribute 21, 1	@ Tag_ABI_FP_exceptions
   6              		.eabi_attribute 23, 3	@ Tag_ABI_FP_number_model
   7              		.eabi_attribute 24, 1	@ Tag_ABI_align8_needed
   8              		.eabi_attribute 25, 1	@ Tag_ABI_align8_preserved
   9              		.eabi_attribute 26, 1	@ Tag_ABI_enum_size
  10              		.eabi_attribute 30, 2	@ Tag_ABI_optimization_goals
  11              		.eabi_attribute 34, 1	@ Tag_CPU_unaligned_access
  12              		.eabi_attribute 18, 4	@ Tag_ABI_PCS_wchar_t
  13              		.file	"stm32f10x_rtc.c"
  14              	@ GNU C (GNU Tools for ARM Embedded Processors) version 4.8.4 20140526 (release) [ARM/embedded-4_8-
  15              	@	compiled by GNU C version 4.6.4, GMP version 4.3.2, MPFR version 2.4.2, MPC version 0.8.1
  16              	@ GGC heuristics: --param ggc-min-expand=99 --param ggc-min-heapsize=131015
  17              	@ options passed:  -I . -I src -I Libraries -I Libraries/CMSIS/Include
  18              	@ -I Libraries/CMSIS/Device/ST/STM32F10x/Include
  19              	@ -I Libraries/STM32F10x_StdPeriph_Driver/inc
  20              	@ -I Libraries/STM32_USB-FS-Device_Driver/inc -I src/VCP/inc
  21              	@ -imultilib armv7-m
  22              	@ -iprefix c:\program files (x86)\gnu tools arm embedded\4.8 2014q2\bin\../lib/gcc/arm-none-eabi/4.
  23              	@ -isysroot c:\program files (x86)\gnu tools arm embedded\4.8 2014q2\bin\../arm-none-eabi
  24              	@ -MD out/stm32f10x_rtc.d -MF out/stm32f10x_rtc.d -MP
  25              	@ -MQ out/stm32f10x_rtc.o -D__USES_INITFINI__ -D STM32F10X_HD
  26              	@ -D USE_STDPERIPH_DRIVER
  27              	@ Libraries/STM32F10x_StdPeriph_Driver/src/stm32f10x_rtc.c -mcpu=cortex-m3
  28              	@ -mthumb -auxbase-strip out/stm32f10x_rtc.o -O2 -Wall -Wstrict-prototypes
  29              	@ -Wextra -std=gnu99 -ffunction-sections -fdata-sections -fverbose-asm
  30              	@ -fsingle-precision-constant
  31              	@ options enabled:  -faggressive-loop-optimizations -fauto-inc-dec
  32              	@ -fbranch-count-reg -fcaller-saves -fcombine-stack-adjustments -fcommon
  33              	@ -fcompare-elim -fcprop-registers -fcrossjumping -fcse-follow-jumps
  34              	@ -fdata-sections -fdefer-pop -fdelete-null-pointer-checks -fdevirtualize
  35              	@ -fdwarf2-cfi-asm -fearly-inlining -feliminate-unused-debug-types
  36              	@ -fexpensive-optimizations -fforward-propagate -ffunction-cse
  37              	@ -ffunction-sections -fgcse -fgcse-lm -fgnu-runtime
  38              	@ -fguess-branch-probability -fhoist-adjacent-loads -fident -fif-conversion
  39              	@ -fif-conversion2 -findirect-inlining -finline -finline-atomics
  40              	@ -finline-functions-called-once -finline-small-functions -fipa-cp
  41              	@ -fipa-profile -fipa-pure-const -fipa-reference -fipa-sra
  42              	@ -fira-hoist-pressure -fira-share-save-slots -fira-share-spill-slots
  43              	@ -fivopts -fkeep-static-consts -fleading-underscore -fmath-errno
  44              	@ -fmerge-constants -fmerge-debug-strings -fmove-loop-invariants
  45              	@ -fomit-frame-pointer -foptimize-register-move -foptimize-sibling-calls
  46              	@ -foptimize-strlen -fpartial-inlining -fpeephole -fpeephole2
  47              	@ -fprefetch-loop-arrays -freg-struct-return -fregmove -freorder-blocks
  48              	@ -freorder-functions -frerun-cse-after-loop
  49              	@ -fsched-critical-path-heuristic -fsched-dep-count-heuristic
  50              	@ -fsched-group-heuristic -fsched-interblock -fsched-last-insn-heuristic
  51              	@ -fsched-pressure -fsched-rank-heuristic -fsched-spec
  52              	@ -fsched-spec-insn-heuristic -fsched-stalled-insns-dep -fschedule-insns
  53              	@ -fschedule-insns2 -fsection-anchors -fshow-column -fshrink-wrap
  54              	@ -fsigned-zeros -fsingle-precision-constant -fsplit-ivs-in-unroller
  55              	@ -fsplit-wide-types -fstrict-aliasing -fstrict-overflow
  56              	@ -fstrict-volatile-bitfields -fsync-libcalls -fthread-jumps
  57              	@ -ftoplevel-reorder -ftrapping-math -ftree-bit-ccp -ftree-builtin-call-dce
ARM GAS  C:\cygwin64\tmp\ccy5iZqQ.s 			page 2


  58              	@ -ftree-ccp -ftree-ch -ftree-coalesce-vars -ftree-copy-prop
  59              	@ -ftree-copyrename -ftree-cselim -ftree-dce -ftree-dominator-opts
  60              	@ -ftree-dse -ftree-forwprop -ftree-fre -ftree-loop-if-convert
  61              	@ -ftree-loop-im -ftree-loop-ivcanon -ftree-loop-optimize
  62              	@ -ftree-parallelize-loops= -ftree-phiprop -ftree-pre -ftree-pta
  63              	@ -ftree-reassoc -ftree-scev-cprop -ftree-sink -ftree-slp-vectorize
  64              	@ -ftree-slsr -ftree-sra -ftree-switch-conversion -ftree-tail-merge
  65              	@ -ftree-ter -ftree-vect-loop-version -ftree-vrp -funit-at-a-time
  66              	@ -fverbose-asm -fzero-initialized-in-bss -mfix-cortex-m3-ldrd
  67              	@ -mlittle-endian -mpic-data-is-text-relative -msched-prolog -mthumb
  68              	@ -munaligned-access -mvectorize-with-neon-quad
  69              	
  70              		.section	.text.RTC_ITConfig,"ax",%progbits
  71              		.align	2
  72              		.global	RTC_ITConfig
  73              		.thumb
  74              		.thumb_func
  75              		.type	RTC_ITConfig, %function
  76              	RTC_ITConfig:
  77              		@ args = 0, pretend = 0, frame = 0
  78              		@ frame_needed = 0, uses_anonymous_args = 0
  79              		@ link register save eliminated.
  80 0000 054B     		ldr	r3, .L6	@ tmp117,
  81 0002 1A88     		ldrh	r2, [r3]	@,
  82 0004 92B2     		uxth	r2, r2	@ D.6751, MEM[(struct RTC_TypeDef *)1073752064B].CRH
  83 0006 19B9     		cbnz	r1, .L5	@ NewState,
  84 0008 22EA0000 		bic	r0, r2, r0	@ D.6751, D.6751, RTC_IT
  85 000c 1880     		strh	r0, [r3]	@ movhi	@ D.6751,
  86 000e 7047     		bx	lr	@
  87              	.L5:
  88 0010 1043     		orrs	r0, r0, r2	@, D.6751, RTC_IT, D.6751
  89 0012 1880     		strh	r0, [r3]	@ movhi	@ D.6751,
  90 0014 7047     		bx	lr	@
  91              	.L7:
  92 0016 00BF     		.align	2
  93              	.L6:
  94 0018 00280040 		.word	1073752064
  95              		.size	RTC_ITConfig, .-RTC_ITConfig
  96              		.section	.text.RTC_EnterConfigMode,"ax",%progbits
  97              		.align	2
  98              		.global	RTC_EnterConfigMode
  99              		.thumb
 100              		.thumb_func
 101              		.type	RTC_EnterConfigMode, %function
 102              	RTC_EnterConfigMode:
 103              		@ args = 0, pretend = 0, frame = 0
 104              		@ frame_needed = 0, uses_anonymous_args = 0
 105              		@ link register save eliminated.
 106 0000 034B     		ldr	r3, .L9	@ tmp112,
 107 0002 9A88     		ldrh	r2, [r3, #4]	@, MEM[(struct RTC_TypeDef *)1073752064B].CRL
 108 0004 92B2     		uxth	r2, r2	@ D.6754, MEM[(struct RTC_TypeDef *)1073752064B].CRL
 109 0006 42F01002 		orr	r2, r2, #16	@ D.6754, D.6754,
 110 000a 9A80     		strh	r2, [r3, #4]	@ movhi	@ D.6754, MEM[(struct RTC_TypeDef *)1073752064B].CRL
 111 000c 7047     		bx	lr	@
 112              	.L10:
 113 000e 00BF     		.align	2
 114              	.L9:
ARM GAS  C:\cygwin64\tmp\ccy5iZqQ.s 			page 3


 115 0010 00280040 		.word	1073752064
 116              		.size	RTC_EnterConfigMode, .-RTC_EnterConfigMode
 117              		.section	.text.RTC_ExitConfigMode,"ax",%progbits
 118              		.align	2
 119              		.global	RTC_ExitConfigMode
 120              		.thumb
 121              		.thumb_func
 122              		.type	RTC_ExitConfigMode, %function
 123              	RTC_ExitConfigMode:
 124              		@ args = 0, pretend = 0, frame = 0
 125              		@ frame_needed = 0, uses_anonymous_args = 0
 126              		@ link register save eliminated.
 127 0000 034A     		ldr	r2, .L12	@ tmp112,
 128 0002 9388     		ldrh	r3, [r2, #4]	@, MEM[(struct RTC_TypeDef *)1073752064B].CRL
 129 0004 23F01003 		bic	r3, r3, #16	@ D.6757, MEM[(struct RTC_TypeDef *)1073752064B].CRL,
 130 0008 1B04     		lsls	r3, r3, #16	@ D.6757, D.6757,
 131 000a 1B0C     		lsrs	r3, r3, #16	@ D.6757, D.6757,
 132 000c 9380     		strh	r3, [r2, #4]	@ movhi	@ D.6757, MEM[(struct RTC_TypeDef *)1073752064B].CRL
 133 000e 7047     		bx	lr	@
 134              	.L13:
 135              		.align	2
 136              	.L12:
 137 0010 00280040 		.word	1073752064
 138              		.size	RTC_ExitConfigMode, .-RTC_ExitConfigMode
 139              		.section	.text.RTC_GetCounter,"ax",%progbits
 140              		.align	2
 141              		.global	RTC_GetCounter
 142              		.thumb
 143              		.thumb_func
 144              		.type	RTC_GetCounter, %function
 145              	RTC_GetCounter:
 146              		@ args = 0, pretend = 0, frame = 0
 147              		@ frame_needed = 0, uses_anonymous_args = 0
 148              		@ link register save eliminated.
 149 0000 074B     		ldr	r3, .L17	@ tmp122,
 150 0002 198B     		ldrh	r1, [r3, #24]	@, MEM[(struct RTC_TypeDef *)1073752064B].CNTH
 151 0004 988B     		ldrh	r0, [r3, #28]	@, MEM[(struct RTC_TypeDef *)1073752064B].CNTL
 152 0006 1A8B     		ldrh	r2, [r3, #24]	@, MEM[(struct RTC_TypeDef *)1073752064B].CNTH
 153 0008 89B2     		uxth	r1, r1	@ high1, MEM[(struct RTC_TypeDef *)1073752064B].CNTH
 154 000a 92B2     		uxth	r2, r2	@ high2, MEM[(struct RTC_TypeDef *)1073752064B].CNTH
 155 000c 9142     		cmp	r1, r2	@ high1, high2
 156 000e 80B2     		uxth	r0, r0	@ low, MEM[(struct RTC_TypeDef *)1073752064B].CNTL
 157 0010 1DBF     		ittte	ne
 158 0012 988B     		ldrhne	r0, [r3, #28]	@, MEM[(struct RTC_TypeDef *)1073752064B].CNTL
 159 0014 80B2     		uxthne	r0, r0	@ D.6762, MEM[(struct RTC_TypeDef *)1073752064B].CNTL
 160 0016 40EA0240 		orrne	r0, r0, r2, lsl #16	@, D.6760, D.6762, high2,
 161 001a 40EA0140 		orreq	r0, r0, r1, lsl #16	@, D.6760, low, high1,
 162 001e 7047     		bx	lr	@
 163              	.L18:
 164              		.align	2
 165              	.L17:
 166 0020 00280040 		.word	1073752064
 167              		.size	RTC_GetCounter, .-RTC_GetCounter
 168              		.section	.text.RTC_SetCounter,"ax",%progbits
 169              		.align	2
 170              		.global	RTC_SetCounter
 171              		.thumb
ARM GAS  C:\cygwin64\tmp\ccy5iZqQ.s 			page 4


 172              		.thumb_func
 173              		.type	RTC_SetCounter, %function
 174              	RTC_SetCounter:
 175              		@ args = 0, pretend = 0, frame = 0
 176              		@ frame_needed = 0, uses_anonymous_args = 0
 177              		@ link register save eliminated.
 178 0000 084B     		ldr	r3, .L20	@ tmp118,
 179 0002 020C     		lsrs	r2, r0, #16	@ D.6766, CounterValue,
 180 0004 9988     		ldrh	r1, [r3, #4]	@, MEM[(struct RTC_TypeDef *)1073752064B].CRL
 181 0006 80B2     		uxth	r0, r0	@ D.6766, CounterValue
 182 0008 89B2     		uxth	r1, r1	@ D.6766, MEM[(struct RTC_TypeDef *)1073752064B].CRL
 183 000a 41F01001 		orr	r1, r1, #16	@ D.6766, D.6766,
 184 000e 9980     		strh	r1, [r3, #4]	@ movhi	@ D.6766, MEM[(struct RTC_TypeDef *)1073752064B].CRL
 185 0010 1A83     		strh	r2, [r3, #24]	@ movhi	@ D.6766, MEM[(struct RTC_TypeDef *)1073752064B].CNTH
 186 0012 9883     		strh	r0, [r3, #28]	@ movhi	@ D.6766, MEM[(struct RTC_TypeDef *)1073752064B].CNTL
 187 0014 9A88     		ldrh	r2, [r3, #4]	@, MEM[(struct RTC_TypeDef *)1073752064B].CRL
 188 0016 22F01002 		bic	r2, r2, #16	@ D.6766, MEM[(struct RTC_TypeDef *)1073752064B].CRL,
 189 001a 1204     		lsls	r2, r2, #16	@ D.6766, D.6766,
 190 001c 120C     		lsrs	r2, r2, #16	@ D.6766, D.6766,
 191 001e 9A80     		strh	r2, [r3, #4]	@ movhi	@ D.6766, MEM[(struct RTC_TypeDef *)1073752064B].CRL
 192 0020 7047     		bx	lr	@
 193              	.L21:
 194 0022 00BF     		.align	2
 195              	.L20:
 196 0024 00280040 		.word	1073752064
 197              		.size	RTC_SetCounter, .-RTC_SetCounter
 198              		.section	.text.RTC_SetPrescaler,"ax",%progbits
 199              		.align	2
 200              		.global	RTC_SetPrescaler
 201              		.thumb
 202              		.thumb_func
 203              		.type	RTC_SetPrescaler, %function
 204              	RTC_SetPrescaler:
 205              		@ args = 0, pretend = 0, frame = 0
 206              		@ frame_needed = 0, uses_anonymous_args = 0
 207              		@ link register save eliminated.
 208 0000 084B     		ldr	r3, .L23	@ tmp119,
 209 0002 C0F30342 		ubfx	r2, r0, #16, #4	@ D.6770, PrescalerValue,,
 210 0006 9988     		ldrh	r1, [r3, #4]	@, MEM[(struct RTC_TypeDef *)1073752064B].CRL
 211 0008 80B2     		uxth	r0, r0	@ D.6770, PrescalerValue
 212 000a 89B2     		uxth	r1, r1	@ D.6770, MEM[(struct RTC_TypeDef *)1073752064B].CRL
 213 000c 41F01001 		orr	r1, r1, #16	@ D.6770, D.6770,
 214 0010 9980     		strh	r1, [r3, #4]	@ movhi	@ D.6770, MEM[(struct RTC_TypeDef *)1073752064B].CRL
 215 0012 1A81     		strh	r2, [r3, #8]	@ movhi	@ D.6770, MEM[(struct RTC_TypeDef *)1073752064B].PRLH
 216 0014 9881     		strh	r0, [r3, #12]	@ movhi	@ D.6770, MEM[(struct RTC_TypeDef *)1073752064B].PRLL
 217 0016 9A88     		ldrh	r2, [r3, #4]	@, MEM[(struct RTC_TypeDef *)1073752064B].CRL
 218 0018 22F01002 		bic	r2, r2, #16	@ D.6770, MEM[(struct RTC_TypeDef *)1073752064B].CRL,
 219 001c 1204     		lsls	r2, r2, #16	@ D.6770, D.6770,
 220 001e 120C     		lsrs	r2, r2, #16	@ D.6770, D.6770,
 221 0020 9A80     		strh	r2, [r3, #4]	@ movhi	@ D.6770, MEM[(struct RTC_TypeDef *)1073752064B].CRL
 222 0022 7047     		bx	lr	@
 223              	.L24:
 224              		.align	2
 225              	.L23:
 226 0024 00280040 		.word	1073752064
 227              		.size	RTC_SetPrescaler, .-RTC_SetPrescaler
 228              		.section	.text.RTC_SetAlarm,"ax",%progbits
ARM GAS  C:\cygwin64\tmp\ccy5iZqQ.s 			page 5


 229              		.align	2
 230              		.global	RTC_SetAlarm
 231              		.thumb
 232              		.thumb_func
 233              		.type	RTC_SetAlarm, %function
 234              	RTC_SetAlarm:
 235              		@ args = 0, pretend = 0, frame = 0
 236              		@ frame_needed = 0, uses_anonymous_args = 0
 237              		@ link register save eliminated.
 238 0000 084B     		ldr	r3, .L26	@ tmp118,
 239 0002 020C     		lsrs	r2, r0, #16	@ D.6774, AlarmValue,
 240 0004 9988     		ldrh	r1, [r3, #4]	@, MEM[(struct RTC_TypeDef *)1073752064B].CRL
 241 0006 80B2     		uxth	r0, r0	@ D.6774, AlarmValue
 242 0008 89B2     		uxth	r1, r1	@ D.6774, MEM[(struct RTC_TypeDef *)1073752064B].CRL
 243 000a 41F01001 		orr	r1, r1, #16	@ D.6774, D.6774,
 244 000e 9980     		strh	r1, [r3, #4]	@ movhi	@ D.6774, MEM[(struct RTC_TypeDef *)1073752064B].CRL
 245 0010 1A84     		strh	r2, [r3, #32]	@ movhi	@ D.6774, MEM[(struct RTC_TypeDef *)1073752064B].ALRH
 246 0012 9884     		strh	r0, [r3, #36]	@ movhi	@ D.6774, MEM[(struct RTC_TypeDef *)1073752064B].ALRL
 247 0014 9A88     		ldrh	r2, [r3, #4]	@, MEM[(struct RTC_TypeDef *)1073752064B].CRL
 248 0016 22F01002 		bic	r2, r2, #16	@ D.6774, MEM[(struct RTC_TypeDef *)1073752064B].CRL,
 249 001a 1204     		lsls	r2, r2, #16	@ D.6774, D.6774,
 250 001c 120C     		lsrs	r2, r2, #16	@ D.6774, D.6774,
 251 001e 9A80     		strh	r2, [r3, #4]	@ movhi	@ D.6774, MEM[(struct RTC_TypeDef *)1073752064B].CRL
 252 0020 7047     		bx	lr	@
 253              	.L27:
 254 0022 00BF     		.align	2
 255              	.L26:
 256 0024 00280040 		.word	1073752064
 257              		.size	RTC_SetAlarm, .-RTC_SetAlarm
 258              		.section	.text.RTC_GetDivider,"ax",%progbits
 259              		.align	2
 260              		.global	RTC_GetDivider
 261              		.thumb
 262              		.thumb_func
 263              		.type	RTC_GetDivider, %function
 264              	RTC_GetDivider:
 265              		@ args = 0, pretend = 0, frame = 0
 266              		@ frame_needed = 0, uses_anonymous_args = 0
 267              		@ link register save eliminated.
 268 0000 044B     		ldr	r3, .L29	@ tmp118,
 269 0002 188A     		ldrh	r0, [r3, #16]	@, MEM[(struct RTC_TypeDef *)1073752064B].DIVH
 270 0004 9B8A     		ldrh	r3, [r3, #20]	@, MEM[(struct RTC_TypeDef *)1073752064B].DIVL
 271 0006 00F00F00 		and	r0, r0, #15	@ D.6778, MEM[(struct RTC_TypeDef *)1073752064B].DIVH,
 272 000a 9BB2     		uxth	r3, r3	@ D.6777, MEM[(struct RTC_TypeDef *)1073752064B].DIVL
 273 000c 43EA0040 		orr	r0, r3, r0, lsl #16	@,, D.6777, D.6778,
 274 0010 7047     		bx	lr	@
 275              	.L30:
 276 0012 00BF     		.align	2
 277              	.L29:
 278 0014 00280040 		.word	1073752064
 279              		.size	RTC_GetDivider, .-RTC_GetDivider
 280              		.section	.text.RTC_WaitForLastTask,"ax",%progbits
 281              		.align	2
 282              		.global	RTC_WaitForLastTask
 283              		.thumb
 284              		.thumb_func
 285              		.type	RTC_WaitForLastTask, %function
ARM GAS  C:\cygwin64\tmp\ccy5iZqQ.s 			page 6


 286              	RTC_WaitForLastTask:
 287              		@ args = 0, pretend = 0, frame = 0
 288              		@ frame_needed = 0, uses_anonymous_args = 0
 289              		@ link register save eliminated.
 290 0000 024A     		ldr	r2, .L34	@ tmp118,
 291              	.L33:
 292 0002 9388     		ldrh	r3, [r2, #4]	@, MEM[(struct RTC_TypeDef *)1073752064B].CRL
 293 0004 9B06     		lsls	r3, r3, #26	@, MEM[(struct RTC_TypeDef *)1073752064B].CRL,
 294 0006 FCD5     		bpl	.L33	@,
 295 0008 7047     		bx	lr	@
 296              	.L35:
 297 000a 00BF     		.align	2
 298              	.L34:
 299 000c 00280040 		.word	1073752064
 300              		.size	RTC_WaitForLastTask, .-RTC_WaitForLastTask
 301              		.section	.text.RTC_WaitForSynchro,"ax",%progbits
 302              		.align	2
 303              		.global	RTC_WaitForSynchro
 304              		.thumb
 305              		.thumb_func
 306              		.type	RTC_WaitForSynchro, %function
 307              	RTC_WaitForSynchro:
 308              		@ args = 0, pretend = 0, frame = 0
 309              		@ frame_needed = 0, uses_anonymous_args = 0
 310              		@ link register save eliminated.
 311 0000 0549     		ldr	r1, .L39	@ tmp114,
 312 0002 8B88     		ldrh	r3, [r1, #4]	@, MEM[(struct RTC_TypeDef *)1073752064B].CRL
 313 0004 0A46     		mov	r2, r1	@ tmp126, tmp114
 314 0006 23F00803 		bic	r3, r3, #8	@ D.6784, MEM[(struct RTC_TypeDef *)1073752064B].CRL,
 315 000a 1B04     		lsls	r3, r3, #16	@ D.6784, D.6784,
 316 000c 1B0C     		lsrs	r3, r3, #16	@ D.6784, D.6784,
 317 000e 8B80     		strh	r3, [r1, #4]	@ movhi	@ D.6784, MEM[(struct RTC_TypeDef *)1073752064B].CRL
 318              	.L38:
 319 0010 9388     		ldrh	r3, [r2, #4]	@, MEM[(struct RTC_TypeDef *)1073752064B].CRL
 320 0012 1B07     		lsls	r3, r3, #28	@, MEM[(struct RTC_TypeDef *)1073752064B].CRL,
 321 0014 FCD5     		bpl	.L38	@,
 322 0016 7047     		bx	lr	@
 323              	.L40:
 324              		.align	2
 325              	.L39:
 326 0018 00280040 		.word	1073752064
 327              		.size	RTC_WaitForSynchro, .-RTC_WaitForSynchro
 328              		.section	.text.RTC_GetFlagStatus,"ax",%progbits
 329              		.align	2
 330              		.global	RTC_GetFlagStatus
 331              		.thumb
 332              		.thumb_func
 333              		.type	RTC_GetFlagStatus, %function
 334              	RTC_GetFlagStatus:
 335              		@ args = 0, pretend = 0, frame = 0
 336              		@ frame_needed = 0, uses_anonymous_args = 0
 337              		@ link register save eliminated.
 338 0000 034B     		ldr	r3, .L42	@ tmp116,
 339 0002 9B88     		ldrh	r3, [r3, #4]	@, MEM[(struct RTC_TypeDef *)1073752064B].CRL
 340 0004 1842     		tst	r0, r3	@ RTC_FLAG, MEM[(struct RTC_TypeDef *)1073752064B].CRL
 341 0006 0CBF     		ite	eq	@
 342 0008 0020     		moveq	r0, #0	@,
ARM GAS  C:\cygwin64\tmp\ccy5iZqQ.s 			page 7


 343 000a 0120     		movne	r0, #1	@,
 344 000c 7047     		bx	lr	@
 345              	.L43:
 346 000e 00BF     		.align	2
 347              	.L42:
 348 0010 00280040 		.word	1073752064
 349              		.size	RTC_GetFlagStatus, .-RTC_GetFlagStatus
 350              		.section	.text.RTC_ClearFlag,"ax",%progbits
 351              		.align	2
 352              		.global	RTC_ClearFlag
 353              		.thumb
 354              		.thumb_func
 355              		.type	RTC_ClearFlag, %function
 356              	RTC_ClearFlag:
 357              		@ args = 0, pretend = 0, frame = 0
 358              		@ frame_needed = 0, uses_anonymous_args = 0
 359              		@ link register save eliminated.
 360 0000 034B     		ldr	r3, .L45	@ tmp114,
 361 0002 9A88     		ldrh	r2, [r3, #4]	@, MEM[(struct RTC_TypeDef *)1073752064B].CRL
 362 0004 92B2     		uxth	r2, r2	@ D.6792, MEM[(struct RTC_TypeDef *)1073752064B].CRL
 363 0006 22EA0000 		bic	r0, r2, r0	@ D.6792, D.6792, RTC_FLAG
 364 000a 9880     		strh	r0, [r3, #4]	@ movhi	@ D.6792, MEM[(struct RTC_TypeDef *)1073752064B].CRL
 365 000c 7047     		bx	lr	@
 366              	.L46:
 367 000e 00BF     		.align	2
 368              	.L45:
 369 0010 00280040 		.word	1073752064
 370              		.size	RTC_ClearFlag, .-RTC_ClearFlag
 371              		.section	.text.RTC_GetITStatus,"ax",%progbits
 372              		.align	2
 373              		.global	RTC_GetITStatus
 374              		.thumb
 375              		.thumb_func
 376              		.type	RTC_GetITStatus, %function
 377              	RTC_GetITStatus:
 378              		@ args = 0, pretend = 0, frame = 0
 379              		@ frame_needed = 0, uses_anonymous_args = 0
 380              		@ link register save eliminated.
 381 0000 064B     		ldr	r3, .L50	@ tmp120,
 382 0002 9A88     		ldrh	r2, [r3, #4]	@, MEM[(struct RTC_TypeDef *)1073752064B].CRL
 383 0004 1B88     		ldrh	r3, [r3]	@, MEM[(struct RTC_TypeDef *)1073752064B].CRH
 384 0006 92B2     		uxth	r2, r2	@ D.6795, MEM[(struct RTC_TypeDef *)1073752064B].CRL
 385 0008 0340     		ands	r3, r0, r3	@ tmp127, RTC_IT, MEM[(struct RTC_TypeDef *)1073752064B].CRH
 386 000a 05D0     		beq	.L49	@,
 387 000c 1040     		ands	r0, r0, r2	@, tmp130, RTC_IT, D.6795
 388 000e C0B2     		uxtb	r0, r0	@ tmp132, tmp130
 389 0010 0030     		adds	r0, r0, #0	@ bitstatus, tmp132,
 390 0012 18BF     		it	ne
 391 0014 0120     		movne	r0, #1	@ bitstatus,
 392 0016 7047     		bx	lr	@
 393              	.L49:
 394 0018 1846     		mov	r0, r3	@ bitstatus, tmp127
 395 001a 7047     		bx	lr	@
 396              	.L51:
 397              		.align	2
 398              	.L50:
 399 001c 00280040 		.word	1073752064
ARM GAS  C:\cygwin64\tmp\ccy5iZqQ.s 			page 8


 400              		.size	RTC_GetITStatus, .-RTC_GetITStatus
 401              		.section	.text.RTC_ClearITPendingBit,"ax",%progbits
 402              		.align	2
 403              		.global	RTC_ClearITPendingBit
 404              		.thumb
 405              		.thumb_func
 406              		.type	RTC_ClearITPendingBit, %function
 407              	RTC_ClearITPendingBit:
 408              		@ args = 0, pretend = 0, frame = 0
 409              		@ frame_needed = 0, uses_anonymous_args = 0
 410              		@ link register save eliminated.
 411 0000 034B     		ldr	r3, .L53	@ tmp114,
 412 0002 9A88     		ldrh	r2, [r3, #4]	@, MEM[(struct RTC_TypeDef *)1073752064B].CRL
 413 0004 92B2     		uxth	r2, r2	@ D.6800, MEM[(struct RTC_TypeDef *)1073752064B].CRL
 414 0006 22EA0000 		bic	r0, r2, r0	@ D.6800, D.6800, RTC_IT
 415 000a 9880     		strh	r0, [r3, #4]	@ movhi	@ D.6800, MEM[(struct RTC_TypeDef *)1073752064B].CRL
 416 000c 7047     		bx	lr	@
 417              	.L54:
 418 000e 00BF     		.align	2
 419              	.L53:
 420 0010 00280040 		.word	1073752064
 421              		.size	RTC_ClearITPendingBit, .-RTC_ClearITPendingBit
 422              		.ident	"GCC: (GNU Tools for ARM Embedded Processors) 4.8.4 20140526 (release) [ARM/embedded-4_8-br
ARM GAS  C:\cygwin64\tmp\ccy5iZqQ.s 			page 9


DEFINED SYMBOLS
                            *ABS*:00000000 stm32f10x_rtc.c
C:\cygwin64\tmp\ccy5iZqQ.s:71     .text.RTC_ITConfig:00000000 $t
C:\cygwin64\tmp\ccy5iZqQ.s:76     .text.RTC_ITConfig:00000000 RTC_ITConfig
C:\cygwin64\tmp\ccy5iZqQ.s:94     .text.RTC_ITConfig:00000018 $d
C:\cygwin64\tmp\ccy5iZqQ.s:97     .text.RTC_EnterConfigMode:00000000 $t
C:\cygwin64\tmp\ccy5iZqQ.s:102    .text.RTC_EnterConfigMode:00000000 RTC_EnterConfigMode
C:\cygwin64\tmp\ccy5iZqQ.s:115    .text.RTC_EnterConfigMode:00000010 $d
C:\cygwin64\tmp\ccy5iZqQ.s:118    .text.RTC_ExitConfigMode:00000000 $t
C:\cygwin64\tmp\ccy5iZqQ.s:123    .text.RTC_ExitConfigMode:00000000 RTC_ExitConfigMode
C:\cygwin64\tmp\ccy5iZqQ.s:137    .text.RTC_ExitConfigMode:00000010 $d
C:\cygwin64\tmp\ccy5iZqQ.s:140    .text.RTC_GetCounter:00000000 $t
C:\cygwin64\tmp\ccy5iZqQ.s:145    .text.RTC_GetCounter:00000000 RTC_GetCounter
C:\cygwin64\tmp\ccy5iZqQ.s:166    .text.RTC_GetCounter:00000020 $d
C:\cygwin64\tmp\ccy5iZqQ.s:169    .text.RTC_SetCounter:00000000 $t
C:\cygwin64\tmp\ccy5iZqQ.s:174    .text.RTC_SetCounter:00000000 RTC_SetCounter
C:\cygwin64\tmp\ccy5iZqQ.s:196    .text.RTC_SetCounter:00000024 $d
C:\cygwin64\tmp\ccy5iZqQ.s:199    .text.RTC_SetPrescaler:00000000 $t
C:\cygwin64\tmp\ccy5iZqQ.s:204    .text.RTC_SetPrescaler:00000000 RTC_SetPrescaler
C:\cygwin64\tmp\ccy5iZqQ.s:226    .text.RTC_SetPrescaler:00000024 $d
C:\cygwin64\tmp\ccy5iZqQ.s:229    .text.RTC_SetAlarm:00000000 $t
C:\cygwin64\tmp\ccy5iZqQ.s:234    .text.RTC_SetAlarm:00000000 RTC_SetAlarm
C:\cygwin64\tmp\ccy5iZqQ.s:256    .text.RTC_SetAlarm:00000024 $d
C:\cygwin64\tmp\ccy5iZqQ.s:259    .text.RTC_GetDivider:00000000 $t
C:\cygwin64\tmp\ccy5iZqQ.s:264    .text.RTC_GetDivider:00000000 RTC_GetDivider
C:\cygwin64\tmp\ccy5iZqQ.s:278    .text.RTC_GetDivider:00000014 $d
C:\cygwin64\tmp\ccy5iZqQ.s:281    .text.RTC_WaitForLastTask:00000000 $t
C:\cygwin64\tmp\ccy5iZqQ.s:286    .text.RTC_WaitForLastTask:00000000 RTC_WaitForLastTask
C:\cygwin64\tmp\ccy5iZqQ.s:299    .text.RTC_WaitForLastTask:0000000c $d
C:\cygwin64\tmp\ccy5iZqQ.s:302    .text.RTC_WaitForSynchro:00000000 $t
C:\cygwin64\tmp\ccy5iZqQ.s:307    .text.RTC_WaitForSynchro:00000000 RTC_WaitForSynchro
C:\cygwin64\tmp\ccy5iZqQ.s:326    .text.RTC_WaitForSynchro:00000018 $d
C:\cygwin64\tmp\ccy5iZqQ.s:329    .text.RTC_GetFlagStatus:00000000 $t
C:\cygwin64\tmp\ccy5iZqQ.s:334    .text.RTC_GetFlagStatus:00000000 RTC_GetFlagStatus
C:\cygwin64\tmp\ccy5iZqQ.s:348    .text.RTC_GetFlagStatus:00000010 $d
C:\cygwin64\tmp\ccy5iZqQ.s:351    .text.RTC_ClearFlag:00000000 $t
C:\cygwin64\tmp\ccy5iZqQ.s:356    .text.RTC_ClearFlag:00000000 RTC_ClearFlag
C:\cygwin64\tmp\ccy5iZqQ.s:369    .text.RTC_ClearFlag:00000010 $d
C:\cygwin64\tmp\ccy5iZqQ.s:372    .text.RTC_GetITStatus:00000000 $t
C:\cygwin64\tmp\ccy5iZqQ.s:377    .text.RTC_GetITStatus:00000000 RTC_GetITStatus
C:\cygwin64\tmp\ccy5iZqQ.s:399    .text.RTC_GetITStatus:0000001c $d
C:\cygwin64\tmp\ccy5iZqQ.s:402    .text.RTC_ClearITPendingBit:00000000 $t
C:\cygwin64\tmp\ccy5iZqQ.s:407    .text.RTC_ClearITPendingBit:00000000 RTC_ClearITPendingBit
C:\cygwin64\tmp\ccy5iZqQ.s:420    .text.RTC_ClearITPendingBit:00000010 $d

NO UNDEFINED SYMBOLS
