ARM GAS  C:\cygwin64\tmp\ccBsDAaG.s 			page 1


   1              		.syntax unified
   2              		.cpu cortex-m3
   3              		.fpu softvfp
   4              		.eabi_attribute 20, 1	@ Tag_ABI_FP_denormal
   5              		.eabi_attribute 21, 1	@ Tag_ABI_FP_exceptions
   6              		.eabi_attribute 23, 3	@ Tag_ABI_FP_number_model
   7              		.eabi_attribute 24, 1	@ Tag_ABI_align8_needed
   8              		.eabi_attribute 25, 1	@ Tag_ABI_align8_preserved
   9              		.eabi_attribute 26, 1	@ Tag_ABI_enum_size
  10              		.eabi_attribute 30, 2	@ Tag_ABI_optimization_goals
  11              		.eabi_attribute 34, 1	@ Tag_CPU_unaligned_access
  12              		.eabi_attribute 18, 4	@ Tag_ABI_PCS_wchar_t
  13              		.file	"stm32f10x_adc.c"
  14              	@ GNU C (GNU Tools for ARM Embedded Processors) version 4.8.4 20140526 (release) [ARM/embedded-4_8-
  15              	@	compiled by GNU C version 4.6.4, GMP version 4.3.2, MPFR version 2.4.2, MPC version 0.8.1
  16              	@ GGC heuristics: --param ggc-min-expand=99 --param ggc-min-heapsize=131015
  17              	@ options passed:  -I . -I src -I Libraries -I Libraries/CMSIS/Include
  18              	@ -I Libraries/CMSIS/Device/ST/STM32F10x/Include
  19              	@ -I Libraries/STM32F10x_StdPeriph_Driver/inc
  20              	@ -I Libraries/STM32_USB-FS-Device_Driver/inc -I src/VCP/inc
  21              	@ -imultilib armv7-m
  22              	@ -iprefix c:\program files (x86)\gnu tools arm embedded\4.8 2014q2\bin\../lib/gcc/arm-none-eabi/4.
  23              	@ -isysroot c:\program files (x86)\gnu tools arm embedded\4.8 2014q2\bin\../arm-none-eabi
  24              	@ -MD out/stm32f10x_adc.d -MF out/stm32f10x_adc.d -MP
  25              	@ -MQ out/stm32f10x_adc.o -D__USES_INITFINI__ -D STM32F10X_HD
  26              	@ -D USE_STDPERIPH_DRIVER
  27              	@ Libraries/STM32F10x_StdPeriph_Driver/src/stm32f10x_adc.c -mcpu=cortex-m3
  28              	@ -mthumb -auxbase-strip out/stm32f10x_adc.o -O2 -Wall -Wstrict-prototypes
  29              	@ -Wextra -std=gnu99 -ffunction-sections -fdata-sections -fverbose-asm
  30              	@ -fsingle-precision-constant
  31              	@ options enabled:  -faggressive-loop-optimizations -fauto-inc-dec
  32              	@ -fbranch-count-reg -fcaller-saves -fcombine-stack-adjustments -fcommon
  33              	@ -fcompare-elim -fcprop-registers -fcrossjumping -fcse-follow-jumps
  34              	@ -fdata-sections -fdefer-pop -fdelete-null-pointer-checks -fdevirtualize
  35              	@ -fdwarf2-cfi-asm -fearly-inlining -feliminate-unused-debug-types
  36              	@ -fexpensive-optimizations -fforward-propagate -ffunction-cse
  37              	@ -ffunction-sections -fgcse -fgcse-lm -fgnu-runtime
  38              	@ -fguess-branch-probability -fhoist-adjacent-loads -fident -fif-conversion
  39              	@ -fif-conversion2 -findirect-inlining -finline -finline-atomics
  40              	@ -finline-functions-called-once -finline-small-functions -fipa-cp
  41              	@ -fipa-profile -fipa-pure-const -fipa-reference -fipa-sra
  42              	@ -fira-hoist-pressure -fira-share-save-slots -fira-share-spill-slots
  43              	@ -fivopts -fkeep-static-consts -fleading-underscore -fmath-errno
  44              	@ -fmerge-constants -fmerge-debug-strings -fmove-loop-invariants
  45              	@ -fomit-frame-pointer -foptimize-register-move -foptimize-sibling-calls
  46              	@ -foptimize-strlen -fpartial-inlining -fpeephole -fpeephole2
  47              	@ -fprefetch-loop-arrays -freg-struct-return -fregmove -freorder-blocks
  48              	@ -freorder-functions -frerun-cse-after-loop
  49              	@ -fsched-critical-path-heuristic -fsched-dep-count-heuristic
  50              	@ -fsched-group-heuristic -fsched-interblock -fsched-last-insn-heuristic
  51              	@ -fsched-pressure -fsched-rank-heuristic -fsched-spec
  52              	@ -fsched-spec-insn-heuristic -fsched-stalled-insns-dep -fschedule-insns
  53              	@ -fschedule-insns2 -fsection-anchors -fshow-column -fshrink-wrap
  54              	@ -fsigned-zeros -fsingle-precision-constant -fsplit-ivs-in-unroller
  55              	@ -fsplit-wide-types -fstrict-aliasing -fstrict-overflow
  56              	@ -fstrict-volatile-bitfields -fsync-libcalls -fthread-jumps
  57              	@ -ftoplevel-reorder -ftrapping-math -ftree-bit-ccp -ftree-builtin-call-dce
ARM GAS  C:\cygwin64\tmp\ccBsDAaG.s 			page 2


  58              	@ -ftree-ccp -ftree-ch -ftree-coalesce-vars -ftree-copy-prop
  59              	@ -ftree-copyrename -ftree-cselim -ftree-dce -ftree-dominator-opts
  60              	@ -ftree-dse -ftree-forwprop -ftree-fre -ftree-loop-if-convert
  61              	@ -ftree-loop-im -ftree-loop-ivcanon -ftree-loop-optimize
  62              	@ -ftree-parallelize-loops= -ftree-phiprop -ftree-pre -ftree-pta
  63              	@ -ftree-reassoc -ftree-scev-cprop -ftree-sink -ftree-slp-vectorize
  64              	@ -ftree-slsr -ftree-sra -ftree-switch-conversion -ftree-tail-merge
  65              	@ -ftree-ter -ftree-vect-loop-version -ftree-vrp -funit-at-a-time
  66              	@ -fverbose-asm -fzero-initialized-in-bss -mfix-cortex-m3-ldrd
  67              	@ -mlittle-endian -mpic-data-is-text-relative -msched-prolog -mthumb
  68              	@ -munaligned-access -mvectorize-with-neon-quad
  69              	
  70              		.section	.text.ADC_DeInit,"ax",%progbits
  71              		.align	2
  72              		.global	ADC_DeInit
  73              		.thumb
  74              		.thumb_func
  75              		.type	ADC_DeInit, %function
  76              	ADC_DeInit:
  77              		@ args = 0, pretend = 0, frame = 0
  78              		@ frame_needed = 0, uses_anonymous_args = 0
  79 0000 08B5     		push	{r3, lr}	@
  80 0002 174B     		ldr	r3, .L9	@ tmp111,
  81 0004 9842     		cmp	r0, r3	@ ADCx, tmp111
  82 0006 12D0     		beq	.L6	@,
  83 0008 164B     		ldr	r3, .L9+4	@ tmp112,
  84 000a 9842     		cmp	r0, r3	@ ADCx, tmp112
  85 000c 1BD0     		beq	.L7	@,
  86 000e 164B     		ldr	r3, .L9+8	@ tmp113,
  87 0010 9842     		cmp	r0, r3	@ ADCx, tmp113
  88 0012 00D0     		beq	.L8	@,
  89 0014 08BD     		pop	{r3, pc}	@
  90              	.L8:
  91 0016 4FF40040 		mov	r0, #32768	@,
  92 001a 0121     		movs	r1, #1	@,
  93 001c FFF7FEFF 		bl	RCC_APB2PeriphResetCmd	@
  94 0020 BDE80840 		pop	{r3, lr}	@
  95 0024 4FF40040 		mov	r0, #32768	@,
  96 0028 0021     		movs	r1, #0	@,
  97 002a FFF7FEBF 		b	RCC_APB2PeriphResetCmd	@
  98              	.L6:
  99 002e 4FF40070 		mov	r0, #512	@,
 100 0032 0121     		movs	r1, #1	@,
 101 0034 FFF7FEFF 		bl	RCC_APB2PeriphResetCmd	@
 102 0038 BDE80840 		pop	{r3, lr}	@
 103 003c 4FF40070 		mov	r0, #512	@,
 104 0040 0021     		movs	r1, #0	@,
 105 0042 FFF7FEBF 		b	RCC_APB2PeriphResetCmd	@
 106              	.L7:
 107 0046 4FF48060 		mov	r0, #1024	@,
 108 004a 0121     		movs	r1, #1	@,
 109 004c FFF7FEFF 		bl	RCC_APB2PeriphResetCmd	@
 110 0050 BDE80840 		pop	{r3, lr}	@
 111 0054 4FF48060 		mov	r0, #1024	@,
 112 0058 0021     		movs	r1, #0	@,
 113 005a FFF7FEBF 		b	RCC_APB2PeriphResetCmd	@
 114              	.L10:
ARM GAS  C:\cygwin64\tmp\ccBsDAaG.s 			page 3


 115 005e 00BF     		.align	2
 116              	.L9:
 117 0060 00240140 		.word	1073816576
 118 0064 00280140 		.word	1073817600
 119 0068 003C0140 		.word	1073822720
 120              		.size	ADC_DeInit, .-ADC_DeInit
 121              		.section	.text.ADC_Init,"ax",%progbits
 122              		.align	2
 123              		.global	ADC_Init
 124              		.thumb
 125              		.thumb_func
 126              		.type	ADC_Init, %function
 127              	ADC_Init:
 128              		@ args = 0, pretend = 0, frame = 0
 129              		@ frame_needed = 0, uses_anonymous_args = 0
 130              		@ link register save eliminated.
 131 0000 4368     		ldr	r3, [r0, #4]	@ tmpreg1, ADCx_2(D)->CR1
 132 0002 0A68     		ldr	r2, [r1]	@ ADC_InitStruct_5(D)->ADC_Mode, ADC_InitStruct_5(D)->ADC_Mode
 133 0004 23F47023 		bic	r3, r3, #983040	@ tmpreg1, tmpreg1,
 134 0008 30B4     		push	{r4, r5}	@
 135 000a 23F48073 		bic	r3, r3, #256	@ tmpreg1, tmpreg1,
 136 000e 0C79     		ldrb	r4, [r1, #4]	@ zero_extendqisi2	@ D.7054, ADC_InitStruct_5(D)->ADC_ScanConvMode
 137 0010 1343     		orrs	r3, r3, r2	@, D.7054, tmpreg1, ADC_InitStruct_5(D)->ADC_Mode
 138 0012 43EA0423 		orr	r3, r3, r4, lsl #8	@, tmpreg1, D.7054, D.7054,
 139 0016 4360     		str	r3, [r0, #4]	@ tmpreg1, ADCx_2(D)->CR1
 140 0018 8568     		ldr	r5, [r0, #8]	@ tmpreg1, ADCx_2(D)->CR2
 141 001a 8C68     		ldr	r4, [r1, #8]	@ ADC_InitStruct_5(D)->ADC_ExternalTrigConv, ADC_InitStruct_5(D)->ADC_ExternalTri
 142 001c CA68     		ldr	r2, [r1, #12]	@ ADC_InitStruct_5(D)->ADC_DataAlign, ADC_InitStruct_5(D)->ADC_DataAlign
 143 001e 094B     		ldr	r3, .L12	@ tmpreg1,
 144 0020 2243     		orrs	r2, r2, r4	@, D.7054, ADC_InitStruct_5(D)->ADC_DataAlign, ADC_InitStruct_5(D)->ADC_ExternalTr
 145 0022 2B40     		ands	r3, r3, r5	@, tmpreg1, tmpreg1, tmpreg1
 146 0024 4D79     		ldrb	r5, [r1, #5]	@ zero_extendqisi2	@ D.7054, ADC_InitStruct_5(D)->ADC_ContinuousConvMode
 147 0026 1343     		orrs	r3, r3, r2	@, D.7054, tmpreg1, D.7054
 148 0028 43EA4503 		orr	r3, r3, r5, lsl #1	@, tmpreg1, D.7054, D.7054,
 149 002c 8360     		str	r3, [r0, #8]	@ tmpreg1, ADCx_2(D)->CR2
 150 002e 0B7C     		ldrb	r3, [r1, #16]	@ zero_extendqisi2	@ ADC_InitStruct_5(D)->ADC_NbrOfChannel, ADC_InitStruct_5(D)
 151 0030 C26A     		ldr	r2, [r0, #44]	@ tmpreg1, ADCx_2(D)->SQR1
 152 0032 013B     		subs	r3, r3, #1	@ tmp151, ADC_InitStruct_5(D)->ADC_NbrOfChannel,
 153 0034 DBB2     		uxtb	r3, r3	@ D.7054, tmp151
 154 0036 22F47002 		bic	r2, r2, #15728640	@ tmpreg1, tmpreg1,
 155 003a 42EA0353 		orr	r3, r2, r3, lsl #20	@, tmpreg1, tmpreg1, D.7054,
 156 003e C362     		str	r3, [r0, #44]	@ tmpreg1, ADCx_2(D)->SQR1
 157 0040 30BC     		pop	{r4, r5}	@
 158 0042 7047     		bx	lr	@
 159              	.L13:
 160              		.align	2
 161              	.L12:
 162 0044 FDF7F1FF 		.word	-919555
 163              		.size	ADC_Init, .-ADC_Init
 164              		.section	.text.ADC_StructInit,"ax",%progbits
 165              		.align	2
 166              		.global	ADC_StructInit
 167              		.thumb
 168              		.thumb_func
 169              		.type	ADC_StructInit, %function
 170              	ADC_StructInit:
 171              		@ args = 0, pretend = 0, frame = 0
ARM GAS  C:\cygwin64\tmp\ccBsDAaG.s 			page 4


 172              		@ frame_needed = 0, uses_anonymous_args = 0
 173              		@ link register save eliminated.
 174 0000 0023     		movs	r3, #0	@ tmp111,
 175 0002 0122     		movs	r2, #1	@ tmp118,
 176 0004 0274     		strb	r2, [r0, #16]	@ tmp118, ADC_InitStruct_2(D)->ADC_NbrOfChannel
 177 0006 0360     		str	r3, [r0]	@ tmp111, ADC_InitStruct_2(D)->ADC_Mode
 178 0008 0371     		strb	r3, [r0, #4]	@ tmp111, ADC_InitStruct_2(D)->ADC_ScanConvMode
 179 000a 4371     		strb	r3, [r0, #5]	@ tmp111, ADC_InitStruct_2(D)->ADC_ContinuousConvMode
 180 000c 8360     		str	r3, [r0, #8]	@ tmp111, ADC_InitStruct_2(D)->ADC_ExternalTrigConv
 181 000e C360     		str	r3, [r0, #12]	@ tmp111, ADC_InitStruct_2(D)->ADC_DataAlign
 182 0010 7047     		bx	lr	@
 183              		.size	ADC_StructInit, .-ADC_StructInit
 184 0012 00BF     		.section	.text.ADC_Cmd,"ax",%progbits
 185              		.align	2
 186              		.global	ADC_Cmd
 187              		.thumb
 188              		.thumb_func
 189              		.type	ADC_Cmd, %function
 190              	ADC_Cmd:
 191              		@ args = 0, pretend = 0, frame = 0
 192              		@ frame_needed = 0, uses_anonymous_args = 0
 193              		@ link register save eliminated.
 194 0000 8368     		ldr	r3, [r0, #8]	@ D.7061,
 195 0002 19B9     		cbnz	r1, .L18	@ NewState,
 196 0004 23F00103 		bic	r3, r3, #1	@ D.7061, D.7061,
 197 0008 8360     		str	r3, [r0, #8]	@ D.7061,
 198 000a 7047     		bx	lr	@
 199              	.L18:
 200 000c 43F00103 		orr	r3, r3, #1	@ D.7061, D.7061,
 201 0010 8360     		str	r3, [r0, #8]	@ D.7061,
 202 0012 7047     		bx	lr	@
 203              		.size	ADC_Cmd, .-ADC_Cmd
 204              		.section	.text.ADC_DMACmd,"ax",%progbits
 205              		.align	2
 206              		.global	ADC_DMACmd
 207              		.thumb
 208              		.thumb_func
 209              		.type	ADC_DMACmd, %function
 210              	ADC_DMACmd:
 211              		@ args = 0, pretend = 0, frame = 0
 212              		@ frame_needed = 0, uses_anonymous_args = 0
 213              		@ link register save eliminated.
 214 0000 8368     		ldr	r3, [r0, #8]	@ D.7064,
 215 0002 19B9     		cbnz	r1, .L22	@ NewState,
 216 0004 23F48073 		bic	r3, r3, #256	@ D.7064, D.7064,
 217 0008 8360     		str	r3, [r0, #8]	@ D.7064,
 218 000a 7047     		bx	lr	@
 219              	.L22:
 220 000c 43F48073 		orr	r3, r3, #256	@ D.7064, D.7064,
 221 0010 8360     		str	r3, [r0, #8]	@ D.7064,
 222 0012 7047     		bx	lr	@
 223              		.size	ADC_DMACmd, .-ADC_DMACmd
 224              		.section	.text.ADC_ITConfig,"ax",%progbits
 225              		.align	2
 226              		.global	ADC_ITConfig
 227              		.thumb
 228              		.thumb_func
ARM GAS  C:\cygwin64\tmp\ccBsDAaG.s 			page 5


 229              		.type	ADC_ITConfig, %function
 230              	ADC_ITConfig:
 231              		@ args = 0, pretend = 0, frame = 0
 232              		@ frame_needed = 0, uses_anonymous_args = 0
 233              		@ link register save eliminated.
 234 0000 C9B2     		uxtb	r1, r1	@ itmask, ADC_IT
 235 0002 4368     		ldr	r3, [r0, #4]	@ D.7067,
 236 0004 1AB9     		cbnz	r2, .L26	@ NewState,
 237 0006 23EA0101 		bic	r1, r3, r1	@ D.7067, D.7067, itmask
 238 000a 4160     		str	r1, [r0, #4]	@ D.7067,
 239 000c 7047     		bx	lr	@
 240              	.L26:
 241 000e 1943     		orrs	r1, r1, r3	@, D.7067, itmask, D.7067
 242 0010 4160     		str	r1, [r0, #4]	@ D.7067,
 243 0012 7047     		bx	lr	@
 244              		.size	ADC_ITConfig, .-ADC_ITConfig
 245              		.section	.text.ADC_ResetCalibration,"ax",%progbits
 246              		.align	2
 247              		.global	ADC_ResetCalibration
 248              		.thumb
 249              		.thumb_func
 250              		.type	ADC_ResetCalibration, %function
 251              	ADC_ResetCalibration:
 252              		@ args = 0, pretend = 0, frame = 0
 253              		@ frame_needed = 0, uses_anonymous_args = 0
 254              		@ link register save eliminated.
 255 0000 8368     		ldr	r3, [r0, #8]	@ D.7070, ADCx_2(D)->CR2
 256 0002 43F00803 		orr	r3, r3, #8	@ D.7070, D.7070,
 257 0006 8360     		str	r3, [r0, #8]	@ D.7070, ADCx_2(D)->CR2
 258 0008 7047     		bx	lr	@
 259              		.size	ADC_ResetCalibration, .-ADC_ResetCalibration
 260 000a 00BF     		.section	.text.ADC_GetResetCalibrationStatus,"ax",%progbits
 261              		.align	2
 262              		.global	ADC_GetResetCalibrationStatus
 263              		.thumb
 264              		.thumb_func
 265              		.type	ADC_GetResetCalibrationStatus, %function
 266              	ADC_GetResetCalibrationStatus:
 267              		@ args = 0, pretend = 0, frame = 0
 268              		@ frame_needed = 0, uses_anonymous_args = 0
 269              		@ link register save eliminated.
 270 0000 8068     		ldr	r0, [r0, #8]	@ D.7073, ADCx_3(D)->CR2
 271 0002 C0F3C000 		ubfx	r0, r0, #3, #1	@, D.7073,,
 272 0006 7047     		bx	lr	@
 273              		.size	ADC_GetResetCalibrationStatus, .-ADC_GetResetCalibrationStatus
 274              		.section	.text.ADC_StartCalibration,"ax",%progbits
 275              		.align	2
 276              		.global	ADC_StartCalibration
 277              		.thumb
 278              		.thumb_func
 279              		.type	ADC_StartCalibration, %function
 280              	ADC_StartCalibration:
 281              		@ args = 0, pretend = 0, frame = 0
 282              		@ frame_needed = 0, uses_anonymous_args = 0
 283              		@ link register save eliminated.
 284 0000 8368     		ldr	r3, [r0, #8]	@ D.7078, ADCx_2(D)->CR2
 285 0002 43F00403 		orr	r3, r3, #4	@ D.7078, D.7078,
ARM GAS  C:\cygwin64\tmp\ccBsDAaG.s 			page 6


 286 0006 8360     		str	r3, [r0, #8]	@ D.7078, ADCx_2(D)->CR2
 287 0008 7047     		bx	lr	@
 288              		.size	ADC_StartCalibration, .-ADC_StartCalibration
 289 000a 00BF     		.section	.text.ADC_GetCalibrationStatus,"ax",%progbits
 290              		.align	2
 291              		.global	ADC_GetCalibrationStatus
 292              		.thumb
 293              		.thumb_func
 294              		.type	ADC_GetCalibrationStatus, %function
 295              	ADC_GetCalibrationStatus:
 296              		@ args = 0, pretend = 0, frame = 0
 297              		@ frame_needed = 0, uses_anonymous_args = 0
 298              		@ link register save eliminated.
 299 0000 8068     		ldr	r0, [r0, #8]	@ D.7081, ADCx_3(D)->CR2
 300 0002 C0F38000 		ubfx	r0, r0, #2, #1	@, D.7081,,
 301 0006 7047     		bx	lr	@
 302              		.size	ADC_GetCalibrationStatus, .-ADC_GetCalibrationStatus
 303              		.section	.text.ADC_SoftwareStartConvCmd,"ax",%progbits
 304              		.align	2
 305              		.global	ADC_SoftwareStartConvCmd
 306              		.thumb
 307              		.thumb_func
 308              		.type	ADC_SoftwareStartConvCmd, %function
 309              	ADC_SoftwareStartConvCmd:
 310              		@ args = 0, pretend = 0, frame = 0
 311              		@ frame_needed = 0, uses_anonymous_args = 0
 312              		@ link register save eliminated.
 313 0000 8368     		ldr	r3, [r0, #8]	@ D.7086,
 314 0002 19B9     		cbnz	r1, .L34	@ NewState,
 315 0004 23F4A003 		bic	r3, r3, #5242880	@ D.7086, D.7086,
 316 0008 8360     		str	r3, [r0, #8]	@ D.7086,
 317 000a 7047     		bx	lr	@
 318              	.L34:
 319 000c 43F4A003 		orr	r3, r3, #5242880	@ D.7086, D.7086,
 320 0010 8360     		str	r3, [r0, #8]	@ D.7086,
 321 0012 7047     		bx	lr	@
 322              		.size	ADC_SoftwareStartConvCmd, .-ADC_SoftwareStartConvCmd
 323              		.section	.text.ADC_GetSoftwareStartConvStatus,"ax",%progbits
 324              		.align	2
 325              		.global	ADC_GetSoftwareStartConvStatus
 326              		.thumb
 327              		.thumb_func
 328              		.type	ADC_GetSoftwareStartConvStatus, %function
 329              	ADC_GetSoftwareStartConvStatus:
 330              		@ args = 0, pretend = 0, frame = 0
 331              		@ frame_needed = 0, uses_anonymous_args = 0
 332              		@ link register save eliminated.
 333 0000 8068     		ldr	r0, [r0, #8]	@ D.7089, ADCx_3(D)->CR2
 334 0002 C0F38050 		ubfx	r0, r0, #22, #1	@, D.7089,,
 335 0006 7047     		bx	lr	@
 336              		.size	ADC_GetSoftwareStartConvStatus, .-ADC_GetSoftwareStartConvStatus
 337              		.section	.text.ADC_DiscModeChannelCountConfig,"ax",%progbits
 338              		.align	2
 339              		.global	ADC_DiscModeChannelCountConfig
 340              		.thumb
 341              		.thumb_func
 342              		.type	ADC_DiscModeChannelCountConfig, %function
ARM GAS  C:\cygwin64\tmp\ccBsDAaG.s 			page 7


 343              	ADC_DiscModeChannelCountConfig:
 344              		@ args = 0, pretend = 0, frame = 0
 345              		@ frame_needed = 0, uses_anonymous_args = 0
 346              		@ link register save eliminated.
 347 0000 4368     		ldr	r3, [r0, #4]	@ tmpreg1, ADCx_2(D)->CR1
 348 0002 0139     		subs	r1, r1, #1	@ D.7094, Number,
 349 0004 23F46043 		bic	r3, r3, #57344	@ tmpreg1, tmpreg1,
 350 0008 43EA4133 		orr	r3, r3, r1, lsl #13	@, tmpreg1, tmpreg1, D.7094,
 351 000c 4360     		str	r3, [r0, #4]	@ tmpreg1, ADCx_2(D)->CR1
 352 000e 7047     		bx	lr	@
 353              		.size	ADC_DiscModeChannelCountConfig, .-ADC_DiscModeChannelCountConfig
 354              		.section	.text.ADC_DiscModeCmd,"ax",%progbits
 355              		.align	2
 356              		.global	ADC_DiscModeCmd
 357              		.thumb
 358              		.thumb_func
 359              		.type	ADC_DiscModeCmd, %function
 360              	ADC_DiscModeCmd:
 361              		@ args = 0, pretend = 0, frame = 0
 362              		@ frame_needed = 0, uses_anonymous_args = 0
 363              		@ link register save eliminated.
 364 0000 4368     		ldr	r3, [r0, #4]	@ D.7098,
 365 0002 19B9     		cbnz	r1, .L40	@ NewState,
 366 0004 23F40063 		bic	r3, r3, #2048	@ D.7098, D.7098,
 367 0008 4360     		str	r3, [r0, #4]	@ D.7098,
 368 000a 7047     		bx	lr	@
 369              	.L40:
 370 000c 43F40063 		orr	r3, r3, #2048	@ D.7098, D.7098,
 371 0010 4360     		str	r3, [r0, #4]	@ D.7098,
 372 0012 7047     		bx	lr	@
 373              		.size	ADC_DiscModeCmd, .-ADC_DiscModeCmd
 374              		.section	.text.ADC_RegularChannelConfig,"ax",%progbits
 375              		.align	2
 376              		.global	ADC_RegularChannelConfig
 377              		.thumb
 378              		.thumb_func
 379              		.type	ADC_RegularChannelConfig, %function
 380              	ADC_RegularChannelConfig:
 381              		@ args = 0, pretend = 0, frame = 0
 382              		@ frame_needed = 0, uses_anonymous_args = 0
 383              		@ link register save eliminated.
 384 0000 0929     		cmp	r1, #9	@ ADC_Channel,
 385 0002 70B4     		push	{r4, r5, r6}	@
 386 0004 1FD9     		bls	.L42	@,
 387 0006 A1F10A04 		sub	r4, r1, #10	@ D.7101, ADC_Channel,
 388 000a 04EB4404 		add	r4, r4, r4, lsl #1	@, tmp166, D.7101, D.7101,
 389 000e 0726     		movs	r6, #7	@ tmp168,
 390 0010 A640     		lsls	r6, r6, r4	@ tmpreg2, tmp168, tmp166
 391 0012 03FA04F4 		lsl	r4, r3, r4	@ tmpreg2, ADC_SampleTime, tmp166
 392 0016 C568     		ldr	r5, [r0, #12]	@ tmpreg1, ADCx_5(D)->SMPR1
 393 0018 062A     		cmp	r2, #6	@ Rank,
 394 001a 25EA0603 		bic	r3, r5, r6	@ tmpreg1, tmpreg1, tmpreg2
 395 001e 43EA0403 		orr	r3, r3, r4	@ tmpreg1, tmpreg1, tmpreg2
 396 0022 C360     		str	r3, [r0, #12]	@ tmpreg1, ADCx_5(D)->SMPR1
 397 0024 1DD9     		bls	.L47	@,
 398              	.L44:
 399 0026 0C2A     		cmp	r2, #12	@ Rank,
ARM GAS  C:\cygwin64\tmp\ccBsDAaG.s 			page 8


 400 0028 29D9     		bls	.L48	@,
 401 002a 70BC     		pop	{r4, r5, r6}	@
 402 002c 0D3A     		subs	r2, r2, #13	@ D.7101, Rank,
 403 002e 02EB8202 		add	r2, r2, r2, lsl #2	@, tmp197, D.7101, D.7101,
 404 0032 1F23     		movs	r3, #31	@ tmp199,
 405 0034 9340     		lsls	r3, r3, r2	@ tmpreg2, tmp199, tmp197
 406 0036 01FA02F2 		lsl	r2, r1, r2	@ tmpreg2, ADC_Channel, tmp197
 407 003a C16A     		ldr	r1, [r0, #44]	@ tmpreg1, ADCx_5(D)->SQR1
 408 003c 21EA0303 		bic	r3, r1, r3	@ tmpreg1, tmpreg1, tmpreg2
 409 0040 1A43     		orrs	r2, r2, r3	@, tmpreg1, tmpreg2, tmpreg1
 410 0042 C262     		str	r2, [r0, #44]	@ tmpreg1, ADCx_5(D)->SQR1
 411 0044 7047     		bx	lr	@
 412              	.L42:
 413 0046 01EB4104 		add	r4, r1, r1, lsl #1	@, tmp173, ADC_Channel, ADC_Channel,
 414 004a 0726     		movs	r6, #7	@ tmp175,
 415 004c A640     		lsls	r6, r6, r4	@ tmpreg2, tmp175, tmp173
 416 004e 03FA04F4 		lsl	r4, r3, r4	@ tmpreg2, ADC_SampleTime, tmp173
 417 0052 0569     		ldr	r5, [r0, #16]	@ tmpreg1, ADCx_5(D)->SMPR2
 418 0054 062A     		cmp	r2, #6	@ Rank,
 419 0056 25EA0603 		bic	r3, r5, r6	@ tmpreg1, tmpreg1, tmpreg2
 420 005a 43EA0403 		orr	r3, r3, r4	@ tmpreg1, tmpreg1, tmpreg2
 421 005e 0361     		str	r3, [r0, #16]	@ tmpreg1, ADCx_5(D)->SMPR2
 422 0060 E1D8     		bhi	.L44	@,
 423              	.L47:
 424 0062 70BC     		pop	{r4, r5, r6}	@
 425 0064 013A     		subs	r2, r2, #1	@ D.7101, Rank,
 426 0066 02EB8202 		add	r2, r2, r2, lsl #2	@, tmp181, D.7101, D.7101,
 427 006a 1F23     		movs	r3, #31	@ tmp183,
 428 006c 9340     		lsls	r3, r3, r2	@ tmpreg2, tmp183, tmp181
 429 006e 01FA02F2 		lsl	r2, r1, r2	@ tmpreg2, ADC_Channel, tmp181
 430 0072 416B     		ldr	r1, [r0, #52]	@ tmpreg1, ADCx_5(D)->SQR3
 431 0074 21EA0303 		bic	r3, r1, r3	@ tmpreg1, tmpreg1, tmpreg2
 432 0078 1A43     		orrs	r2, r2, r3	@, tmpreg1, tmpreg2, tmpreg1
 433 007a 4263     		str	r2, [r0, #52]	@ tmpreg1, ADCx_5(D)->SQR3
 434 007c 7047     		bx	lr	@
 435              	.L48:
 436 007e 073A     		subs	r2, r2, #7	@ D.7101, Rank,
 437 0080 02EB8202 		add	r2, r2, r2, lsl #2	@, tmp189, D.7101, D.7101,
 438 0084 1F23     		movs	r3, #31	@ tmp191,
 439 0086 9340     		lsls	r3, r3, r2	@ tmpreg2, tmp191, tmp189
 440 0088 70BC     		pop	{r4, r5, r6}	@
 441 008a 01FA02F2 		lsl	r2, r1, r2	@ tmpreg2, ADC_Channel, tmp189
 442 008e 016B     		ldr	r1, [r0, #48]	@ tmpreg1, ADCx_5(D)->SQR2
 443 0090 21EA0303 		bic	r3, r1, r3	@ tmpreg1, tmpreg1, tmpreg2
 444 0094 1A43     		orrs	r2, r2, r3	@, tmpreg1, tmpreg2, tmpreg1
 445 0096 0263     		str	r2, [r0, #48]	@ tmpreg1, ADCx_5(D)->SQR2
 446 0098 7047     		bx	lr	@
 447              		.size	ADC_RegularChannelConfig, .-ADC_RegularChannelConfig
 448 009a 00BF     		.section	.text.ADC_ExternalTrigConvCmd,"ax",%progbits
 449              		.align	2
 450              		.global	ADC_ExternalTrigConvCmd
 451              		.thumb
 452              		.thumb_func
 453              		.type	ADC_ExternalTrigConvCmd, %function
 454              	ADC_ExternalTrigConvCmd:
 455              		@ args = 0, pretend = 0, frame = 0
 456              		@ frame_needed = 0, uses_anonymous_args = 0
ARM GAS  C:\cygwin64\tmp\ccBsDAaG.s 			page 9


 457              		@ link register save eliminated.
 458 0000 8368     		ldr	r3, [r0, #8]	@ D.7105,
 459 0002 19B9     		cbnz	r1, .L52	@ NewState,
 460 0004 23F48013 		bic	r3, r3, #1048576	@ D.7105, D.7105,
 461 0008 8360     		str	r3, [r0, #8]	@ D.7105,
 462 000a 7047     		bx	lr	@
 463              	.L52:
 464 000c 43F48013 		orr	r3, r3, #1048576	@ D.7105, D.7105,
 465 0010 8360     		str	r3, [r0, #8]	@ D.7105,
 466 0012 7047     		bx	lr	@
 467              		.size	ADC_ExternalTrigConvCmd, .-ADC_ExternalTrigConvCmd
 468              		.section	.text.ADC_GetConversionValue,"ax",%progbits
 469              		.align	2
 470              		.global	ADC_GetConversionValue
 471              		.thumb
 472              		.thumb_func
 473              		.type	ADC_GetConversionValue, %function
 474              	ADC_GetConversionValue:
 475              		@ args = 0, pretend = 0, frame = 0
 476              		@ frame_needed = 0, uses_anonymous_args = 0
 477              		@ link register save eliminated.
 478 0000 C06C     		ldr	r0, [r0, #76]	@ D.7108, ADCx_2(D)->DR
 479 0002 80B2     		uxth	r0, r0	@, D.7108
 480 0004 7047     		bx	lr	@
 481              		.size	ADC_GetConversionValue, .-ADC_GetConversionValue
 482 0006 00BF     		.section	.text.ADC_GetDualModeConversionValue,"ax",%progbits
 483              		.align	2
 484              		.global	ADC_GetDualModeConversionValue
 485              		.thumb
 486              		.thumb_func
 487              		.type	ADC_GetDualModeConversionValue, %function
 488              	ADC_GetDualModeConversionValue:
 489              		@ args = 0, pretend = 0, frame = 0
 490              		@ frame_needed = 0, uses_anonymous_args = 0
 491              		@ link register save eliminated.
 492 0000 014B     		ldr	r3, .L55	@ tmp112,
 493 0002 1868     		ldr	r0, [r3]	@ D.7112, MEM[(volatile uint32_t *)1073816652B]
 494 0004 7047     		bx	lr	@
 495              	.L56:
 496 0006 00BF     		.align	2
 497              	.L55:
 498 0008 4C240140 		.word	1073816652
 499              		.size	ADC_GetDualModeConversionValue, .-ADC_GetDualModeConversionValue
 500              		.section	.text.ADC_AutoInjectedConvCmd,"ax",%progbits
 501              		.align	2
 502              		.global	ADC_AutoInjectedConvCmd
 503              		.thumb
 504              		.thumb_func
 505              		.type	ADC_AutoInjectedConvCmd, %function
 506              	ADC_AutoInjectedConvCmd:
 507              		@ args = 0, pretend = 0, frame = 0
 508              		@ frame_needed = 0, uses_anonymous_args = 0
 509              		@ link register save eliminated.
 510 0000 4368     		ldr	r3, [r0, #4]	@ D.7115,
 511 0002 19B9     		cbnz	r1, .L60	@ NewState,
 512 0004 23F48063 		bic	r3, r3, #1024	@ D.7115, D.7115,
 513 0008 4360     		str	r3, [r0, #4]	@ D.7115,
ARM GAS  C:\cygwin64\tmp\ccBsDAaG.s 			page 10


 514 000a 7047     		bx	lr	@
 515              	.L60:
 516 000c 43F48063 		orr	r3, r3, #1024	@ D.7115, D.7115,
 517 0010 4360     		str	r3, [r0, #4]	@ D.7115,
 518 0012 7047     		bx	lr	@
 519              		.size	ADC_AutoInjectedConvCmd, .-ADC_AutoInjectedConvCmd
 520              		.section	.text.ADC_InjectedDiscModeCmd,"ax",%progbits
 521              		.align	2
 522              		.global	ADC_InjectedDiscModeCmd
 523              		.thumb
 524              		.thumb_func
 525              		.type	ADC_InjectedDiscModeCmd, %function
 526              	ADC_InjectedDiscModeCmd:
 527              		@ args = 0, pretend = 0, frame = 0
 528              		@ frame_needed = 0, uses_anonymous_args = 0
 529              		@ link register save eliminated.
 530 0000 4368     		ldr	r3, [r0, #4]	@ D.7118,
 531 0002 19B9     		cbnz	r1, .L64	@ NewState,
 532 0004 23F48053 		bic	r3, r3, #4096	@ D.7118, D.7118,
 533 0008 4360     		str	r3, [r0, #4]	@ D.7118,
 534 000a 7047     		bx	lr	@
 535              	.L64:
 536 000c 43F48053 		orr	r3, r3, #4096	@ D.7118, D.7118,
 537 0010 4360     		str	r3, [r0, #4]	@ D.7118,
 538 0012 7047     		bx	lr	@
 539              		.size	ADC_InjectedDiscModeCmd, .-ADC_InjectedDiscModeCmd
 540              		.section	.text.ADC_ExternalTrigInjectedConvConfig,"ax",%progbits
 541              		.align	2
 542              		.global	ADC_ExternalTrigInjectedConvConfig
 543              		.thumb
 544              		.thumb_func
 545              		.type	ADC_ExternalTrigInjectedConvConfig, %function
 546              	ADC_ExternalTrigInjectedConvConfig:
 547              		@ args = 0, pretend = 0, frame = 0
 548              		@ frame_needed = 0, uses_anonymous_args = 0
 549              		@ link register save eliminated.
 550 0000 8368     		ldr	r3, [r0, #8]	@ tmpreg, ADCx_2(D)->CR2
 551 0002 23F4E043 		bic	r3, r3, #28672	@ tmpreg, tmpreg,
 552 0006 1943     		orrs	r1, r1, r3	@, tmpreg, ADC_ExternalTrigInjecConv, tmpreg
 553 0008 8160     		str	r1, [r0, #8]	@ tmpreg, ADCx_2(D)->CR2
 554 000a 7047     		bx	lr	@
 555              		.size	ADC_ExternalTrigInjectedConvConfig, .-ADC_ExternalTrigInjectedConvConfig
 556              		.section	.text.ADC_ExternalTrigInjectedConvCmd,"ax",%progbits
 557              		.align	2
 558              		.global	ADC_ExternalTrigInjectedConvCmd
 559              		.thumb
 560              		.thumb_func
 561              		.type	ADC_ExternalTrigInjectedConvCmd, %function
 562              	ADC_ExternalTrigInjectedConvCmd:
 563              		@ args = 0, pretend = 0, frame = 0
 564              		@ frame_needed = 0, uses_anonymous_args = 0
 565              		@ link register save eliminated.
 566 0000 8368     		ldr	r3, [r0, #8]	@ D.7123,
 567 0002 19B9     		cbnz	r1, .L69	@ NewState,
 568 0004 23F40043 		bic	r3, r3, #32768	@ D.7123, D.7123,
 569 0008 8360     		str	r3, [r0, #8]	@ D.7123,
 570 000a 7047     		bx	lr	@
ARM GAS  C:\cygwin64\tmp\ccBsDAaG.s 			page 11


 571              	.L69:
 572 000c 43F40043 		orr	r3, r3, #32768	@ D.7123, D.7123,
 573 0010 8360     		str	r3, [r0, #8]	@ D.7123,
 574 0012 7047     		bx	lr	@
 575              		.size	ADC_ExternalTrigInjectedConvCmd, .-ADC_ExternalTrigInjectedConvCmd
 576              		.section	.text.ADC_SoftwareStartInjectedConvCmd,"ax",%progbits
 577              		.align	2
 578              		.global	ADC_SoftwareStartInjectedConvCmd
 579              		.thumb
 580              		.thumb_func
 581              		.type	ADC_SoftwareStartInjectedConvCmd, %function
 582              	ADC_SoftwareStartInjectedConvCmd:
 583              		@ args = 0, pretend = 0, frame = 0
 584              		@ frame_needed = 0, uses_anonymous_args = 0
 585              		@ link register save eliminated.
 586 0000 8368     		ldr	r3, [r0, #8]	@ D.7126,
 587 0002 19B9     		cbnz	r1, .L73	@ NewState,
 588 0004 23F40213 		bic	r3, r3, #2129920	@ D.7126, D.7126,
 589 0008 8360     		str	r3, [r0, #8]	@ D.7126,
 590 000a 7047     		bx	lr	@
 591              	.L73:
 592 000c 43F40213 		orr	r3, r3, #2129920	@ D.7126, D.7126,
 593 0010 8360     		str	r3, [r0, #8]	@ D.7126,
 594 0012 7047     		bx	lr	@
 595              		.size	ADC_SoftwareStartInjectedConvCmd, .-ADC_SoftwareStartInjectedConvCmd
 596              		.section	.text.ADC_GetSoftwareStartInjectedConvCmdStatus,"ax",%progbits
 597              		.align	2
 598              		.global	ADC_GetSoftwareStartInjectedConvCmdStatus
 599              		.thumb
 600              		.thumb_func
 601              		.type	ADC_GetSoftwareStartInjectedConvCmdStatus, %function
 602              	ADC_GetSoftwareStartInjectedConvCmdStatus:
 603              		@ args = 0, pretend = 0, frame = 0
 604              		@ frame_needed = 0, uses_anonymous_args = 0
 605              		@ link register save eliminated.
 606 0000 8068     		ldr	r0, [r0, #8]	@ D.7129, ADCx_3(D)->CR2
 607 0002 C0F34050 		ubfx	r0, r0, #21, #1	@, D.7129,,
 608 0006 7047     		bx	lr	@
 609              		.size	ADC_GetSoftwareStartInjectedConvCmdStatus, .-ADC_GetSoftwareStartInjectedConvCmdStatus
 610              		.section	.text.ADC_InjectedChannelConfig,"ax",%progbits
 611              		.align	2
 612              		.global	ADC_InjectedChannelConfig
 613              		.thumb
 614              		.thumb_func
 615              		.type	ADC_InjectedChannelConfig, %function
 616              	ADC_InjectedChannelConfig:
 617              		@ args = 0, pretend = 0, frame = 0
 618              		@ frame_needed = 0, uses_anonymous_args = 0
 619              		@ link register save eliminated.
 620 0000 0929     		cmp	r1, #9	@ ADC_Channel,
 621 0002 70B4     		push	{r4, r5, r6}	@
 622 0004 1BD8     		bhi	.L78	@,
 623 0006 01EB4104 		add	r4, r1, r1, lsl #1	@, tmp157, ADC_Channel, ADC_Channel,
 624 000a 0726     		movs	r6, #7	@ tmp159,
 625 000c A640     		lsls	r6, r6, r4	@ tmpreg2, tmp159, tmp157
 626 000e 03FA04F4 		lsl	r4, r3, r4	@ tmpreg2, ADC_SampleTime, tmp157
 627 0012 0569     		ldr	r5, [r0, #16]	@ tmpreg1, ADCx_4(D)->SMPR2
ARM GAS  C:\cygwin64\tmp\ccBsDAaG.s 			page 12


 628 0014 25EA0603 		bic	r3, r5, r6	@ tmpreg1, tmpreg1, tmpreg2
 629 0018 2343     		orrs	r3, r3, r4	@, tmpreg1, tmpreg1, tmpreg2
 630 001a 0361     		str	r3, [r0, #16]	@ tmpreg1, ADCx_4(D)->SMPR2
 631              	.L77:
 632 001c 836B     		ldr	r3, [r0, #56]	@ tmpreg1, ADCx_4(D)->JSQR
 633 001e 0232     		adds	r2, r2, #2	@ tmp162, Rank,
 634 0020 C3F30154 		ubfx	r4, r3, #20, #2	@ tmpreg3, tmpreg1,,
 635 0024 121B     		subs	r2, r2, r4	@ tmp167, tmp162, tmpreg3
 636 0026 D2B2     		uxtb	r2, r2	@ D.7134, tmp167
 637 0028 02EB8202 		add	r2, r2, r2, lsl #2	@, tmp171, D.7134, D.7134,
 638 002c 1F24     		movs	r4, #31	@ tmp173,
 639 002e 9440     		lsls	r4, r4, r2	@ tmpreg2, tmp173, tmp171
 640 0030 9140     		lsls	r1, r1, r2	@ tmpreg2, ADC_Channel, tmp171
 641 0032 23EA0403 		bic	r3, r3, r4	@ tmpreg1, tmpreg1, tmpreg2
 642 0036 0B43     		orrs	r3, r3, r1	@, tmpreg1, tmpreg1, tmpreg2
 643 0038 8363     		str	r3, [r0, #56]	@ tmpreg1, ADCx_4(D)->JSQR
 644 003a 70BC     		pop	{r4, r5, r6}	@
 645 003c 7047     		bx	lr	@
 646              	.L78:
 647 003e A1F10A04 		sub	r4, r1, #10	@ D.7134, ADC_Channel,
 648 0042 04EB4404 		add	r4, r4, r4, lsl #1	@, tmp150, D.7134, D.7134,
 649 0046 0726     		movs	r6, #7	@ tmp152,
 650 0048 A640     		lsls	r6, r6, r4	@ tmpreg2, tmp152, tmp150
 651 004a 03FA04F4 		lsl	r4, r3, r4	@ tmpreg2, ADC_SampleTime, tmp150
 652 004e C568     		ldr	r5, [r0, #12]	@ tmpreg1, ADCx_4(D)->SMPR1
 653 0050 25EA0603 		bic	r3, r5, r6	@ tmpreg1, tmpreg1, tmpreg2
 654 0054 2343     		orrs	r3, r3, r4	@, tmpreg1, tmpreg1, tmpreg2
 655 0056 C360     		str	r3, [r0, #12]	@ tmpreg1, ADCx_4(D)->SMPR1
 656 0058 E0E7     		b	.L77	@
 657              		.size	ADC_InjectedChannelConfig, .-ADC_InjectedChannelConfig
 658 005a 00BF     		.section	.text.ADC_InjectedSequencerLengthConfig,"ax",%progbits
 659              		.align	2
 660              		.global	ADC_InjectedSequencerLengthConfig
 661              		.thumb
 662              		.thumb_func
 663              		.type	ADC_InjectedSequencerLengthConfig, %function
 664              	ADC_InjectedSequencerLengthConfig:
 665              		@ args = 0, pretend = 0, frame = 0
 666              		@ frame_needed = 0, uses_anonymous_args = 0
 667              		@ link register save eliminated.
 668 0000 836B     		ldr	r3, [r0, #56]	@ tmpreg1, ADCx_2(D)->JSQR
 669 0002 0139     		subs	r1, r1, #1	@ D.7139, Length,
 670 0004 23F44013 		bic	r3, r3, #3145728	@ tmpreg1, tmpreg1,
 671 0008 43EA0153 		orr	r3, r3, r1, lsl #20	@, tmpreg1, tmpreg1, D.7139,
 672 000c 8363     		str	r3, [r0, #56]	@ tmpreg1, ADCx_2(D)->JSQR
 673 000e 7047     		bx	lr	@
 674              		.size	ADC_InjectedSequencerLengthConfig, .-ADC_InjectedSequencerLengthConfig
 675              		.section	.text.ADC_SetInjectedOffset,"ax",%progbits
 676              		.align	2
 677              		.global	ADC_SetInjectedOffset
 678              		.thumb
 679              		.thumb_func
 680              		.type	ADC_SetInjectedOffset, %function
 681              	ADC_SetInjectedOffset:
 682              		@ args = 0, pretend = 0, frame = 8
 683              		@ frame_needed = 0, uses_anonymous_args = 0
 684              		@ link register save eliminated.
ARM GAS  C:\cygwin64\tmp\ccBsDAaG.s 			page 13


 685 0000 82B0     		sub	sp, sp, #8	@,,
 686 0002 0023     		movs	r3, #0	@ tmp120,
 687 0004 0193     		str	r3, [sp, #4]	@ tmp120, tmp
 688 0006 0190     		str	r0, [sp, #4]	@ ADCx, tmp
 689 0008 019B     		ldr	r3, [sp, #4]	@ tmp.1, tmp
 690 000a 1944     		add	r1, r1, r3	@ tmp.2, tmp.1
 691 000c 0191     		str	r1, [sp, #4]	@ tmp.2, tmp
 692 000e 019B     		ldr	r3, [sp, #4]	@ tmp.3, tmp
 693 0010 1A60     		str	r2, [r3]	@ Offset, *tmp.4_12
 694 0012 02B0     		add	sp, sp, #8	@,,
 695              		@ sp needed	@
 696 0014 7047     		bx	lr	@
 697              		.size	ADC_SetInjectedOffset, .-ADC_SetInjectedOffset
 698 0016 00BF     		.section	.text.ADC_GetInjectedConversionValue,"ax",%progbits
 699              		.align	2
 700              		.global	ADC_GetInjectedConversionValue
 701              		.thumb
 702              		.thumb_func
 703              		.type	ADC_GetInjectedConversionValue, %function
 704              	ADC_GetInjectedConversionValue:
 705              		@ args = 0, pretend = 0, frame = 8
 706              		@ frame_needed = 0, uses_anonymous_args = 0
 707              		@ link register save eliminated.
 708 0000 82B0     		sub	sp, sp, #8	@,,
 709 0002 0023     		movs	r3, #0	@ tmp122,
 710 0004 0193     		str	r3, [sp, #4]	@ tmp122, tmp
 711 0006 0190     		str	r0, [sp, #4]	@ ADCx, tmp
 712 0008 019B     		ldr	r3, [sp, #4]	@ tmp.6, tmp
 713 000a 2833     		adds	r3, r3, #40	@ D.7146, tmp.6,
 714 000c 1944     		add	r1, r1, r3	@ tmp.7, D.7146
 715 000e 0191     		str	r1, [sp, #4]	@ tmp.7, tmp
 716 0010 019B     		ldr	r3, [sp, #4]	@ tmp.8, tmp
 717 0012 1868     		ldr	r0, [r3]	@ D.7146, *tmp.9_13
 718 0014 80B2     		uxth	r0, r0	@, D.7146
 719 0016 02B0     		add	sp, sp, #8	@,,
 720              		@ sp needed	@
 721 0018 7047     		bx	lr	@
 722              		.size	ADC_GetInjectedConversionValue, .-ADC_GetInjectedConversionValue
 723 001a 00BF     		.section	.text.ADC_AnalogWatchdogCmd,"ax",%progbits
 724              		.align	2
 725              		.global	ADC_AnalogWatchdogCmd
 726              		.thumb
 727              		.thumb_func
 728              		.type	ADC_AnalogWatchdogCmd, %function
 729              	ADC_AnalogWatchdogCmd:
 730              		@ args = 0, pretend = 0, frame = 0
 731              		@ frame_needed = 0, uses_anonymous_args = 0
 732              		@ link register save eliminated.
 733 0000 4368     		ldr	r3, [r0, #4]	@ tmpreg, ADCx_2(D)->CR1
 734 0002 23F44003 		bic	r3, r3, #12582912	@ tmpreg, tmpreg,
 735 0006 23F40073 		bic	r3, r3, #512	@ tmpreg, tmpreg,
 736 000a 1943     		orrs	r1, r1, r3	@, tmpreg, ADC_AnalogWatchdog, tmpreg
 737 000c 4160     		str	r1, [r0, #4]	@ tmpreg, ADCx_2(D)->CR1
 738 000e 7047     		bx	lr	@
 739              		.size	ADC_AnalogWatchdogCmd, .-ADC_AnalogWatchdogCmd
 740              		.section	.text.ADC_AnalogWatchdogThresholdsConfig,"ax",%progbits
 741              		.align	2
ARM GAS  C:\cygwin64\tmp\ccBsDAaG.s 			page 14


 742              		.global	ADC_AnalogWatchdogThresholdsConfig
 743              		.thumb
 744              		.thumb_func
 745              		.type	ADC_AnalogWatchdogThresholdsConfig, %function
 746              	ADC_AnalogWatchdogThresholdsConfig:
 747              		@ args = 0, pretend = 0, frame = 0
 748              		@ frame_needed = 0, uses_anonymous_args = 0
 749              		@ link register save eliminated.
 750 0000 4162     		str	r1, [r0, #36]	@ HighThreshold, ADCx_4(D)->HTR
 751 0002 8262     		str	r2, [r0, #40]	@ LowThreshold, ADCx_4(D)->LTR
 752 0004 7047     		bx	lr	@
 753              		.size	ADC_AnalogWatchdogThresholdsConfig, .-ADC_AnalogWatchdogThresholdsConfig
 754 0006 00BF     		.section	.text.ADC_AnalogWatchdogSingleChannelConfig,"ax",%progbits
 755              		.align	2
 756              		.global	ADC_AnalogWatchdogSingleChannelConfig
 757              		.thumb
 758              		.thumb_func
 759              		.type	ADC_AnalogWatchdogSingleChannelConfig, %function
 760              	ADC_AnalogWatchdogSingleChannelConfig:
 761              		@ args = 0, pretend = 0, frame = 0
 762              		@ frame_needed = 0, uses_anonymous_args = 0
 763              		@ link register save eliminated.
 764 0000 4368     		ldr	r3, [r0, #4]	@ tmpreg, ADCx_2(D)->CR1
 765 0002 23F01F03 		bic	r3, r3, #31	@ tmpreg, tmpreg,
 766 0006 1943     		orrs	r1, r1, r3	@, tmpreg, ADC_Channel, tmpreg
 767 0008 4160     		str	r1, [r0, #4]	@ tmpreg, ADCx_2(D)->CR1
 768 000a 7047     		bx	lr	@
 769              		.size	ADC_AnalogWatchdogSingleChannelConfig, .-ADC_AnalogWatchdogSingleChannelConfig
 770              		.section	.text.ADC_TempSensorVrefintCmd,"ax",%progbits
 771              		.align	2
 772              		.global	ADC_TempSensorVrefintCmd
 773              		.thumb
 774              		.thumb_func
 775              		.type	ADC_TempSensorVrefintCmd, %function
 776              	ADC_TempSensorVrefintCmd:
 777              		@ args = 0, pretend = 0, frame = 0
 778              		@ frame_needed = 0, uses_anonymous_args = 0
 779              		@ link register save eliminated.
 780 0000 054B     		ldr	r3, .L89	@ tmp115,
 781 0002 9A68     		ldr	r2, [r3, #8]	@ D.7158,
 782 0004 18B9     		cbnz	r0, .L88	@ NewState,
 783 0006 22F40002 		bic	r2, r2, #8388608	@ D.7158, D.7158,
 784 000a 9A60     		str	r2, [r3, #8]	@ D.7158,
 785 000c 7047     		bx	lr	@
 786              	.L88:
 787 000e 42F40002 		orr	r2, r2, #8388608	@ D.7158, D.7158,
 788 0012 9A60     		str	r2, [r3, #8]	@ D.7158,
 789 0014 7047     		bx	lr	@
 790              	.L90:
 791 0016 00BF     		.align	2
 792              	.L89:
 793 0018 00240140 		.word	1073816576
 794              		.size	ADC_TempSensorVrefintCmd, .-ADC_TempSensorVrefintCmd
 795              		.section	.text.ADC_GetFlagStatus,"ax",%progbits
 796              		.align	2
 797              		.global	ADC_GetFlagStatus
 798              		.thumb
ARM GAS  C:\cygwin64\tmp\ccBsDAaG.s 			page 15


 799              		.thumb_func
 800              		.type	ADC_GetFlagStatus, %function
 801              	ADC_GetFlagStatus:
 802              		@ args = 0, pretend = 0, frame = 0
 803              		@ frame_needed = 0, uses_anonymous_args = 0
 804              		@ link register save eliminated.
 805 0000 0368     		ldr	r3, [r0]	@ D.7161, ADCx_3(D)->SR
 806 0002 1942     		tst	r1, r3	@ ADC_FLAG, D.7161
 807 0004 0CBF     		ite	eq	@
 808 0006 0020     		moveq	r0, #0	@,
 809 0008 0120     		movne	r0, #1	@,
 810 000a 7047     		bx	lr	@
 811              		.size	ADC_GetFlagStatus, .-ADC_GetFlagStatus
 812              		.section	.text.ADC_ClearFlag,"ax",%progbits
 813              		.align	2
 814              		.global	ADC_ClearFlag
 815              		.thumb
 816              		.thumb_func
 817              		.type	ADC_ClearFlag, %function
 818              	ADC_ClearFlag:
 819              		@ args = 0, pretend = 0, frame = 0
 820              		@ frame_needed = 0, uses_anonymous_args = 0
 821              		@ link register save eliminated.
 822 0000 C943     		mvns	r1, r1	@ D.7166, ADC_FLAG
 823 0002 0160     		str	r1, [r0]	@ D.7166, ADCx_5(D)->SR
 824 0004 7047     		bx	lr	@
 825              		.size	ADC_ClearFlag, .-ADC_ClearFlag
 826 0006 00BF     		.section	.text.ADC_GetITStatus,"ax",%progbits
 827              		.align	2
 828              		.global	ADC_GetITStatus
 829              		.thumb
 830              		.thumb_func
 831              		.type	ADC_GetITStatus, %function
 832              	ADC_GetITStatus:
 833              		@ args = 0, pretend = 0, frame = 0
 834              		@ frame_needed = 0, uses_anonymous_args = 0
 835              		@ link register save eliminated.
 836 0000 4368     		ldr	r3, [r0, #4]	@ D.7170, ADCx_6(D)->CR1
 837 0002 0068     		ldr	r0, [r0]	@ D.7170, ADCx_6(D)->SR
 838 0004 10EA1120 		ands	r0, r0, r1, lsr #8	@, D.7170, D.7170, ADC_IT,
 839 0008 04D0     		beq	.L94	@,
 840 000a C9B2     		uxtb	r1, r1	@ D.7170, ADC_IT
 841 000c 1942     		tst	r1, r3	@ D.7170, D.7170
 842 000e 0CBF     		ite	eq	@
 843 0010 0020     		moveq	r0, #0	@, bitstatus
 844 0012 0120     		movne	r0, #1	@, bitstatus
 845              	.L94:
 846 0014 7047     		bx	lr	@
 847              		.size	ADC_GetITStatus, .-ADC_GetITStatus
 848 0016 00BF     		.section	.text.ADC_ClearITPendingBit,"ax",%progbits
 849              		.align	2
 850              		.global	ADC_ClearITPendingBit
 851              		.thumb
 852              		.thumb_func
 853              		.type	ADC_ClearITPendingBit, %function
 854              	ADC_ClearITPendingBit:
 855              		@ args = 0, pretend = 0, frame = 0
ARM GAS  C:\cygwin64\tmp\ccBsDAaG.s 			page 16


 856              		@ frame_needed = 0, uses_anonymous_args = 0
 857              		@ link register save eliminated.
 858 0000 6FEA1121 		mvn	r1, r1, lsr #8	@ D.7176, ADC_IT,
 859 0004 0160     		str	r1, [r0]	@ D.7176, ADCx_7(D)->SR
 860 0006 7047     		bx	lr	@
 861              		.size	ADC_ClearITPendingBit, .-ADC_ClearITPendingBit
 862              		.ident	"GCC: (GNU Tools for ARM Embedded Processors) 4.8.4 20140526 (release) [ARM/embedded-4_8-br
ARM GAS  C:\cygwin64\tmp\ccBsDAaG.s 			page 17


DEFINED SYMBOLS
                            *ABS*:00000000 stm32f10x_adc.c
C:\cygwin64\tmp\ccBsDAaG.s:71     .text.ADC_DeInit:00000000 $t
C:\cygwin64\tmp\ccBsDAaG.s:76     .text.ADC_DeInit:00000000 ADC_DeInit
C:\cygwin64\tmp\ccBsDAaG.s:117    .text.ADC_DeInit:00000060 $d
C:\cygwin64\tmp\ccBsDAaG.s:122    .text.ADC_Init:00000000 $t
C:\cygwin64\tmp\ccBsDAaG.s:127    .text.ADC_Init:00000000 ADC_Init
C:\cygwin64\tmp\ccBsDAaG.s:162    .text.ADC_Init:00000044 $d
C:\cygwin64\tmp\ccBsDAaG.s:165    .text.ADC_StructInit:00000000 $t
C:\cygwin64\tmp\ccBsDAaG.s:170    .text.ADC_StructInit:00000000 ADC_StructInit
C:\cygwin64\tmp\ccBsDAaG.s:185    .text.ADC_Cmd:00000000 $t
C:\cygwin64\tmp\ccBsDAaG.s:190    .text.ADC_Cmd:00000000 ADC_Cmd
C:\cygwin64\tmp\ccBsDAaG.s:205    .text.ADC_DMACmd:00000000 $t
C:\cygwin64\tmp\ccBsDAaG.s:210    .text.ADC_DMACmd:00000000 ADC_DMACmd
C:\cygwin64\tmp\ccBsDAaG.s:225    .text.ADC_ITConfig:00000000 $t
C:\cygwin64\tmp\ccBsDAaG.s:230    .text.ADC_ITConfig:00000000 ADC_ITConfig
C:\cygwin64\tmp\ccBsDAaG.s:246    .text.ADC_ResetCalibration:00000000 $t
C:\cygwin64\tmp\ccBsDAaG.s:251    .text.ADC_ResetCalibration:00000000 ADC_ResetCalibration
C:\cygwin64\tmp\ccBsDAaG.s:261    .text.ADC_GetResetCalibrationStatus:00000000 $t
C:\cygwin64\tmp\ccBsDAaG.s:266    .text.ADC_GetResetCalibrationStatus:00000000 ADC_GetResetCalibrationStatus
C:\cygwin64\tmp\ccBsDAaG.s:275    .text.ADC_StartCalibration:00000000 $t
C:\cygwin64\tmp\ccBsDAaG.s:280    .text.ADC_StartCalibration:00000000 ADC_StartCalibration
C:\cygwin64\tmp\ccBsDAaG.s:290    .text.ADC_GetCalibrationStatus:00000000 $t
C:\cygwin64\tmp\ccBsDAaG.s:295    .text.ADC_GetCalibrationStatus:00000000 ADC_GetCalibrationStatus
C:\cygwin64\tmp\ccBsDAaG.s:304    .text.ADC_SoftwareStartConvCmd:00000000 $t
C:\cygwin64\tmp\ccBsDAaG.s:309    .text.ADC_SoftwareStartConvCmd:00000000 ADC_SoftwareStartConvCmd
C:\cygwin64\tmp\ccBsDAaG.s:324    .text.ADC_GetSoftwareStartConvStatus:00000000 $t
C:\cygwin64\tmp\ccBsDAaG.s:329    .text.ADC_GetSoftwareStartConvStatus:00000000 ADC_GetSoftwareStartConvStatus
C:\cygwin64\tmp\ccBsDAaG.s:338    .text.ADC_DiscModeChannelCountConfig:00000000 $t
C:\cygwin64\tmp\ccBsDAaG.s:343    .text.ADC_DiscModeChannelCountConfig:00000000 ADC_DiscModeChannelCountConfig
C:\cygwin64\tmp\ccBsDAaG.s:355    .text.ADC_DiscModeCmd:00000000 $t
C:\cygwin64\tmp\ccBsDAaG.s:360    .text.ADC_DiscModeCmd:00000000 ADC_DiscModeCmd
C:\cygwin64\tmp\ccBsDAaG.s:375    .text.ADC_RegularChannelConfig:00000000 $t
C:\cygwin64\tmp\ccBsDAaG.s:380    .text.ADC_RegularChannelConfig:00000000 ADC_RegularChannelConfig
C:\cygwin64\tmp\ccBsDAaG.s:449    .text.ADC_ExternalTrigConvCmd:00000000 $t
C:\cygwin64\tmp\ccBsDAaG.s:454    .text.ADC_ExternalTrigConvCmd:00000000 ADC_ExternalTrigConvCmd
C:\cygwin64\tmp\ccBsDAaG.s:469    .text.ADC_GetConversionValue:00000000 $t
C:\cygwin64\tmp\ccBsDAaG.s:474    .text.ADC_GetConversionValue:00000000 ADC_GetConversionValue
C:\cygwin64\tmp\ccBsDAaG.s:483    .text.ADC_GetDualModeConversionValue:00000000 $t
C:\cygwin64\tmp\ccBsDAaG.s:488    .text.ADC_GetDualModeConversionValue:00000000 ADC_GetDualModeConversionValue
C:\cygwin64\tmp\ccBsDAaG.s:498    .text.ADC_GetDualModeConversionValue:00000008 $d
C:\cygwin64\tmp\ccBsDAaG.s:501    .text.ADC_AutoInjectedConvCmd:00000000 $t
C:\cygwin64\tmp\ccBsDAaG.s:506    .text.ADC_AutoInjectedConvCmd:00000000 ADC_AutoInjectedConvCmd
C:\cygwin64\tmp\ccBsDAaG.s:521    .text.ADC_InjectedDiscModeCmd:00000000 $t
C:\cygwin64\tmp\ccBsDAaG.s:526    .text.ADC_InjectedDiscModeCmd:00000000 ADC_InjectedDiscModeCmd
C:\cygwin64\tmp\ccBsDAaG.s:541    .text.ADC_ExternalTrigInjectedConvConfig:00000000 $t
C:\cygwin64\tmp\ccBsDAaG.s:546    .text.ADC_ExternalTrigInjectedConvConfig:00000000 ADC_ExternalTrigInjectedConvConfig
C:\cygwin64\tmp\ccBsDAaG.s:557    .text.ADC_ExternalTrigInjectedConvCmd:00000000 $t
C:\cygwin64\tmp\ccBsDAaG.s:562    .text.ADC_ExternalTrigInjectedConvCmd:00000000 ADC_ExternalTrigInjectedConvCmd
C:\cygwin64\tmp\ccBsDAaG.s:577    .text.ADC_SoftwareStartInjectedConvCmd:00000000 $t
C:\cygwin64\tmp\ccBsDAaG.s:582    .text.ADC_SoftwareStartInjectedConvCmd:00000000 ADC_SoftwareStartInjectedConvCmd
C:\cygwin64\tmp\ccBsDAaG.s:597    .text.ADC_GetSoftwareStartInjectedConvCmdStatus:00000000 $t
C:\cygwin64\tmp\ccBsDAaG.s:602    .text.ADC_GetSoftwareStartInjectedConvCmdStatus:00000000 ADC_GetSoftwareStartInjectedConvCmdStatus
C:\cygwin64\tmp\ccBsDAaG.s:611    .text.ADC_InjectedChannelConfig:00000000 $t
C:\cygwin64\tmp\ccBsDAaG.s:616    .text.ADC_InjectedChannelConfig:00000000 ADC_InjectedChannelConfig
C:\cygwin64\tmp\ccBsDAaG.s:659    .text.ADC_InjectedSequencerLengthConfig:00000000 $t
C:\cygwin64\tmp\ccBsDAaG.s:664    .text.ADC_InjectedSequencerLengthConfig:00000000 ADC_InjectedSequencerLengthConfig
ARM GAS  C:\cygwin64\tmp\ccBsDAaG.s 			page 18


C:\cygwin64\tmp\ccBsDAaG.s:676    .text.ADC_SetInjectedOffset:00000000 $t
C:\cygwin64\tmp\ccBsDAaG.s:681    .text.ADC_SetInjectedOffset:00000000 ADC_SetInjectedOffset
C:\cygwin64\tmp\ccBsDAaG.s:699    .text.ADC_GetInjectedConversionValue:00000000 $t
C:\cygwin64\tmp\ccBsDAaG.s:704    .text.ADC_GetInjectedConversionValue:00000000 ADC_GetInjectedConversionValue
C:\cygwin64\tmp\ccBsDAaG.s:724    .text.ADC_AnalogWatchdogCmd:00000000 $t
C:\cygwin64\tmp\ccBsDAaG.s:729    .text.ADC_AnalogWatchdogCmd:00000000 ADC_AnalogWatchdogCmd
C:\cygwin64\tmp\ccBsDAaG.s:741    .text.ADC_AnalogWatchdogThresholdsConfig:00000000 $t
C:\cygwin64\tmp\ccBsDAaG.s:746    .text.ADC_AnalogWatchdogThresholdsConfig:00000000 ADC_AnalogWatchdogThresholdsConfig
C:\cygwin64\tmp\ccBsDAaG.s:755    .text.ADC_AnalogWatchdogSingleChannelConfig:00000000 $t
C:\cygwin64\tmp\ccBsDAaG.s:760    .text.ADC_AnalogWatchdogSingleChannelConfig:00000000 ADC_AnalogWatchdogSingleChannelConfig
C:\cygwin64\tmp\ccBsDAaG.s:771    .text.ADC_TempSensorVrefintCmd:00000000 $t
C:\cygwin64\tmp\ccBsDAaG.s:776    .text.ADC_TempSensorVrefintCmd:00000000 ADC_TempSensorVrefintCmd
C:\cygwin64\tmp\ccBsDAaG.s:793    .text.ADC_TempSensorVrefintCmd:00000018 $d
C:\cygwin64\tmp\ccBsDAaG.s:796    .text.ADC_GetFlagStatus:00000000 $t
C:\cygwin64\tmp\ccBsDAaG.s:801    .text.ADC_GetFlagStatus:00000000 ADC_GetFlagStatus
C:\cygwin64\tmp\ccBsDAaG.s:813    .text.ADC_ClearFlag:00000000 $t
C:\cygwin64\tmp\ccBsDAaG.s:818    .text.ADC_ClearFlag:00000000 ADC_ClearFlag
C:\cygwin64\tmp\ccBsDAaG.s:827    .text.ADC_GetITStatus:00000000 $t
C:\cygwin64\tmp\ccBsDAaG.s:832    .text.ADC_GetITStatus:00000000 ADC_GetITStatus
C:\cygwin64\tmp\ccBsDAaG.s:849    .text.ADC_ClearITPendingBit:00000000 $t
C:\cygwin64\tmp\ccBsDAaG.s:854    .text.ADC_ClearITPendingBit:00000000 ADC_ClearITPendingBit

UNDEFINED SYMBOLS
RCC_APB2PeriphResetCmd
