ARM GAS  C:\cygwin64\tmp\ccjwUqyA.s 			page 1


   1              		.syntax unified
   2              		.cpu cortex-m3
   3              		.fpu softvfp
   4              		.eabi_attribute 20, 1	@ Tag_ABI_FP_denormal
   5              		.eabi_attribute 21, 1	@ Tag_ABI_FP_exceptions
   6              		.eabi_attribute 23, 3	@ Tag_ABI_FP_number_model
   7              		.eabi_attribute 24, 1	@ Tag_ABI_align8_needed
   8              		.eabi_attribute 25, 1	@ Tag_ABI_align8_preserved
   9              		.eabi_attribute 26, 1	@ Tag_ABI_enum_size
  10              		.eabi_attribute 30, 2	@ Tag_ABI_optimization_goals
  11              		.eabi_attribute 34, 1	@ Tag_CPU_unaligned_access
  12              		.eabi_attribute 18, 4	@ Tag_ABI_PCS_wchar_t
  13              		.file	"stm32f10x_flash.c"
  14              	@ GNU C (GNU Tools for ARM Embedded Processors) version 4.8.4 20140526 (release) [ARM/embedded-4_8-
  15              	@	compiled by GNU C version 4.6.4, GMP version 4.3.2, MPFR version 2.4.2, MPC version 0.8.1
  16              	@ GGC heuristics: --param ggc-min-expand=99 --param ggc-min-heapsize=131015
  17              	@ options passed:  -I . -I src -I Libraries -I Libraries/CMSIS/Include
  18              	@ -I Libraries/CMSIS/Device/ST/STM32F10x/Include
  19              	@ -I Libraries/STM32F10x_StdPeriph_Driver/inc
  20              	@ -I Libraries/STM32_USB-FS-Device_Driver/inc -I src/VCP/inc
  21              	@ -imultilib armv7-m
  22              	@ -iprefix c:\program files (x86)\gnu tools arm embedded\4.8 2014q2\bin\../lib/gcc/arm-none-eabi/4.
  23              	@ -isysroot c:\program files (x86)\gnu tools arm embedded\4.8 2014q2\bin\../arm-none-eabi
  24              	@ -MD out/stm32f10x_flash.d -MF out/stm32f10x_flash.d -MP
  25              	@ -MQ out/stm32f10x_flash.o -D__USES_INITFINI__ -D STM32F10X_HD
  26              	@ -D USE_STDPERIPH_DRIVER
  27              	@ Libraries/STM32F10x_StdPeriph_Driver/src/stm32f10x_flash.c
  28              	@ -mcpu=cortex-m3 -mthumb -auxbase-strip out/stm32f10x_flash.o -O2 -Wall
  29              	@ -Wstrict-prototypes -Wextra -std=gnu99 -ffunction-sections
  30              	@ -fdata-sections -fverbose-asm -fsingle-precision-constant
  31              	@ options enabled:  -faggressive-loop-optimizations -fauto-inc-dec
  32              	@ -fbranch-count-reg -fcaller-saves -fcombine-stack-adjustments -fcommon
  33              	@ -fcompare-elim -fcprop-registers -fcrossjumping -fcse-follow-jumps
  34              	@ -fdata-sections -fdefer-pop -fdelete-null-pointer-checks -fdevirtualize
  35              	@ -fdwarf2-cfi-asm -fearly-inlining -feliminate-unused-debug-types
  36              	@ -fexpensive-optimizations -fforward-propagate -ffunction-cse
  37              	@ -ffunction-sections -fgcse -fgcse-lm -fgnu-runtime
  38              	@ -fguess-branch-probability -fhoist-adjacent-loads -fident -fif-conversion
  39              	@ -fif-conversion2 -findirect-inlining -finline -finline-atomics
  40              	@ -finline-functions-called-once -finline-small-functions -fipa-cp
  41              	@ -fipa-profile -fipa-pure-const -fipa-reference -fipa-sra
  42              	@ -fira-hoist-pressure -fira-share-save-slots -fira-share-spill-slots
  43              	@ -fivopts -fkeep-static-consts -fleading-underscore -fmath-errno
  44              	@ -fmerge-constants -fmerge-debug-strings -fmove-loop-invariants
  45              	@ -fomit-frame-pointer -foptimize-register-move -foptimize-sibling-calls
  46              	@ -foptimize-strlen -fpartial-inlining -fpeephole -fpeephole2
  47              	@ -fprefetch-loop-arrays -freg-struct-return -fregmove -freorder-blocks
  48              	@ -freorder-functions -frerun-cse-after-loop
  49              	@ -fsched-critical-path-heuristic -fsched-dep-count-heuristic
  50              	@ -fsched-group-heuristic -fsched-interblock -fsched-last-insn-heuristic
  51              	@ -fsched-pressure -fsched-rank-heuristic -fsched-spec
  52              	@ -fsched-spec-insn-heuristic -fsched-stalled-insns-dep -fschedule-insns
  53              	@ -fschedule-insns2 -fsection-anchors -fshow-column -fshrink-wrap
  54              	@ -fsigned-zeros -fsingle-precision-constant -fsplit-ivs-in-unroller
  55              	@ -fsplit-wide-types -fstrict-aliasing -fstrict-overflow
  56              	@ -fstrict-volatile-bitfields -fsync-libcalls -fthread-jumps
  57              	@ -ftoplevel-reorder -ftrapping-math -ftree-bit-ccp -ftree-builtin-call-dce
ARM GAS  C:\cygwin64\tmp\ccjwUqyA.s 			page 2


  58              	@ -ftree-ccp -ftree-ch -ftree-coalesce-vars -ftree-copy-prop
  59              	@ -ftree-copyrename -ftree-cselim -ftree-dce -ftree-dominator-opts
  60              	@ -ftree-dse -ftree-forwprop -ftree-fre -ftree-loop-if-convert
  61              	@ -ftree-loop-im -ftree-loop-ivcanon -ftree-loop-optimize
  62              	@ -ftree-parallelize-loops= -ftree-phiprop -ftree-pre -ftree-pta
  63              	@ -ftree-reassoc -ftree-scev-cprop -ftree-sink -ftree-slp-vectorize
  64              	@ -ftree-slsr -ftree-sra -ftree-switch-conversion -ftree-tail-merge
  65              	@ -ftree-ter -ftree-vect-loop-version -ftree-vrp -funit-at-a-time
  66              	@ -fverbose-asm -fzero-initialized-in-bss -mfix-cortex-m3-ldrd
  67              	@ -mlittle-endian -mpic-data-is-text-relative -msched-prolog -mthumb
  68              	@ -munaligned-access -mvectorize-with-neon-quad
  69              	
  70              		.section	.text.FLASH_SetLatency,"ax",%progbits
  71              		.align	2
  72              		.global	FLASH_SetLatency
  73              		.thumb
  74              		.thumb_func
  75              		.type	FLASH_SetLatency, %function
  76              	FLASH_SetLatency:
  77              		@ args = 0, pretend = 0, frame = 0
  78              		@ frame_needed = 0, uses_anonymous_args = 0
  79              		@ link register save eliminated.
  80 0000 034B     		ldr	r3, .L2	@ tmp114,
  81 0002 1A68     		ldr	r2, [r3]	@ tmpreg, MEM[(struct FLASH_TypeDef *)1073881088B].ACR
  82 0004 02F03802 		and	r2, r2, #56	@ tmpreg, tmpreg,
  83 0008 1043     		orrs	r0, r0, r2	@, tmpreg, FLASH_Latency, tmpreg
  84 000a 1860     		str	r0, [r3]	@ tmpreg, MEM[(struct FLASH_TypeDef *)1073881088B].ACR
  85 000c 7047     		bx	lr	@
  86              	.L3:
  87 000e 00BF     		.align	2
  88              	.L2:
  89 0010 00200240 		.word	1073881088
  90              		.size	FLASH_SetLatency, .-FLASH_SetLatency
  91              		.section	.text.FLASH_HalfCycleAccessCmd,"ax",%progbits
  92              		.align	2
  93              		.global	FLASH_HalfCycleAccessCmd
  94              		.thumb
  95              		.thumb_func
  96              		.type	FLASH_HalfCycleAccessCmd, %function
  97              	FLASH_HalfCycleAccessCmd:
  98              		@ args = 0, pretend = 0, frame = 0
  99              		@ frame_needed = 0, uses_anonymous_args = 0
 100              		@ link register save eliminated.
 101 0000 044B     		ldr	r3, .L5	@ tmp115,
 102 0002 1A68     		ldr	r2, [r3]	@ D.7060, MEM[(struct FLASH_TypeDef *)1073881088B].ACR
 103 0004 22F00802 		bic	r2, r2, #8	@ D.7060, D.7060,
 104 0008 1A60     		str	r2, [r3]	@ D.7060, MEM[(struct FLASH_TypeDef *)1073881088B].ACR
 105 000a 1A68     		ldr	r2, [r3]	@ D.7060, MEM[(struct FLASH_TypeDef *)1073881088B].ACR
 106 000c 1043     		orrs	r0, r0, r2	@, D.7060, FLASH_HalfCycleAccess, D.7060
 107 000e 1860     		str	r0, [r3]	@ D.7060, MEM[(struct FLASH_TypeDef *)1073881088B].ACR
 108 0010 7047     		bx	lr	@
 109              	.L6:
 110 0012 00BF     		.align	2
 111              	.L5:
 112 0014 00200240 		.word	1073881088
 113              		.size	FLASH_HalfCycleAccessCmd, .-FLASH_HalfCycleAccessCmd
 114              		.section	.text.FLASH_PrefetchBufferCmd,"ax",%progbits
ARM GAS  C:\cygwin64\tmp\ccjwUqyA.s 			page 3


 115              		.align	2
 116              		.global	FLASH_PrefetchBufferCmd
 117              		.thumb
 118              		.thumb_func
 119              		.type	FLASH_PrefetchBufferCmd, %function
 120              	FLASH_PrefetchBufferCmd:
 121              		@ args = 0, pretend = 0, frame = 0
 122              		@ frame_needed = 0, uses_anonymous_args = 0
 123              		@ link register save eliminated.
 124 0000 044B     		ldr	r3, .L8	@ tmp115,
 125 0002 1A68     		ldr	r2, [r3]	@ D.7063, MEM[(struct FLASH_TypeDef *)1073881088B].ACR
 126 0004 22F01002 		bic	r2, r2, #16	@ D.7063, D.7063,
 127 0008 1A60     		str	r2, [r3]	@ D.7063, MEM[(struct FLASH_TypeDef *)1073881088B].ACR
 128 000a 1A68     		ldr	r2, [r3]	@ D.7063, MEM[(struct FLASH_TypeDef *)1073881088B].ACR
 129 000c 1043     		orrs	r0, r0, r2	@, D.7063, FLASH_PrefetchBuffer, D.7063
 130 000e 1860     		str	r0, [r3]	@ D.7063, MEM[(struct FLASH_TypeDef *)1073881088B].ACR
 131 0010 7047     		bx	lr	@
 132              	.L9:
 133 0012 00BF     		.align	2
 134              	.L8:
 135 0014 00200240 		.word	1073881088
 136              		.size	FLASH_PrefetchBufferCmd, .-FLASH_PrefetchBufferCmd
 137              		.section	.text.FLASH_Unlock,"ax",%progbits
 138              		.align	2
 139              		.global	FLASH_Unlock
 140              		.thumb
 141              		.thumb_func
 142              		.type	FLASH_Unlock, %function
 143              	FLASH_Unlock:
 144              		@ args = 0, pretend = 0, frame = 0
 145              		@ frame_needed = 0, uses_anonymous_args = 0
 146              		@ link register save eliminated.
 147 0000 024B     		ldr	r3, .L11	@ tmp110,
 148 0002 0349     		ldr	r1, .L11+4	@ tmp111,
 149 0004 034A     		ldr	r2, .L11+8	@ tmp113,
 150 0006 5960     		str	r1, [r3, #4]	@ tmp111, MEM[(struct FLASH_TypeDef *)1073881088B].KEYR
 151 0008 5A60     		str	r2, [r3, #4]	@ tmp113, MEM[(struct FLASH_TypeDef *)1073881088B].KEYR
 152 000a 7047     		bx	lr	@
 153              	.L12:
 154              		.align	2
 155              	.L11:
 156 000c 00200240 		.word	1073881088
 157 0010 23016745 		.word	1164378403
 158 0014 AB89EFCD 		.word	-839939669
 159              		.size	FLASH_Unlock, .-FLASH_Unlock
 160              		.section	.text.FLASH_UnlockBank1,"ax",%progbits
 161              		.align	2
 162              		.global	FLASH_UnlockBank1
 163              		.thumb
 164              		.thumb_func
 165              		.type	FLASH_UnlockBank1, %function
 166              	FLASH_UnlockBank1:
 167              		@ args = 0, pretend = 0, frame = 0
 168              		@ frame_needed = 0, uses_anonymous_args = 0
 169              		@ link register save eliminated.
 170 0000 024B     		ldr	r3, .L14	@ tmp110,
 171 0002 0349     		ldr	r1, .L14+4	@ tmp111,
ARM GAS  C:\cygwin64\tmp\ccjwUqyA.s 			page 4


 172 0004 034A     		ldr	r2, .L14+8	@ tmp113,
 173 0006 5960     		str	r1, [r3, #4]	@ tmp111, MEM[(struct FLASH_TypeDef *)1073881088B].KEYR
 174 0008 5A60     		str	r2, [r3, #4]	@ tmp113, MEM[(struct FLASH_TypeDef *)1073881088B].KEYR
 175 000a 7047     		bx	lr	@
 176              	.L15:
 177              		.align	2
 178              	.L14:
 179 000c 00200240 		.word	1073881088
 180 0010 23016745 		.word	1164378403
 181 0014 AB89EFCD 		.word	-839939669
 182              		.size	FLASH_UnlockBank1, .-FLASH_UnlockBank1
 183              		.section	.text.FLASH_Lock,"ax",%progbits
 184              		.align	2
 185              		.global	FLASH_Lock
 186              		.thumb
 187              		.thumb_func
 188              		.type	FLASH_Lock, %function
 189              	FLASH_Lock:
 190              		@ args = 0, pretend = 0, frame = 0
 191              		@ frame_needed = 0, uses_anonymous_args = 0
 192              		@ link register save eliminated.
 193 0000 024B     		ldr	r3, .L17	@ tmp112,
 194 0002 1A69     		ldr	r2, [r3, #16]	@ D.7070, MEM[(struct FLASH_TypeDef *)1073881088B].CR
 195 0004 42F08002 		orr	r2, r2, #128	@ D.7070, D.7070,
 196 0008 1A61     		str	r2, [r3, #16]	@ D.7070, MEM[(struct FLASH_TypeDef *)1073881088B].CR
 197 000a 7047     		bx	lr	@
 198              	.L18:
 199              		.align	2
 200              	.L17:
 201 000c 00200240 		.word	1073881088
 202              		.size	FLASH_Lock, .-FLASH_Lock
 203              		.section	.text.FLASH_LockBank1,"ax",%progbits
 204              		.align	2
 205              		.global	FLASH_LockBank1
 206              		.thumb
 207              		.thumb_func
 208              		.type	FLASH_LockBank1, %function
 209              	FLASH_LockBank1:
 210              		@ args = 0, pretend = 0, frame = 0
 211              		@ frame_needed = 0, uses_anonymous_args = 0
 212              		@ link register save eliminated.
 213 0000 024B     		ldr	r3, .L20	@ tmp112,
 214 0002 1A69     		ldr	r2, [r3, #16]	@ D.7073, MEM[(struct FLASH_TypeDef *)1073881088B].CR
 215 0004 42F08002 		orr	r2, r2, #128	@ D.7073, D.7073,
 216 0008 1A61     		str	r2, [r3, #16]	@ D.7073, MEM[(struct FLASH_TypeDef *)1073881088B].CR
 217 000a 7047     		bx	lr	@
 218              	.L21:
 219              		.align	2
 220              	.L20:
 221 000c 00200240 		.word	1073881088
 222              		.size	FLASH_LockBank1, .-FLASH_LockBank1
 223              		.section	.text.FLASH_GetUserOptionByte,"ax",%progbits
 224              		.align	2
 225              		.global	FLASH_GetUserOptionByte
 226              		.thumb
 227              		.thumb_func
 228              		.type	FLASH_GetUserOptionByte, %function
ARM GAS  C:\cygwin64\tmp\ccjwUqyA.s 			page 5


 229              	FLASH_GetUserOptionByte:
 230              		@ args = 0, pretend = 0, frame = 0
 231              		@ frame_needed = 0, uses_anonymous_args = 0
 232              		@ link register save eliminated.
 233 0000 014B     		ldr	r3, .L23	@ tmp113,
 234 0002 D869     		ldr	r0, [r3, #28]	@ D.7076, MEM[(struct FLASH_TypeDef *)1073881088B].OBR
 235 0004 8008     		lsrs	r0, r0, #2	@, D.7076,
 236 0006 7047     		bx	lr	@
 237              	.L24:
 238              		.align	2
 239              	.L23:
 240 0008 00200240 		.word	1073881088
 241              		.size	FLASH_GetUserOptionByte, .-FLASH_GetUserOptionByte
 242              		.section	.text.FLASH_GetWriteProtectionOptionByte,"ax",%progbits
 243              		.align	2
 244              		.global	FLASH_GetWriteProtectionOptionByte
 245              		.thumb
 246              		.thumb_func
 247              		.type	FLASH_GetWriteProtectionOptionByte, %function
 248              	FLASH_GetWriteProtectionOptionByte:
 249              		@ args = 0, pretend = 0, frame = 0
 250              		@ frame_needed = 0, uses_anonymous_args = 0
 251              		@ link register save eliminated.
 252 0000 014B     		ldr	r3, .L26	@ tmp112,
 253 0002 186A     		ldr	r0, [r3, #32]	@ D.7080, MEM[(struct FLASH_TypeDef *)1073881088B].WRPR
 254 0004 7047     		bx	lr	@
 255              	.L27:
 256 0006 00BF     		.align	2
 257              	.L26:
 258 0008 00200240 		.word	1073881088
 259              		.size	FLASH_GetWriteProtectionOptionByte, .-FLASH_GetWriteProtectionOptionByte
 260              		.section	.text.FLASH_GetReadOutProtectionStatus,"ax",%progbits
 261              		.align	2
 262              		.global	FLASH_GetReadOutProtectionStatus
 263              		.thumb
 264              		.thumb_func
 265              		.type	FLASH_GetReadOutProtectionStatus, %function
 266              	FLASH_GetReadOutProtectionStatus:
 267              		@ args = 0, pretend = 0, frame = 0
 268              		@ frame_needed = 0, uses_anonymous_args = 0
 269              		@ link register save eliminated.
 270 0000 024B     		ldr	r3, .L29	@ tmp115,
 271 0002 D869     		ldr	r0, [r3, #28]	@ D.7083, MEM[(struct FLASH_TypeDef *)1073881088B].OBR
 272 0004 C0F34000 		ubfx	r0, r0, #1, #1	@, D.7083,,
 273 0008 7047     		bx	lr	@
 274              	.L30:
 275 000a 00BF     		.align	2
 276              	.L29:
 277 000c 00200240 		.word	1073881088
 278              		.size	FLASH_GetReadOutProtectionStatus, .-FLASH_GetReadOutProtectionStatus
 279              		.section	.text.FLASH_GetPrefetchBufferStatus,"ax",%progbits
 280              		.align	2
 281              		.global	FLASH_GetPrefetchBufferStatus
 282              		.thumb
 283              		.thumb_func
 284              		.type	FLASH_GetPrefetchBufferStatus, %function
 285              	FLASH_GetPrefetchBufferStatus:
ARM GAS  C:\cygwin64\tmp\ccjwUqyA.s 			page 6


 286              		@ args = 0, pretend = 0, frame = 0
 287              		@ frame_needed = 0, uses_anonymous_args = 0
 288              		@ link register save eliminated.
 289 0000 024B     		ldr	r3, .L32	@ tmp115,
 290 0002 1868     		ldr	r0, [r3]	@ D.7088, MEM[(struct FLASH_TypeDef *)1073881088B].ACR
 291 0004 C0F34010 		ubfx	r0, r0, #5, #1	@, D.7088,,
 292 0008 7047     		bx	lr	@
 293              	.L33:
 294 000a 00BF     		.align	2
 295              	.L32:
 296 000c 00200240 		.word	1073881088
 297              		.size	FLASH_GetPrefetchBufferStatus, .-FLASH_GetPrefetchBufferStatus
 298              		.section	.text.FLASH_ITConfig,"ax",%progbits
 299              		.align	2
 300              		.global	FLASH_ITConfig
 301              		.thumb
 302              		.thumb_func
 303              		.type	FLASH_ITConfig, %function
 304              	FLASH_ITConfig:
 305              		@ args = 0, pretend = 0, frame = 0
 306              		@ frame_needed = 0, uses_anonymous_args = 0
 307              		@ link register save eliminated.
 308 0000 044B     		ldr	r3, .L39	@ tmp117,
 309 0002 1A69     		ldr	r2, [r3, #16]	@ D.7093,
 310 0004 19B9     		cbnz	r1, .L38	@ NewState,
 311 0006 22EA0000 		bic	r0, r2, r0	@ D.7093, D.7093, FLASH_IT
 312 000a 1861     		str	r0, [r3, #16]	@ D.7093,
 313 000c 7047     		bx	lr	@
 314              	.L38:
 315 000e 1043     		orrs	r0, r0, r2	@, D.7093, FLASH_IT, D.7093
 316 0010 1861     		str	r0, [r3, #16]	@ D.7093,
 317 0012 7047     		bx	lr	@
 318              	.L40:
 319              		.align	2
 320              	.L39:
 321 0014 00200240 		.word	1073881088
 322              		.size	FLASH_ITConfig, .-FLASH_ITConfig
 323              		.section	.text.FLASH_GetFlagStatus,"ax",%progbits
 324              		.align	2
 325              		.global	FLASH_GetFlagStatus
 326              		.thumb
 327              		.thumb_func
 328              		.type	FLASH_GetFlagStatus, %function
 329              	FLASH_GetFlagStatus:
 330              		@ args = 0, pretend = 0, frame = 0
 331              		@ frame_needed = 0, uses_anonymous_args = 0
 332              		@ link register save eliminated.
 333 0000 0128     		cmp	r0, #1	@ FLASH_FLAG,
 334 0002 064B     		ldr	r3, .L45	@ tmp118,
 335 0004 05D0     		beq	.L44	@,
 336 0006 DB68     		ldr	r3, [r3, #12]	@ D.7096, MEM[(struct FLASH_TypeDef *)1073881088B].SR
 337 0008 1842     		tst	r0, r3	@ FLASH_FLAG, D.7096
 338 000a 0CBF     		ite	eq	@
 339 000c 0020     		moveq	r0, #0	@, bitstatus
 340 000e 0120     		movne	r0, #1	@, bitstatus
 341 0010 7047     		bx	lr	@
 342              	.L44:
ARM GAS  C:\cygwin64\tmp\ccjwUqyA.s 			page 7


 343 0012 D869     		ldr	r0, [r3, #28]	@ D.7096, MEM[(struct FLASH_TypeDef *)1073881088B].OBR
 344 0014 00F00100 		and	r0, r0, #1	@ bitstatus, D.7096,
 345 0018 7047     		bx	lr	@
 346              	.L46:
 347 001a 00BF     		.align	2
 348              	.L45:
 349 001c 00200240 		.word	1073881088
 350              		.size	FLASH_GetFlagStatus, .-FLASH_GetFlagStatus
 351              		.section	.text.FLASH_ClearFlag,"ax",%progbits
 352              		.align	2
 353              		.global	FLASH_ClearFlag
 354              		.thumb
 355              		.thumb_func
 356              		.type	FLASH_ClearFlag, %function
 357              	FLASH_ClearFlag:
 358              		@ args = 0, pretend = 0, frame = 0
 359              		@ frame_needed = 0, uses_anonymous_args = 0
 360              		@ link register save eliminated.
 361 0000 014B     		ldr	r3, .L48	@ tmp111,
 362 0002 D860     		str	r0, [r3, #12]	@ FLASH_FLAG, MEM[(struct FLASH_TypeDef *)1073881088B].SR
 363 0004 7047     		bx	lr	@
 364              	.L49:
 365 0006 00BF     		.align	2
 366              	.L48:
 367 0008 00200240 		.word	1073881088
 368              		.size	FLASH_ClearFlag, .-FLASH_ClearFlag
 369              		.section	.text.FLASH_GetStatus,"ax",%progbits
 370              		.align	2
 371              		.global	FLASH_GetStatus
 372              		.thumb
 373              		.thumb_func
 374              		.type	FLASH_GetStatus, %function
 375              	FLASH_GetStatus:
 376              		@ args = 0, pretend = 0, frame = 0
 377              		@ frame_needed = 0, uses_anonymous_args = 0
 378              		@ link register save eliminated.
 379 0000 084B     		ldr	r3, .L56	@ tmp118,
 380 0002 DA68     		ldr	r2, [r3, #12]	@ D.7102, MEM[(struct FLASH_TypeDef *)1073881088B].SR
 381 0004 D107     		lsls	r1, r2, #31	@, D.7102,
 382 0006 0BD4     		bmi	.L52	@,
 383 0008 DA68     		ldr	r2, [r3, #12]	@ D.7102, MEM[(struct FLASH_TypeDef *)1073881088B].SR
 384 000a 5207     		lsls	r2, r2, #29	@, D.7102,
 385 000c 01D5     		bpl	.L55	@,
 386 000e 0220     		movs	r0, #2	@ flashstatus,
 387 0010 7047     		bx	lr	@
 388              	.L55:
 389 0012 DB68     		ldr	r3, [r3, #12]	@ D.7102, MEM[(struct FLASH_TypeDef *)1073881088B].SR
 390 0014 13F0100F 		tst	r3, #16	@ D.7102,
 391 0018 0CBF     		ite	eq	@
 392 001a 0420     		moveq	r0, #4	@, flashstatus,
 393 001c 0320     		movne	r0, #3	@, flashstatus,
 394 001e 7047     		bx	lr	@
 395              	.L52:
 396 0020 0120     		movs	r0, #1	@ flashstatus,
 397 0022 7047     		bx	lr	@
 398              	.L57:
 399              		.align	2
ARM GAS  C:\cygwin64\tmp\ccjwUqyA.s 			page 8


 400              	.L56:
 401 0024 00200240 		.word	1073881088
 402              		.size	FLASH_GetStatus, .-FLASH_GetStatus
 403              		.section	.text.FLASH_GetBank1Status,"ax",%progbits
 404              		.align	2
 405              		.global	FLASH_GetBank1Status
 406              		.thumb
 407              		.thumb_func
 408              		.type	FLASH_GetBank1Status, %function
 409              	FLASH_GetBank1Status:
 410              		@ args = 0, pretend = 0, frame = 0
 411              		@ frame_needed = 0, uses_anonymous_args = 0
 412              		@ link register save eliminated.
 413 0000 084B     		ldr	r3, .L65	@ tmp118,
 414 0002 DA68     		ldr	r2, [r3, #12]	@ D.7107, MEM[(struct FLASH_TypeDef *)1073881088B].SR
 415 0004 D107     		lsls	r1, r2, #31	@, D.7107,
 416 0006 0BD4     		bmi	.L61	@,
 417 0008 DA68     		ldr	r2, [r3, #12]	@ D.7107, MEM[(struct FLASH_TypeDef *)1073881088B].SR
 418 000a 5207     		lsls	r2, r2, #29	@, D.7107,
 419 000c 01D5     		bpl	.L64	@,
 420 000e 0220     		movs	r0, #2	@ flashstatus,
 421 0010 7047     		bx	lr	@
 422              	.L64:
 423 0012 DB68     		ldr	r3, [r3, #12]	@ D.7107, MEM[(struct FLASH_TypeDef *)1073881088B].SR
 424 0014 13F0100F 		tst	r3, #16	@ D.7107,
 425 0018 0CBF     		ite	eq	@
 426 001a 0420     		moveq	r0, #4	@, flashstatus,
 427 001c 0320     		movne	r0, #3	@, flashstatus,
 428 001e 7047     		bx	lr	@
 429              	.L61:
 430 0020 0120     		movs	r0, #1	@ flashstatus,
 431 0022 7047     		bx	lr	@
 432              	.L66:
 433              		.align	2
 434              	.L65:
 435 0024 00200240 		.word	1073881088
 436              		.size	FLASH_GetBank1Status, .-FLASH_GetBank1Status
 437              		.section	.text.FLASH_WaitForLastOperation,"ax",%progbits
 438              		.align	2
 439              		.global	FLASH_WaitForLastOperation
 440              		.thumb
 441              		.thumb_func
 442              		.type	FLASH_WaitForLastOperation, %function
 443              	FLASH_WaitForLastOperation:
 444              		@ args = 0, pretend = 0, frame = 0
 445              		@ frame_needed = 0, uses_anonymous_args = 0
 446 0000 10B5     		push	{r4, lr}	@
 447 0002 0446     		mov	r4, r0	@ Timeout, Timeout
 448 0004 FFF7FEFF 		bl	FLASH_GetBank1Status	@
 449 0008 0128     		cmp	r0, #1	@ status,
 450 000a 06D1     		bne	.L68	@,
 451              	.L80:
 452 000c 3CB1     		cbz	r4, .L71	@ Timeout,
 453 000e FFF7FEFF 		bl	FLASH_GetBank1Status	@
 454 0012 0128     		cmp	r0, #1	@ status,
 455 0014 04F1FF34 		add	r4, r4, #-1	@ Timeout, Timeout,
 456 0018 F8D0     		beq	.L80	@,
ARM GAS  C:\cygwin64\tmp\ccjwUqyA.s 			page 9


 457              	.L68:
 458 001a 04B1     		cbz	r4, .L71	@ Timeout,
 459 001c 10BD     		pop	{r4, pc}	@
 460              	.L71:
 461 001e 0520     		movs	r0, #5	@ status,
 462 0020 10BD     		pop	{r4, pc}	@
 463              		.size	FLASH_WaitForLastOperation, .-FLASH_WaitForLastOperation
 464 0022 00BF     		.section	.text.FLASH_ErasePage,"ax",%progbits
 465              		.align	2
 466              		.global	FLASH_ErasePage
 467              		.thumb
 468              		.thumb_func
 469              		.type	FLASH_ErasePage, %function
 470              	FLASH_ErasePage:
 471              		@ args = 0, pretend = 0, frame = 0
 472              		@ frame_needed = 0, uses_anonymous_args = 0
 473 0000 38B5     		push	{r3, r4, r5, lr}	@
 474 0002 0546     		mov	r5, r0	@ Page_Address, Page_Address
 475 0004 4FF43020 		mov	r0, #720896	@,
 476 0008 FFF7FEFF 		bl	FLASH_WaitForLastOperation	@
 477 000c 0428     		cmp	r0, #4	@ status,
 478 000e 00D0     		beq	.L83	@,
 479 0010 38BD     		pop	{r3, r4, r5, pc}	@
 480              	.L83:
 481 0012 0A4C     		ldr	r4, .L84	@ tmp120,
 482 0014 4FF43020 		mov	r0, #720896	@,
 483 0018 2369     		ldr	r3, [r4, #16]	@ D.7117, MEM[(struct FLASH_TypeDef *)1073881088B].CR
 484 001a 43F00203 		orr	r3, r3, #2	@ D.7117, D.7117,
 485 001e 2361     		str	r3, [r4, #16]	@ D.7117, MEM[(struct FLASH_TypeDef *)1073881088B].CR
 486 0020 6561     		str	r5, [r4, #20]	@ Page_Address, MEM[(struct FLASH_TypeDef *)1073881088B].AR
 487 0022 2369     		ldr	r3, [r4, #16]	@ D.7117, MEM[(struct FLASH_TypeDef *)1073881088B].CR
 488 0024 43F04003 		orr	r3, r3, #64	@ D.7117, D.7117,
 489 0028 2361     		str	r3, [r4, #16]	@ D.7117, MEM[(struct FLASH_TypeDef *)1073881088B].CR
 490 002a FFF7FEFF 		bl	FLASH_WaitForLastOperation	@
 491 002e 2269     		ldr	r2, [r4, #16]	@ D.7117, MEM[(struct FLASH_TypeDef *)1073881088B].CR
 492 0030 41F6FD73 		movw	r3, #8189	@ D.7117,
 493 0034 1340     		ands	r3, r3, r2	@, D.7117, D.7117, D.7117
 494 0036 2361     		str	r3, [r4, #16]	@ D.7117, MEM[(struct FLASH_TypeDef *)1073881088B].CR
 495 0038 38BD     		pop	{r3, r4, r5, pc}	@
 496              	.L85:
 497 003a 00BF     		.align	2
 498              	.L84:
 499 003c 00200240 		.word	1073881088
 500              		.size	FLASH_ErasePage, .-FLASH_ErasePage
 501              		.section	.text.FLASH_EraseAllPages,"ax",%progbits
 502              		.align	2
 503              		.global	FLASH_EraseAllPages
 504              		.thumb
 505              		.thumb_func
 506              		.type	FLASH_EraseAllPages, %function
 507              	FLASH_EraseAllPages:
 508              		@ args = 0, pretend = 0, frame = 0
 509              		@ frame_needed = 0, uses_anonymous_args = 0
 510 0000 10B5     		push	{r4, lr}	@
 511 0002 4FF43020 		mov	r0, #720896	@,
 512 0006 FFF7FEFF 		bl	FLASH_WaitForLastOperation	@
 513 000a 0428     		cmp	r0, #4	@ status,
ARM GAS  C:\cygwin64\tmp\ccjwUqyA.s 			page 10


 514 000c 00D0     		beq	.L88	@,
 515 000e 10BD     		pop	{r4, pc}	@
 516              	.L88:
 517 0010 094C     		ldr	r4, .L89	@ tmp119,
 518 0012 4FF43020 		mov	r0, #720896	@,
 519 0016 2369     		ldr	r3, [r4, #16]	@ D.7120, MEM[(struct FLASH_TypeDef *)1073881088B].CR
 520 0018 43F00403 		orr	r3, r3, #4	@ D.7120, D.7120,
 521 001c 2361     		str	r3, [r4, #16]	@ D.7120, MEM[(struct FLASH_TypeDef *)1073881088B].CR
 522 001e 2369     		ldr	r3, [r4, #16]	@ D.7120, MEM[(struct FLASH_TypeDef *)1073881088B].CR
 523 0020 43F04003 		orr	r3, r3, #64	@ D.7120, D.7120,
 524 0024 2361     		str	r3, [r4, #16]	@ D.7120, MEM[(struct FLASH_TypeDef *)1073881088B].CR
 525 0026 FFF7FEFF 		bl	FLASH_WaitForLastOperation	@
 526 002a 2269     		ldr	r2, [r4, #16]	@ D.7120, MEM[(struct FLASH_TypeDef *)1073881088B].CR
 527 002c 41F6FB73 		movw	r3, #8187	@ D.7120,
 528 0030 1340     		ands	r3, r3, r2	@, D.7120, D.7120, D.7120
 529 0032 2361     		str	r3, [r4, #16]	@ D.7120, MEM[(struct FLASH_TypeDef *)1073881088B].CR
 530 0034 10BD     		pop	{r4, pc}	@
 531              	.L90:
 532 0036 00BF     		.align	2
 533              	.L89:
 534 0038 00200240 		.word	1073881088
 535              		.size	FLASH_EraseAllPages, .-FLASH_EraseAllPages
 536              		.section	.text.FLASH_EraseOptionBytes,"ax",%progbits
 537              		.align	2
 538              		.global	FLASH_EraseOptionBytes
 539              		.thumb
 540              		.thumb_func
 541              		.type	FLASH_EraseOptionBytes, %function
 542              	FLASH_EraseOptionBytes:
 543              		@ args = 0, pretend = 0, frame = 0
 544              		@ frame_needed = 0, uses_anonymous_args = 0
 545 0000 38B5     		push	{r3, r4, r5, lr}	@
 546 0002 1D4C     		ldr	r4, .L105	@ tmp127,
 547 0004 4FF43020 		mov	r0, #720896	@,
 548 0008 E369     		ldr	r3, [r4, #28]	@ D.7123, MEM[(struct FLASH_TypeDef *)1073881088B].OBR
 549 000a 13F0020F 		tst	r3, #2	@ D.7123,
 550 000e 0CBF     		ite	eq	@
 551 0010 A525     		moveq	r5, #165	@, rdptmp,
 552 0012 0025     		movne	r5, #0	@, rdptmp,
 553 0014 FFF7FEFF 		bl	FLASH_WaitForLastOperation	@
 554 0018 0428     		cmp	r0, #4	@ status,
 555 001a 00D0     		beq	.L103	@,
 556              	.L93:
 557 001c 38BD     		pop	{r3, r4, r5, pc}	@
 558              	.L103:
 559 001e 174A     		ldr	r2, .L105+4	@ tmp131,
 560 0020 174B     		ldr	r3, .L105+8	@ tmp133,
 561 0022 A260     		str	r2, [r4, #8]	@ tmp131, MEM[(struct FLASH_TypeDef *)1073881088B].OPTKEYR
 562 0024 A360     		str	r3, [r4, #8]	@ tmp133, MEM[(struct FLASH_TypeDef *)1073881088B].OPTKEYR
 563 0026 2369     		ldr	r3, [r4, #16]	@ D.7123, MEM[(struct FLASH_TypeDef *)1073881088B].CR
 564 0028 4FF43020 		mov	r0, #720896	@,
 565 002c 43F02003 		orr	r3, r3, #32	@ D.7123, D.7123,
 566 0030 2361     		str	r3, [r4, #16]	@ D.7123, MEM[(struct FLASH_TypeDef *)1073881088B].CR
 567 0032 2369     		ldr	r3, [r4, #16]	@ D.7123, MEM[(struct FLASH_TypeDef *)1073881088B].CR
 568 0034 43F04003 		orr	r3, r3, #64	@ D.7123, D.7123,
 569 0038 2361     		str	r3, [r4, #16]	@ D.7123, MEM[(struct FLASH_TypeDef *)1073881088B].CR
 570 003a FFF7FEFF 		bl	FLASH_WaitForLastOperation	@
ARM GAS  C:\cygwin64\tmp\ccjwUqyA.s 			page 11


 571 003e 0428     		cmp	r0, #4	@ status,
 572 0040 07D0     		beq	.L104	@,
 573 0042 0528     		cmp	r0, #5	@ status,
 574 0044 EAD0     		beq	.L93	@,
 575              	.L102:
 576 0046 2269     		ldr	r2, [r4, #16]	@ D.7123,
 577 0048 41F6EF73 		movw	r3, #8175	@ D.7123,
 578 004c 1340     		ands	r3, r3, r2	@, D.7123, D.7123, D.7123
 579 004e 2361     		str	r3, [r4, #16]	@ D.7123,
 580 0050 38BD     		pop	{r3, r4, r5, pc}	@
 581              	.L104:
 582 0052 2269     		ldr	r2, [r4, #16]	@ D.7123, MEM[(struct FLASH_TypeDef *)1073881088B].CR
 583 0054 41F6DF73 		movw	r3, #8159	@ D.7123,
 584 0058 1340     		ands	r3, r3, r2	@, D.7123, D.7123, D.7123
 585 005a 2361     		str	r3, [r4, #16]	@ D.7123, MEM[(struct FLASH_TypeDef *)1073881088B].CR
 586 005c 2269     		ldr	r2, [r4, #16]	@ D.7123, MEM[(struct FLASH_TypeDef *)1073881088B].CR
 587 005e 094B     		ldr	r3, .L105+12	@ tmp144,
 588 0060 42F01002 		orr	r2, r2, #16	@ D.7123, D.7123,
 589 0064 2261     		str	r2, [r4, #16]	@ D.7123, MEM[(struct FLASH_TypeDef *)1073881088B].CR
 590 0066 4FF40050 		mov	r0, #8192	@,
 591 006a 1D80     		strh	r5, [r3]	@ movhi	@ rdptmp, MEM[(struct OB_TypeDef *)536868864B].RDP
 592 006c FFF7FEFF 		bl	FLASH_WaitForLastOperation	@
 593 0070 0528     		cmp	r0, #5	@ status,
 594 0072 E8D1     		bne	.L102	@,
 595 0074 D2E7     		b	.L93	@
 596              	.L106:
 597 0076 00BF     		.align	2
 598              	.L105:
 599 0078 00200240 		.word	1073881088
 600 007c 23016745 		.word	1164378403
 601 0080 AB89EFCD 		.word	-839939669
 602 0084 00F8FF1F 		.word	536868864
 603              		.size	FLASH_EraseOptionBytes, .-FLASH_EraseOptionBytes
 604              		.section	.text.FLASH_ProgramWord,"ax",%progbits
 605              		.align	2
 606              		.global	FLASH_ProgramWord
 607              		.thumb
 608              		.thumb_func
 609              		.type	FLASH_ProgramWord, %function
 610              	FLASH_ProgramWord:
 611              		@ args = 0, pretend = 0, frame = 8
 612              		@ frame_needed = 0, uses_anonymous_args = 0
 613 0000 70B5     		push	{r4, r5, r6, lr}	@
 614 0002 0023     		movs	r3, #0	@ tmp127,
 615 0004 82B0     		sub	sp, sp, #8	@,,
 616 0006 0546     		mov	r5, r0	@ Address, Address
 617 0008 4FF40050 		mov	r0, #8192	@,
 618 000c 0C46     		mov	r4, r1	@ Data, Data
 619 000e 0193     		str	r3, [sp, #4]	@ tmp127, tmp
 620 0010 FFF7FEFF 		bl	FLASH_WaitForLastOperation	@
 621 0014 0428     		cmp	r0, #4	@ status,
 622 0016 01D0     		beq	.L110	@,
 623              	.L108:
 624 0018 02B0     		add	sp, sp, #8	@,,
 625              		@ sp needed	@
 626 001a 70BD     		pop	{r4, r5, r6, pc}	@
 627              	.L110:
ARM GAS  C:\cygwin64\tmp\ccjwUqyA.s 			page 12


 628 001c 114E     		ldr	r6, .L112	@ tmp129,
 629 001e A3B2     		uxth	r3, r4	@ D.7127, Data
 630 0020 3269     		ldr	r2, [r6, #16]	@ D.7126, MEM[(struct FLASH_TypeDef *)1073881088B].CR
 631 0022 4FF40050 		mov	r0, #8192	@,
 632 0026 42F00102 		orr	r2, r2, #1	@ D.7126, D.7126,
 633 002a 3261     		str	r2, [r6, #16]	@ D.7126, MEM[(struct FLASH_TypeDef *)1073881088B].CR
 634 002c 2B80     		strh	r3, [r5]	@ movhi	@ D.7127, *Address.0_11
 635 002e FFF7FEFF 		bl	FLASH_WaitForLastOperation	@
 636 0032 0428     		cmp	r0, #4	@ status,
 637 0034 06D0     		beq	.L111	@,
 638 0036 3269     		ldr	r2, [r6, #16]	@ D.7126,
 639 0038 41F6FE73 		movw	r3, #8190	@ D.7126,
 640 003c 1340     		ands	r3, r3, r2	@, D.7126, D.7126, D.7126
 641 003e 3361     		str	r3, [r6, #16]	@ D.7126,
 642 0040 02B0     		add	sp, sp, #8	@,,
 643              		@ sp needed	@
 644 0042 70BD     		pop	{r4, r5, r6, pc}	@
 645              	.L111:
 646 0044 0235     		adds	r5, r5, #2	@ tmp.1, Address,
 647 0046 0195     		str	r5, [sp, #4]	@ tmp.1, tmp
 648 0048 019B     		ldr	r3, [sp, #4]	@ tmp.2, tmp
 649 004a 240C     		lsrs	r4, r4, #16	@ D.7127, Data,
 650 004c 1C80     		strh	r4, [r3]	@ movhi	@ D.7127, *tmp.3_20
 651 004e 4FF40050 		mov	r0, #8192	@,
 652 0052 FFF7FEFF 		bl	FLASH_WaitForLastOperation	@
 653 0056 3269     		ldr	r2, [r6, #16]	@ D.7126,
 654 0058 41F6FE73 		movw	r3, #8190	@ D.7126,
 655 005c 1340     		ands	r3, r3, r2	@, D.7126, D.7126, D.7126
 656 005e 3361     		str	r3, [r6, #16]	@ D.7126,
 657 0060 DAE7     		b	.L108	@
 658              	.L113:
 659 0062 00BF     		.align	2
 660              	.L112:
 661 0064 00200240 		.word	1073881088
 662              		.size	FLASH_ProgramWord, .-FLASH_ProgramWord
 663              		.section	.text.FLASH_ProgramHalfWord,"ax",%progbits
 664              		.align	2
 665              		.global	FLASH_ProgramHalfWord
 666              		.thumb
 667              		.thumb_func
 668              		.type	FLASH_ProgramHalfWord, %function
 669              	FLASH_ProgramHalfWord:
 670              		@ args = 0, pretend = 0, frame = 0
 671              		@ frame_needed = 0, uses_anonymous_args = 0
 672 0000 70B5     		push	{r4, r5, r6, lr}	@
 673 0002 0446     		mov	r4, r0	@ Address, Address
 674 0004 4FF40050 		mov	r0, #8192	@,
 675 0008 0D46     		mov	r5, r1	@ Data, Data
 676 000a FFF7FEFF 		bl	FLASH_WaitForLastOperation	@
 677 000e 0428     		cmp	r0, #4	@ status,
 678 0010 00D0     		beq	.L116	@,
 679 0012 70BD     		pop	{r4, r5, r6, pc}	@
 680              	.L116:
 681 0014 074E     		ldr	r6, .L117	@ tmp120,
 682 0016 4FF40050 		mov	r0, #8192	@,
 683 001a 3369     		ldr	r3, [r6, #16]	@ D.7130, MEM[(struct FLASH_TypeDef *)1073881088B].CR
 684 001c 43F00103 		orr	r3, r3, #1	@ D.7130, D.7130,
ARM GAS  C:\cygwin64\tmp\ccjwUqyA.s 			page 13


 685 0020 3361     		str	r3, [r6, #16]	@ D.7130, MEM[(struct FLASH_TypeDef *)1073881088B].CR
 686 0022 2580     		strh	r5, [r4]	@ movhi	@ Data, *Address.4_10
 687 0024 FFF7FEFF 		bl	FLASH_WaitForLastOperation	@
 688 0028 3269     		ldr	r2, [r6, #16]	@ D.7130, MEM[(struct FLASH_TypeDef *)1073881088B].CR
 689 002a 41F6FE73 		movw	r3, #8190	@ D.7130,
 690 002e 1340     		ands	r3, r3, r2	@, D.7130, D.7130, D.7130
 691 0030 3361     		str	r3, [r6, #16]	@ D.7130, MEM[(struct FLASH_TypeDef *)1073881088B].CR
 692 0032 70BD     		pop	{r4, r5, r6, pc}	@
 693              	.L118:
 694              		.align	2
 695              	.L117:
 696 0034 00200240 		.word	1073881088
 697              		.size	FLASH_ProgramHalfWord, .-FLASH_ProgramHalfWord
 698              		.section	.text.FLASH_ProgramOptionByteData,"ax",%progbits
 699              		.align	2
 700              		.global	FLASH_ProgramOptionByteData
 701              		.thumb
 702              		.thumb_func
 703              		.type	FLASH_ProgramOptionByteData, %function
 704              	FLASH_ProgramOptionByteData:
 705              		@ args = 0, pretend = 0, frame = 0
 706              		@ frame_needed = 0, uses_anonymous_args = 0
 707 0000 70B5     		push	{r4, r5, r6, lr}	@
 708 0002 0546     		mov	r5, r0	@ Address, Address
 709 0004 4FF40050 		mov	r0, #8192	@,
 710 0008 0E46     		mov	r6, r1	@ Data, Data
 711 000a FFF7FEFF 		bl	FLASH_WaitForLastOperation	@
 712 000e 0428     		cmp	r0, #4	@ status,
 713 0010 00D0     		beq	.L124	@,
 714              	.L120:
 715 0012 70BD     		pop	{r4, r5, r6, pc}	@
 716              	.L124:
 717 0014 0A4C     		ldr	r4, .L125	@ tmp121,
 718 0016 0B4A     		ldr	r2, .L125+4	@ tmp122,
 719 0018 0B4B     		ldr	r3, .L125+8	@ tmp124,
 720 001a A260     		str	r2, [r4, #8]	@ tmp122, MEM[(struct FLASH_TypeDef *)1073881088B].OPTKEYR
 721 001c A360     		str	r3, [r4, #8]	@ tmp124, MEM[(struct FLASH_TypeDef *)1073881088B].OPTKEYR
 722 001e 2369     		ldr	r3, [r4, #16]	@ D.7133, MEM[(struct FLASH_TypeDef *)1073881088B].CR
 723 0020 4FF40050 		mov	r0, #8192	@,
 724 0024 43F01003 		orr	r3, r3, #16	@ D.7133, D.7133,
 725 0028 2361     		str	r3, [r4, #16]	@ D.7133, MEM[(struct FLASH_TypeDef *)1073881088B].CR
 726 002a 2E80     		strh	r6, [r5]	@ movhi	@ Data, *Address.5_12
 727 002c FFF7FEFF 		bl	FLASH_WaitForLastOperation	@
 728 0030 0528     		cmp	r0, #5	@ status,
 729 0032 EED0     		beq	.L120	@,
 730 0034 2269     		ldr	r2, [r4, #16]	@ D.7133, MEM[(struct FLASH_TypeDef *)1073881088B].CR
 731 0036 41F6EF73 		movw	r3, #8175	@ D.7133,
 732 003a 1340     		ands	r3, r3, r2	@, D.7133, D.7133, D.7133
 733 003c 2361     		str	r3, [r4, #16]	@ D.7133, MEM[(struct FLASH_TypeDef *)1073881088B].CR
 734 003e 70BD     		pop	{r4, r5, r6, pc}	@
 735              	.L126:
 736              		.align	2
 737              	.L125:
 738 0040 00200240 		.word	1073881088
 739 0044 23016745 		.word	1164378403
 740 0048 AB89EFCD 		.word	-839939669
 741              		.size	FLASH_ProgramOptionByteData, .-FLASH_ProgramOptionByteData
ARM GAS  C:\cygwin64\tmp\ccjwUqyA.s 			page 14


 742              		.section	.text.FLASH_EnableWriteProtection,"ax",%progbits
 743              		.align	2
 744              		.global	FLASH_EnableWriteProtection
 745              		.thumb
 746              		.thumb_func
 747              		.type	FLASH_EnableWriteProtection, %function
 748              	FLASH_EnableWriteProtection:
 749              		@ args = 0, pretend = 0, frame = 0
 750              		@ frame_needed = 0, uses_anonymous_args = 0
 751 0000 38B5     		push	{r3, r4, r5, lr}	@
 752 0002 0546     		mov	r5, r0	@ FLASH_Pages, FLASH_Pages
 753 0004 4FF40050 		mov	r0, #8192	@,
 754 0008 FFF7FEFF 		bl	FLASH_WaitForLastOperation	@
 755 000c 0428     		cmp	r0, #4	@ status,
 756 000e 0446     		mov	r4, r0	@ status,
 757 0010 01D0     		beq	.L153	@,
 758              	.L143:
 759 0012 2046     		mov	r0, r4	@, status
 760 0014 38BD     		pop	{r3, r4, r5, pc}	@
 761              	.L153:
 762 0016 214B     		ldr	r3, .L154	@ tmp134,
 763 0018 2149     		ldr	r1, .L154+4	@ tmp135,
 764 001a 224A     		ldr	r2, .L154+8	@ tmp137,
 765 001c 9960     		str	r1, [r3, #8]	@ tmp135, MEM[(struct FLASH_TypeDef *)1073881088B].OPTKEYR
 766 001e 9A60     		str	r2, [r3, #8]	@ tmp137, MEM[(struct FLASH_TypeDef *)1073881088B].OPTKEYR
 767 0020 1969     		ldr	r1, [r3, #16]	@ D.7138, MEM[(struct FLASH_TypeDef *)1073881088B].CR
 768 0022 ED43     		mvns	r5, r5	@ FLASH_Pages, FLASH_Pages
 769 0024 EAB2     		uxtb	r2, r5	@ WRP0_Data, FLASH_Pages
 770 0026 41F01001 		orr	r1, r1, #16	@ D.7138, D.7138,
 771 002a FF2A     		cmp	r2, #255	@ WRP0_Data,
 772 002c 1961     		str	r1, [r3, #16]	@ D.7138, MEM[(struct FLASH_TypeDef *)1073881088B].CR
 773 002e 12D0     		beq	.L132	@,
 774 0030 1D4B     		ldr	r3, .L154+12	@ tmp142,
 775 0032 4FF40050 		mov	r0, #8192	@,
 776 0036 1A81     		strh	r2, [r3, #8]	@ movhi	@ WRP0_Data, MEM[(struct OB_TypeDef *)536868864B].WRP0
 777 0038 FFF7FEFF 		bl	FLASH_WaitForLastOperation	@
 778 003c 0428     		cmp	r0, #4	@ status,
 779 003e 0AD0     		beq	.L132	@,
 780              	.L152:
 781 0040 0528     		cmp	r0, #5	@ status,
 782 0042 0446     		mov	r4, r0	@ status,
 783 0044 E5D0     		beq	.L143	@,
 784              	.L137:
 785 0046 154A     		ldr	r2, .L154	@ tmp157,
 786 0048 41F6EF73 		movw	r3, #8175	@ D.7138,
 787 004c 1169     		ldr	r1, [r2, #16]	@ D.7138, MEM[(struct FLASH_TypeDef *)1073881088B].CR
 788 004e 2046     		mov	r0, r4	@, status
 789 0050 0B40     		ands	r3, r3, r1	@, D.7138, D.7138, D.7138
 790 0052 1361     		str	r3, [r2, #16]	@ D.7138, MEM[(struct FLASH_TypeDef *)1073881088B].CR
 791 0054 38BD     		pop	{r3, r4, r5, pc}	@
 792              	.L132:
 793 0056 C5F30723 		ubfx	r3, r5, #8, #8	@ WRP1_Data, FLASH_Pages,,
 794 005a FF2B     		cmp	r3, #255	@ WRP1_Data,
 795 005c 07D0     		beq	.L131	@,
 796 005e 124A     		ldr	r2, .L154+12	@ tmp147,
 797 0060 4FF40050 		mov	r0, #8192	@,
 798 0064 5381     		strh	r3, [r2, #10]	@ movhi	@ WRP1_Data, MEM[(struct OB_TypeDef *)536868864B].WRP1
ARM GAS  C:\cygwin64\tmp\ccjwUqyA.s 			page 15


 799 0066 FFF7FEFF 		bl	FLASH_WaitForLastOperation	@
 800 006a 0428     		cmp	r0, #4	@ status,
 801 006c E8D1     		bne	.L152	@,
 802              	.L131:
 803 006e C5F30743 		ubfx	r3, r5, #16, #8	@ WRP2_Data, FLASH_Pages,,
 804 0072 FF2B     		cmp	r3, #255	@ WRP2_Data,
 805 0074 07D0     		beq	.L135	@,
 806 0076 0C4A     		ldr	r2, .L154+12	@ tmp151,
 807 0078 4FF40050 		mov	r0, #8192	@,
 808 007c 9381     		strh	r3, [r2, #12]	@ movhi	@ WRP2_Data, MEM[(struct OB_TypeDef *)536868864B].WRP2
 809 007e FFF7FEFF 		bl	FLASH_WaitForLastOperation	@
 810 0082 0428     		cmp	r0, #4	@ tmp153,
 811 0084 DCD1     		bne	.L152	@,
 812              	.L135:
 813 0086 2D0E     		lsrs	r5, r5, #24	@ WRP3_Data, FLASH_Pages,
 814 0088 FF2D     		cmp	r5, #255	@ WRP3_Data,
 815 008a DCD0     		beq	.L137	@,
 816 008c 064B     		ldr	r3, .L154+12	@ tmp154,
 817 008e 4FF40050 		mov	r0, #8192	@,
 818 0092 DD81     		strh	r5, [r3, #14]	@ movhi	@ WRP3_Data, MEM[(struct OB_TypeDef *)536868864B].WRP3
 819 0094 FFF7FEFF 		bl	FLASH_WaitForLastOperation	@
 820 0098 D2E7     		b	.L152	@
 821              	.L155:
 822 009a 00BF     		.align	2
 823              	.L154:
 824 009c 00200240 		.word	1073881088
 825 00a0 23016745 		.word	1164378403
 826 00a4 AB89EFCD 		.word	-839939669
 827 00a8 00F8FF1F 		.word	536868864
 828              		.size	FLASH_EnableWriteProtection, .-FLASH_EnableWriteProtection
 829              		.section	.text.FLASH_ReadOutProtection,"ax",%progbits
 830              		.align	2
 831              		.global	FLASH_ReadOutProtection
 832              		.thumb
 833              		.thumb_func
 834              		.type	FLASH_ReadOutProtection, %function
 835              	FLASH_ReadOutProtection:
 836              		@ args = 0, pretend = 0, frame = 0
 837              		@ frame_needed = 0, uses_anonymous_args = 0
 838 0000 38B5     		push	{r3, r4, r5, lr}	@
 839 0002 0546     		mov	r5, r0	@ NewState, NewState
 840 0004 4FF43020 		mov	r0, #720896	@,
 841 0008 FFF7FEFF 		bl	FLASH_WaitForLastOperation	@
 842 000c 0428     		cmp	r0, #4	@ status,
 843 000e 00D0     		beq	.L167	@,
 844              	.L157:
 845 0010 38BD     		pop	{r3, r4, r5, pc}	@
 846              	.L167:
 847 0012 1C4C     		ldr	r4, .L170	@ tmp126,
 848 0014 1C4A     		ldr	r2, .L170+4	@ tmp127,
 849 0016 1D4B     		ldr	r3, .L170+8	@ tmp129,
 850 0018 A260     		str	r2, [r4, #8]	@ tmp127, MEM[(struct FLASH_TypeDef *)1073881088B].OPTKEYR
 851 001a A360     		str	r3, [r4, #8]	@ tmp129, MEM[(struct FLASH_TypeDef *)1073881088B].OPTKEYR
 852 001c 2369     		ldr	r3, [r4, #16]	@ D.7141, MEM[(struct FLASH_TypeDef *)1073881088B].CR
 853 001e 4FF43020 		mov	r0, #720896	@,
 854 0022 43F02003 		orr	r3, r3, #32	@ D.7141, D.7141,
 855 0026 2361     		str	r3, [r4, #16]	@ D.7141, MEM[(struct FLASH_TypeDef *)1073881088B].CR
ARM GAS  C:\cygwin64\tmp\ccjwUqyA.s 			page 16


 856 0028 2369     		ldr	r3, [r4, #16]	@ D.7141, MEM[(struct FLASH_TypeDef *)1073881088B].CR
 857 002a 43F04003 		orr	r3, r3, #64	@ D.7141, D.7141,
 858 002e 2361     		str	r3, [r4, #16]	@ D.7141, MEM[(struct FLASH_TypeDef *)1073881088B].CR
 859 0030 FFF7FEFF 		bl	FLASH_WaitForLastOperation	@
 860 0034 0428     		cmp	r0, #4	@ status,
 861 0036 07D0     		beq	.L168	@,
 862 0038 0528     		cmp	r0, #5	@ status,
 863 003a E9D0     		beq	.L157	@,
 864 003c 2269     		ldr	r2, [r4, #16]	@ D.7141, MEM[(struct FLASH_TypeDef *)1073881088B].CR
 865 003e 41F6DF73 		movw	r3, #8159	@ D.7141,
 866 0042 1340     		ands	r3, r3, r2	@, D.7141, D.7141, D.7141
 867 0044 2361     		str	r3, [r4, #16]	@ D.7141, MEM[(struct FLASH_TypeDef *)1073881088B].CR
 868 0046 38BD     		pop	{r3, r4, r5, pc}	@
 869              	.L168:
 870 0048 2269     		ldr	r2, [r4, #16]	@ D.7141, MEM[(struct FLASH_TypeDef *)1073881088B].CR
 871 004a 41F6DF73 		movw	r3, #8159	@ D.7141,
 872 004e 1340     		ands	r3, r3, r2	@, D.7141, D.7141, D.7141
 873 0050 2361     		str	r3, [r4, #16]	@ D.7141, MEM[(struct FLASH_TypeDef *)1073881088B].CR
 874 0052 2369     		ldr	r3, [r4, #16]	@ D.7141, MEM[(struct FLASH_TypeDef *)1073881088B].CR
 875 0054 43F01003 		orr	r3, r3, #16	@ D.7141, D.7141,
 876 0058 2361     		str	r3, [r4, #16]	@ D.7141, MEM[(struct FLASH_TypeDef *)1073881088B].CR
 877 005a 0D4B     		ldr	r3, .L170+12	@ tmp140,
 878 005c 75B9     		cbnz	r5, .L169	@ NewState,
 879 005e A522     		movs	r2, #165	@ tmp145,
 880 0060 1A80     		strh	r2, [r3]	@ movhi	@ tmp145,
 881              	.L160:
 882 0062 4FF43020 		mov	r0, #720896	@,
 883 0066 FFF7FEFF 		bl	FLASH_WaitForLastOperation	@
 884 006a 0528     		cmp	r0, #5	@ status,
 885 006c D0D0     		beq	.L157	@,
 886 006e 054A     		ldr	r2, .L170	@ tmp147,
 887 0070 41F6EF73 		movw	r3, #8175	@ D.7141,
 888 0074 1169     		ldr	r1, [r2, #16]	@ D.7141, MEM[(struct FLASH_TypeDef *)1073881088B].CR
 889 0076 0B40     		ands	r3, r3, r1	@, D.7141, D.7141, D.7141
 890 0078 1361     		str	r3, [r2, #16]	@ D.7141, MEM[(struct FLASH_TypeDef *)1073881088B].CR
 891 007a 38BD     		pop	{r3, r4, r5, pc}	@
 892              	.L169:
 893 007c 0022     		movs	r2, #0	@ tmp142,
 894 007e 1A80     		strh	r2, [r3]	@ movhi	@ tmp142,
 895 0080 EFE7     		b	.L160	@
 896              	.L171:
 897 0082 00BF     		.align	2
 898              	.L170:
 899 0084 00200240 		.word	1073881088
 900 0088 23016745 		.word	1164378403
 901 008c AB89EFCD 		.word	-839939669
 902 0090 00F8FF1F 		.word	536868864
 903              		.size	FLASH_ReadOutProtection, .-FLASH_ReadOutProtection
 904              		.section	.text.FLASH_UserOptionByteConfig,"ax",%progbits
 905              		.align	2
 906              		.global	FLASH_UserOptionByteConfig
 907              		.thumb
 908              		.thumb_func
 909              		.type	FLASH_UserOptionByteConfig, %function
 910              	FLASH_UserOptionByteConfig:
 911              		@ args = 0, pretend = 0, frame = 0
 912              		@ frame_needed = 0, uses_anonymous_args = 0
ARM GAS  C:\cygwin64\tmp\ccjwUqyA.s 			page 17


 913 0000 F8B5     		push	{r3, r4, r5, r6, r7, lr}	@
 914 0002 124C     		ldr	r4, .L178	@ tmp122,
 915 0004 124D     		ldr	r5, .L178+4	@ tmp123,
 916 0006 134B     		ldr	r3, .L178+8	@ tmp125,
 917 0008 A560     		str	r5, [r4, #8]	@ tmp123, MEM[(struct FLASH_TypeDef *)1073881088B].OPTKEYR
 918 000a 0746     		mov	r7, r0	@ OB_IWDG, OB_IWDG
 919 000c A360     		str	r3, [r4, #8]	@ tmp125, MEM[(struct FLASH_TypeDef *)1073881088B].OPTKEYR
 920 000e 4FF40050 		mov	r0, #8192	@,
 921 0012 0E46     		mov	r6, r1	@ OB_STOP, OB_STOP
 922 0014 1546     		mov	r5, r2	@ OB_STDBY, OB_STDBY
 923 0016 FFF7FEFF 		bl	FLASH_WaitForLastOperation	@
 924 001a 0428     		cmp	r0, #4	@ status,
 925 001c 00D0     		beq	.L177	@,
 926              	.L173:
 927 001e F8BD     		pop	{r3, r4, r5, r6, r7, pc}	@
 928              	.L177:
 929 0020 2269     		ldr	r2, [r4, #16]	@ D.7144, MEM[(struct FLASH_TypeDef *)1073881088B].CR
 930 0022 47F0F807 		orr	r7, r7, #248	@ tmp129, OB_IWDG,
 931 0026 0C4B     		ldr	r3, .L178+12	@ tmp134,
 932 0028 3E43     		orrs	r6, r6, r7	@, tmp131, OB_STOP, tmp129
 933 002a 42F01002 		orr	r2, r2, #16	@ D.7144, D.7144,
 934 002e 3543     		orrs	r5, r5, r6	@, D.7145, OB_STDBY, tmp131
 935 0030 2261     		str	r2, [r4, #16]	@ D.7144, MEM[(struct FLASH_TypeDef *)1073881088B].CR
 936 0032 4FF40050 		mov	r0, #8192	@,
 937 0036 5D80     		strh	r5, [r3, #2]	@ movhi	@ D.7145, MEM[(struct OB_TypeDef *)536868864B].USER
 938 0038 FFF7FEFF 		bl	FLASH_WaitForLastOperation	@
 939 003c 0528     		cmp	r0, #5	@ status,
 940 003e EED0     		beq	.L173	@,
 941 0040 2269     		ldr	r2, [r4, #16]	@ D.7144, MEM[(struct FLASH_TypeDef *)1073881088B].CR
 942 0042 41F6EF73 		movw	r3, #8175	@ D.7144,
 943 0046 1340     		ands	r3, r3, r2	@, D.7144, D.7144, D.7144
 944 0048 2361     		str	r3, [r4, #16]	@ D.7144, MEM[(struct FLASH_TypeDef *)1073881088B].CR
 945 004a F8BD     		pop	{r3, r4, r5, r6, r7, pc}	@
 946              	.L179:
 947              		.align	2
 948              	.L178:
 949 004c 00200240 		.word	1073881088
 950 0050 23016745 		.word	1164378403
 951 0054 AB89EFCD 		.word	-839939669
 952 0058 00F8FF1F 		.word	536868864
 953              		.size	FLASH_UserOptionByteConfig, .-FLASH_UserOptionByteConfig
 954              		.section	.text.FLASH_WaitForLastBank1Operation,"ax",%progbits
 955              		.align	2
 956              		.global	FLASH_WaitForLastBank1Operation
 957              		.thumb
 958              		.thumb_func
 959              		.type	FLASH_WaitForLastBank1Operation, %function
 960              	FLASH_WaitForLastBank1Operation:
 961              		@ args = 0, pretend = 0, frame = 0
 962              		@ frame_needed = 0, uses_anonymous_args = 0
 963 0000 10B5     		push	{r4, lr}	@
 964 0002 0446     		mov	r4, r0	@ Timeout, Timeout
 965 0004 FFF7FEFF 		bl	FLASH_GetBank1Status	@
 966 0008 0128     		cmp	r0, #1	@ status,
 967 000a 06D1     		bne	.L181	@,
 968              	.L193:
 969 000c 3CB1     		cbz	r4, .L184	@ Timeout,
ARM GAS  C:\cygwin64\tmp\ccjwUqyA.s 			page 18


 970 000e FFF7FEFF 		bl	FLASH_GetBank1Status	@
 971 0012 0128     		cmp	r0, #1	@ status,
 972 0014 04F1FF34 		add	r4, r4, #-1	@ Timeout, Timeout,
 973 0018 F8D0     		beq	.L193	@,
 974              	.L181:
 975 001a 04B1     		cbz	r4, .L184	@ Timeout,
 976 001c 10BD     		pop	{r4, pc}	@
 977              	.L184:
 978 001e 0520     		movs	r0, #5	@ status,
 979 0020 10BD     		pop	{r4, pc}	@
 980              		.size	FLASH_WaitForLastBank1Operation, .-FLASH_WaitForLastBank1Operation
 981 0022 00BF     		.section	.text.FLASH_EraseAllBank1Pages,"ax",%progbits
 982              		.align	2
 983              		.global	FLASH_EraseAllBank1Pages
 984              		.thumb
 985              		.thumb_func
 986              		.type	FLASH_EraseAllBank1Pages, %function
 987              	FLASH_EraseAllBank1Pages:
 988              		@ args = 0, pretend = 0, frame = 0
 989              		@ frame_needed = 0, uses_anonymous_args = 0
 990 0000 10B5     		push	{r4, lr}	@
 991 0002 4FF43020 		mov	r0, #720896	@,
 992 0006 FFF7FEFF 		bl	FLASH_WaitForLastBank1Operation	@
 993 000a 0428     		cmp	r0, #4	@ status,
 994 000c 00D0     		beq	.L196	@,
 995 000e 10BD     		pop	{r4, pc}	@
 996              	.L196:
 997 0010 094C     		ldr	r4, .L197	@ tmp119,
 998 0012 4FF43020 		mov	r0, #720896	@,
 999 0016 2369     		ldr	r3, [r4, #16]	@ D.7154, MEM[(struct FLASH_TypeDef *)1073881088B].CR
 1000 0018 43F00403 		orr	r3, r3, #4	@ D.7154, D.7154,
 1001 001c 2361     		str	r3, [r4, #16]	@ D.7154, MEM[(struct FLASH_TypeDef *)1073881088B].CR
 1002 001e 2369     		ldr	r3, [r4, #16]	@ D.7154, MEM[(struct FLASH_TypeDef *)1073881088B].CR
 1003 0020 43F04003 		orr	r3, r3, #64	@ D.7154, D.7154,
 1004 0024 2361     		str	r3, [r4, #16]	@ D.7154, MEM[(struct FLASH_TypeDef *)1073881088B].CR
 1005 0026 FFF7FEFF 		bl	FLASH_WaitForLastBank1Operation	@
 1006 002a 2269     		ldr	r2, [r4, #16]	@ D.7154, MEM[(struct FLASH_TypeDef *)1073881088B].CR
 1007 002c 41F6FB73 		movw	r3, #8187	@ D.7154,
 1008 0030 1340     		ands	r3, r3, r2	@, D.7154, D.7154, D.7154
 1009 0032 2361     		str	r3, [r4, #16]	@ D.7154, MEM[(struct FLASH_TypeDef *)1073881088B].CR
 1010 0034 10BD     		pop	{r4, pc}	@
 1011              	.L198:
 1012 0036 00BF     		.align	2
 1013              	.L197:
 1014 0038 00200240 		.word	1073881088
 1015              		.size	FLASH_EraseAllBank1Pages, .-FLASH_EraseAllBank1Pages
 1016              		.ident	"GCC: (GNU Tools for ARM Embedded Processors) 4.8.4 20140526 (release) [ARM/embedded-4_8-br
ARM GAS  C:\cygwin64\tmp\ccjwUqyA.s 			page 19


DEFINED SYMBOLS
                            *ABS*:00000000 stm32f10x_flash.c
C:\cygwin64\tmp\ccjwUqyA.s:71     .text.FLASH_SetLatency:00000000 $t
C:\cygwin64\tmp\ccjwUqyA.s:76     .text.FLASH_SetLatency:00000000 FLASH_SetLatency
C:\cygwin64\tmp\ccjwUqyA.s:89     .text.FLASH_SetLatency:00000010 $d
C:\cygwin64\tmp\ccjwUqyA.s:92     .text.FLASH_HalfCycleAccessCmd:00000000 $t
C:\cygwin64\tmp\ccjwUqyA.s:97     .text.FLASH_HalfCycleAccessCmd:00000000 FLASH_HalfCycleAccessCmd
C:\cygwin64\tmp\ccjwUqyA.s:112    .text.FLASH_HalfCycleAccessCmd:00000014 $d
C:\cygwin64\tmp\ccjwUqyA.s:115    .text.FLASH_PrefetchBufferCmd:00000000 $t
C:\cygwin64\tmp\ccjwUqyA.s:120    .text.FLASH_PrefetchBufferCmd:00000000 FLASH_PrefetchBufferCmd
C:\cygwin64\tmp\ccjwUqyA.s:135    .text.FLASH_PrefetchBufferCmd:00000014 $d
C:\cygwin64\tmp\ccjwUqyA.s:138    .text.FLASH_Unlock:00000000 $t
C:\cygwin64\tmp\ccjwUqyA.s:143    .text.FLASH_Unlock:00000000 FLASH_Unlock
C:\cygwin64\tmp\ccjwUqyA.s:156    .text.FLASH_Unlock:0000000c $d
C:\cygwin64\tmp\ccjwUqyA.s:161    .text.FLASH_UnlockBank1:00000000 $t
C:\cygwin64\tmp\ccjwUqyA.s:166    .text.FLASH_UnlockBank1:00000000 FLASH_UnlockBank1
C:\cygwin64\tmp\ccjwUqyA.s:179    .text.FLASH_UnlockBank1:0000000c $d
C:\cygwin64\tmp\ccjwUqyA.s:184    .text.FLASH_Lock:00000000 $t
C:\cygwin64\tmp\ccjwUqyA.s:189    .text.FLASH_Lock:00000000 FLASH_Lock
C:\cygwin64\tmp\ccjwUqyA.s:201    .text.FLASH_Lock:0000000c $d
C:\cygwin64\tmp\ccjwUqyA.s:204    .text.FLASH_LockBank1:00000000 $t
C:\cygwin64\tmp\ccjwUqyA.s:209    .text.FLASH_LockBank1:00000000 FLASH_LockBank1
C:\cygwin64\tmp\ccjwUqyA.s:221    .text.FLASH_LockBank1:0000000c $d
C:\cygwin64\tmp\ccjwUqyA.s:224    .text.FLASH_GetUserOptionByte:00000000 $t
C:\cygwin64\tmp\ccjwUqyA.s:229    .text.FLASH_GetUserOptionByte:00000000 FLASH_GetUserOptionByte
C:\cygwin64\tmp\ccjwUqyA.s:240    .text.FLASH_GetUserOptionByte:00000008 $d
C:\cygwin64\tmp\ccjwUqyA.s:243    .text.FLASH_GetWriteProtectionOptionByte:00000000 $t
C:\cygwin64\tmp\ccjwUqyA.s:248    .text.FLASH_GetWriteProtectionOptionByte:00000000 FLASH_GetWriteProtectionOptionByte
C:\cygwin64\tmp\ccjwUqyA.s:258    .text.FLASH_GetWriteProtectionOptionByte:00000008 $d
C:\cygwin64\tmp\ccjwUqyA.s:261    .text.FLASH_GetReadOutProtectionStatus:00000000 $t
C:\cygwin64\tmp\ccjwUqyA.s:266    .text.FLASH_GetReadOutProtectionStatus:00000000 FLASH_GetReadOutProtectionStatus
C:\cygwin64\tmp\ccjwUqyA.s:277    .text.FLASH_GetReadOutProtectionStatus:0000000c $d
C:\cygwin64\tmp\ccjwUqyA.s:280    .text.FLASH_GetPrefetchBufferStatus:00000000 $t
C:\cygwin64\tmp\ccjwUqyA.s:285    .text.FLASH_GetPrefetchBufferStatus:00000000 FLASH_GetPrefetchBufferStatus
C:\cygwin64\tmp\ccjwUqyA.s:296    .text.FLASH_GetPrefetchBufferStatus:0000000c $d
C:\cygwin64\tmp\ccjwUqyA.s:299    .text.FLASH_ITConfig:00000000 $t
C:\cygwin64\tmp\ccjwUqyA.s:304    .text.FLASH_ITConfig:00000000 FLASH_ITConfig
C:\cygwin64\tmp\ccjwUqyA.s:321    .text.FLASH_ITConfig:00000014 $d
C:\cygwin64\tmp\ccjwUqyA.s:324    .text.FLASH_GetFlagStatus:00000000 $t
C:\cygwin64\tmp\ccjwUqyA.s:329    .text.FLASH_GetFlagStatus:00000000 FLASH_GetFlagStatus
C:\cygwin64\tmp\ccjwUqyA.s:349    .text.FLASH_GetFlagStatus:0000001c $d
C:\cygwin64\tmp\ccjwUqyA.s:352    .text.FLASH_ClearFlag:00000000 $t
C:\cygwin64\tmp\ccjwUqyA.s:357    .text.FLASH_ClearFlag:00000000 FLASH_ClearFlag
C:\cygwin64\tmp\ccjwUqyA.s:367    .text.FLASH_ClearFlag:00000008 $d
C:\cygwin64\tmp\ccjwUqyA.s:370    .text.FLASH_GetStatus:00000000 $t
C:\cygwin64\tmp\ccjwUqyA.s:375    .text.FLASH_GetStatus:00000000 FLASH_GetStatus
C:\cygwin64\tmp\ccjwUqyA.s:401    .text.FLASH_GetStatus:00000024 $d
C:\cygwin64\tmp\ccjwUqyA.s:404    .text.FLASH_GetBank1Status:00000000 $t
C:\cygwin64\tmp\ccjwUqyA.s:409    .text.FLASH_GetBank1Status:00000000 FLASH_GetBank1Status
C:\cygwin64\tmp\ccjwUqyA.s:435    .text.FLASH_GetBank1Status:00000024 $d
C:\cygwin64\tmp\ccjwUqyA.s:438    .text.FLASH_WaitForLastOperation:00000000 $t
C:\cygwin64\tmp\ccjwUqyA.s:443    .text.FLASH_WaitForLastOperation:00000000 FLASH_WaitForLastOperation
C:\cygwin64\tmp\ccjwUqyA.s:465    .text.FLASH_ErasePage:00000000 $t
C:\cygwin64\tmp\ccjwUqyA.s:470    .text.FLASH_ErasePage:00000000 FLASH_ErasePage
C:\cygwin64\tmp\ccjwUqyA.s:499    .text.FLASH_ErasePage:0000003c $d
C:\cygwin64\tmp\ccjwUqyA.s:502    .text.FLASH_EraseAllPages:00000000 $t
C:\cygwin64\tmp\ccjwUqyA.s:507    .text.FLASH_EraseAllPages:00000000 FLASH_EraseAllPages
ARM GAS  C:\cygwin64\tmp\ccjwUqyA.s 			page 20


C:\cygwin64\tmp\ccjwUqyA.s:534    .text.FLASH_EraseAllPages:00000038 $d
C:\cygwin64\tmp\ccjwUqyA.s:537    .text.FLASH_EraseOptionBytes:00000000 $t
C:\cygwin64\tmp\ccjwUqyA.s:542    .text.FLASH_EraseOptionBytes:00000000 FLASH_EraseOptionBytes
C:\cygwin64\tmp\ccjwUqyA.s:599    .text.FLASH_EraseOptionBytes:00000078 $d
C:\cygwin64\tmp\ccjwUqyA.s:605    .text.FLASH_ProgramWord:00000000 $t
C:\cygwin64\tmp\ccjwUqyA.s:610    .text.FLASH_ProgramWord:00000000 FLASH_ProgramWord
C:\cygwin64\tmp\ccjwUqyA.s:661    .text.FLASH_ProgramWord:00000064 $d
C:\cygwin64\tmp\ccjwUqyA.s:664    .text.FLASH_ProgramHalfWord:00000000 $t
C:\cygwin64\tmp\ccjwUqyA.s:669    .text.FLASH_ProgramHalfWord:00000000 FLASH_ProgramHalfWord
C:\cygwin64\tmp\ccjwUqyA.s:696    .text.FLASH_ProgramHalfWord:00000034 $d
C:\cygwin64\tmp\ccjwUqyA.s:699    .text.FLASH_ProgramOptionByteData:00000000 $t
C:\cygwin64\tmp\ccjwUqyA.s:704    .text.FLASH_ProgramOptionByteData:00000000 FLASH_ProgramOptionByteData
C:\cygwin64\tmp\ccjwUqyA.s:738    .text.FLASH_ProgramOptionByteData:00000040 $d
C:\cygwin64\tmp\ccjwUqyA.s:743    .text.FLASH_EnableWriteProtection:00000000 $t
C:\cygwin64\tmp\ccjwUqyA.s:748    .text.FLASH_EnableWriteProtection:00000000 FLASH_EnableWriteProtection
C:\cygwin64\tmp\ccjwUqyA.s:824    .text.FLASH_EnableWriteProtection:0000009c $d
C:\cygwin64\tmp\ccjwUqyA.s:830    .text.FLASH_ReadOutProtection:00000000 $t
C:\cygwin64\tmp\ccjwUqyA.s:835    .text.FLASH_ReadOutProtection:00000000 FLASH_ReadOutProtection
C:\cygwin64\tmp\ccjwUqyA.s:899    .text.FLASH_ReadOutProtection:00000084 $d
C:\cygwin64\tmp\ccjwUqyA.s:905    .text.FLASH_UserOptionByteConfig:00000000 $t
C:\cygwin64\tmp\ccjwUqyA.s:910    .text.FLASH_UserOptionByteConfig:00000000 FLASH_UserOptionByteConfig
C:\cygwin64\tmp\ccjwUqyA.s:949    .text.FLASH_UserOptionByteConfig:0000004c $d
C:\cygwin64\tmp\ccjwUqyA.s:955    .text.FLASH_WaitForLastBank1Operation:00000000 $t
C:\cygwin64\tmp\ccjwUqyA.s:960    .text.FLASH_WaitForLastBank1Operation:00000000 FLASH_WaitForLastBank1Operation
C:\cygwin64\tmp\ccjwUqyA.s:982    .text.FLASH_EraseAllBank1Pages:00000000 $t
C:\cygwin64\tmp\ccjwUqyA.s:987    .text.FLASH_EraseAllBank1Pages:00000000 FLASH_EraseAllBank1Pages
C:\cygwin64\tmp\ccjwUqyA.s:1014   .text.FLASH_EraseAllBank1Pages:00000038 $d

NO UNDEFINED SYMBOLS
