ARM GAS  C:\cygwin64\tmp\cc8KqAEV.s 			page 1


   1              		.syntax unified
   2              		.cpu cortex-m3
   3              		.fpu softvfp
   4              		.eabi_attribute 20, 1	@ Tag_ABI_FP_denormal
   5              		.eabi_attribute 21, 1	@ Tag_ABI_FP_exceptions
   6              		.eabi_attribute 23, 3	@ Tag_ABI_FP_number_model
   7              		.eabi_attribute 24, 1	@ Tag_ABI_align8_needed
   8              		.eabi_attribute 25, 1	@ Tag_ABI_align8_preserved
   9              		.eabi_attribute 26, 1	@ Tag_ABI_enum_size
  10              		.eabi_attribute 30, 2	@ Tag_ABI_optimization_goals
  11              		.eabi_attribute 34, 1	@ Tag_CPU_unaligned_access
  12              		.eabi_attribute 18, 4	@ Tag_ABI_PCS_wchar_t
  13              		.file	"stm32f10x_rcc.c"
  14              	@ GNU C (GNU Tools for ARM Embedded Processors) version 4.8.4 20140526 (release) [ARM/embedded-4_8-
  15              	@	compiled by GNU C version 4.6.4, GMP version 4.3.2, MPFR version 2.4.2, MPC version 0.8.1
  16              	@ GGC heuristics: --param ggc-min-expand=99 --param ggc-min-heapsize=131015
  17              	@ options passed:  -I . -I src -I Libraries -I Libraries/CMSIS/Include
  18              	@ -I Libraries/CMSIS/Device/ST/STM32F10x/Include
  19              	@ -I Libraries/STM32F10x_StdPeriph_Driver/inc
  20              	@ -I Libraries/STM32_USB-FS-Device_Driver/inc -I src/VCP/inc
  21              	@ -imultilib armv7-m
  22              	@ -iprefix c:\program files (x86)\gnu tools arm embedded\4.8 2014q2\bin\../lib/gcc/arm-none-eabi/4.
  23              	@ -isysroot c:\program files (x86)\gnu tools arm embedded\4.8 2014q2\bin\../arm-none-eabi
  24              	@ -MD out/stm32f10x_rcc.d -MF out/stm32f10x_rcc.d -MP
  25              	@ -MQ out/stm32f10x_rcc.o -D__USES_INITFINI__ -D STM32F10X_HD
  26              	@ -D USE_STDPERIPH_DRIVER
  27              	@ Libraries/STM32F10x_StdPeriph_Driver/src/stm32f10x_rcc.c -mcpu=cortex-m3
  28              	@ -mthumb -auxbase-strip out/stm32f10x_rcc.o -O2 -Wall -Wstrict-prototypes
  29              	@ -Wextra -std=gnu99 -ffunction-sections -fdata-sections -fverbose-asm
  30              	@ -fsingle-precision-constant
  31              	@ options enabled:  -faggressive-loop-optimizations -fauto-inc-dec
  32              	@ -fbranch-count-reg -fcaller-saves -fcombine-stack-adjustments -fcommon
  33              	@ -fcompare-elim -fcprop-registers -fcrossjumping -fcse-follow-jumps
  34              	@ -fdata-sections -fdefer-pop -fdelete-null-pointer-checks -fdevirtualize
  35              	@ -fdwarf2-cfi-asm -fearly-inlining -feliminate-unused-debug-types
  36              	@ -fexpensive-optimizations -fforward-propagate -ffunction-cse
  37              	@ -ffunction-sections -fgcse -fgcse-lm -fgnu-runtime
  38              	@ -fguess-branch-probability -fhoist-adjacent-loads -fident -fif-conversion
  39              	@ -fif-conversion2 -findirect-inlining -finline -finline-atomics
  40              	@ -finline-functions-called-once -finline-small-functions -fipa-cp
  41              	@ -fipa-profile -fipa-pure-const -fipa-reference -fipa-sra
  42              	@ -fira-hoist-pressure -fira-share-save-slots -fira-share-spill-slots
  43              	@ -fivopts -fkeep-static-consts -fleading-underscore -fmath-errno
  44              	@ -fmerge-constants -fmerge-debug-strings -fmove-loop-invariants
  45              	@ -fomit-frame-pointer -foptimize-register-move -foptimize-sibling-calls
  46              	@ -foptimize-strlen -fpartial-inlining -fpeephole -fpeephole2
  47              	@ -fprefetch-loop-arrays -freg-struct-return -fregmove -freorder-blocks
  48              	@ -freorder-functions -frerun-cse-after-loop
  49              	@ -fsched-critical-path-heuristic -fsched-dep-count-heuristic
  50              	@ -fsched-group-heuristic -fsched-interblock -fsched-last-insn-heuristic
  51              	@ -fsched-pressure -fsched-rank-heuristic -fsched-spec
  52              	@ -fsched-spec-insn-heuristic -fsched-stalled-insns-dep -fschedule-insns
  53              	@ -fschedule-insns2 -fsection-anchors -fshow-column -fshrink-wrap
  54              	@ -fsigned-zeros -fsingle-precision-constant -fsplit-ivs-in-unroller
  55              	@ -fsplit-wide-types -fstrict-aliasing -fstrict-overflow
  56              	@ -fstrict-volatile-bitfields -fsync-libcalls -fthread-jumps
  57              	@ -ftoplevel-reorder -ftrapping-math -ftree-bit-ccp -ftree-builtin-call-dce
ARM GAS  C:\cygwin64\tmp\cc8KqAEV.s 			page 2


  58              	@ -ftree-ccp -ftree-ch -ftree-coalesce-vars -ftree-copy-prop
  59              	@ -ftree-copyrename -ftree-cselim -ftree-dce -ftree-dominator-opts
  60              	@ -ftree-dse -ftree-forwprop -ftree-fre -ftree-loop-if-convert
  61              	@ -ftree-loop-im -ftree-loop-ivcanon -ftree-loop-optimize
  62              	@ -ftree-parallelize-loops= -ftree-phiprop -ftree-pre -ftree-pta
  63              	@ -ftree-reassoc -ftree-scev-cprop -ftree-sink -ftree-slp-vectorize
  64              	@ -ftree-slsr -ftree-sra -ftree-switch-conversion -ftree-tail-merge
  65              	@ -ftree-ter -ftree-vect-loop-version -ftree-vrp -funit-at-a-time
  66              	@ -fverbose-asm -fzero-initialized-in-bss -mfix-cortex-m3-ldrd
  67              	@ -mlittle-endian -mpic-data-is-text-relative -msched-prolog -mthumb
  68              	@ -munaligned-access -mvectorize-with-neon-quad
  69              	
  70              		.section	.text.RCC_DeInit,"ax",%progbits
  71              		.align	2
  72              		.global	RCC_DeInit
  73              		.thumb
  74              		.thumb_func
  75              		.type	RCC_DeInit, %function
  76              	RCC_DeInit:
  77              		@ args = 0, pretend = 0, frame = 0
  78              		@ frame_needed = 0, uses_anonymous_args = 0
  79              		@ link register save eliminated.
  80 0000 0D4B     		ldr	r3, .L2	@ tmp120,
  81 0002 0E4A     		ldr	r2, .L2+4	@ D.6977,
  82 0004 1868     		ldr	r0, [r3]	@ D.6977, MEM[(struct RCC_TypeDef *)1073876992B].CR
  83 0006 4FF41F01 		mov	r1, #10420224	@ tmp133,
  84 000a 40F00100 		orr	r0, r0, #1	@ D.6977, D.6977,
  85 000e 1860     		str	r0, [r3]	@ D.6977, MEM[(struct RCC_TypeDef *)1073876992B].CR
  86 0010 5868     		ldr	r0, [r3, #4]	@ D.6977, MEM[(struct RCC_TypeDef *)1073876992B].CFGR
  87 0012 0240     		ands	r2, r2, r0	@, D.6977, D.6977, D.6977
  88 0014 5A60     		str	r2, [r3, #4]	@ D.6977, MEM[(struct RCC_TypeDef *)1073876992B].CFGR
  89 0016 1A68     		ldr	r2, [r3]	@ D.6977, MEM[(struct RCC_TypeDef *)1073876992B].CR
  90 0018 22F08472 		bic	r2, r2, #17301504	@ D.6977, D.6977,
  91 001c 22F48032 		bic	r2, r2, #65536	@ D.6977, D.6977,
  92 0020 1A60     		str	r2, [r3]	@ D.6977, MEM[(struct RCC_TypeDef *)1073876992B].CR
  93 0022 1A68     		ldr	r2, [r3]	@ D.6977, MEM[(struct RCC_TypeDef *)1073876992B].CR
  94 0024 22F48022 		bic	r2, r2, #262144	@ D.6977, D.6977,
  95 0028 1A60     		str	r2, [r3]	@ D.6977, MEM[(struct RCC_TypeDef *)1073876992B].CR
  96 002a 5A68     		ldr	r2, [r3, #4]	@ D.6977, MEM[(struct RCC_TypeDef *)1073876992B].CFGR
  97 002c 22F4FE02 		bic	r2, r2, #8323072	@ D.6977, D.6977,
  98 0030 5A60     		str	r2, [r3, #4]	@ D.6977, MEM[(struct RCC_TypeDef *)1073876992B].CFGR
  99 0032 9960     		str	r1, [r3, #8]	@ tmp133, MEM[(struct RCC_TypeDef *)1073876992B].CIR
 100 0034 7047     		bx	lr	@
 101              	.L3:
 102 0036 00BF     		.align	2
 103              	.L2:
 104 0038 00100240 		.word	1073876992
 105 003c 0000FFF8 		.word	-117506048
 106              		.size	RCC_DeInit, .-RCC_DeInit
 107              		.section	.text.RCC_HSEConfig,"ax",%progbits
 108              		.align	2
 109              		.global	RCC_HSEConfig
 110              		.thumb
 111              		.thumb_func
 112              		.type	RCC_HSEConfig, %function
 113              	RCC_HSEConfig:
 114              		@ args = 0, pretend = 0, frame = 0
ARM GAS  C:\cygwin64\tmp\cc8KqAEV.s 			page 3


 115              		@ frame_needed = 0, uses_anonymous_args = 0
 116              		@ link register save eliminated.
 117 0000 0C4B     		ldr	r3, .L10	@ tmp119,
 118 0002 B0F5803F 		cmp	r0, #65536	@ RCC_HSE,
 119 0006 1A68     		ldr	r2, [r3]	@ D.6981, MEM[(struct RCC_TypeDef *)1073876992B].CR
 120 0008 22F48032 		bic	r2, r2, #65536	@ D.6981, D.6981,
 121 000c 1A60     		str	r2, [r3]	@ D.6981, MEM[(struct RCC_TypeDef *)1073876992B].CR
 122 000e 1A68     		ldr	r2, [r3]	@ D.6981, MEM[(struct RCC_TypeDef *)1073876992B].CR
 123 0010 22F48022 		bic	r2, r2, #262144	@ D.6981, D.6981,
 124 0014 1A60     		str	r2, [r3]	@ D.6981, MEM[(struct RCC_TypeDef *)1073876992B].CR
 125 0016 08D0     		beq	.L6	@,
 126 0018 B0F5802F 		cmp	r0, #262144	@ RCC_HSE,
 127 001c 04D1     		bne	.L9	@,
 128 001e 1A68     		ldr	r2, [r3]	@ D.6981, MEM[(struct RCC_TypeDef *)1073876992B].CR
 129 0020 42F4A022 		orr	r2, r2, #327680	@ D.6981, D.6981,
 130 0024 1A60     		str	r2, [r3]	@ D.6981,
 131 0026 7047     		bx	lr	@
 132              	.L9:
 133 0028 7047     		bx	lr	@
 134              	.L6:
 135 002a 1A68     		ldr	r2, [r3]	@ D.6981, MEM[(struct RCC_TypeDef *)1073876992B].CR
 136 002c 42F48032 		orr	r2, r2, #65536	@ D.6981, D.6981,
 137 0030 1A60     		str	r2, [r3]	@ D.6981,
 138 0032 7047     		bx	lr	@
 139              	.L11:
 140              		.align	2
 141              	.L10:
 142 0034 00100240 		.word	1073876992
 143              		.size	RCC_HSEConfig, .-RCC_HSEConfig
 144              		.section	.text.RCC_WaitForHSEStartUp,"ax",%progbits
 145              		.align	2
 146              		.global	RCC_WaitForHSEStartUp
 147              		.thumb
 148              		.thumb_func
 149              		.type	RCC_WaitForHSEStartUp, %function
 150              	RCC_WaitForHSEStartUp:
 151              		@ args = 0, pretend = 0, frame = 8
 152              		@ frame_needed = 0, uses_anonymous_args = 0
 153              		@ link register save eliminated.
 154 0000 82B0     		sub	sp, sp, #8	@,,
 155 0002 0023     		movs	r3, #0	@ tmp124,
 156 0004 0B4A     		ldr	r2, .L23	@ tmp132,
 157 0006 0193     		str	r3, [sp, #4]	@ tmp124, StartUpCounter
 158              	.L16:
 159 0008 1368     		ldr	r3, [r2]	@ statusreg, MEM[(struct RCC_TypeDef *)1073876992B].CR
 160 000a 9B03     		lsls	r3, r3, #14	@, statusreg,
 161 000c 0CD4     		bmi	.L22	@,
 162 000e 019B     		ldr	r3, [sp, #4]	@ StartUpCounter.0, StartUpCounter
 163 0010 0133     		adds	r3, r3, #1	@ StartUpCounter.1, StartUpCounter.0,
 164 0012 0193     		str	r3, [sp, #4]	@ StartUpCounter.1, StartUpCounter
 165 0014 019B     		ldr	r3, [sp, #4]	@ StartUpCounter.2, StartUpCounter
 166 0016 B3F5A06F 		cmp	r3, #1280	@ StartUpCounter.2,
 167 001a F5D1     		bne	.L16	@,
 168              	.L15:
 169 001c 054B     		ldr	r3, .L23	@ tmp127,
 170 001e 1868     		ldr	r0, [r3]	@ statusreg, MEM[(struct RCC_TypeDef *)1073876992B].CR
 171 0020 C0F34040 		ubfx	r0, r0, #17, #1	@ D.6986, statusreg,,
ARM GAS  C:\cygwin64\tmp\cc8KqAEV.s 			page 4


 172 0024 02B0     		add	sp, sp, #8	@,,
 173              		@ sp needed	@
 174 0026 7047     		bx	lr	@
 175              	.L22:
 176 0028 019B     		ldr	r3, [sp, #4]	@ StartUpCounter.0, StartUpCounter
 177 002a 0133     		adds	r3, r3, #1	@ StartUpCounter.1, StartUpCounter.0,
 178 002c 0193     		str	r3, [sp, #4]	@ StartUpCounter.1, StartUpCounter
 179 002e 019B     		ldr	r3, [sp, #4]	@ StartUpCounter.2, StartUpCounter
 180 0030 F4E7     		b	.L15	@
 181              	.L24:
 182 0032 00BF     		.align	2
 183              	.L23:
 184 0034 00100240 		.word	1073876992
 185              		.size	RCC_WaitForHSEStartUp, .-RCC_WaitForHSEStartUp
 186              		.section	.text.RCC_AdjustHSICalibrationValue,"ax",%progbits
 187              		.align	2
 188              		.global	RCC_AdjustHSICalibrationValue
 189              		.thumb
 190              		.thumb_func
 191              		.type	RCC_AdjustHSICalibrationValue, %function
 192              	RCC_AdjustHSICalibrationValue:
 193              		@ args = 0, pretend = 0, frame = 0
 194              		@ frame_needed = 0, uses_anonymous_args = 0
 195              		@ link register save eliminated.
 196 0000 034B     		ldr	r3, .L26	@ tmp116,
 197 0002 1A68     		ldr	r2, [r3]	@ tmpreg, MEM[(struct RCC_TypeDef *)1073876992B].CR
 198 0004 22F0F802 		bic	r2, r2, #248	@ tmpreg, tmpreg,
 199 0008 42EAC000 		orr	r0, r2, r0, lsl #3	@, tmpreg, tmpreg, HSICalibrationValue,
 200 000c 1860     		str	r0, [r3]	@ tmpreg, MEM[(struct RCC_TypeDef *)1073876992B].CR
 201 000e 7047     		bx	lr	@
 202              	.L27:
 203              		.align	2
 204              	.L26:
 205 0010 00100240 		.word	1073876992
 206              		.size	RCC_AdjustHSICalibrationValue, .-RCC_AdjustHSICalibrationValue
 207              		.section	.text.RCC_HSICmd,"ax",%progbits
 208              		.align	2
 209              		.global	RCC_HSICmd
 210              		.thumb
 211              		.thumb_func
 212              		.type	RCC_HSICmd, %function
 213              	RCC_HSICmd:
 214              		@ args = 0, pretend = 0, frame = 0
 215              		@ frame_needed = 0, uses_anonymous_args = 0
 216              		@ link register save eliminated.
 217 0000 014B     		ldr	r3, .L29	@ tmp112,
 218 0002 1860     		str	r0, [r3]	@ NewState, MEM[(volatile uint32_t *)1111621632B]
 219 0004 7047     		bx	lr	@
 220              	.L30:
 221 0006 00BF     		.align	2
 222              	.L29:
 223 0008 00004242 		.word	1111621632
 224              		.size	RCC_HSICmd, .-RCC_HSICmd
 225              		.section	.text.RCC_PLLConfig,"ax",%progbits
 226              		.align	2
 227              		.global	RCC_PLLConfig
 228              		.thumb
ARM GAS  C:\cygwin64\tmp\cc8KqAEV.s 			page 5


 229              		.thumb_func
 230              		.type	RCC_PLLConfig, %function
 231              	RCC_PLLConfig:
 232              		@ args = 0, pretend = 0, frame = 0
 233              		@ frame_needed = 0, uses_anonymous_args = 0
 234              		@ link register save eliminated.
 235 0000 034B     		ldr	r3, .L32	@ tmp116,
 236 0002 5A68     		ldr	r2, [r3, #4]	@ tmpreg, MEM[(struct RCC_TypeDef *)1073876992B].CFGR
 237 0004 22F47C12 		bic	r2, r2, #4128768	@ tmpreg, tmpreg,
 238 0008 1143     		orrs	r1, r1, r2	@, D.6995, RCC_PLLMul, tmpreg
 239 000a 0843     		orrs	r0, r0, r1	@, tmpreg, RCC_PLLSource, D.6995
 240 000c 5860     		str	r0, [r3, #4]	@ tmpreg, MEM[(struct RCC_TypeDef *)1073876992B].CFGR
 241 000e 7047     		bx	lr	@
 242              	.L33:
 243              		.align	2
 244              	.L32:
 245 0010 00100240 		.word	1073876992
 246              		.size	RCC_PLLConfig, .-RCC_PLLConfig
 247              		.section	.text.RCC_PLLCmd,"ax",%progbits
 248              		.align	2
 249              		.global	RCC_PLLCmd
 250              		.thumb
 251              		.thumb_func
 252              		.type	RCC_PLLCmd, %function
 253              	RCC_PLLCmd:
 254              		@ args = 0, pretend = 0, frame = 0
 255              		@ frame_needed = 0, uses_anonymous_args = 0
 256              		@ link register save eliminated.
 257 0000 014B     		ldr	r3, .L35	@ tmp112,
 258 0002 1860     		str	r0, [r3]	@ NewState, MEM[(volatile uint32_t *)1111621728B]
 259 0004 7047     		bx	lr	@
 260              	.L36:
 261 0006 00BF     		.align	2
 262              	.L35:
 263 0008 60004242 		.word	1111621728
 264              		.size	RCC_PLLCmd, .-RCC_PLLCmd
 265              		.section	.text.RCC_SYSCLKConfig,"ax",%progbits
 266              		.align	2
 267              		.global	RCC_SYSCLKConfig
 268              		.thumb
 269              		.thumb_func
 270              		.type	RCC_SYSCLKConfig, %function
 271              	RCC_SYSCLKConfig:
 272              		@ args = 0, pretend = 0, frame = 0
 273              		@ frame_needed = 0, uses_anonymous_args = 0
 274              		@ link register save eliminated.
 275 0000 034B     		ldr	r3, .L38	@ tmp114,
 276 0002 5A68     		ldr	r2, [r3, #4]	@ tmpreg, MEM[(struct RCC_TypeDef *)1073876992B].CFGR
 277 0004 22F00302 		bic	r2, r2, #3	@ tmpreg, tmpreg,
 278 0008 1043     		orrs	r0, r0, r2	@, tmpreg, RCC_SYSCLKSource, tmpreg
 279 000a 5860     		str	r0, [r3, #4]	@ tmpreg, MEM[(struct RCC_TypeDef *)1073876992B].CFGR
 280 000c 7047     		bx	lr	@
 281              	.L39:
 282 000e 00BF     		.align	2
 283              	.L38:
 284 0010 00100240 		.word	1073876992
 285              		.size	RCC_SYSCLKConfig, .-RCC_SYSCLKConfig
ARM GAS  C:\cygwin64\tmp\cc8KqAEV.s 			page 6


 286              		.section	.text.RCC_GetSYSCLKSource,"ax",%progbits
 287              		.align	2
 288              		.global	RCC_GetSYSCLKSource
 289              		.thumb
 290              		.thumb_func
 291              		.type	RCC_GetSYSCLKSource, %function
 292              	RCC_GetSYSCLKSource:
 293              		@ args = 0, pretend = 0, frame = 0
 294              		@ frame_needed = 0, uses_anonymous_args = 0
 295              		@ link register save eliminated.
 296 0000 024B     		ldr	r3, .L41	@ tmp114,
 297 0002 5868     		ldr	r0, [r3, #4]	@ D.7003, MEM[(struct RCC_TypeDef *)1073876992B].CFGR
 298 0004 00F00C00 		and	r0, r0, #12	@, D.7003,
 299 0008 7047     		bx	lr	@
 300              	.L42:
 301 000a 00BF     		.align	2
 302              	.L41:
 303 000c 00100240 		.word	1073876992
 304              		.size	RCC_GetSYSCLKSource, .-RCC_GetSYSCLKSource
 305              		.section	.text.RCC_HCLKConfig,"ax",%progbits
 306              		.align	2
 307              		.global	RCC_HCLKConfig
 308              		.thumb
 309              		.thumb_func
 310              		.type	RCC_HCLKConfig, %function
 311              	RCC_HCLKConfig:
 312              		@ args = 0, pretend = 0, frame = 0
 313              		@ frame_needed = 0, uses_anonymous_args = 0
 314              		@ link register save eliminated.
 315 0000 034B     		ldr	r3, .L44	@ tmp114,
 316 0002 5A68     		ldr	r2, [r3, #4]	@ tmpreg, MEM[(struct RCC_TypeDef *)1073876992B].CFGR
 317 0004 22F0F002 		bic	r2, r2, #240	@ tmpreg, tmpreg,
 318 0008 1043     		orrs	r0, r0, r2	@, tmpreg, RCC_SYSCLK, tmpreg
 319 000a 5860     		str	r0, [r3, #4]	@ tmpreg, MEM[(struct RCC_TypeDef *)1073876992B].CFGR
 320 000c 7047     		bx	lr	@
 321              	.L45:
 322 000e 00BF     		.align	2
 323              	.L44:
 324 0010 00100240 		.word	1073876992
 325              		.size	RCC_HCLKConfig, .-RCC_HCLKConfig
 326              		.section	.text.RCC_PCLK1Config,"ax",%progbits
 327              		.align	2
 328              		.global	RCC_PCLK1Config
 329              		.thumb
 330              		.thumb_func
 331              		.type	RCC_PCLK1Config, %function
 332              	RCC_PCLK1Config:
 333              		@ args = 0, pretend = 0, frame = 0
 334              		@ frame_needed = 0, uses_anonymous_args = 0
 335              		@ link register save eliminated.
 336 0000 034B     		ldr	r3, .L47	@ tmp114,
 337 0002 5A68     		ldr	r2, [r3, #4]	@ tmpreg, MEM[(struct RCC_TypeDef *)1073876992B].CFGR
 338 0004 22F4E062 		bic	r2, r2, #1792	@ tmpreg, tmpreg,
 339 0008 1043     		orrs	r0, r0, r2	@, tmpreg, RCC_HCLK, tmpreg
 340 000a 5860     		str	r0, [r3, #4]	@ tmpreg, MEM[(struct RCC_TypeDef *)1073876992B].CFGR
 341 000c 7047     		bx	lr	@
 342              	.L48:
ARM GAS  C:\cygwin64\tmp\cc8KqAEV.s 			page 7


 343 000e 00BF     		.align	2
 344              	.L47:
 345 0010 00100240 		.word	1073876992
 346              		.size	RCC_PCLK1Config, .-RCC_PCLK1Config
 347              		.section	.text.RCC_PCLK2Config,"ax",%progbits
 348              		.align	2
 349              		.global	RCC_PCLK2Config
 350              		.thumb
 351              		.thumb_func
 352              		.type	RCC_PCLK2Config, %function
 353              	RCC_PCLK2Config:
 354              		@ args = 0, pretend = 0, frame = 0
 355              		@ frame_needed = 0, uses_anonymous_args = 0
 356              		@ link register save eliminated.
 357 0000 034B     		ldr	r3, .L50	@ tmp115,
 358 0002 5A68     		ldr	r2, [r3, #4]	@ tmpreg, MEM[(struct RCC_TypeDef *)1073876992B].CFGR
 359 0004 22F46052 		bic	r2, r2, #14336	@ tmpreg, tmpreg,
 360 0008 42EAC000 		orr	r0, r2, r0, lsl #3	@, tmpreg, tmpreg, RCC_HCLK,
 361 000c 5860     		str	r0, [r3, #4]	@ tmpreg, MEM[(struct RCC_TypeDef *)1073876992B].CFGR
 362 000e 7047     		bx	lr	@
 363              	.L51:
 364              		.align	2
 365              	.L50:
 366 0010 00100240 		.word	1073876992
 367              		.size	RCC_PCLK2Config, .-RCC_PCLK2Config
 368              		.section	.text.RCC_ITConfig,"ax",%progbits
 369              		.align	2
 370              		.global	RCC_ITConfig
 371              		.thumb
 372              		.thumb_func
 373              		.type	RCC_ITConfig, %function
 374              	RCC_ITConfig:
 375              		@ args = 0, pretend = 0, frame = 0
 376              		@ frame_needed = 0, uses_anonymous_args = 0
 377              		@ link register save eliminated.
 378 0000 044B     		ldr	r3, .L56	@ tmp117,
 379 0002 1A78     		ldrb	r2, [r3]	@ zero_extendqisi2	@ MEM[(volatile uint8_t *)1073877001B],
 380 0004 19B9     		cbnz	r1, .L55	@ NewState,
 381 0006 22EA0000 		bic	r0, r2, r0	@ D.7015, MEM[(volatile uint8_t *)1073877001B], RCC_IT
 382 000a 1870     		strb	r0, [r3]	@ D.7015,
 383 000c 7047     		bx	lr	@
 384              	.L55:
 385 000e 1043     		orrs	r0, r0, r2	@, D.7015, RCC_IT, MEM[(volatile uint8_t *)1073877001B]
 386 0010 1870     		strb	r0, [r3]	@ D.7015,
 387 0012 7047     		bx	lr	@
 388              	.L57:
 389              		.align	2
 390              	.L56:
 391 0014 09100240 		.word	1073877001
 392              		.size	RCC_ITConfig, .-RCC_ITConfig
 393              		.section	.text.RCC_USBCLKConfig,"ax",%progbits
 394              		.align	2
 395              		.global	RCC_USBCLKConfig
 396              		.thumb
 397              		.thumb_func
 398              		.type	RCC_USBCLKConfig, %function
 399              	RCC_USBCLKConfig:
ARM GAS  C:\cygwin64\tmp\cc8KqAEV.s 			page 8


 400              		@ args = 0, pretend = 0, frame = 0
 401              		@ frame_needed = 0, uses_anonymous_args = 0
 402              		@ link register save eliminated.
 403 0000 014B     		ldr	r3, .L59	@ tmp111,
 404 0002 1860     		str	r0, [r3]	@ RCC_USBCLKSource, MEM[(volatile uint32_t *)1111621848B]
 405 0004 7047     		bx	lr	@
 406              	.L60:
 407 0006 00BF     		.align	2
 408              	.L59:
 409 0008 D8004242 		.word	1111621848
 410              		.size	RCC_USBCLKConfig, .-RCC_USBCLKConfig
 411              		.section	.text.RCC_ADCCLKConfig,"ax",%progbits
 412              		.align	2
 413              		.global	RCC_ADCCLKConfig
 414              		.thumb
 415              		.thumb_func
 416              		.type	RCC_ADCCLKConfig, %function
 417              	RCC_ADCCLKConfig:
 418              		@ args = 0, pretend = 0, frame = 0
 419              		@ frame_needed = 0, uses_anonymous_args = 0
 420              		@ link register save eliminated.
 421 0000 034B     		ldr	r3, .L62	@ tmp114,
 422 0002 5A68     		ldr	r2, [r3, #4]	@ tmpreg, MEM[(struct RCC_TypeDef *)1073876992B].CFGR
 423 0004 22F44042 		bic	r2, r2, #49152	@ tmpreg, tmpreg,
 424 0008 1043     		orrs	r0, r0, r2	@, tmpreg, RCC_PCLK2, tmpreg
 425 000a 5860     		str	r0, [r3, #4]	@ tmpreg, MEM[(struct RCC_TypeDef *)1073876992B].CFGR
 426 000c 7047     		bx	lr	@
 427              	.L63:
 428 000e 00BF     		.align	2
 429              	.L62:
 430 0010 00100240 		.word	1073876992
 431              		.size	RCC_ADCCLKConfig, .-RCC_ADCCLKConfig
 432              		.section	.text.RCC_LSEConfig,"ax",%progbits
 433              		.align	2
 434              		.global	RCC_LSEConfig
 435              		.thumb
 436              		.thumb_func
 437              		.type	RCC_LSEConfig, %function
 438              	RCC_LSEConfig:
 439              		@ args = 0, pretend = 0, frame = 0
 440              		@ frame_needed = 0, uses_anonymous_args = 0
 441              		@ link register save eliminated.
 442 0000 064B     		ldr	r3, .L69	@ tmp111,
 443 0002 0022     		movs	r2, #0	@ tmp112,
 444 0004 0128     		cmp	r0, #1	@ RCC_LSE,
 445 0006 1A70     		strb	r2, [r3]	@ tmp112, MEM[(volatile uint8_t *)1073877024B]
 446 0008 1A70     		strb	r2, [r3]	@ tmp112, MEM[(volatile uint8_t *)1073877024B]
 447 000a 05D0     		beq	.L66	@,
 448 000c 0428     		cmp	r0, #4	@ RCC_LSE,
 449 000e 02D1     		bne	.L68	@,
 450 0010 0522     		movs	r2, #5	@ tmp121,
 451 0012 1A70     		strb	r2, [r3]	@ tmp121, MEM[(volatile uint8_t *)1073877024B]
 452 0014 7047     		bx	lr	@
 453              	.L68:
 454 0016 7047     		bx	lr	@
 455              	.L66:
 456 0018 1870     		strb	r0, [r3]	@ RCC_LSE, MEM[(volatile uint8_t *)1073877024B]
ARM GAS  C:\cygwin64\tmp\cc8KqAEV.s 			page 9


 457 001a 7047     		bx	lr	@
 458              	.L70:
 459              		.align	2
 460              	.L69:
 461 001c 20100240 		.word	1073877024
 462              		.size	RCC_LSEConfig, .-RCC_LSEConfig
 463              		.section	.text.RCC_LSICmd,"ax",%progbits
 464              		.align	2
 465              		.global	RCC_LSICmd
 466              		.thumb
 467              		.thumb_func
 468              		.type	RCC_LSICmd, %function
 469              	RCC_LSICmd:
 470              		@ args = 0, pretend = 0, frame = 0
 471              		@ frame_needed = 0, uses_anonymous_args = 0
 472              		@ link register save eliminated.
 473 0000 014B     		ldr	r3, .L72	@ tmp112,
 474 0002 1860     		str	r0, [r3]	@ NewState, MEM[(volatile uint32_t *)1111622784B]
 475 0004 7047     		bx	lr	@
 476              	.L73:
 477 0006 00BF     		.align	2
 478              	.L72:
 479 0008 80044242 		.word	1111622784
 480              		.size	RCC_LSICmd, .-RCC_LSICmd
 481              		.section	.text.RCC_RTCCLKConfig,"ax",%progbits
 482              		.align	2
 483              		.global	RCC_RTCCLKConfig
 484              		.thumb
 485              		.thumb_func
 486              		.type	RCC_RTCCLKConfig, %function
 487              	RCC_RTCCLKConfig:
 488              		@ args = 0, pretend = 0, frame = 0
 489              		@ frame_needed = 0, uses_anonymous_args = 0
 490              		@ link register save eliminated.
 491 0000 024B     		ldr	r3, .L75	@ tmp113,
 492 0002 1A6A     		ldr	r2, [r3, #32]	@ D.7028, MEM[(struct RCC_TypeDef *)1073876992B].BDCR
 493 0004 1043     		orrs	r0, r0, r2	@, D.7028, RCC_RTCCLKSource, D.7028
 494 0006 1862     		str	r0, [r3, #32]	@ D.7028, MEM[(struct RCC_TypeDef *)1073876992B].BDCR
 495 0008 7047     		bx	lr	@
 496              	.L76:
 497 000a 00BF     		.align	2
 498              	.L75:
 499 000c 00100240 		.word	1073876992
 500              		.size	RCC_RTCCLKConfig, .-RCC_RTCCLKConfig
 501              		.section	.text.RCC_RTCCLKCmd,"ax",%progbits
 502              		.align	2
 503              		.global	RCC_RTCCLKCmd
 504              		.thumb
 505              		.thumb_func
 506              		.type	RCC_RTCCLKCmd, %function
 507              	RCC_RTCCLKCmd:
 508              		@ args = 0, pretend = 0, frame = 0
 509              		@ frame_needed = 0, uses_anonymous_args = 0
 510              		@ link register save eliminated.
 511 0000 014B     		ldr	r3, .L78	@ tmp112,
 512 0002 1860     		str	r0, [r3]	@ NewState, MEM[(volatile uint32_t *)1111622716B]
 513 0004 7047     		bx	lr	@
ARM GAS  C:\cygwin64\tmp\cc8KqAEV.s 			page 10


 514              	.L79:
 515 0006 00BF     		.align	2
 516              	.L78:
 517 0008 3C044242 		.word	1111622716
 518              		.size	RCC_RTCCLKCmd, .-RCC_RTCCLKCmd
 519              		.section	.text.RCC_GetClocksFreq,"ax",%progbits
 520              		.align	2
 521              		.global	RCC_GetClocksFreq
 522              		.thumb
 523              		.thumb_func
 524              		.type	RCC_GetClocksFreq, %function
 525              	RCC_GetClocksFreq:
 526              		@ args = 0, pretend = 0, frame = 0
 527              		@ frame_needed = 0, uses_anonymous_args = 0
 528              		@ link register save eliminated.
 529 0000 1F49     		ldr	r1, .L90	@ tmp146,
 530 0002 30B4     		push	{r4, r5}	@
 531 0004 4B68     		ldr	r3, [r1, #4]	@ D.7034, MEM[(struct RCC_TypeDef *)1073876992B].CFGR
 532 0006 03F00C03 		and	r3, r3, #12	@ tmp, D.7034,
 533 000a 042B     		cmp	r3, #4	@ tmp,
 534 000c 01D0     		beq	.L82	@,
 535 000e 082B     		cmp	r3, #8	@ tmp,
 536 0010 20D0     		beq	.L83	@,
 537              	.L82:
 538 0012 1C4A     		ldr	r2, .L90+4	@ tmp149,
 539 0014 0260     		str	r2, [r0]	@ tmp149, RCC_Clocks_5(D)->SYSCLK_Frequency
 540              	.L85:
 541 0016 1A4B     		ldr	r3, .L90	@ tmp160,
 542 0018 1B49     		ldr	r1, .L90+8	@ tmp161,
 543 001a 5D68     		ldr	r5, [r3, #4]	@ D.7034, MEM[(struct RCC_TypeDef *)1073876992B].CFGR
 544 001c 1B4C     		ldr	r4, .L90+12	@ tmp177,
 545 001e C5F30315 		ubfx	r5, r5, #4, #4	@ tmp, D.7034,,
 546 0022 4D5D     		ldrb	r5, [r1, r5]	@ zero_extendqisi2	@ tmp164, APBAHBPrescTable
 547 0024 EA40     		lsrs	r2, r2, r5	@ D.7034, D.7034, tmp164
 548 0026 4260     		str	r2, [r0, #4]	@ D.7034, RCC_Clocks_5(D)->HCLK_Frequency
 549 0028 5D68     		ldr	r5, [r3, #4]	@ D.7034, MEM[(struct RCC_TypeDef *)1073876992B].CFGR
 550 002a C5F30225 		ubfx	r5, r5, #8, #3	@ tmp, D.7034,,
 551 002e 4D5D     		ldrb	r5, [r1, r5]	@ zero_extendqisi2	@ tmp169, APBAHBPrescTable
 552 0030 22FA05F5 		lsr	r5, r2, r5	@ D.7034, D.7034, tmp169
 553 0034 8560     		str	r5, [r0, #8]	@ D.7034, RCC_Clocks_5(D)->PCLK1_Frequency
 554 0036 5D68     		ldr	r5, [r3, #4]	@ D.7034, MEM[(struct RCC_TypeDef *)1073876992B].CFGR
 555 0038 C5F3C225 		ubfx	r5, r5, #11, #3	@ tmp, D.7034,,
 556 003c 495D     		ldrb	r1, [r1, r5]	@ zero_extendqisi2	@ tmp175, APBAHBPrescTable
 557 003e CA40     		lsrs	r2, r2, r1	@ D.7034, D.7034, tmp175
 558 0040 C260     		str	r2, [r0, #12]	@ D.7034, RCC_Clocks_5(D)->PCLK2_Frequency
 559 0042 5B68     		ldr	r3, [r3, #4]	@ D.7034, MEM[(struct RCC_TypeDef *)1073876992B].CFGR
 560 0044 C3F38133 		ubfx	r3, r3, #14, #2	@ tmp, D.7034,,
 561 0048 E35C     		ldrb	r3, [r4, r3]	@ zero_extendqisi2	@ tmp180, ADCPrescTable
 562 004a 30BC     		pop	{r4, r5}	@
 563 004c B2FBF3F2 		udiv	r2, r2, r3	@ D.7034, D.7034, tmp180
 564 0050 0261     		str	r2, [r0, #16]	@ D.7034, RCC_Clocks_5(D)->ADCCLK_Frequency
 565 0052 7047     		bx	lr	@
 566              	.L83:
 567 0054 4A68     		ldr	r2, [r1, #4]	@ D.7034, MEM[(struct RCC_TypeDef *)1073876992B].CFGR
 568 0056 4B68     		ldr	r3, [r1, #4]	@ D.7034, MEM[(struct RCC_TypeDef *)1073876992B].CFGR
 569 0058 C2F38342 		ubfx	r2, r2, #18, #4	@ D.7034, D.7034,,
 570 005c DC03     		lsls	r4, r3, #15	@, D.7034,
ARM GAS  C:\cygwin64\tmp\cc8KqAEV.s 			page 11


 571 005e 02F10202 		add	r2, r2, #2	@ pllmull, D.7034,
 572 0062 07D5     		bpl	.L89	@,
 573 0064 4B68     		ldr	r3, [r1, #4]	@ D.7034, MEM[(struct RCC_TypeDef *)1073876992B].CFGR
 574 0066 9B03     		lsls	r3, r3, #14	@, D.7034,
 575 0068 04D4     		bmi	.L89	@,
 576 006a 064B     		ldr	r3, .L90+4	@ tmp158,
 577 006c 03FB02F2 		mul	r2, r3, r2	@ D.7034, tmp158, pllmull
 578 0070 0260     		str	r2, [r0]	@ D.7034, RCC_Clocks_5(D)->SYSCLK_Frequency
 579 0072 D0E7     		b	.L85	@
 580              	.L89:
 581 0074 064B     		ldr	r3, .L90+16	@ tmp157,
 582 0076 03FB02F2 		mul	r2, r3, r2	@ D.7034, tmp157, pllmull
 583 007a 0260     		str	r2, [r0]	@ D.7034, RCC_Clocks_5(D)->SYSCLK_Frequency
 584 007c CBE7     		b	.L85	@
 585              	.L91:
 586 007e 00BF     		.align	2
 587              	.L90:
 588 0080 00100240 		.word	1073876992
 589 0084 00127A00 		.word	8000000
 590 0088 00000000 		.word	.LANCHOR0
 591 008c 00000000 		.word	.LANCHOR1
 592 0090 00093D00 		.word	4000000
 593              		.size	RCC_GetClocksFreq, .-RCC_GetClocksFreq
 594              		.section	.text.RCC_AHBPeriphClockCmd,"ax",%progbits
 595              		.align	2
 596              		.global	RCC_AHBPeriphClockCmd
 597              		.thumb
 598              		.thumb_func
 599              		.type	RCC_AHBPeriphClockCmd, %function
 600              	RCC_AHBPeriphClockCmd:
 601              		@ args = 0, pretend = 0, frame = 0
 602              		@ frame_needed = 0, uses_anonymous_args = 0
 603              		@ link register save eliminated.
 604 0000 044B     		ldr	r3, .L96	@ tmp117,
 605 0002 5A69     		ldr	r2, [r3, #20]	@ D.7038,
 606 0004 19B9     		cbnz	r1, .L95	@ NewState,
 607 0006 22EA0000 		bic	r0, r2, r0	@ D.7038, D.7038, RCC_AHBPeriph
 608 000a 5861     		str	r0, [r3, #20]	@ D.7038,
 609 000c 7047     		bx	lr	@
 610              	.L95:
 611 000e 1043     		orrs	r0, r0, r2	@, D.7038, RCC_AHBPeriph, D.7038
 612 0010 5861     		str	r0, [r3, #20]	@ D.7038,
 613 0012 7047     		bx	lr	@
 614              	.L97:
 615              		.align	2
 616              	.L96:
 617 0014 00100240 		.word	1073876992
 618              		.size	RCC_AHBPeriphClockCmd, .-RCC_AHBPeriphClockCmd
 619              		.section	.text.RCC_APB2PeriphClockCmd,"ax",%progbits
 620              		.align	2
 621              		.global	RCC_APB2PeriphClockCmd
 622              		.thumb
 623              		.thumb_func
 624              		.type	RCC_APB2PeriphClockCmd, %function
 625              	RCC_APB2PeriphClockCmd:
 626              		@ args = 0, pretend = 0, frame = 0
 627              		@ frame_needed = 0, uses_anonymous_args = 0
ARM GAS  C:\cygwin64\tmp\cc8KqAEV.s 			page 12


 628              		@ link register save eliminated.
 629 0000 044B     		ldr	r3, .L102	@ tmp117,
 630 0002 9A69     		ldr	r2, [r3, #24]	@ D.7041,
 631 0004 19B9     		cbnz	r1, .L101	@ NewState,
 632 0006 22EA0000 		bic	r0, r2, r0	@ D.7041, D.7041, RCC_APB2Periph
 633 000a 9861     		str	r0, [r3, #24]	@ D.7041,
 634 000c 7047     		bx	lr	@
 635              	.L101:
 636 000e 1043     		orrs	r0, r0, r2	@, D.7041, RCC_APB2Periph, D.7041
 637 0010 9861     		str	r0, [r3, #24]	@ D.7041,
 638 0012 7047     		bx	lr	@
 639              	.L103:
 640              		.align	2
 641              	.L102:
 642 0014 00100240 		.word	1073876992
 643              		.size	RCC_APB2PeriphClockCmd, .-RCC_APB2PeriphClockCmd
 644              		.section	.text.RCC_APB1PeriphClockCmd,"ax",%progbits
 645              		.align	2
 646              		.global	RCC_APB1PeriphClockCmd
 647              		.thumb
 648              		.thumb_func
 649              		.type	RCC_APB1PeriphClockCmd, %function
 650              	RCC_APB1PeriphClockCmd:
 651              		@ args = 0, pretend = 0, frame = 0
 652              		@ frame_needed = 0, uses_anonymous_args = 0
 653              		@ link register save eliminated.
 654 0000 044B     		ldr	r3, .L108	@ tmp117,
 655 0002 DA69     		ldr	r2, [r3, #28]	@ D.7044,
 656 0004 19B9     		cbnz	r1, .L107	@ NewState,
 657 0006 22EA0000 		bic	r0, r2, r0	@ D.7044, D.7044, RCC_APB1Periph
 658 000a D861     		str	r0, [r3, #28]	@ D.7044,
 659 000c 7047     		bx	lr	@
 660              	.L107:
 661 000e 1043     		orrs	r0, r0, r2	@, D.7044, RCC_APB1Periph, D.7044
 662 0010 D861     		str	r0, [r3, #28]	@ D.7044,
 663 0012 7047     		bx	lr	@
 664              	.L109:
 665              		.align	2
 666              	.L108:
 667 0014 00100240 		.word	1073876992
 668              		.size	RCC_APB1PeriphClockCmd, .-RCC_APB1PeriphClockCmd
 669              		.section	.text.RCC_APB2PeriphResetCmd,"ax",%progbits
 670              		.align	2
 671              		.global	RCC_APB2PeriphResetCmd
 672              		.thumb
 673              		.thumb_func
 674              		.type	RCC_APB2PeriphResetCmd, %function
 675              	RCC_APB2PeriphResetCmd:
 676              		@ args = 0, pretend = 0, frame = 0
 677              		@ frame_needed = 0, uses_anonymous_args = 0
 678              		@ link register save eliminated.
 679 0000 044B     		ldr	r3, .L114	@ tmp117,
 680 0002 DA68     		ldr	r2, [r3, #12]	@ D.7047,
 681 0004 19B9     		cbnz	r1, .L113	@ NewState,
 682 0006 22EA0000 		bic	r0, r2, r0	@ D.7047, D.7047, RCC_APB2Periph
 683 000a D860     		str	r0, [r3, #12]	@ D.7047,
 684 000c 7047     		bx	lr	@
ARM GAS  C:\cygwin64\tmp\cc8KqAEV.s 			page 13


 685              	.L113:
 686 000e 1043     		orrs	r0, r0, r2	@, D.7047, RCC_APB2Periph, D.7047
 687 0010 D860     		str	r0, [r3, #12]	@ D.7047,
 688 0012 7047     		bx	lr	@
 689              	.L115:
 690              		.align	2
 691              	.L114:
 692 0014 00100240 		.word	1073876992
 693              		.size	RCC_APB2PeriphResetCmd, .-RCC_APB2PeriphResetCmd
 694              		.section	.text.RCC_APB1PeriphResetCmd,"ax",%progbits
 695              		.align	2
 696              		.global	RCC_APB1PeriphResetCmd
 697              		.thumb
 698              		.thumb_func
 699              		.type	RCC_APB1PeriphResetCmd, %function
 700              	RCC_APB1PeriphResetCmd:
 701              		@ args = 0, pretend = 0, frame = 0
 702              		@ frame_needed = 0, uses_anonymous_args = 0
 703              		@ link register save eliminated.
 704 0000 044B     		ldr	r3, .L120	@ tmp117,
 705 0002 1A69     		ldr	r2, [r3, #16]	@ D.7050,
 706 0004 19B9     		cbnz	r1, .L119	@ NewState,
 707 0006 22EA0000 		bic	r0, r2, r0	@ D.7050, D.7050, RCC_APB1Periph
 708 000a 1861     		str	r0, [r3, #16]	@ D.7050,
 709 000c 7047     		bx	lr	@
 710              	.L119:
 711 000e 1043     		orrs	r0, r0, r2	@, D.7050, RCC_APB1Periph, D.7050
 712 0010 1861     		str	r0, [r3, #16]	@ D.7050,
 713 0012 7047     		bx	lr	@
 714              	.L121:
 715              		.align	2
 716              	.L120:
 717 0014 00100240 		.word	1073876992
 718              		.size	RCC_APB1PeriphResetCmd, .-RCC_APB1PeriphResetCmd
 719              		.section	.text.RCC_BackupResetCmd,"ax",%progbits
 720              		.align	2
 721              		.global	RCC_BackupResetCmd
 722              		.thumb
 723              		.thumb_func
 724              		.type	RCC_BackupResetCmd, %function
 725              	RCC_BackupResetCmd:
 726              		@ args = 0, pretend = 0, frame = 0
 727              		@ frame_needed = 0, uses_anonymous_args = 0
 728              		@ link register save eliminated.
 729 0000 014B     		ldr	r3, .L123	@ tmp112,
 730 0002 1860     		str	r0, [r3]	@ NewState, MEM[(volatile uint32_t *)1111622720B]
 731 0004 7047     		bx	lr	@
 732              	.L124:
 733 0006 00BF     		.align	2
 734              	.L123:
 735 0008 40044242 		.word	1111622720
 736              		.size	RCC_BackupResetCmd, .-RCC_BackupResetCmd
 737              		.section	.text.RCC_ClockSecuritySystemCmd,"ax",%progbits
 738              		.align	2
 739              		.global	RCC_ClockSecuritySystemCmd
 740              		.thumb
 741              		.thumb_func
ARM GAS  C:\cygwin64\tmp\cc8KqAEV.s 			page 14


 742              		.type	RCC_ClockSecuritySystemCmd, %function
 743              	RCC_ClockSecuritySystemCmd:
 744              		@ args = 0, pretend = 0, frame = 0
 745              		@ frame_needed = 0, uses_anonymous_args = 0
 746              		@ link register save eliminated.
 747 0000 014B     		ldr	r3, .L126	@ tmp112,
 748 0002 1860     		str	r0, [r3]	@ NewState, MEM[(volatile uint32_t *)1111621708B]
 749 0004 7047     		bx	lr	@
 750              	.L127:
 751 0006 00BF     		.align	2
 752              	.L126:
 753 0008 4C004242 		.word	1111621708
 754              		.size	RCC_ClockSecuritySystemCmd, .-RCC_ClockSecuritySystemCmd
 755              		.section	.text.RCC_MCOConfig,"ax",%progbits
 756              		.align	2
 757              		.global	RCC_MCOConfig
 758              		.thumb
 759              		.thumb_func
 760              		.type	RCC_MCOConfig, %function
 761              	RCC_MCOConfig:
 762              		@ args = 0, pretend = 0, frame = 0
 763              		@ frame_needed = 0, uses_anonymous_args = 0
 764              		@ link register save eliminated.
 765 0000 014B     		ldr	r3, .L129	@ tmp111,
 766 0002 1870     		strb	r0, [r3]	@ RCC_MCO, MEM[(volatile uint8_t *)1073876999B]
 767 0004 7047     		bx	lr	@
 768              	.L130:
 769 0006 00BF     		.align	2
 770              	.L129:
 771 0008 07100240 		.word	1073876999
 772              		.size	RCC_MCOConfig, .-RCC_MCOConfig
 773              		.section	.text.RCC_GetFlagStatus,"ax",%progbits
 774              		.align	2
 775              		.global	RCC_GetFlagStatus
 776              		.thumb
 777              		.thumb_func
 778              		.type	RCC_GetFlagStatus, %function
 779              	RCC_GetFlagStatus:
 780              		@ args = 0, pretend = 0, frame = 0
 781              		@ frame_needed = 0, uses_anonymous_args = 0
 782              		@ link register save eliminated.
 783 0000 4309     		lsrs	r3, r0, #5	@ tmp, RCC_FLAG,
 784 0002 012B     		cmp	r3, #1	@ tmp,
 785 0004 0BD0     		beq	.L135	@,
 786 0006 022B     		cmp	r3, #2	@ tmp,
 787 0008 094B     		ldr	r3, .L136	@ tmp122,
 788 000a 00F01F00 		and	r0, r0, #31	@ tmp.4, RCC_FLAG,
 789 000e 0CBF     		ite	eq
 790 0010 1B6A     		ldreq	r3, [r3, #32]	@ statusreg, MEM[(struct RCC_TypeDef *)1073876992B].BDCR
 791 0012 5B6A     		ldrne	r3, [r3, #36]	@ statusreg, MEM[(struct RCC_TypeDef *)1073876992B].CSR
 792 0014 23FA00F0 		lsr	r0, r3, r0	@ D.7063, statusreg, tmp.4
 793 0018 00F00100 		and	r0, r0, #1	@, D.7063,
 794 001c 7047     		bx	lr	@
 795              	.L135:
 796 001e 044B     		ldr	r3, .L136	@ tmp121,
 797 0020 00F01F00 		and	r0, r0, #31	@ tmp.4, RCC_FLAG,
 798 0024 1B68     		ldr	r3, [r3]	@ statusreg, MEM[(struct RCC_TypeDef *)1073876992B].CR
ARM GAS  C:\cygwin64\tmp\cc8KqAEV.s 			page 15


 799 0026 23FA00F0 		lsr	r0, r3, r0	@ D.7063, statusreg, tmp.4
 800 002a 00F00100 		and	r0, r0, #1	@, D.7063,
 801 002e 7047     		bx	lr	@
 802              	.L137:
 803              		.align	2
 804              	.L136:
 805 0030 00100240 		.word	1073876992
 806              		.size	RCC_GetFlagStatus, .-RCC_GetFlagStatus
 807              		.section	.text.RCC_ClearFlag,"ax",%progbits
 808              		.align	2
 809              		.global	RCC_ClearFlag
 810              		.thumb
 811              		.thumb_func
 812              		.type	RCC_ClearFlag, %function
 813              	RCC_ClearFlag:
 814              		@ args = 0, pretend = 0, frame = 0
 815              		@ frame_needed = 0, uses_anonymous_args = 0
 816              		@ link register save eliminated.
 817 0000 024B     		ldr	r3, .L139	@ tmp112,
 818 0002 5A6A     		ldr	r2, [r3, #36]	@ D.7067, MEM[(struct RCC_TypeDef *)1073876992B].CSR
 819 0004 42F08072 		orr	r2, r2, #16777216	@ D.7067, D.7067,
 820 0008 5A62     		str	r2, [r3, #36]	@ D.7067, MEM[(struct RCC_TypeDef *)1073876992B].CSR
 821 000a 7047     		bx	lr	@
 822              	.L140:
 823              		.align	2
 824              	.L139:
 825 000c 00100240 		.word	1073876992
 826              		.size	RCC_ClearFlag, .-RCC_ClearFlag
 827              		.section	.text.RCC_GetITStatus,"ax",%progbits
 828              		.align	2
 829              		.global	RCC_GetITStatus
 830              		.thumb
 831              		.thumb_func
 832              		.type	RCC_GetITStatus, %function
 833              	RCC_GetITStatus:
 834              		@ args = 0, pretend = 0, frame = 0
 835              		@ frame_needed = 0, uses_anonymous_args = 0
 836              		@ link register save eliminated.
 837 0000 034B     		ldr	r3, .L142	@ tmp117,
 838 0002 9B68     		ldr	r3, [r3, #8]	@ D.7070, MEM[(struct RCC_TypeDef *)1073876992B].CIR
 839 0004 1842     		tst	r0, r3	@ RCC_IT, D.7070
 840 0006 0CBF     		ite	eq	@
 841 0008 0020     		moveq	r0, #0	@,
 842 000a 0120     		movne	r0, #1	@,
 843 000c 7047     		bx	lr	@
 844              	.L143:
 845 000e 00BF     		.align	2
 846              	.L142:
 847 0010 00100240 		.word	1073876992
 848              		.size	RCC_GetITStatus, .-RCC_GetITStatus
 849              		.section	.text.RCC_ClearITPendingBit,"ax",%progbits
 850              		.align	2
 851              		.global	RCC_ClearITPendingBit
 852              		.thumb
 853              		.thumb_func
 854              		.type	RCC_ClearITPendingBit, %function
 855              	RCC_ClearITPendingBit:
ARM GAS  C:\cygwin64\tmp\cc8KqAEV.s 			page 16


 856              		@ args = 0, pretend = 0, frame = 0
 857              		@ frame_needed = 0, uses_anonymous_args = 0
 858              		@ link register save eliminated.
 859 0000 014B     		ldr	r3, .L145	@ tmp111,
 860 0002 1870     		strb	r0, [r3]	@ RCC_IT, MEM[(volatile uint8_t *)1073877002B]
 861 0004 7047     		bx	lr	@
 862              	.L146:
 863 0006 00BF     		.align	2
 864              	.L145:
 865 0008 0A100240 		.word	1073877002
 866              		.size	RCC_ClearITPendingBit, .-RCC_ClearITPendingBit
 867              		.section	.data.ADCPrescTable,"aw",%progbits
 868              		.align	2
 869              		.set	.LANCHOR1,. + 0
 870              		.type	ADCPrescTable, %object
 871              		.size	ADCPrescTable, 4
 872              	ADCPrescTable:
 873 0000 02       		.byte	2
 874 0001 04       		.byte	4
 875 0002 06       		.byte	6
 876 0003 08       		.byte	8
 877              		.section	.data.APBAHBPrescTable,"aw",%progbits
 878              		.align	2
 879              		.set	.LANCHOR0,. + 0
 880              		.type	APBAHBPrescTable, %object
 881              		.size	APBAHBPrescTable, 16
 882              	APBAHBPrescTable:
 883 0000 00       		.byte	0
 884 0001 00       		.byte	0
 885 0002 00       		.byte	0
 886 0003 00       		.byte	0
 887 0004 01       		.byte	1
 888 0005 02       		.byte	2
 889 0006 03       		.byte	3
 890 0007 04       		.byte	4
 891 0008 01       		.byte	1
 892 0009 02       		.byte	2
 893 000a 03       		.byte	3
 894 000b 04       		.byte	4
 895 000c 06       		.byte	6
 896 000d 07       		.byte	7
 897 000e 08       		.byte	8
 898 000f 09       		.byte	9
 899              		.ident	"GCC: (GNU Tools for ARM Embedded Processors) 4.8.4 20140526 (release) [ARM/embedded-4_8-br
ARM GAS  C:\cygwin64\tmp\cc8KqAEV.s 			page 17


DEFINED SYMBOLS
                            *ABS*:00000000 stm32f10x_rcc.c
C:\cygwin64\tmp\cc8KqAEV.s:71     .text.RCC_DeInit:00000000 $t
C:\cygwin64\tmp\cc8KqAEV.s:76     .text.RCC_DeInit:00000000 RCC_DeInit
C:\cygwin64\tmp\cc8KqAEV.s:104    .text.RCC_DeInit:00000038 $d
C:\cygwin64\tmp\cc8KqAEV.s:108    .text.RCC_HSEConfig:00000000 $t
C:\cygwin64\tmp\cc8KqAEV.s:113    .text.RCC_HSEConfig:00000000 RCC_HSEConfig
C:\cygwin64\tmp\cc8KqAEV.s:142    .text.RCC_HSEConfig:00000034 $d
C:\cygwin64\tmp\cc8KqAEV.s:145    .text.RCC_WaitForHSEStartUp:00000000 $t
C:\cygwin64\tmp\cc8KqAEV.s:150    .text.RCC_WaitForHSEStartUp:00000000 RCC_WaitForHSEStartUp
C:\cygwin64\tmp\cc8KqAEV.s:184    .text.RCC_WaitForHSEStartUp:00000034 $d
C:\cygwin64\tmp\cc8KqAEV.s:187    .text.RCC_AdjustHSICalibrationValue:00000000 $t
C:\cygwin64\tmp\cc8KqAEV.s:192    .text.RCC_AdjustHSICalibrationValue:00000000 RCC_AdjustHSICalibrationValue
C:\cygwin64\tmp\cc8KqAEV.s:205    .text.RCC_AdjustHSICalibrationValue:00000010 $d
C:\cygwin64\tmp\cc8KqAEV.s:208    .text.RCC_HSICmd:00000000 $t
C:\cygwin64\tmp\cc8KqAEV.s:213    .text.RCC_HSICmd:00000000 RCC_HSICmd
C:\cygwin64\tmp\cc8KqAEV.s:223    .text.RCC_HSICmd:00000008 $d
C:\cygwin64\tmp\cc8KqAEV.s:226    .text.RCC_PLLConfig:00000000 $t
C:\cygwin64\tmp\cc8KqAEV.s:231    .text.RCC_PLLConfig:00000000 RCC_PLLConfig
C:\cygwin64\tmp\cc8KqAEV.s:245    .text.RCC_PLLConfig:00000010 $d
C:\cygwin64\tmp\cc8KqAEV.s:248    .text.RCC_PLLCmd:00000000 $t
C:\cygwin64\tmp\cc8KqAEV.s:253    .text.RCC_PLLCmd:00000000 RCC_PLLCmd
C:\cygwin64\tmp\cc8KqAEV.s:263    .text.RCC_PLLCmd:00000008 $d
C:\cygwin64\tmp\cc8KqAEV.s:266    .text.RCC_SYSCLKConfig:00000000 $t
C:\cygwin64\tmp\cc8KqAEV.s:271    .text.RCC_SYSCLKConfig:00000000 RCC_SYSCLKConfig
C:\cygwin64\tmp\cc8KqAEV.s:284    .text.RCC_SYSCLKConfig:00000010 $d
C:\cygwin64\tmp\cc8KqAEV.s:287    .text.RCC_GetSYSCLKSource:00000000 $t
C:\cygwin64\tmp\cc8KqAEV.s:292    .text.RCC_GetSYSCLKSource:00000000 RCC_GetSYSCLKSource
C:\cygwin64\tmp\cc8KqAEV.s:303    .text.RCC_GetSYSCLKSource:0000000c $d
C:\cygwin64\tmp\cc8KqAEV.s:306    .text.RCC_HCLKConfig:00000000 $t
C:\cygwin64\tmp\cc8KqAEV.s:311    .text.RCC_HCLKConfig:00000000 RCC_HCLKConfig
C:\cygwin64\tmp\cc8KqAEV.s:324    .text.RCC_HCLKConfig:00000010 $d
C:\cygwin64\tmp\cc8KqAEV.s:327    .text.RCC_PCLK1Config:00000000 $t
C:\cygwin64\tmp\cc8KqAEV.s:332    .text.RCC_PCLK1Config:00000000 RCC_PCLK1Config
C:\cygwin64\tmp\cc8KqAEV.s:345    .text.RCC_PCLK1Config:00000010 $d
C:\cygwin64\tmp\cc8KqAEV.s:348    .text.RCC_PCLK2Config:00000000 $t
C:\cygwin64\tmp\cc8KqAEV.s:353    .text.RCC_PCLK2Config:00000000 RCC_PCLK2Config
C:\cygwin64\tmp\cc8KqAEV.s:366    .text.RCC_PCLK2Config:00000010 $d
C:\cygwin64\tmp\cc8KqAEV.s:369    .text.RCC_ITConfig:00000000 $t
C:\cygwin64\tmp\cc8KqAEV.s:374    .text.RCC_ITConfig:00000000 RCC_ITConfig
C:\cygwin64\tmp\cc8KqAEV.s:391    .text.RCC_ITConfig:00000014 $d
C:\cygwin64\tmp\cc8KqAEV.s:394    .text.RCC_USBCLKConfig:00000000 $t
C:\cygwin64\tmp\cc8KqAEV.s:399    .text.RCC_USBCLKConfig:00000000 RCC_USBCLKConfig
C:\cygwin64\tmp\cc8KqAEV.s:409    .text.RCC_USBCLKConfig:00000008 $d
C:\cygwin64\tmp\cc8KqAEV.s:412    .text.RCC_ADCCLKConfig:00000000 $t
C:\cygwin64\tmp\cc8KqAEV.s:417    .text.RCC_ADCCLKConfig:00000000 RCC_ADCCLKConfig
C:\cygwin64\tmp\cc8KqAEV.s:430    .text.RCC_ADCCLKConfig:00000010 $d
C:\cygwin64\tmp\cc8KqAEV.s:433    .text.RCC_LSEConfig:00000000 $t
C:\cygwin64\tmp\cc8KqAEV.s:438    .text.RCC_LSEConfig:00000000 RCC_LSEConfig
C:\cygwin64\tmp\cc8KqAEV.s:461    .text.RCC_LSEConfig:0000001c $d
C:\cygwin64\tmp\cc8KqAEV.s:464    .text.RCC_LSICmd:00000000 $t
C:\cygwin64\tmp\cc8KqAEV.s:469    .text.RCC_LSICmd:00000000 RCC_LSICmd
C:\cygwin64\tmp\cc8KqAEV.s:479    .text.RCC_LSICmd:00000008 $d
C:\cygwin64\tmp\cc8KqAEV.s:482    .text.RCC_RTCCLKConfig:00000000 $t
C:\cygwin64\tmp\cc8KqAEV.s:487    .text.RCC_RTCCLKConfig:00000000 RCC_RTCCLKConfig
C:\cygwin64\tmp\cc8KqAEV.s:499    .text.RCC_RTCCLKConfig:0000000c $d
C:\cygwin64\tmp\cc8KqAEV.s:502    .text.RCC_RTCCLKCmd:00000000 $t
ARM GAS  C:\cygwin64\tmp\cc8KqAEV.s 			page 18


C:\cygwin64\tmp\cc8KqAEV.s:507    .text.RCC_RTCCLKCmd:00000000 RCC_RTCCLKCmd
C:\cygwin64\tmp\cc8KqAEV.s:517    .text.RCC_RTCCLKCmd:00000008 $d
C:\cygwin64\tmp\cc8KqAEV.s:520    .text.RCC_GetClocksFreq:00000000 $t
C:\cygwin64\tmp\cc8KqAEV.s:525    .text.RCC_GetClocksFreq:00000000 RCC_GetClocksFreq
C:\cygwin64\tmp\cc8KqAEV.s:588    .text.RCC_GetClocksFreq:00000080 $d
C:\cygwin64\tmp\cc8KqAEV.s:595    .text.RCC_AHBPeriphClockCmd:00000000 $t
C:\cygwin64\tmp\cc8KqAEV.s:600    .text.RCC_AHBPeriphClockCmd:00000000 RCC_AHBPeriphClockCmd
C:\cygwin64\tmp\cc8KqAEV.s:617    .text.RCC_AHBPeriphClockCmd:00000014 $d
C:\cygwin64\tmp\cc8KqAEV.s:620    .text.RCC_APB2PeriphClockCmd:00000000 $t
C:\cygwin64\tmp\cc8KqAEV.s:625    .text.RCC_APB2PeriphClockCmd:00000000 RCC_APB2PeriphClockCmd
C:\cygwin64\tmp\cc8KqAEV.s:642    .text.RCC_APB2PeriphClockCmd:00000014 $d
C:\cygwin64\tmp\cc8KqAEV.s:645    .text.RCC_APB1PeriphClockCmd:00000000 $t
C:\cygwin64\tmp\cc8KqAEV.s:650    .text.RCC_APB1PeriphClockCmd:00000000 RCC_APB1PeriphClockCmd
C:\cygwin64\tmp\cc8KqAEV.s:667    .text.RCC_APB1PeriphClockCmd:00000014 $d
C:\cygwin64\tmp\cc8KqAEV.s:670    .text.RCC_APB2PeriphResetCmd:00000000 $t
C:\cygwin64\tmp\cc8KqAEV.s:675    .text.RCC_APB2PeriphResetCmd:00000000 RCC_APB2PeriphResetCmd
C:\cygwin64\tmp\cc8KqAEV.s:692    .text.RCC_APB2PeriphResetCmd:00000014 $d
C:\cygwin64\tmp\cc8KqAEV.s:695    .text.RCC_APB1PeriphResetCmd:00000000 $t
C:\cygwin64\tmp\cc8KqAEV.s:700    .text.RCC_APB1PeriphResetCmd:00000000 RCC_APB1PeriphResetCmd
C:\cygwin64\tmp\cc8KqAEV.s:717    .text.RCC_APB1PeriphResetCmd:00000014 $d
C:\cygwin64\tmp\cc8KqAEV.s:720    .text.RCC_BackupResetCmd:00000000 $t
C:\cygwin64\tmp\cc8KqAEV.s:725    .text.RCC_BackupResetCmd:00000000 RCC_BackupResetCmd
C:\cygwin64\tmp\cc8KqAEV.s:735    .text.RCC_BackupResetCmd:00000008 $d
C:\cygwin64\tmp\cc8KqAEV.s:738    .text.RCC_ClockSecuritySystemCmd:00000000 $t
C:\cygwin64\tmp\cc8KqAEV.s:743    .text.RCC_ClockSecuritySystemCmd:00000000 RCC_ClockSecuritySystemCmd
C:\cygwin64\tmp\cc8KqAEV.s:753    .text.RCC_ClockSecuritySystemCmd:00000008 $d
C:\cygwin64\tmp\cc8KqAEV.s:756    .text.RCC_MCOConfig:00000000 $t
C:\cygwin64\tmp\cc8KqAEV.s:761    .text.RCC_MCOConfig:00000000 RCC_MCOConfig
C:\cygwin64\tmp\cc8KqAEV.s:771    .text.RCC_MCOConfig:00000008 $d
C:\cygwin64\tmp\cc8KqAEV.s:774    .text.RCC_GetFlagStatus:00000000 $t
C:\cygwin64\tmp\cc8KqAEV.s:779    .text.RCC_GetFlagStatus:00000000 RCC_GetFlagStatus
C:\cygwin64\tmp\cc8KqAEV.s:805    .text.RCC_GetFlagStatus:00000030 $d
C:\cygwin64\tmp\cc8KqAEV.s:808    .text.RCC_ClearFlag:00000000 $t
C:\cygwin64\tmp\cc8KqAEV.s:813    .text.RCC_ClearFlag:00000000 RCC_ClearFlag
C:\cygwin64\tmp\cc8KqAEV.s:825    .text.RCC_ClearFlag:0000000c $d
C:\cygwin64\tmp\cc8KqAEV.s:828    .text.RCC_GetITStatus:00000000 $t
C:\cygwin64\tmp\cc8KqAEV.s:833    .text.RCC_GetITStatus:00000000 RCC_GetITStatus
C:\cygwin64\tmp\cc8KqAEV.s:847    .text.RCC_GetITStatus:00000010 $d
C:\cygwin64\tmp\cc8KqAEV.s:850    .text.RCC_ClearITPendingBit:00000000 $t
C:\cygwin64\tmp\cc8KqAEV.s:855    .text.RCC_ClearITPendingBit:00000000 RCC_ClearITPendingBit
C:\cygwin64\tmp\cc8KqAEV.s:865    .text.RCC_ClearITPendingBit:00000008 $d
C:\cygwin64\tmp\cc8KqAEV.s:868    .data.ADCPrescTable:00000000 $d
C:\cygwin64\tmp\cc8KqAEV.s:872    .data.ADCPrescTable:00000000 ADCPrescTable
C:\cygwin64\tmp\cc8KqAEV.s:878    .data.APBAHBPrescTable:00000000 $d
C:\cygwin64\tmp\cc8KqAEV.s:882    .data.APBAHBPrescTable:00000000 APBAHBPrescTable

NO UNDEFINED SYMBOLS
