ARM GAS  C:\cygwin64\tmp\cc9VwXn7.s 			page 1


   1              		.syntax unified
   2              		.cpu cortex-m3
   3              		.fpu softvfp
   4              		.eabi_attribute 20, 1	@ Tag_ABI_FP_denormal
   5              		.eabi_attribute 21, 1	@ Tag_ABI_FP_exceptions
   6              		.eabi_attribute 23, 3	@ Tag_ABI_FP_number_model
   7              		.eabi_attribute 24, 1	@ Tag_ABI_align8_needed
   8              		.eabi_attribute 25, 1	@ Tag_ABI_align8_preserved
   9              		.eabi_attribute 26, 1	@ Tag_ABI_enum_size
  10              		.eabi_attribute 30, 2	@ Tag_ABI_optimization_goals
  11              		.eabi_attribute 34, 1	@ Tag_CPU_unaligned_access
  12              		.eabi_attribute 18, 4	@ Tag_ABI_PCS_wchar_t
  13              		.file	"usb.c"
  14              	@ GNU C (GNU Tools for ARM Embedded Processors) version 4.8.4 20140526 (release) [ARM/embedded-4_8-
  15              	@	compiled by GNU C version 4.6.4, GMP version 4.3.2, MPFR version 2.4.2, MPC version 0.8.1
  16              	@ GGC heuristics: --param ggc-min-expand=99 --param ggc-min-heapsize=131015
  17              	@ options passed:  -I . -I src -I Libraries -I Libraries/CMSIS/Include
  18              	@ -I Libraries/CMSIS/Device/ST/STM32F10x/Include
  19              	@ -I Libraries/STM32F10x_StdPeriph_Driver/inc
  20              	@ -I Libraries/STM32_USB-FS-Device_Driver/inc -I src/VCP/inc
  21              	@ -imultilib armv7-m
  22              	@ -iprefix c:\program files (x86)\gnu tools arm embedded\4.8 2014q2\bin\../lib/gcc/arm-none-eabi/4.
  23              	@ -isysroot c:\program files (x86)\gnu tools arm embedded\4.8 2014q2\bin\../arm-none-eabi
  24              	@ -MD out/usb.d -MF out/usb.d -MP -MQ out/usb.o -D__USES_INITFINI__
  25              	@ -D STM32F10X_HD -D USE_STDPERIPH_DRIVER src/usb.c -mcpu=cortex-m3 -mthumb
  26              	@ -auxbase-strip out/usb.o -O2 -Wall -Wstrict-prototypes -Wextra -std=gnu99
  27              	@ -ffunction-sections -fdata-sections -fverbose-asm
  28              	@ -fsingle-precision-constant
  29              	@ options enabled:  -faggressive-loop-optimizations -fauto-inc-dec
  30              	@ -fbranch-count-reg -fcaller-saves -fcombine-stack-adjustments -fcommon
  31              	@ -fcompare-elim -fcprop-registers -fcrossjumping -fcse-follow-jumps
  32              	@ -fdata-sections -fdefer-pop -fdelete-null-pointer-checks -fdevirtualize
  33              	@ -fdwarf2-cfi-asm -fearly-inlining -feliminate-unused-debug-types
  34              	@ -fexpensive-optimizations -fforward-propagate -ffunction-cse
  35              	@ -ffunction-sections -fgcse -fgcse-lm -fgnu-runtime
  36              	@ -fguess-branch-probability -fhoist-adjacent-loads -fident -fif-conversion
  37              	@ -fif-conversion2 -findirect-inlining -finline -finline-atomics
  38              	@ -finline-functions-called-once -finline-small-functions -fipa-cp
  39              	@ -fipa-profile -fipa-pure-const -fipa-reference -fipa-sra
  40              	@ -fira-hoist-pressure -fira-share-save-slots -fira-share-spill-slots
  41              	@ -fivopts -fkeep-static-consts -fleading-underscore -fmath-errno
  42              	@ -fmerge-constants -fmerge-debug-strings -fmove-loop-invariants
  43              	@ -fomit-frame-pointer -foptimize-register-move -foptimize-sibling-calls
  44              	@ -foptimize-strlen -fpartial-inlining -fpeephole -fpeephole2
  45              	@ -fprefetch-loop-arrays -freg-struct-return -fregmove -freorder-blocks
  46              	@ -freorder-functions -frerun-cse-after-loop
  47              	@ -fsched-critical-path-heuristic -fsched-dep-count-heuristic
  48              	@ -fsched-group-heuristic -fsched-interblock -fsched-last-insn-heuristic
  49              	@ -fsched-pressure -fsched-rank-heuristic -fsched-spec
  50              	@ -fsched-spec-insn-heuristic -fsched-stalled-insns-dep -fschedule-insns
  51              	@ -fschedule-insns2 -fsection-anchors -fshow-column -fshrink-wrap
  52              	@ -fsigned-zeros -fsingle-precision-constant -fsplit-ivs-in-unroller
  53              	@ -fsplit-wide-types -fstrict-aliasing -fstrict-overflow
  54              	@ -fstrict-volatile-bitfields -fsync-libcalls -fthread-jumps
  55              	@ -ftoplevel-reorder -ftrapping-math -ftree-bit-ccp -ftree-builtin-call-dce
  56              	@ -ftree-ccp -ftree-ch -ftree-coalesce-vars -ftree-copy-prop
  57              	@ -ftree-copyrename -ftree-cselim -ftree-dce -ftree-dominator-opts
ARM GAS  C:\cygwin64\tmp\cc9VwXn7.s 			page 2


  58              	@ -ftree-dse -ftree-forwprop -ftree-fre -ftree-loop-if-convert
  59              	@ -ftree-loop-im -ftree-loop-ivcanon -ftree-loop-optimize
  60              	@ -ftree-parallelize-loops= -ftree-phiprop -ftree-pre -ftree-pta
  61              	@ -ftree-reassoc -ftree-scev-cprop -ftree-sink -ftree-slp-vectorize
  62              	@ -ftree-slsr -ftree-sra -ftree-switch-conversion -ftree-tail-merge
  63              	@ -ftree-ter -ftree-vect-loop-version -ftree-vrp -funit-at-a-time
  64              	@ -fverbose-asm -fzero-initialized-in-bss -mfix-cortex-m3-ldrd
  65              	@ -mlittle-endian -mpic-data-is-text-relative -msched-prolog -mthumb
  66              	@ -munaligned-access -mvectorize-with-neon-quad
  67              	
  68              		.section	.text.usbOverrun,"ax",%progbits
  69              		.align	2
  70              		.global	usbOverrun
  71              		.thumb
  72              		.thumb_func
  73              		.type	usbOverrun, %function
  74              	usbOverrun:
  75              		@ args = 0, pretend = 0, frame = 0
  76              		@ frame_needed = 0, uses_anonymous_args = 0
  77              		@ link register save eliminated.
  78 0000 014B     		ldr	r3, .L2	@ tmp112,
  79 0002 9868     		ldr	r0, [r3, #8]	@ D.7218, RingBufferUSBTX.Overrun
  80 0004 7047     		bx	lr	@
  81              	.L3:
  82 0006 00BF     		.align	2
  83              	.L2:
  84 0008 00000000 		.word	RingBufferUSBTX
  85              		.size	usbOverrun, .-usbOverrun
  86              		.section	.text.USBPushTXData,"ax",%progbits
  87              		.align	2
  88              		.global	USBPushTXData
  89              		.thumb
  90              		.thumb_func
  91              		.type	USBPushTXData, %function
  92              	USBPushTXData:
  93              		@ args = 0, pretend = 0, frame = 0
  94              		@ frame_needed = 0, uses_anonymous_args = 0
  95 0000 38B5     		push	{r3, r4, r5, lr}	@
  96 0002 0F4C     		ldr	r4, .L12	@ tmp142,
  97 0004 2568     		ldr	r5, [r4]	@ D.7221, RingBufferUSBTX.Read
  98 0006 6168     		ldr	r1, [r4, #4]	@ D.7221, RingBufferUSBTX.Write
  99 0008 2368     		ldr	r3, [r4]	@ D.7221, RingBufferUSBTX.Read
 100 000a C91A     		subs	r1, r1, r3	@ len, D.7221, D.7221
 101 000c 0029     		cmp	r1, #0	@ len,
 102 000e 0FD0     		beq	.L4	@,
 103 0010 0FDB     		blt	.L11	@,
 104              	.L6:
 105 0012 6019     		adds	r0, r4, r5	@ tmp131, tmp142, D.7221
 106 0014 C9B2     		uxtb	r1, r1	@, len
 107 0016 0C30     		adds	r0, r0, #12	@, tmp131,
 108 0018 FFF7FEFF 		bl	CDC_Send_DATA	@
 109 001c 2568     		ldr	r5, [r4]	@ D.7221, RingBufferUSBTX.Read
 110 001e 0544     		add	r5, r5, r0	@ D.7221,
 111 0020 0748     		ldr	r0, .L12	@,
 112 0022 FFF7FEFF 		bl	RingBufferSize	@
 113 0026 95FBF0F3 		sdiv	r3, r5, r0	@ tmp139, D.7221,
 114 002a 03FB1050 		mls	r0, r3, r0, r5	@ D.7221, tmp139,, D.7221
ARM GAS  C:\cygwin64\tmp\cc9VwXn7.s 			page 3


 115 002e 2060     		str	r0, [r4]	@ D.7221, RingBufferUSBTX.Read
 116              	.L4:
 117 0030 38BD     		pop	{r3, r4, r5, pc}	@
 118              	.L11:
 119 0032 2046     		mov	r0, r4	@, tmp142
 120 0034 FFF7FEFF 		bl	RingBufferSize	@
 121 0038 2168     		ldr	r1, [r4]	@ D.7221, RingBufferUSBTX.Read
 122 003a 411A     		subs	r1, r0, r1	@ len,, D.7221
 123 003c E9E7     		b	.L6	@
 124              	.L13:
 125 003e 00BF     		.align	2
 126              	.L12:
 127 0040 00000000 		.word	RingBufferUSBTX
 128              		.size	USBPushTXData, .-USBPushTXData
 129              		.section	.text.USBPushTX,"ax",%progbits
 130              		.align	2
 131              		.global	USBPushTX
 132              		.thumb
 133              		.thumb_func
 134              		.type	USBPushTX, %function
 135              	USBPushTX:
 136              		@ args = 0, pretend = 0, frame = 0
 137              		@ frame_needed = 0, uses_anonymous_args = 0
 138 0000 08B5     		push	{r3, lr}	@
 139 0002 064B     		ldr	r3, .L17	@ tmp112,
 140 0004 1B68     		ldr	r3, [r3]	@ packetSent.0, packetSent
 141 0006 03B1     		cbz	r3, .L16	@ packetSent.0,
 142 0008 08BD     		pop	{r3, pc}	@
 143              	.L16:
 144 000a FFF7FEFF 		bl	millis	@
 145 000e 044B     		ldr	r3, .L17+4	@ tmp113,
 146 0010 1860     		str	r0, [r3]	@, lastCallbackTime
 147 0012 BDE80840 		pop	{r3, lr}	@
 148 0016 FFF7FEBF 		b	USBPushTXData	@
 149              	.L18:
 150 001a 00BF     		.align	2
 151              	.L17:
 152 001c 00000000 		.word	packetSent
 153 0020 00000000 		.word	.LANCHOR0
 154              		.size	USBPushTX, .-USBPushTX
 155              		.section	.text.EP1_IN_Callback,"ax",%progbits
 156              		.align	2
 157              		.global	EP1_IN_Callback
 158              		.thumb
 159              		.thumb_func
 160              		.type	EP1_IN_Callback, %function
 161              	EP1_IN_Callback:
 162              		@ args = 0, pretend = 0, frame = 0
 163              		@ frame_needed = 0, uses_anonymous_args = 0
 164 0000 08B5     		push	{r3, lr}	@
 165 0002 0749     		ldr	r1, .L20	@ tmp111,
 166 0004 074B     		ldr	r3, .L20+4	@ tmp113,
 167 0006 0120     		movs	r0, #1	@ tmp112,
 168 0008 0022     		movs	r2, #0	@ tmp114,
 169 000a 1A60     		str	r2, [r3]	@ tmp114, packetSent
 170 000c 0860     		str	r0, [r1]	@ tmp112, USBCallBackCalled
 171 000e FFF7FEFF 		bl	millis	@
ARM GAS  C:\cygwin64\tmp\cc9VwXn7.s 			page 4


 172 0012 054B     		ldr	r3, .L20+8	@ tmp115,
 173 0014 1860     		str	r0, [r3]	@, lastCallbackTime
 174 0016 BDE80840 		pop	{r3, lr}	@
 175 001a FFF7FEBF 		b	USBPushTXData	@
 176              	.L21:
 177 001e 00BF     		.align	2
 178              	.L20:
 179 0020 00000000 		.word	.LANCHOR1
 180 0024 00000000 		.word	packetSent
 181 0028 00000000 		.word	.LANCHOR0
 182              		.size	EP1_IN_Callback, .-EP1_IN_Callback
 183              		.section	.text.setupUSB,"ax",%progbits
 184              		.align	2
 185              		.global	setupUSB
 186              		.thumb
 187              		.thumb_func
 188              		.type	setupUSB, %function
 189              	setupUSB:
 190              		@ args = 0, pretend = 0, frame = 0
 191              		@ frame_needed = 0, uses_anonymous_args = 0
 192 0000 08B5     		push	{r3, lr}	@
 193 0002 FFF7FEFF 		bl	Set_System	@
 194 0006 FFF7FEFF 		bl	Set_USBClock	@
 195 000a FFF7FEFF 		bl	USB_Interrupts_Config	@
 196 000e FFF7FEFF 		bl	USB_Init	@
 197 0012 BDE80840 		pop	{r3, lr}	@
 198 0016 0248     		ldr	r0, .L23	@,
 199 0018 0249     		ldr	r1, .L23+4	@,
 200 001a FFF7FEBF 		b	RingBufferInit	@
 201              	.L24:
 202 001e 00BF     		.align	2
 203              	.L23:
 204 0020 00000000 		.word	RingBufferUSBTX
 205 0024 00000000 		.word	USBPushTX
 206              		.size	setupUSB, .-setupUSB
 207              		.section	.text.usbSendBytes,"ax",%progbits
 208              		.align	2
 209              		.global	usbSendBytes
 210              		.thumb
 211              		.thumb_func
 212              		.type	usbSendBytes, %function
 213              	usbSendBytes:
 214              		@ args = 0, pretend = 0, frame = 0
 215              		@ frame_needed = 0, uses_anonymous_args = 0
 216 0000 38B5     		push	{r3, r4, r5, lr}	@
 217 0002 0546     		mov	r5, r0	@ sendBuf, sendBuf
 218 0004 0C46     		mov	r4, r1	@ len, len
 219 0006 FFF7FEFF 		bl	usbIsConnected	@
 220 000a 28B1     		cbz	r0, .L26	@,
 221 000c 2946     		mov	r1, r5	@, sendBuf
 222 000e 0348     		ldr	r0, .L30	@,
 223 0010 2246     		mov	r2, r4	@, len
 224 0012 0023     		movs	r3, #0	@,
 225 0014 FFF7FEFF 		bl	RingBufferPutBlock	@
 226              	.L26:
 227 0018 2046     		mov	r0, r4	@, len
 228 001a 38BD     		pop	{r3, r4, r5, pc}	@
ARM GAS  C:\cygwin64\tmp\cc9VwXn7.s 			page 5


 229              	.L31:
 230              		.align	2
 231              	.L30:
 232 001c 00000000 		.word	RingBufferUSBTX
 233              		.size	usbSendBytes, .-usbSendBytes
 234              		.section	.text.usbEnableBlockingTx,"ax",%progbits
 235              		.align	2
 236              		.global	usbEnableBlockingTx
 237              		.thumb
 238              		.thumb_func
 239              		.type	usbEnableBlockingTx, %function
 240              	usbEnableBlockingTx:
 241              		@ args = 0, pretend = 0, frame = 0
 242              		@ frame_needed = 0, uses_anonymous_args = 0
 243              		@ link register save eliminated.
 244 0000 7047     		bx	lr	@
 245              		.size	usbEnableBlockingTx, .-usbEnableBlockingTx
 246 0002 00BF     		.section	.text.usbDisableBlockingTx,"ax",%progbits
 247              		.align	2
 248              		.global	usbDisableBlockingTx
 249              		.thumb
 250              		.thumb_func
 251              		.type	usbDisableBlockingTx, %function
 252              	usbDisableBlockingTx:
 253              		@ args = 0, pretend = 0, frame = 0
 254              		@ frame_needed = 0, uses_anonymous_args = 0
 255              		@ link register save eliminated.
 256 0000 7047     		bx	lr	@
 257              		.size	usbDisableBlockingTx, .-usbDisableBlockingTx
 258 0002 00BF     		.section	.text.usbBytesAvailable,"ax",%progbits
 259              		.align	2
 260              		.global	usbBytesAvailable
 261              		.thumb
 262              		.thumb_func
 263              		.type	usbBytesAvailable, %function
 264              	usbBytesAvailable:
 265              		@ args = 0, pretend = 0, frame = 0
 266              		@ frame_needed = 0, uses_anonymous_args = 0
 267              		@ link register save eliminated.
 268 0000 014B     		ldr	r3, .L35	@ tmp112,
 269 0002 1868     		ldr	r0, [r3]	@ D.7242, receiveLength
 270 0004 7047     		bx	lr	@
 271              	.L36:
 272 0006 00BF     		.align	2
 273              	.L35:
 274 0008 00000000 		.word	receiveLength
 275              		.size	usbBytesAvailable, .-usbBytesAvailable
 276              		.section	.text.usbReceiveBytes,"ax",%progbits
 277              		.align	2
 278              		.global	usbReceiveBytes
 279              		.thumb
 280              		.thumb_func
 281              		.type	usbReceiveBytes, %function
 282              	usbReceiveBytes:
 283              		@ args = 0, pretend = 0, frame = 0
 284              		@ frame_needed = 0, uses_anonymous_args = 0
 285 0000 054B     		ldr	r3, .L39	@ tmp116,
ARM GAS  C:\cygwin64\tmp\cc9VwXn7.s 			page 6


 286 0002 10B5     		push	{r4, lr}	@
 287 0004 1C68     		ldr	r4, [r3]	@ len, receiveLength
 288 0006 8C42     		cmp	r4, r1	@ len, len
 289 0008 A8BF     		it	ge
 290 000a 0C46     		movge	r4, r1	@ len, len
 291 000c 2146     		mov	r1, r4	@, len
 292 000e FFF7FEFF 		bl	CDC_Receive_DATA	@
 293 0012 2046     		mov	r0, r4	@, len
 294 0014 10BD     		pop	{r4, pc}	@
 295              	.L40:
 296 0016 00BF     		.align	2
 297              	.L39:
 298 0018 00000000 		.word	receiveLength
 299              		.size	usbReceiveBytes, .-usbReceiveBytes
 300              		.section	.text.usbDsbISR,"ax",%progbits
 301              		.align	2
 302              		.global	usbDsbISR
 303              		.thumb
 304              		.thumb_func
 305              		.type	usbDsbISR, %function
 306              	usbDsbISR:
 307              		@ args = 0, pretend = 0, frame = 0
 308              		@ frame_needed = 0, uses_anonymous_args = 0
 309              		@ link register save eliminated.
 310 0000 7047     		bx	lr	@
 311              		.size	usbDsbISR, .-usbDsbISR
 312              		.comm	RingBufferUSBTX,528,4
 313 0002 00BF     		.section	.bss.lastCallbackTime,"aw",%nobits
 314              		.align	2
 315              		.set	.LANCHOR0,. + 0
 316              		.type	lastCallbackTime, %object
 317              		.size	lastCallbackTime, 4
 318              	lastCallbackTime:
 319 0000 00000000 		.space	4
 320              		.section	.bss.USBCallBackCalled,"aw",%nobits
 321              		.align	2
 322              		.set	.LANCHOR1,. + 0
 323              		.type	USBCallBackCalled, %object
 324              		.size	USBCallBackCalled, 4
 325              	USBCallBackCalled:
 326 0000 00000000 		.space	4
 327              		.ident	"GCC: (GNU Tools for ARM Embedded Processors) 4.8.4 20140526 (release) [ARM/embedded-4_8-br
ARM GAS  C:\cygwin64\tmp\cc9VwXn7.s 			page 7


DEFINED SYMBOLS
                            *ABS*:00000000 usb.c
C:\cygwin64\tmp\cc9VwXn7.s:69     .text.usbOverrun:00000000 $t
C:\cygwin64\tmp\cc9VwXn7.s:74     .text.usbOverrun:00000000 usbOverrun
C:\cygwin64\tmp\cc9VwXn7.s:84     .text.usbOverrun:00000008 $d
                            *COM*:00000210 RingBufferUSBTX
C:\cygwin64\tmp\cc9VwXn7.s:87     .text.USBPushTXData:00000000 $t
C:\cygwin64\tmp\cc9VwXn7.s:92     .text.USBPushTXData:00000000 USBPushTXData
C:\cygwin64\tmp\cc9VwXn7.s:127    .text.USBPushTXData:00000040 $d
C:\cygwin64\tmp\cc9VwXn7.s:130    .text.USBPushTX:00000000 $t
C:\cygwin64\tmp\cc9VwXn7.s:135    .text.USBPushTX:00000000 USBPushTX
C:\cygwin64\tmp\cc9VwXn7.s:152    .text.USBPushTX:0000001c $d
C:\cygwin64\tmp\cc9VwXn7.s:156    .text.EP1_IN_Callback:00000000 $t
C:\cygwin64\tmp\cc9VwXn7.s:161    .text.EP1_IN_Callback:00000000 EP1_IN_Callback
C:\cygwin64\tmp\cc9VwXn7.s:179    .text.EP1_IN_Callback:00000020 $d
C:\cygwin64\tmp\cc9VwXn7.s:184    .text.setupUSB:00000000 $t
C:\cygwin64\tmp\cc9VwXn7.s:189    .text.setupUSB:00000000 setupUSB
C:\cygwin64\tmp\cc9VwXn7.s:204    .text.setupUSB:00000020 $d
C:\cygwin64\tmp\cc9VwXn7.s:208    .text.usbSendBytes:00000000 $t
C:\cygwin64\tmp\cc9VwXn7.s:213    .text.usbSendBytes:00000000 usbSendBytes
C:\cygwin64\tmp\cc9VwXn7.s:232    .text.usbSendBytes:0000001c $d
C:\cygwin64\tmp\cc9VwXn7.s:235    .text.usbEnableBlockingTx:00000000 $t
C:\cygwin64\tmp\cc9VwXn7.s:240    .text.usbEnableBlockingTx:00000000 usbEnableBlockingTx
C:\cygwin64\tmp\cc9VwXn7.s:247    .text.usbDisableBlockingTx:00000000 $t
C:\cygwin64\tmp\cc9VwXn7.s:252    .text.usbDisableBlockingTx:00000000 usbDisableBlockingTx
C:\cygwin64\tmp\cc9VwXn7.s:259    .text.usbBytesAvailable:00000000 $t
C:\cygwin64\tmp\cc9VwXn7.s:264    .text.usbBytesAvailable:00000000 usbBytesAvailable
C:\cygwin64\tmp\cc9VwXn7.s:274    .text.usbBytesAvailable:00000008 $d
C:\cygwin64\tmp\cc9VwXn7.s:277    .text.usbReceiveBytes:00000000 $t
C:\cygwin64\tmp\cc9VwXn7.s:282    .text.usbReceiveBytes:00000000 usbReceiveBytes
C:\cygwin64\tmp\cc9VwXn7.s:298    .text.usbReceiveBytes:00000018 $d
C:\cygwin64\tmp\cc9VwXn7.s:301    .text.usbDsbISR:00000000 $t
C:\cygwin64\tmp\cc9VwXn7.s:306    .text.usbDsbISR:00000000 usbDsbISR
C:\cygwin64\tmp\cc9VwXn7.s:314    .bss.lastCallbackTime:00000000 $d
C:\cygwin64\tmp\cc9VwXn7.s:318    .bss.lastCallbackTime:00000000 lastCallbackTime
C:\cygwin64\tmp\cc9VwXn7.s:321    .bss.USBCallBackCalled:00000000 $d
C:\cygwin64\tmp\cc9VwXn7.s:325    .bss.USBCallBackCalled:00000000 USBCallBackCalled

UNDEFINED SYMBOLS
CDC_Send_DATA
RingBufferSize
millis
packetSent
Set_System
Set_USBClock
USB_Interrupts_Config
USB_Init
RingBufferInit
usbIsConnected
RingBufferPutBlock
receiveLength
CDC_Receive_DATA
