ARM GAS  C:\cygwin64\tmp\ccXg3byv.s 			page 1


   1              		.syntax unified
   2              		.cpu cortex-m3
   3              		.fpu softvfp
   4              		.eabi_attribute 20, 1	@ Tag_ABI_FP_denormal
   5              		.eabi_attribute 21, 1	@ Tag_ABI_FP_exceptions
   6              		.eabi_attribute 23, 3	@ Tag_ABI_FP_number_model
   7              		.eabi_attribute 24, 1	@ Tag_ABI_align8_needed
   8              		.eabi_attribute 25, 1	@ Tag_ABI_align8_preserved
   9              		.eabi_attribute 26, 1	@ Tag_ABI_enum_size
  10              		.eabi_attribute 30, 2	@ Tag_ABI_optimization_goals
  11              		.eabi_attribute 34, 1	@ Tag_CPU_unaligned_access
  12              		.eabi_attribute 18, 4	@ Tag_ABI_PCS_wchar_t
  13              		.file	"usb_init.c"
  14              	@ GNU C (GNU Tools for ARM Embedded Processors) version 4.8.4 20140526 (release) [ARM/embedded-4_8-
  15              	@	compiled by GNU C version 4.6.4, GMP version 4.3.2, MPFR version 2.4.2, MPC version 0.8.1
  16              	@ GGC heuristics: --param ggc-min-expand=99 --param ggc-min-heapsize=131015
  17              	@ options passed:  -I . -I src -I Libraries -I Libraries/CMSIS/Include
  18              	@ -I Libraries/CMSIS/Device/ST/STM32F10x/Include
  19              	@ -I Libraries/STM32F10x_StdPeriph_Driver/inc
  20              	@ -I Libraries/STM32_USB-FS-Device_Driver/inc -I src/VCP/inc
  21              	@ -imultilib armv7-m
  22              	@ -iprefix c:\program files (x86)\gnu tools arm embedded\4.8 2014q2\bin\../lib/gcc/arm-none-eabi/4.
  23              	@ -isysroot c:\program files (x86)\gnu tools arm embedded\4.8 2014q2\bin\../arm-none-eabi
  24              	@ -MD out/usb_init.d -MF out/usb_init.d -MP -MQ out/usb_init.o
  25              	@ -D__USES_INITFINI__ -D STM32F10X_HD -D USE_STDPERIPH_DRIVER
  26              	@ Libraries/STM32_USB-FS-Device_Driver/src/usb_init.c -mcpu=cortex-m3
  27              	@ -mthumb -auxbase-strip out/usb_init.o -O2 -Wall -Wstrict-prototypes
  28              	@ -Wextra -std=gnu99 -ffunction-sections -fdata-sections -fverbose-asm
  29              	@ -fsingle-precision-constant
  30              	@ options enabled:  -faggressive-loop-optimizations -fauto-inc-dec
  31              	@ -fbranch-count-reg -fcaller-saves -fcombine-stack-adjustments -fcommon
  32              	@ -fcompare-elim -fcprop-registers -fcrossjumping -fcse-follow-jumps
  33              	@ -fdata-sections -fdefer-pop -fdelete-null-pointer-checks -fdevirtualize
  34              	@ -fdwarf2-cfi-asm -fearly-inlining -feliminate-unused-debug-types
  35              	@ -fexpensive-optimizations -fforward-propagate -ffunction-cse
  36              	@ -ffunction-sections -fgcse -fgcse-lm -fgnu-runtime
  37              	@ -fguess-branch-probability -fhoist-adjacent-loads -fident -fif-conversion
  38              	@ -fif-conversion2 -findirect-inlining -finline -finline-atomics
  39              	@ -finline-functions-called-once -finline-small-functions -fipa-cp
  40              	@ -fipa-profile -fipa-pure-const -fipa-reference -fipa-sra
  41              	@ -fira-hoist-pressure -fira-share-save-slots -fira-share-spill-slots
  42              	@ -fivopts -fkeep-static-consts -fleading-underscore -fmath-errno
  43              	@ -fmerge-constants -fmerge-debug-strings -fmove-loop-invariants
  44              	@ -fomit-frame-pointer -foptimize-register-move -foptimize-sibling-calls
  45              	@ -foptimize-strlen -fpartial-inlining -fpeephole -fpeephole2
  46              	@ -fprefetch-loop-arrays -freg-struct-return -fregmove -freorder-blocks
  47              	@ -freorder-functions -frerun-cse-after-loop
  48              	@ -fsched-critical-path-heuristic -fsched-dep-count-heuristic
  49              	@ -fsched-group-heuristic -fsched-interblock -fsched-last-insn-heuristic
  50              	@ -fsched-pressure -fsched-rank-heuristic -fsched-spec
  51              	@ -fsched-spec-insn-heuristic -fsched-stalled-insns-dep -fschedule-insns
  52              	@ -fschedule-insns2 -fsection-anchors -fshow-column -fshrink-wrap
  53              	@ -fsigned-zeros -fsingle-precision-constant -fsplit-ivs-in-unroller
  54              	@ -fsplit-wide-types -fstrict-aliasing -fstrict-overflow
  55              	@ -fstrict-volatile-bitfields -fsync-libcalls -fthread-jumps
  56              	@ -ftoplevel-reorder -ftrapping-math -ftree-bit-ccp -ftree-builtin-call-dce
  57              	@ -ftree-ccp -ftree-ch -ftree-coalesce-vars -ftree-copy-prop
ARM GAS  C:\cygwin64\tmp\ccXg3byv.s 			page 2


  58              	@ -ftree-copyrename -ftree-cselim -ftree-dce -ftree-dominator-opts
  59              	@ -ftree-dse -ftree-forwprop -ftree-fre -ftree-loop-if-convert
  60              	@ -ftree-loop-im -ftree-loop-ivcanon -ftree-loop-optimize
  61              	@ -ftree-parallelize-loops= -ftree-phiprop -ftree-pre -ftree-pta
  62              	@ -ftree-reassoc -ftree-scev-cprop -ftree-sink -ftree-slp-vectorize
  63              	@ -ftree-slsr -ftree-sra -ftree-switch-conversion -ftree-tail-merge
  64              	@ -ftree-ter -ftree-vect-loop-version -ftree-vrp -funit-at-a-time
  65              	@ -fverbose-asm -fzero-initialized-in-bss -mfix-cortex-m3-ldrd
  66              	@ -mlittle-endian -mpic-data-is-text-relative -msched-prolog -mthumb
  67              	@ -munaligned-access -mvectorize-with-neon-quad
  68              	
  69              		.section	.text.USB_Init,"ax",%progbits
  70              		.align	2
  71              		.global	USB_Init
  72              		.thumb
  73              		.thumb_func
  74              		.type	USB_Init, %function
  75              	USB_Init:
  76              		@ args = 0, pretend = 0, frame = 0
  77              		@ frame_needed = 0, uses_anonymous_args = 0
  78 0000 70B5     		push	{r4, r5, r6, lr}	@
  79 0002 074A     		ldr	r2, .L2	@ tmp112,
  80 0004 074E     		ldr	r6, .L2+4	@ tmp111,
  81 0006 084C     		ldr	r4, .L2+8	@ tmp116,
  82 0008 084B     		ldr	r3, .L2+12	@ tmp117,
  83 000a 0949     		ldr	r1, .L2+16	@ tmp118,
  84 000c 0948     		ldr	r0, .L2+20	@ tmp119,
  85 000e 0225     		movs	r5, #2	@ tmp114,
  86 0010 2360     		str	r3, [r4]	@ tmp117, pProperty
  87 0012 3260     		str	r2, [r6]	@ tmp112, pInformation
  88 0014 1572     		strb	r5, [r2, #8]	@ tmp114, Device_Info.ControlState
  89 0016 1B68     		ldr	r3, [r3]	@ Device_Property.Init, Device_Property.Init
  90 0018 0860     		str	r0, [r1]	@ tmp119, pUser_Standard_Requests
  91 001a 9847     		blx	r3	@ Device_Property.Init
  92 001c 70BD     		pop	{r4, r5, r6, pc}	@
  93              	.L3:
  94 001e 00BF     		.align	2
  95              	.L2:
  96 0020 00000000 		.word	Device_Info
  97 0024 00000000 		.word	pInformation
  98 0028 00000000 		.word	pProperty
  99 002c 00000000 		.word	Device_Property
 100 0030 00000000 		.word	pUser_Standard_Requests
 101 0034 00000000 		.word	User_Standard_Requests
 102              		.size	USB_Init, .-USB_Init
 103              		.comm	pUser_Standard_Requests,4,4
 104              		.comm	Device_Info,28,4
 105              		.comm	wInterrupt_Mask,2,2
 106              		.comm	SaveState,2,2
 107              		.comm	pProperty,4,4
 108              		.comm	pInformation,4,4
 109              		.comm	EPindex,1,1
 110              		.ident	"GCC: (GNU Tools for ARM Embedded Processors) 4.8.4 20140526 (release) [ARM/embedded-4_8-br
ARM GAS  C:\cygwin64\tmp\ccXg3byv.s 			page 3


DEFINED SYMBOLS
                            *ABS*:00000000 usb_init.c
C:\cygwin64\tmp\ccXg3byv.s:70     .text.USB_Init:00000000 $t
C:\cygwin64\tmp\ccXg3byv.s:75     .text.USB_Init:00000000 USB_Init
C:\cygwin64\tmp\ccXg3byv.s:96     .text.USB_Init:00000020 $d
                            *COM*:0000001c Device_Info
                            *COM*:00000004 pInformation
                            *COM*:00000004 pProperty
                            *COM*:00000004 pUser_Standard_Requests
                            *COM*:00000002 wInterrupt_Mask
                            *COM*:00000002 SaveState
                            *COM*:00000001 EPindex

UNDEFINED SYMBOLS
Device_Property
User_Standard_Requests
