ARM GAS  C:\cygwin64\tmp\ccBAFVeh.s 			page 1


   1              		.syntax unified
   2              		.cpu cortex-m3
   3              		.fpu softvfp
   4              		.eabi_attribute 20, 1	@ Tag_ABI_FP_denormal
   5              		.eabi_attribute 21, 1	@ Tag_ABI_FP_exceptions
   6              		.eabi_attribute 23, 3	@ Tag_ABI_FP_number_model
   7              		.eabi_attribute 24, 1	@ Tag_ABI_align8_needed
   8              		.eabi_attribute 25, 1	@ Tag_ABI_align8_preserved
   9              		.eabi_attribute 26, 1	@ Tag_ABI_enum_size
  10              		.eabi_attribute 30, 2	@ Tag_ABI_optimization_goals
  11              		.eabi_attribute 34, 1	@ Tag_CPU_unaligned_access
  12              		.eabi_attribute 18, 4	@ Tag_ABI_PCS_wchar_t
  13              		.file	"usb_istr.c"
  14              	@ GNU C (GNU Tools for ARM Embedded Processors) version 4.8.4 20140526 (release) [ARM/embedded-4_8-
  15              	@	compiled by GNU C version 4.6.4, GMP version 4.3.2, MPFR version 2.4.2, MPC version 0.8.1
  16              	@ GGC heuristics: --param ggc-min-expand=99 --param ggc-min-heapsize=131015
  17              	@ options passed:  -I . -I src -I Libraries -I Libraries/CMSIS/Include
  18              	@ -I Libraries/CMSIS/Device/ST/STM32F10x/Include
  19              	@ -I Libraries/STM32F10x_StdPeriph_Driver/inc
  20              	@ -I Libraries/STM32_USB-FS-Device_Driver/inc -I src/VCP/inc
  21              	@ -imultilib armv7-m
  22              	@ -iprefix c:\program files (x86)\gnu tools arm embedded\4.8 2014q2\bin\../lib/gcc/arm-none-eabi/4.
  23              	@ -isysroot c:\program files (x86)\gnu tools arm embedded\4.8 2014q2\bin\../arm-none-eabi
  24              	@ -MD out/usb_istr.d -MF out/usb_istr.d -MP -MQ out/usb_istr.o
  25              	@ -D__USES_INITFINI__ -D STM32F10X_HD -D USE_STDPERIPH_DRIVER
  26              	@ src/VCP/src/usb_istr.c -mcpu=cortex-m3 -mthumb
  27              	@ -auxbase-strip out/usb_istr.o -O2 -Wall -Wstrict-prototypes -Wextra
  28              	@ -std=gnu99 -ffunction-sections -fdata-sections -fverbose-asm
  29              	@ -fsingle-precision-constant
  30              	@ options enabled:  -faggressive-loop-optimizations -fauto-inc-dec
  31              	@ -fbranch-count-reg -fcaller-saves -fcombine-stack-adjustments -fcommon
  32              	@ -fcompare-elim -fcprop-registers -fcrossjumping -fcse-follow-jumps
  33              	@ -fdata-sections -fdefer-pop -fdelete-null-pointer-checks -fdevirtualize
  34              	@ -fdwarf2-cfi-asm -fearly-inlining -feliminate-unused-debug-types
  35              	@ -fexpensive-optimizations -fforward-propagate -ffunction-cse
  36              	@ -ffunction-sections -fgcse -fgcse-lm -fgnu-runtime
  37              	@ -fguess-branch-probability -fhoist-adjacent-loads -fident -fif-conversion
  38              	@ -fif-conversion2 -findirect-inlining -finline -finline-atomics
  39              	@ -finline-functions-called-once -finline-small-functions -fipa-cp
  40              	@ -fipa-profile -fipa-pure-const -fipa-reference -fipa-sra
  41              	@ -fira-hoist-pressure -fira-share-save-slots -fira-share-spill-slots
  42              	@ -fivopts -fkeep-static-consts -fleading-underscore -fmath-errno
  43              	@ -fmerge-constants -fmerge-debug-strings -fmove-loop-invariants
  44              	@ -fomit-frame-pointer -foptimize-register-move -foptimize-sibling-calls
  45              	@ -foptimize-strlen -fpartial-inlining -fpeephole -fpeephole2
  46              	@ -fprefetch-loop-arrays -freg-struct-return -fregmove -freorder-blocks
  47              	@ -freorder-functions -frerun-cse-after-loop
  48              	@ -fsched-critical-path-heuristic -fsched-dep-count-heuristic
  49              	@ -fsched-group-heuristic -fsched-interblock -fsched-last-insn-heuristic
  50              	@ -fsched-pressure -fsched-rank-heuristic -fsched-spec
  51              	@ -fsched-spec-insn-heuristic -fsched-stalled-insns-dep -fschedule-insns
  52              	@ -fschedule-insns2 -fsection-anchors -fshow-column -fshrink-wrap
  53              	@ -fsigned-zeros -fsingle-precision-constant -fsplit-ivs-in-unroller
  54              	@ -fsplit-wide-types -fstrict-aliasing -fstrict-overflow
  55              	@ -fstrict-volatile-bitfields -fsync-libcalls -fthread-jumps
  56              	@ -ftoplevel-reorder -ftrapping-math -ftree-bit-ccp -ftree-builtin-call-dce
  57              	@ -ftree-ccp -ftree-ch -ftree-coalesce-vars -ftree-copy-prop
ARM GAS  C:\cygwin64\tmp\ccBAFVeh.s 			page 2


  58              	@ -ftree-copyrename -ftree-cselim -ftree-dce -ftree-dominator-opts
  59              	@ -ftree-dse -ftree-forwprop -ftree-fre -ftree-loop-if-convert
  60              	@ -ftree-loop-im -ftree-loop-ivcanon -ftree-loop-optimize
  61              	@ -ftree-parallelize-loops= -ftree-phiprop -ftree-pre -ftree-pta
  62              	@ -ftree-reassoc -ftree-scev-cprop -ftree-sink -ftree-slp-vectorize
  63              	@ -ftree-slsr -ftree-sra -ftree-switch-conversion -ftree-tail-merge
  64              	@ -ftree-ter -ftree-vect-loop-version -ftree-vrp -funit-at-a-time
  65              	@ -fverbose-asm -fzero-initialized-in-bss -mfix-cortex-m3-ldrd
  66              	@ -mlittle-endian -mpic-data-is-text-relative -msched-prolog -mthumb
  67              	@ -munaligned-access -mvectorize-with-neon-quad
  68              	
  69              		.section	.text.USB_Istr,"ax",%progbits
  70              		.align	2
  71              		.global	USB_Istr
  72              		.thumb
  73              		.thumb_func
  74              		.type	USB_Istr, %function
  75              	USB_Istr:
  76              		@ args = 0, pretend = 0, frame = 0
  77              		@ frame_needed = 0, uses_anonymous_args = 0
  78 0000 224A     		ldr	r2, .L22	@ tmp132,
  79 0002 38B5     		push	{r3, r4, r5, lr}	@
  80 0004 1368     		ldr	r3, [r2]	@ D.7122, MEM[(volatile unsigned int *)1073765444B]
  81 0006 224C     		ldr	r4, .L22+4	@ tmp191,
  82 0008 9BB2     		uxth	r3, r3	@ wIstr.0, D.7122
  83 000a 224D     		ldr	r5, .L22+8	@ tmp192,
  84 000c 2380     		strh	r3, [r4]	@ movhi	@ wIstr.0, wIstr
  85 000e 2188     		ldrh	r1, [r4]	@, wIstr
  86 0010 2B88     		ldrh	r3, [r5]	@ wInterrupt_Mask.2, wInterrupt_Mask
  87 0012 1940     		ands	r1, r1, r3	@, tmp138, wIstr, wInterrupt_Mask.2
  88 0014 8905     		lsls	r1, r1, #22	@, tmp138,
  89 0016 07D5     		bpl	.L2	@,
  90 0018 1F49     		ldr	r1, .L22+12	@ tmp145,
  91 001a 4FF6FF50 		movw	r0, #65023	@ tmp144,
  92 001e 1060     		str	r0, [r2]	@ tmp144, MEM[(volatile unsigned int *)1073765444B]
  93 0020 0A78     		ldrb	r2, [r1]	@ zero_extendqisi2	@ bIntPackSOF, bIntPackSOF
  94 0022 0132     		adds	r2, r2, #1	@ tmp148, bIntPackSOF,
  95 0024 D2B2     		uxtb	r2, r2	@ bIntPackSOF.5, tmp148
  96 0026 0A70     		strb	r2, [r1]	@ bIntPackSOF.5, bIntPackSOF
  97              	.L2:
  98 0028 2288     		ldrh	r2, [r4]	@, wIstr
  99 002a 1A40     		ands	r2, r2, r3	@, tmp153, wIstr, wInterrupt_Mask.2
 100 002c 1204     		lsls	r2, r2, #16	@, tmp153,
 101 002e 29D4     		bmi	.L18	@,
 102              	.L3:
 103 0030 2288     		ldrh	r2, [r4]	@, wIstr
 104 0032 02F48062 		and	r2, r2, #1024	@ tmp162, wIstr,
 105 0036 1342     		tst	r3, r2	@ D.7124, tmp162
 106 0038 1BD1     		bne	.L19	@,
 107              	.L4:
 108 003a 2288     		ldrh	r2, [r4]	@, wIstr
 109 003c 02F40052 		and	r2, r2, #8192	@ tmp174, wIstr,
 110 0040 1342     		tst	r3, r2	@ D.7124, tmp174
 111 0042 0ED1     		bne	.L20	@,
 112              	.L5:
 113 0044 2288     		ldrh	r2, [r4]	@, wIstr
 114 0046 02F48052 		and	r2, r2, #4096	@ tmp184, wIstr,
ARM GAS  C:\cygwin64\tmp\ccBAFVeh.s 			page 3


 115 004a 1342     		tst	r3, r2	@ D.7124, tmp184
 116 004c 00D1     		bne	.L21	@,
 117 004e 38BD     		pop	{r3, r4, r5, pc}	@
 118              	.L21:
 119 0050 0E4B     		ldr	r3, .L22	@ tmp189,
 120 0052 4EF6FF72 		movw	r2, #61439	@ tmp190,
 121 0056 1A60     		str	r2, [r3]	@ tmp190, MEM[(volatile unsigned int *)1073765444B]
 122 0058 0020     		movs	r0, #0	@,
 123 005a BDE83840 		pop	{r3, r4, r5, lr}	@
 124 005e FFF7FEBF 		b	Resume	@
 125              	.L20:
 126 0062 0A4B     		ldr	r3, .L22	@ tmp179,
 127 0064 4DF6FF72 		movw	r2, #57343	@ tmp180,
 128 0068 1A60     		str	r2, [r3]	@ tmp180, MEM[(volatile unsigned int *)1073765444B]
 129 006a FFF7FEFF 		bl	ERR_Callback	@
 130 006e 2B88     		ldrh	r3, [r5]	@ D.7124, wInterrupt_Mask
 131 0070 E8E7     		b	.L5	@
 132              	.L19:
 133 0072 064A     		ldr	r2, .L22	@ tmp167,
 134 0074 094B     		ldr	r3, .L22+16	@ tmp169,
 135 0076 4FF6FF31 		movw	r1, #64511	@ tmp168,
 136 007a 5B68     		ldr	r3, [r3, #4]	@ Device_Property.Reset, Device_Property.Reset
 137 007c 1160     		str	r1, [r2]	@ tmp168, MEM[(volatile unsigned int *)1073765444B]
 138 007e 9847     		blx	r3	@ Device_Property.Reset
 139 0080 2B88     		ldrh	r3, [r5]	@ D.7124, wInterrupt_Mask
 140 0082 DAE7     		b	.L4	@
 141              	.L18:
 142 0084 FFF7FEFF 		bl	CTR_LP	@
 143 0088 2B88     		ldrh	r3, [r5]	@ D.7124, wInterrupt_Mask
 144 008a D1E7     		b	.L3	@
 145              	.L23:
 146              		.align	2
 147              	.L22:
 148 008c 445C0040 		.word	1073765444
 149 0090 00000000 		.word	wIstr
 150 0094 00000000 		.word	wInterrupt_Mask
 151 0098 00000000 		.word	.LANCHOR0
 152 009c 00000000 		.word	Device_Property
 153              		.size	USB_Istr, .-USB_Istr
 154              		.global	pEpInt_OUT
 155              		.global	pEpInt_IN
 156              		.global	wCNTR
 157              		.global	esof_counter
 158              		.global	bIntPackSOF
 159              		.comm	wIstr,2,2
 160              		.section	.bss.wCNTR,"aw",%nobits
 161              		.align	2
 162              		.type	wCNTR, %object
 163              		.size	wCNTR, 4
 164              	wCNTR:
 165 0000 00000000 		.space	4
 166              		.section	.data.pEpInt_IN,"aw",%progbits
 167              		.align	2
 168              		.type	pEpInt_IN, %object
 169              		.size	pEpInt_IN, 28
 170              	pEpInt_IN:
 171 0000 00000000 		.word	EP1_IN_Callback
ARM GAS  C:\cygwin64\tmp\ccBAFVeh.s 			page 4


 172 0004 00000000 		.word	NOP_Process
 173 0008 00000000 		.word	NOP_Process
 174 000c 00000000 		.word	NOP_Process
 175 0010 00000000 		.word	NOP_Process
 176 0014 00000000 		.word	NOP_Process
 177 0018 00000000 		.word	NOP_Process
 178              		.section	.bss.bIntPackSOF,"aw",%nobits
 179              		.set	.LANCHOR0,. + 0
 180              		.type	bIntPackSOF, %object
 181              		.size	bIntPackSOF, 1
 182              	bIntPackSOF:
 183 0000 00       		.space	1
 184              		.section	.data.pEpInt_OUT,"aw",%progbits
 185              		.align	2
 186              		.type	pEpInt_OUT, %object
 187              		.size	pEpInt_OUT, 28
 188              	pEpInt_OUT:
 189 0000 00000000 		.word	NOP_Process
 190 0004 00000000 		.word	NOP_Process
 191 0008 00000000 		.word	EP3_OUT_Callback
 192 000c 00000000 		.word	NOP_Process
 193 0010 00000000 		.word	NOP_Process
 194 0014 00000000 		.word	NOP_Process
 195 0018 00000000 		.word	NOP_Process
 196              		.section	.bss.esof_counter,"aw",%nobits
 197              		.align	2
 198              		.type	esof_counter, %object
 199              		.size	esof_counter, 4
 200              	esof_counter:
 201 0000 00000000 		.space	4
 202              		.ident	"GCC: (GNU Tools for ARM Embedded Processors) 4.8.4 20140526 (release) [ARM/embedded-4_8-br
ARM GAS  C:\cygwin64\tmp\ccBAFVeh.s 			page 5


DEFINED SYMBOLS
                            *ABS*:00000000 usb_istr.c
C:\cygwin64\tmp\ccBAFVeh.s:70     .text.USB_Istr:00000000 $t
C:\cygwin64\tmp\ccBAFVeh.s:75     .text.USB_Istr:00000000 USB_Istr
C:\cygwin64\tmp\ccBAFVeh.s:148    .text.USB_Istr:0000008c $d
                            *COM*:00000002 wIstr
C:\cygwin64\tmp\ccBAFVeh.s:188    .data.pEpInt_OUT:00000000 pEpInt_OUT
C:\cygwin64\tmp\ccBAFVeh.s:170    .data.pEpInt_IN:00000000 pEpInt_IN
C:\cygwin64\tmp\ccBAFVeh.s:164    .bss.wCNTR:00000000 wCNTR
C:\cygwin64\tmp\ccBAFVeh.s:200    .bss.esof_counter:00000000 esof_counter
C:\cygwin64\tmp\ccBAFVeh.s:182    .bss.bIntPackSOF:00000000 bIntPackSOF
C:\cygwin64\tmp\ccBAFVeh.s:161    .bss.wCNTR:00000000 $d
C:\cygwin64\tmp\ccBAFVeh.s:167    .data.pEpInt_IN:00000000 $d
C:\cygwin64\tmp\ccBAFVeh.s:183    .bss.bIntPackSOF:00000000 $d
C:\cygwin64\tmp\ccBAFVeh.s:185    .data.pEpInt_OUT:00000000 $d
C:\cygwin64\tmp\ccBAFVeh.s:197    .bss.esof_counter:00000000 $d

UNDEFINED SYMBOLS
Resume
ERR_Callback
CTR_LP
wInterrupt_Mask
Device_Property
EP1_IN_Callback
NOP_Process
EP3_OUT_Callback
