ARM GAS  C:\cygwin64\tmp\cct2LZDY.s 			page 1


   1              		.syntax unified
   2              		.cpu cortex-m3
   3              		.fpu softvfp
   4              		.eabi_attribute 20, 1	@ Tag_ABI_FP_denormal
   5              		.eabi_attribute 21, 1	@ Tag_ABI_FP_exceptions
   6              		.eabi_attribute 23, 3	@ Tag_ABI_FP_number_model
   7              		.eabi_attribute 24, 1	@ Tag_ABI_align8_needed
   8              		.eabi_attribute 25, 1	@ Tag_ABI_align8_preserved
   9              		.eabi_attribute 26, 1	@ Tag_ABI_enum_size
  10              		.eabi_attribute 30, 2	@ Tag_ABI_optimization_goals
  11              		.eabi_attribute 34, 1	@ Tag_CPU_unaligned_access
  12              		.eabi_attribute 18, 4	@ Tag_ABI_PCS_wchar_t
  13              		.file	"usb_endp.c"
  14              	@ GNU C (GNU Tools for ARM Embedded Processors) version 4.8.4 20140526 (release) [ARM/embedded-4_8-
  15              	@	compiled by GNU C version 4.6.4, GMP version 4.3.2, MPFR version 2.4.2, MPC version 0.8.1
  16              	@ GGC heuristics: --param ggc-min-expand=99 --param ggc-min-heapsize=131015
  17              	@ options passed:  -I . -I src -I Libraries -I Libraries/CMSIS/Include
  18              	@ -I Libraries/CMSIS/Device/ST/STM32F10x/Include
  19              	@ -I Libraries/STM32F10x_StdPeriph_Driver/inc
  20              	@ -I Libraries/STM32_USB-FS-Device_Driver/inc -I src/VCP/inc
  21              	@ -imultilib armv7-m
  22              	@ -iprefix c:\program files (x86)\gnu tools arm embedded\4.8 2014q2\bin\../lib/gcc/arm-none-eabi/4.
  23              	@ -isysroot c:\program files (x86)\gnu tools arm embedded\4.8 2014q2\bin\../arm-none-eabi
  24              	@ -MD out/usb_endp.d -MF out/usb_endp.d -MP -MQ out/usb_endp.o
  25              	@ -D__USES_INITFINI__ -D STM32F10X_HD -D USE_STDPERIPH_DRIVER
  26              	@ src/VCP/src/usb_endp.c -mcpu=cortex-m3 -mthumb
  27              	@ -auxbase-strip out/usb_endp.o -O2 -Wall -Wstrict-prototypes -Wextra
  28              	@ -std=gnu99 -ffunction-sections -fdata-sections -fverbose-asm
  29              	@ -fsingle-precision-constant
  30              	@ options enabled:  -faggressive-loop-optimizations -fauto-inc-dec
  31              	@ -fbranch-count-reg -fcaller-saves -fcombine-stack-adjustments -fcommon
  32              	@ -fcompare-elim -fcprop-registers -fcrossjumping -fcse-follow-jumps
  33              	@ -fdata-sections -fdefer-pop -fdelete-null-pointer-checks -fdevirtualize
  34              	@ -fdwarf2-cfi-asm -fearly-inlining -feliminate-unused-debug-types
  35              	@ -fexpensive-optimizations -fforward-propagate -ffunction-cse
  36              	@ -ffunction-sections -fgcse -fgcse-lm -fgnu-runtime
  37              	@ -fguess-branch-probability -fhoist-adjacent-loads -fident -fif-conversion
  38              	@ -fif-conversion2 -findirect-inlining -finline -finline-atomics
  39              	@ -finline-functions-called-once -finline-small-functions -fipa-cp
  40              	@ -fipa-profile -fipa-pure-const -fipa-reference -fipa-sra
  41              	@ -fira-hoist-pressure -fira-share-save-slots -fira-share-spill-slots
  42              	@ -fivopts -fkeep-static-consts -fleading-underscore -fmath-errno
  43              	@ -fmerge-constants -fmerge-debug-strings -fmove-loop-invariants
  44              	@ -fomit-frame-pointer -foptimize-register-move -foptimize-sibling-calls
  45              	@ -foptimize-strlen -fpartial-inlining -fpeephole -fpeephole2
  46              	@ -fprefetch-loop-arrays -freg-struct-return -fregmove -freorder-blocks
  47              	@ -freorder-functions -frerun-cse-after-loop
  48              	@ -fsched-critical-path-heuristic -fsched-dep-count-heuristic
  49              	@ -fsched-group-heuristic -fsched-interblock -fsched-last-insn-heuristic
  50              	@ -fsched-pressure -fsched-rank-heuristic -fsched-spec
  51              	@ -fsched-spec-insn-heuristic -fsched-stalled-insns-dep -fschedule-insns
  52              	@ -fschedule-insns2 -fsection-anchors -fshow-column -fshrink-wrap
  53              	@ -fsigned-zeros -fsingle-precision-constant -fsplit-ivs-in-unroller
  54              	@ -fsplit-wide-types -fstrict-aliasing -fstrict-overflow
  55              	@ -fstrict-volatile-bitfields -fsync-libcalls -fthread-jumps
  56              	@ -ftoplevel-reorder -ftrapping-math -ftree-bit-ccp -ftree-builtin-call-dce
  57              	@ -ftree-ccp -ftree-ch -ftree-coalesce-vars -ftree-copy-prop
ARM GAS  C:\cygwin64\tmp\cct2LZDY.s 			page 2


  58              	@ -ftree-copyrename -ftree-cselim -ftree-dce -ftree-dominator-opts
  59              	@ -ftree-dse -ftree-forwprop -ftree-fre -ftree-loop-if-convert
  60              	@ -ftree-loop-im -ftree-loop-ivcanon -ftree-loop-optimize
  61              	@ -ftree-parallelize-loops= -ftree-phiprop -ftree-pre -ftree-pta
  62              	@ -ftree-reassoc -ftree-scev-cprop -ftree-sink -ftree-slp-vectorize
  63              	@ -ftree-slsr -ftree-sra -ftree-switch-conversion -ftree-tail-merge
  64              	@ -ftree-ter -ftree-vect-loop-version -ftree-vrp -funit-at-a-time
  65              	@ -fverbose-asm -fzero-initialized-in-bss -mfix-cortex-m3-ldrd
  66              	@ -mlittle-endian -mpic-data-is-text-relative -msched-prolog -mthumb
  67              	@ -munaligned-access -mvectorize-with-neon-quad
  68              	
  69              		.section	.text.EP1_IN_Callback,"ax",%progbits
  70              		.align	2
  71              		.weak	EP1_IN_Callback
  72              		.thumb
  73              		.thumb_func
  74              		.type	EP1_IN_Callback, %function
  75              	EP1_IN_Callback:
  76              		@ args = 0, pretend = 0, frame = 0
  77              		@ frame_needed = 0, uses_anonymous_args = 0
  78              		@ link register save eliminated.
  79 0000 014B     		ldr	r3, .L2	@ tmp110,
  80 0002 0022     		movs	r2, #0	@ tmp111,
  81 0004 1A60     		str	r2, [r3]	@ tmp111, packetSent
  82 0006 7047     		bx	lr	@
  83              	.L3:
  84              		.align	2
  85              	.L2:
  86 0008 00000000 		.word	packetSent
  87              		.size	EP1_IN_Callback, .-EP1_IN_Callback
  88              		.section	.text.EP3_OUT_Callback,"ax",%progbits
  89              		.align	2
  90              		.global	EP3_OUT_Callback
  91              		.thumb
  92              		.thumb_func
  93              		.type	EP3_OUT_Callback, %function
  94              	EP3_OUT_Callback:
  95              		@ args = 0, pretend = 0, frame = 0
  96              		@ frame_needed = 0, uses_anonymous_args = 0
  97 0000 08B5     		push	{r3, lr}	@
  98 0002 0320     		movs	r0, #3	@,
  99 0004 FFF7FEFF 		bl	GetEPRxCount	@
 100 0008 054B     		ldr	r3, .L5	@ tmp115,
 101 000a 0246     		mov	r2, r0	@ tmp114,
 102 000c 1A60     		str	r2, [r3]	@ tmp114, receiveLength
 103 000e 1A68     		ldr	r2, [r3]	@ receiveLength.1, receiveLength
 104 0010 0448     		ldr	r0, .L5+4	@,
 105 0012 4FF48871 		mov	r1, #272	@,
 106 0016 92B2     		uxth	r2, r2	@, receiveLength.1
 107 0018 BDE80840 		pop	{r3, lr}	@
 108 001c FFF7FEBF 		b	PMAToUserBufferCopy	@
 109              	.L6:
 110              		.align	2
 111              	.L5:
 112 0020 00000000 		.word	receiveLength
 113 0024 00000000 		.word	receiveBuffer
 114              		.size	EP3_OUT_Callback, .-EP3_OUT_Callback
ARM GAS  C:\cygwin64\tmp\cct2LZDY.s 			page 3


 115              		.comm	receiveLength,4,4
 116              		.ident	"GCC: (GNU Tools for ARM Embedded Processors) 4.8.4 20140526 (release) [ARM/embedded-4_8-br
ARM GAS  C:\cygwin64\tmp\cct2LZDY.s 			page 4


DEFINED SYMBOLS
                            *ABS*:00000000 usb_endp.c
C:\cygwin64\tmp\cct2LZDY.s:70     .text.EP1_IN_Callback:00000000 $t
C:\cygwin64\tmp\cct2LZDY.s:75     .text.EP1_IN_Callback:00000000 EP1_IN_Callback
C:\cygwin64\tmp\cct2LZDY.s:86     .text.EP1_IN_Callback:00000008 $d
C:\cygwin64\tmp\cct2LZDY.s:89     .text.EP3_OUT_Callback:00000000 $t
C:\cygwin64\tmp\cct2LZDY.s:94     .text.EP3_OUT_Callback:00000000 EP3_OUT_Callback
C:\cygwin64\tmp\cct2LZDY.s:112    .text.EP3_OUT_Callback:00000020 $d
                            *COM*:00000004 receiveLength

UNDEFINED SYMBOLS
packetSent
GetEPRxCount
PMAToUserBufferCopy
receiveBuffer
